[2023-01-01T13:16:44.219+0000] {taskinstance.py:1165} INFO - Dependencies all met for <TaskInstance: dpt_cosmetic.user.transform manual__2023-01-01T13:16:32.862210+00:00 [queued]>
[2023-01-01T13:16:44.267+0000] {taskinstance.py:1165} INFO - Dependencies all met for <TaskInstance: dpt_cosmetic.user.transform manual__2023-01-01T13:16:32.862210+00:00 [queued]>
[2023-01-01T13:16:44.269+0000] {taskinstance.py:1362} INFO - 
--------------------------------------------------------------------------------
[2023-01-01T13:16:44.271+0000] {taskinstance.py:1363} INFO - Starting attempt 1 of 1
[2023-01-01T13:16:44.272+0000] {taskinstance.py:1364} INFO - 
--------------------------------------------------------------------------------
[2023-01-01T13:16:44.341+0000] {taskinstance.py:1383} INFO - Executing <Task(Operator): user.transform> on 2023-01-01 13:16:32.862210+00:00
[2023-01-01T13:16:44.356+0000] {standard_task_runner.py:55} INFO - Started process 122 to run task
[2023-01-01T13:16:44.377+0000] {standard_task_runner.py:82} INFO - Running: ['***', 'tasks', 'run', 'dpt_cosmetic', 'user.transform', 'manual__2023-01-01T13:16:32.862210+00:00', '--job-id', '168', '--raw', '--subdir', 'DAGS_FOLDER/main.py', '--cfg-path', '/tmp/tmp9ava1oe0']
[2023-01-01T13:16:44.380+0000] {standard_task_runner.py:83} INFO - Job 168: Subtask user.transform
[2023-01-01T13:16:44.654+0000] {task_command.py:376} INFO - Running <TaskInstance: dpt_cosmetic.user.transform manual__2023-01-01T13:16:32.862210+00:00 [running]> on host 6bd76effbc07
[2023-01-01T13:16:45.021+0000] {taskinstance.py:1592} INFO - Exporting the following env vars:
AIRFLOW_CTX_DAG_OWNER=***
AIRFLOW_CTX_DAG_ID=dpt_cosmetic
AIRFLOW_CTX_TASK_ID=user.transform
AIRFLOW_CTX_EXECUTION_DATE=2023-01-01T13:16:32.862210+00:00
AIRFLOW_CTX_TRY_NUMBER=1
AIRFLOW_CTX_DAG_RUN_ID=manual__2023-01-01T13:16:32.862210+00:00
[2023-01-01T13:16:45.240+0000] {logging_mixin.py:120} INFO - Empty DataFrame
Columns: []
Index: []
[2023-01-01T13:16:45.300+0000] {taskinstance.py:1406} INFO - Marking task as SUCCESS. dag_id=dpt_cosmetic, task_id=user.transform, execution_date=20230101T131632, start_date=20230101T131644, end_date=20230101T131645
[2023-01-01T13:16:45.399+0000] {local_task_job.py:164} INFO - Task exited with return code 0
[2023-01-01T13:16:45.508+0000] {local_task_job.py:273} INFO - 0 downstream tasks scheduled from follow-on schedule check
