[2023-01-07T05:19:39.727+0000] {taskinstance.py:1165} INFO - Dependencies all met for <TaskInstance: dpt_cosmetic.user.load_to_google_storage manual__2023-01-07T05:15:48.107951+00:00 [queued]>
[2023-01-07T05:19:39.987+0000] {taskinstance.py:1165} INFO - Dependencies all met for <TaskInstance: dpt_cosmetic.user.load_to_google_storage manual__2023-01-07T05:15:48.107951+00:00 [queued]>
[2023-01-07T05:19:39.990+0000] {taskinstance.py:1362} INFO - 
--------------------------------------------------------------------------------
[2023-01-07T05:19:39.993+0000] {taskinstance.py:1363} INFO - Starting attempt 1 of 1
[2023-01-07T05:19:39.994+0000] {taskinstance.py:1364} INFO - 
--------------------------------------------------------------------------------
[2023-01-07T05:19:40.308+0000] {taskinstance.py:1383} INFO - Executing <Task(BashOperator): user.load_to_google_storage> on 2023-01-07 05:15:48.107951+00:00
[2023-01-07T05:19:40.349+0000] {standard_task_runner.py:55} INFO - Started process 557 to run task
[2023-01-07T05:19:40.382+0000] {standard_task_runner.py:82} INFO - Running: ['***', 'tasks', 'run', 'dpt_cosmetic', 'user.load_to_google_storage', 'manual__2023-01-07T05:15:48.107951+00:00', '--job-id', '596', '--raw', '--subdir', 'DAGS_FOLDER/main.py', '--cfg-path', '/tmp/tmpa6d404vn']
[2023-01-07T05:19:40.403+0000] {standard_task_runner.py:83} INFO - Job 596: Subtask user.load_to_google_storage
[2023-01-07T05:19:41.138+0000] {task_command.py:376} INFO - Running <TaskInstance: dpt_cosmetic.user.load_to_google_storage manual__2023-01-07T05:15:48.107951+00:00 [running]> on host fdf4acf1d8ed
[2023-01-07T05:19:44.009+0000] {taskinstance.py:1592} INFO - Exporting the following env vars:
AIRFLOW_CTX_DAG_OWNER=***
AIRFLOW_CTX_DAG_ID=dpt_cosmetic
AIRFLOW_CTX_TASK_ID=user.load_to_google_storage
AIRFLOW_CTX_EXECUTION_DATE=2023-01-07T05:15:48.107951+00:00
AIRFLOW_CTX_TRY_NUMBER=1
AIRFLOW_CTX_DAG_RUN_ID=manual__2023-01-07T05:15:48.107951+00:00
[2023-01-07T05:19:44.026+0000] {subprocess.py:63} INFO - Tmp dir root location: 
 /tmp
[2023-01-07T05:19:44.032+0000] {subprocess.py:75} INFO - Running command: ['/bin/bash', '-c', 'sleep 1']
[2023-01-07T05:19:44.543+0000] {subprocess.py:86} INFO - Output:
[2023-01-07T05:19:45.632+0000] {subprocess.py:97} INFO - Command exited with return code 0
[2023-01-07T05:19:45.985+0000] {taskinstance.py:1406} INFO - Marking task as SUCCESS. dag_id=dpt_cosmetic, task_id=user.load_to_google_storage, execution_date=20230107T051548, start_date=20230107T051939, end_date=20230107T051945
[2023-01-07T05:19:46.222+0000] {local_task_job.py:164} INFO - Task exited with return code 0
[2023-01-07T05:19:46.699+0000] {local_task_job.py:273} INFO - 0 downstream tasks scheduled from follow-on schedule check
