[2023-01-07T05:18:08.579+0000] {taskinstance.py:1165} INFO - Dependencies all met for <TaskInstance: dpt_cosmetic.transaction.transform manual__2023-01-07T05:15:48.107951+00:00 [queued]>
[2023-01-07T05:18:08.811+0000] {taskinstance.py:1165} INFO - Dependencies all met for <TaskInstance: dpt_cosmetic.transaction.transform manual__2023-01-07T05:15:48.107951+00:00 [queued]>
[2023-01-07T05:18:08.816+0000] {taskinstance.py:1362} INFO - 
--------------------------------------------------------------------------------
[2023-01-07T05:18:08.823+0000] {taskinstance.py:1363} INFO - Starting attempt 1 of 1
[2023-01-07T05:18:08.862+0000] {taskinstance.py:1364} INFO - 
--------------------------------------------------------------------------------
[2023-01-07T05:18:09.484+0000] {taskinstance.py:1383} INFO - Executing <Task(BashOperator): transaction.transform> on 2023-01-07 05:15:48.107951+00:00
[2023-01-07T05:18:09.538+0000] {standard_task_runner.py:55} INFO - Started process 431 to run task
[2023-01-07T05:18:09.593+0000] {standard_task_runner.py:82} INFO - Running: ['***', 'tasks', 'run', 'dpt_cosmetic', 'transaction.transform', 'manual__2023-01-07T05:15:48.107951+00:00', '--job-id', '564', '--raw', '--subdir', 'DAGS_FOLDER/main.py', '--cfg-path', '/tmp/tmpo94057ii']
[2023-01-07T05:18:09.617+0000] {standard_task_runner.py:83} INFO - Job 564: Subtask transaction.transform
[2023-01-07T05:18:10.764+0000] {task_command.py:376} INFO - Running <TaskInstance: dpt_cosmetic.transaction.transform manual__2023-01-07T05:15:48.107951+00:00 [running]> on host fdf4acf1d8ed
[2023-01-07T05:18:13.153+0000] {taskinstance.py:1592} INFO - Exporting the following env vars:
AIRFLOW_CTX_DAG_OWNER=***
AIRFLOW_CTX_DAG_ID=dpt_cosmetic
AIRFLOW_CTX_TASK_ID=transaction.transform
AIRFLOW_CTX_EXECUTION_DATE=2023-01-07T05:15:48.107951+00:00
AIRFLOW_CTX_TRY_NUMBER=1
AIRFLOW_CTX_DAG_RUN_ID=manual__2023-01-07T05:15:48.107951+00:00
[2023-01-07T05:18:13.160+0000] {subprocess.py:63} INFO - Tmp dir root location: 
 /tmp
[2023-01-07T05:18:13.165+0000] {subprocess.py:75} INFO - Running command: ['/bin/bash', '-c', 'sleep 1']
[2023-01-07T05:18:13.522+0000] {subprocess.py:86} INFO - Output:
[2023-01-07T05:18:14.650+0000] {subprocess.py:97} INFO - Command exited with return code 0
[2023-01-07T05:18:15.484+0000] {taskinstance.py:1406} INFO - Marking task as SUCCESS. dag_id=dpt_cosmetic, task_id=transaction.transform, execution_date=20230107T051548, start_date=20230107T051808, end_date=20230107T051815
[2023-01-07T05:18:16.368+0000] {local_task_job.py:164} INFO - Task exited with return code 0
[2023-01-07T05:18:17.031+0000] {local_task_job.py:273} INFO - 1 downstream tasks scheduled from follow-on schedule check
