[2023-01-01T01:37:16.707+0000] {taskinstance.py:1165} INFO - Dependencies all met for <TaskInstance: dpt_cosmetic.user.extract manual__2023-01-01T01:37:03.744646+00:00 [queued]>
[2023-01-01T01:37:16.754+0000] {taskinstance.py:1165} INFO - Dependencies all met for <TaskInstance: dpt_cosmetic.user.extract manual__2023-01-01T01:37:03.744646+00:00 [queued]>
[2023-01-01T01:37:16.756+0000] {taskinstance.py:1362} INFO - 
--------------------------------------------------------------------------------
[2023-01-01T01:37:16.758+0000] {taskinstance.py:1363} INFO - Starting attempt 1 of 1
[2023-01-01T01:37:16.759+0000] {taskinstance.py:1364} INFO - 
--------------------------------------------------------------------------------
[2023-01-01T01:37:16.839+0000] {taskinstance.py:1383} INFO - Executing <Task(ExtractOperator): user.extract> on 2023-01-01 01:37:03.744646+00:00
[2023-01-01T01:37:16.859+0000] {standard_task_runner.py:55} INFO - Started process 1108 to run task
[2023-01-01T01:37:16.875+0000] {standard_task_runner.py:82} INFO - Running: ['***', 'tasks', 'run', 'dpt_cosmetic', 'user.extract', 'manual__2023-01-01T01:37:03.744646+00:00', '--job-id', '159', '--raw', '--subdir', 'DAGS_FOLDER/main.py', '--cfg-path', '/tmp/tmpf_npv1ci']
[2023-01-01T01:37:16.878+0000] {standard_task_runner.py:83} INFO - Job 159: Subtask user.extract
[2023-01-01T01:37:17.244+0000] {task_command.py:376} INFO - Running <TaskInstance: dpt_cosmetic.user.extract manual__2023-01-01T01:37:03.744646+00:00 [running]> on host 6bd76effbc07
[2023-01-01T01:37:17.726+0000] {taskinstance.py:1592} INFO - Exporting the following env vars:
AIRFLOW_CTX_DAG_OWNER=***
AIRFLOW_CTX_DAG_ID=dpt_cosmetic
AIRFLOW_CTX_TASK_ID=user.extract
AIRFLOW_CTX_EXECUTION_DATE=2023-01-01T01:37:03.744646+00:00
AIRFLOW_CTX_TRY_NUMBER=1
AIRFLOW_CTX_DAG_RUN_ID=manual__2023-01-01T01:37:03.744646+00:00
[2023-01-01T01:37:17.970+0000] {taskinstance.py:1406} INFO - Marking task as SUCCESS. dag_id=dpt_cosmetic, task_id=user.extract, execution_date=20230101T013703, start_date=20230101T013716, end_date=20230101T013717
[2023-01-01T01:37:18.153+0000] {local_task_job.py:164} INFO - Task exited with return code 0
[2023-01-01T01:37:18.383+0000] {local_task_job.py:273} INFO - 0 downstream tasks scheduled from follow-on schedule check
