[2023-01-06T00:06:02.630+0000] {taskinstance.py:1165} INFO - Dependencies all met for <TaskInstance: dpt_cosmetic.create_table manual__2023-01-06T00:05:56.231339+00:00 [queued]>
[2023-01-06T00:06:02.679+0000] {taskinstance.py:1165} INFO - Dependencies all met for <TaskInstance: dpt_cosmetic.create_table manual__2023-01-06T00:05:56.231339+00:00 [queued]>
[2023-01-06T00:06:02.680+0000] {taskinstance.py:1362} INFO - 
--------------------------------------------------------------------------------
[2023-01-06T00:06:02.682+0000] {taskinstance.py:1363} INFO - Starting attempt 1 of 1
[2023-01-06T00:06:02.683+0000] {taskinstance.py:1364} INFO - 
--------------------------------------------------------------------------------
[2023-01-06T00:06:02.763+0000] {taskinstance.py:1383} INFO - Executing <Task(BigQueryCreateEmptyTableOperator): create_table> on 2023-01-06 00:05:56.231339+00:00
[2023-01-06T00:06:02.780+0000] {standard_task_runner.py:55} INFO - Started process 140 to run task
[2023-01-06T00:06:02.794+0000] {standard_task_runner.py:82} INFO - Running: ['***', 'tasks', 'run', 'dpt_cosmetic', 'create_table', 'manual__2023-01-06T00:05:56.231339+00:00', '--job-id', '325', '--raw', '--subdir', 'DAGS_FOLDER/main.py', '--cfg-path', '/tmp/tmpq9n9tn80']
[2023-01-06T00:06:02.804+0000] {standard_task_runner.py:83} INFO - Job 325: Subtask create_table
[2023-01-06T00:06:03.093+0000] {task_command.py:376} INFO - Running <TaskInstance: dpt_cosmetic.create_table manual__2023-01-06T00:05:56.231339+00:00 [running]> on host fdf4acf1d8ed
[2023-01-06T00:06:03.491+0000] {taskinstance.py:1592} INFO - Exporting the following env vars:
AIRFLOW_CTX_DAG_OWNER=***
AIRFLOW_CTX_DAG_ID=dpt_cosmetic
AIRFLOW_CTX_TASK_ID=create_table
AIRFLOW_CTX_EXECUTION_DATE=2023-01-06T00:05:56.231339+00:00
AIRFLOW_CTX_TRY_NUMBER=1
AIRFLOW_CTX_DAG_RUN_ID=manual__2023-01-06T00:05:56.231339+00:00
[2023-01-06T00:06:03.497+0000] {connection.py:429} ERROR - Unable to retrieve connection from secrets backend (EnvironmentVariablesBackend). Checking subsequent secrets backend.
Traceback (most recent call last):
  File "/home/airflow/.local/lib/python3.7/site-packages/airflow/models/connection.py", line 422, in get_connection_from_secrets
    conn = secrets_backend.get_connection(conn_id=conn_id)
  File "/home/airflow/.local/lib/python3.7/site-packages/airflow/secrets/base_secrets.py", line 115, in get_connection
    return self.deserialize_connection(conn_id=conn_id, value=value)
  File "/home/airflow/.local/lib/python3.7/site-packages/airflow/secrets/base_secrets.py", line 67, in deserialize_connection
    return Connection.from_json(conn_id=conn_id, value=value)
  File "/home/airflow/.local/lib/python3.7/site-packages/airflow/models/connection.py", line 449, in from_json
    return Connection(conn_id=conn_id, **kwargs)
TypeError: __init__() got an unexpected keyword argument 'key_path'
[2023-01-06T00:06:03.534+0000] {base.py:71} INFO - Using connection ID 'google_cloud_default' for task execution.
[2023-01-06T00:06:03.605+0000] {taskinstance.py:1851} ERROR - Task failed with exception
Traceback (most recent call last):
  File "/home/airflow/.local/lib/python3.7/site-packages/airflow/providers/google/cloud/operators/bigquery.py", line 898, in execute
    gcs_bucket, gcs_object = _parse_gcs_url(self.gcs_schema_object)
  File "/home/airflow/.local/lib/python3.7/site-packages/airflow/providers/google/cloud/hooks/gcs.py", line 1175, in _parse_gcs_url
    raise AirflowException(f"Schema must be to 'gs://': Current schema: '{parsed_url.scheme}://'")
airflow.exceptions.AirflowException: Schema must be to 'gs://': Current schema: 'https://'
[2023-01-06T00:06:03.621+0000] {taskinstance.py:1406} INFO - Marking task as FAILED. dag_id=dpt_cosmetic, task_id=create_table, execution_date=20230106T000556, start_date=20230106T000602, end_date=20230106T000603
[2023-01-06T00:06:03.702+0000] {standard_task_runner.py:105} ERROR - Failed to execute job 325 for task create_table (Schema must be to 'gs://': Current schema: 'https://'; 140)
[2023-01-06T00:06:03.771+0000] {local_task_job.py:164} INFO - Task exited with return code 1
[2023-01-06T00:06:03.898+0000] {local_task_job.py:273} INFO - 0 downstream tasks scheduled from follow-on schedule check
