[2023-01-01T00:12:29.634+0000] {taskinstance.py:1165} INFO - Dependencies all met for <TaskInstance: dpt_cosmetic.user.extract manual__2023-01-01T00:12:16.699813+00:00 [queued]>
[2023-01-01T00:12:29.682+0000] {taskinstance.py:1165} INFO - Dependencies all met for <TaskInstance: dpt_cosmetic.user.extract manual__2023-01-01T00:12:16.699813+00:00 [queued]>
[2023-01-01T00:12:29.684+0000] {taskinstance.py:1362} INFO - 
--------------------------------------------------------------------------------
[2023-01-01T00:12:29.686+0000] {taskinstance.py:1363} INFO - Starting attempt 1 of 1
[2023-01-01T00:12:29.687+0000] {taskinstance.py:1364} INFO - 
--------------------------------------------------------------------------------
[2023-01-01T00:12:29.814+0000] {taskinstance.py:1383} INFO - Executing <Task(ExtractOperator): user.extract> on 2023-01-01 00:12:16.699813+00:00
[2023-01-01T00:12:29.834+0000] {standard_task_runner.py:55} INFO - Started process 536 to run task
[2023-01-01T00:12:29.851+0000] {standard_task_runner.py:82} INFO - Running: ['***', 'tasks', 'run', 'dpt_cosmetic', 'user.extract', 'manual__2023-01-01T00:12:16.699813+00:00', '--job-id', '87', '--raw', '--subdir', 'DAGS_FOLDER/main.py', '--cfg-path', '/tmp/tmpgfryazei']
[2023-01-01T00:12:29.854+0000] {standard_task_runner.py:83} INFO - Job 87: Subtask user.extract
[2023-01-01T00:12:30.142+0000] {task_command.py:376} INFO - Running <TaskInstance: dpt_cosmetic.user.extract manual__2023-01-01T00:12:16.699813+00:00 [running]> on host 6bd76effbc07
[2023-01-01T00:12:30.533+0000] {taskinstance.py:1592} INFO - Exporting the following env vars:
AIRFLOW_CTX_DAG_OWNER=***
AIRFLOW_CTX_DAG_ID=dpt_cosmetic
AIRFLOW_CTX_TASK_ID=user.extract
AIRFLOW_CTX_EXECUTION_DATE=2023-01-01T00:12:16.699813+00:00
AIRFLOW_CTX_TRY_NUMBER=1
AIRFLOW_CTX_DAG_RUN_ID=manual__2023-01-01T00:12:16.699813+00:00
[2023-01-01T00:12:30.536+0000] {taskinstance.py:1851} ERROR - Task failed with exception
Traceback (most recent call last):
  File "/opt/airflow/dags/utilties/extract_operator.py", line 18, in execute
    query=query,
TypeError: find() takes no keyword arguments
[2023-01-01T00:12:30.582+0000] {taskinstance.py:1406} INFO - Marking task as FAILED. dag_id=dpt_cosmetic, task_id=user.extract, execution_date=20230101T001216, start_date=20230101T001229, end_date=20230101T001230
[2023-01-01T00:12:30.635+0000] {standard_task_runner.py:105} ERROR - Failed to execute job 87 for task user.extract (find() takes no keyword arguments; 536)
[2023-01-01T00:12:30.665+0000] {local_task_job.py:164} INFO - Task exited with return code 1
[2023-01-01T00:12:30.797+0000] {local_task_job.py:273} INFO - 0 downstream tasks scheduled from follow-on schedule check
