[2023-01-07T01:57:21.408+0000] {taskinstance.py:1165} INFO - Dependencies all met for <TaskInstance: dpt_cosmetic.transaction.check_file_exists manual__2023-01-07T01:56:33.607260+00:00 [queued]>
[2023-01-07T01:57:21.475+0000] {taskinstance.py:1165} INFO - Dependencies all met for <TaskInstance: dpt_cosmetic.transaction.check_file_exists manual__2023-01-07T01:56:33.607260+00:00 [queued]>
[2023-01-07T01:57:21.476+0000] {taskinstance.py:1362} INFO - 
--------------------------------------------------------------------------------
[2023-01-07T01:57:21.478+0000] {taskinstance.py:1363} INFO - Starting attempt 1 of 1
[2023-01-07T01:57:21.480+0000] {taskinstance.py:1364} INFO - 
--------------------------------------------------------------------------------
[2023-01-07T01:57:21.721+0000] {taskinstance.py:1383} INFO - Executing <Task(BashOperator): transaction.check_file_exists> on 2023-01-07 01:56:33.607260+00:00
[2023-01-07T01:57:21.762+0000] {standard_task_runner.py:55} INFO - Started process 138 to run task
[2023-01-07T01:57:21.825+0000] {standard_task_runner.py:82} INFO - Running: ['***', 'tasks', 'run', 'dpt_cosmetic', 'transaction.check_file_exists', 'manual__2023-01-07T01:56:33.607260+00:00', '--job-id', '479', '--raw', '--subdir', 'DAGS_FOLDER/main.py', '--cfg-path', '/tmp/tmpqvzd8lpg']
[2023-01-07T01:57:21.852+0000] {standard_task_runner.py:83} INFO - Job 479: Subtask transaction.check_file_exists
[2023-01-07T01:57:22.727+0000] {task_command.py:376} INFO - Running <TaskInstance: dpt_cosmetic.transaction.check_file_exists manual__2023-01-07T01:56:33.607260+00:00 [running]> on host fdf4acf1d8ed
[2023-01-07T01:57:23.949+0000] {taskinstance.py:1592} INFO - Exporting the following env vars:
AIRFLOW_CTX_DAG_OWNER=***
AIRFLOW_CTX_DAG_ID=dpt_cosmetic
AIRFLOW_CTX_TASK_ID=transaction.check_file_exists
AIRFLOW_CTX_EXECUTION_DATE=2023-01-07T01:56:33.607260+00:00
AIRFLOW_CTX_TRY_NUMBER=1
AIRFLOW_CTX_DAG_RUN_ID=manual__2023-01-07T01:56:33.607260+00:00
[2023-01-07T01:57:23.970+0000] {subprocess.py:63} INFO - Tmp dir root location: 
 /tmp
[2023-01-07T01:57:23.983+0000] {subprocess.py:75} INFO - Running command: ['/bin/bash', '-c', 'sleep 1']
[2023-01-07T01:57:24.120+0000] {subprocess.py:86} INFO - Output:
[2023-01-07T01:57:25.163+0000] {subprocess.py:97} INFO - Command exited with return code 0
[2023-01-07T01:57:25.688+0000] {taskinstance.py:1406} INFO - Marking task as SUCCESS. dag_id=dpt_cosmetic, task_id=transaction.check_file_exists, execution_date=20230107T015633, start_date=20230107T015721, end_date=20230107T015725
[2023-01-07T01:57:25.987+0000] {local_task_job.py:164} INFO - Task exited with return code 0
[2023-01-07T01:57:26.559+0000] {local_task_job.py:273} INFO - 0 downstream tasks scheduled from follow-on schedule check
