[2023-01-07T05:08:57.772+0000] {taskinstance.py:1165} INFO - Dependencies all met for <TaskInstance: bq_process.product_stats.check_table manual__2023-01-07T05:08:48.661881+00:00 [queued]>
[2023-01-07T05:08:57.871+0000] {taskinstance.py:1165} INFO - Dependencies all met for <TaskInstance: bq_process.product_stats.check_table manual__2023-01-07T05:08:48.661881+00:00 [queued]>
[2023-01-07T05:08:57.876+0000] {taskinstance.py:1362} INFO - 
--------------------------------------------------------------------------------
[2023-01-07T05:08:57.886+0000] {taskinstance.py:1363} INFO - Starting attempt 1 of 1
[2023-01-07T05:08:57.888+0000] {taskinstance.py:1364} INFO - 
--------------------------------------------------------------------------------
[2023-01-07T05:08:58.010+0000] {taskinstance.py:1383} INFO - Executing <Task(BranchPythonOperator): product_stats.check_table> on 2023-01-07 05:08:48.661881+00:00
[2023-01-07T05:08:58.044+0000] {standard_task_runner.py:55} INFO - Started process 330 to run task
[2023-01-07T05:08:58.082+0000] {standard_task_runner.py:82} INFO - Running: ['***', 'tasks', 'run', 'bq_process', 'product_stats.check_table', 'manual__2023-01-07T05:08:48.661881+00:00', '--job-id', '539', '--raw', '--subdir', 'DAGS_FOLDER/bigquery_dag.py', '--cfg-path', '/tmp/tmparaxjova']
[2023-01-07T05:08:58.102+0000] {standard_task_runner.py:83} INFO - Job 539: Subtask product_stats.check_table
[2023-01-07T05:08:58.608+0000] {task_command.py:376} INFO - Running <TaskInstance: bq_process.product_stats.check_table manual__2023-01-07T05:08:48.661881+00:00 [running]> on host fdf4acf1d8ed
[2023-01-07T05:08:59.014+0000] {taskinstance.py:1592} INFO - Exporting the following env vars:
AIRFLOW_CTX_DAG_OWNER=***
AIRFLOW_CTX_DAG_ID=bq_process
AIRFLOW_CTX_TASK_ID=product_stats.check_table
AIRFLOW_CTX_EXECUTION_DATE=2023-01-07T05:08:48.661881+00:00
AIRFLOW_CTX_TRY_NUMBER=1
AIRFLOW_CTX_DAG_RUN_ID=manual__2023-01-07T05:08:48.661881+00:00
[2023-01-07T05:08:59.641+0000] {python.py:177} INFO - Done. Returned value was: product_stats.execute_query
[2023-01-07T05:08:59.643+0000] {skipmixin.py:155} INFO - Following branch product_stats.execute_query
[2023-01-07T05:08:59.645+0000] {skipmixin.py:190} INFO - Skipping tasks ['product_stats.create_table']
[2023-01-07T05:08:59.876+0000] {taskinstance.py:1406} INFO - Marking task as SUCCESS. dag_id=bq_process, task_id=product_stats.check_table, execution_date=20230107T050848, start_date=20230107T050857, end_date=20230107T050859
[2023-01-07T05:09:00.080+0000] {local_task_job.py:164} INFO - Task exited with return code 0
[2023-01-07T05:09:00.690+0000] {local_task_job.py:273} INFO - 1 downstream tasks scheduled from follow-on schedule check
