[2023-01-02T15:46:14.689+0000] {taskinstance.py:1165} INFO - Dependencies all met for <TaskInstance: dpt_cosmetic.user.transform scheduled__2023-01-01T00:00:00+00:00 [queued]>
[2023-01-02T15:46:14.746+0000] {taskinstance.py:1165} INFO - Dependencies all met for <TaskInstance: dpt_cosmetic.user.transform scheduled__2023-01-01T00:00:00+00:00 [queued]>
[2023-01-02T15:46:14.748+0000] {taskinstance.py:1362} INFO - 
--------------------------------------------------------------------------------
[2023-01-02T15:46:14.749+0000] {taskinstance.py:1363} INFO - Starting attempt 1 of 1
[2023-01-02T15:46:14.751+0000] {taskinstance.py:1364} INFO - 
--------------------------------------------------------------------------------
[2023-01-02T15:46:14.868+0000] {taskinstance.py:1383} INFO - Executing <Task(TransformOperator): user.transform> on 2023-01-01 00:00:00+00:00
[2023-01-02T15:46:14.885+0000] {standard_task_runner.py:55} INFO - Started process 104 to run task
[2023-01-02T15:46:14.902+0000] {standard_task_runner.py:82} INFO - Running: ['***', 'tasks', 'run', 'dpt_cosmetic', 'user.transform', 'scheduled__2023-01-01T00:00:00+00:00', '--job-id', '210', '--raw', '--subdir', 'DAGS_FOLDER/main.py', '--cfg-path', '/tmp/tmpb6jqvwpz']
[2023-01-02T15:46:14.905+0000] {standard_task_runner.py:83} INFO - Job 210: Subtask user.transform
[2023-01-02T15:46:14.960+0000] {warnings.py:110} WARNING - /home/***/.local/lib/python3.7/site-packages/***/configuration.py:545: DeprecationWarning: The sql_alchemy_conn option in [core] has been moved to the sql_alchemy_conn option in [database] - the old setting has been used, but please update your config.
  option = self._get_environment_variables(deprecated_key, deprecated_section, key, section)

[2023-01-02T15:46:15.199+0000] {task_command.py:376} INFO - Running <TaskInstance: dpt_cosmetic.user.transform scheduled__2023-01-01T00:00:00+00:00 [running]> on host 703acec1b71e
[2023-01-02T15:46:15.783+0000] {taskinstance.py:1592} INFO - Exporting the following env vars:
AIRFLOW_CTX_DAG_OWNER=***
AIRFLOW_CTX_DAG_ID=dpt_cosmetic
AIRFLOW_CTX_TASK_ID=user.transform
AIRFLOW_CTX_EXECUTION_DATE=2023-01-01T00:00:00+00:00
AIRFLOW_CTX_TRY_NUMBER=1
AIRFLOW_CTX_DAG_RUN_ID=scheduled__2023-01-01T00:00:00+00:00
[2023-01-02T15:46:16.368+0000] {taskinstance.py:1851} ERROR - Task failed with exception
Traceback (most recent call last):
  File "/opt/airflow/dags/utilties/operator.py", line 86, in execute
    self.save_to_local(df)
TypeError: save_to_local() missing 1 required positional argument: 'data'
[2023-01-02T15:46:16.454+0000] {taskinstance.py:1406} INFO - Marking task as FAILED. dag_id=dpt_cosmetic, task_id=user.transform, execution_date=20230101T000000, start_date=20230102T154614, end_date=20230102T154616
[2023-01-02T15:46:16.585+0000] {standard_task_runner.py:105} ERROR - Failed to execute job 210 for task user.transform (save_to_local() missing 1 required positional argument: 'data'; 104)
[2023-01-02T15:46:16.632+0000] {local_task_job.py:164} INFO - Task exited with return code 1
[2023-01-02T15:46:16.937+0000] {local_task_job.py:273} INFO - 0 downstream tasks scheduled from follow-on schedule check
[2023-01-02T16:32:27.288+0000] {taskinstance.py:1165} INFO - Dependencies all met for <TaskInstance: dpt_cosmetic.user.transform scheduled__2023-01-01T00:00:00+00:00 [queued]>
[2023-01-02T16:32:27.358+0000] {taskinstance.py:1165} INFO - Dependencies all met for <TaskInstance: dpt_cosmetic.user.transform scheduled__2023-01-01T00:00:00+00:00 [queued]>
[2023-01-02T16:32:27.359+0000] {taskinstance.py:1362} INFO - 
--------------------------------------------------------------------------------
[2023-01-02T16:32:27.364+0000] {taskinstance.py:1363} INFO - Starting attempt 1 of 1
[2023-01-02T16:32:27.365+0000] {taskinstance.py:1364} INFO - 
--------------------------------------------------------------------------------
[2023-01-02T16:32:27.483+0000] {taskinstance.py:1383} INFO - Executing <Task(TransformOperator): user.transform> on 2023-01-01 00:00:00+00:00
[2023-01-02T16:32:27.508+0000] {standard_task_runner.py:55} INFO - Started process 214 to run task
[2023-01-02T16:32:27.562+0000] {standard_task_runner.py:82} INFO - Running: ['***', 'tasks', 'run', 'dpt_cosmetic', 'user.transform', 'scheduled__2023-01-01T00:00:00+00:00', '--job-id', '225', '--raw', '--subdir', 'DAGS_FOLDER/main.py', '--cfg-path', '/tmp/tmp9qakdgv2']
[2023-01-02T16:32:27.565+0000] {standard_task_runner.py:83} INFO - Job 225: Subtask user.transform
[2023-01-02T16:32:27.715+0000] {warnings.py:110} WARNING - /home/***/.local/lib/python3.7/site-packages/***/configuration.py:545: DeprecationWarning: The sql_alchemy_conn option in [core] has been moved to the sql_alchemy_conn option in [database] - the old setting has been used, but please update your config.
  option = self._get_environment_variables(deprecated_key, deprecated_section, key, section)

[2023-01-02T16:32:29.323+0000] {task_command.py:376} INFO - Running <TaskInstance: dpt_cosmetic.user.transform scheduled__2023-01-01T00:00:00+00:00 [running]> on host 703acec1b71e
[2023-01-02T16:32:30.387+0000] {taskinstance.py:1592} INFO - Exporting the following env vars:
AIRFLOW_CTX_DAG_OWNER=***
AIRFLOW_CTX_DAG_ID=dpt_cosmetic
AIRFLOW_CTX_TASK_ID=user.transform
AIRFLOW_CTX_EXECUTION_DATE=2023-01-01T00:00:00+00:00
AIRFLOW_CTX_TRY_NUMBER=1
AIRFLOW_CTX_DAG_RUN_ID=scheduled__2023-01-01T00:00:00+00:00
[2023-01-02T16:32:32.350+0000] {operator.py:104} INFO - successfully save the file,user
[2023-01-02T16:32:32.518+0000] {taskinstance.py:1406} INFO - Marking task as SUCCESS. dag_id=dpt_cosmetic, task_id=user.transform, execution_date=20230101T000000, start_date=20230102T163227, end_date=20230102T163232
[2023-01-02T16:32:33.194+0000] {local_task_job.py:164} INFO - Task exited with return code 0
[2023-01-02T16:32:36.178+0000] {local_task_job.py:273} INFO - 0 downstream tasks scheduled from follow-on schedule check
[2023-01-02T16:37:45.792+0000] {taskinstance.py:1165} INFO - Dependencies all met for <TaskInstance: dpt_cosmetic.user.transform scheduled__2023-01-01T00:00:00+00:00 [queued]>
[2023-01-02T16:37:45.853+0000] {taskinstance.py:1165} INFO - Dependencies all met for <TaskInstance: dpt_cosmetic.user.transform scheduled__2023-01-01T00:00:00+00:00 [queued]>
[2023-01-02T16:37:45.855+0000] {taskinstance.py:1362} INFO - 
--------------------------------------------------------------------------------
[2023-01-02T16:37:45.856+0000] {taskinstance.py:1363} INFO - Starting attempt 1 of 1
[2023-01-02T16:37:45.857+0000] {taskinstance.py:1364} INFO - 
--------------------------------------------------------------------------------
[2023-01-02T16:37:46.508+0000] {taskinstance.py:1383} INFO - Executing <Task(TransformOperator): user.transform> on 2023-01-01 00:00:00+00:00
[2023-01-02T16:37:46.539+0000] {standard_task_runner.py:55} INFO - Started process 293 to run task
[2023-01-02T16:37:46.560+0000] {standard_task_runner.py:82} INFO - Running: ['***', 'tasks', 'run', 'dpt_cosmetic', 'user.transform', 'scheduled__2023-01-01T00:00:00+00:00', '--job-id', '236', '--raw', '--subdir', 'DAGS_FOLDER/main.py', '--cfg-path', '/tmp/tmp57nbvul3']
[2023-01-02T16:37:46.563+0000] {standard_task_runner.py:83} INFO - Job 236: Subtask user.transform
[2023-01-02T16:37:46.693+0000] {warnings.py:110} WARNING - /home/***/.local/lib/python3.7/site-packages/***/configuration.py:545: DeprecationWarning: The sql_alchemy_conn option in [core] has been moved to the sql_alchemy_conn option in [database] - the old setting has been used, but please update your config.
  option = self._get_environment_variables(deprecated_key, deprecated_section, key, section)

[2023-01-02T16:37:47.087+0000] {task_command.py:376} INFO - Running <TaskInstance: dpt_cosmetic.user.transform scheduled__2023-01-01T00:00:00+00:00 [running]> on host 703acec1b71e
[2023-01-02T16:37:48.118+0000] {taskinstance.py:1592} INFO - Exporting the following env vars:
AIRFLOW_CTX_DAG_OWNER=***
AIRFLOW_CTX_DAG_ID=dpt_cosmetic
AIRFLOW_CTX_TASK_ID=user.transform
AIRFLOW_CTX_EXECUTION_DATE=2023-01-01T00:00:00+00:00
AIRFLOW_CTX_TRY_NUMBER=1
AIRFLOW_CTX_DAG_RUN_ID=scheduled__2023-01-01T00:00:00+00:00
[2023-01-02T16:37:48.764+0000] {operator.py:104} INFO - successfully save the file,user
[2023-01-02T16:37:48.836+0000] {taskinstance.py:1406} INFO - Marking task as SUCCESS. dag_id=dpt_cosmetic, task_id=user.transform, execution_date=20230101T000000, start_date=20230102T163745, end_date=20230102T163748
[2023-01-02T16:37:48.933+0000] {local_task_job.py:164} INFO - Task exited with return code 0
[2023-01-02T16:37:49.079+0000] {local_task_job.py:273} INFO - 1 downstream tasks scheduled from follow-on schedule check
[2023-01-02T16:45:03.804+0000] {taskinstance.py:1165} INFO - Dependencies all met for <TaskInstance: dpt_cosmetic.user.transform scheduled__2023-01-01T00:00:00+00:00 [queued]>
[2023-01-02T16:45:03.867+0000] {taskinstance.py:1165} INFO - Dependencies all met for <TaskInstance: dpt_cosmetic.user.transform scheduled__2023-01-01T00:00:00+00:00 [queued]>
[2023-01-02T16:45:03.868+0000] {taskinstance.py:1362} INFO - 
--------------------------------------------------------------------------------
[2023-01-02T16:45:03.870+0000] {taskinstance.py:1363} INFO - Starting attempt 1 of 1
[2023-01-02T16:45:03.871+0000] {taskinstance.py:1364} INFO - 
--------------------------------------------------------------------------------
[2023-01-02T16:45:03.959+0000] {taskinstance.py:1383} INFO - Executing <Task(TransformOperator): user.transform> on 2023-01-01 00:00:00+00:00
[2023-01-02T16:45:03.976+0000] {standard_task_runner.py:55} INFO - Started process 402 to run task
[2023-01-02T16:45:04.005+0000] {standard_task_runner.py:82} INFO - Running: ['***', 'tasks', 'run', 'dpt_cosmetic', 'user.transform', 'scheduled__2023-01-01T00:00:00+00:00', '--job-id', '250', '--raw', '--subdir', 'DAGS_FOLDER/main.py', '--cfg-path', '/tmp/tmp97oqa1ci']
[2023-01-02T16:45:04.009+0000] {standard_task_runner.py:83} INFO - Job 250: Subtask user.transform
[2023-01-02T16:45:04.081+0000] {warnings.py:110} WARNING - /home/***/.local/lib/python3.7/site-packages/***/configuration.py:545: DeprecationWarning: The sql_alchemy_conn option in [core] has been moved to the sql_alchemy_conn option in [database] - the old setting has been used, but please update your config.
  option = self._get_environment_variables(deprecated_key, deprecated_section, key, section)

[2023-01-02T16:45:05.449+0000] {task_command.py:376} INFO - Running <TaskInstance: dpt_cosmetic.user.transform scheduled__2023-01-01T00:00:00+00:00 [running]> on host 703acec1b71e
[2023-01-02T16:45:06.154+0000] {taskinstance.py:1592} INFO - Exporting the following env vars:
AIRFLOW_CTX_DAG_OWNER=***
AIRFLOW_CTX_DAG_ID=dpt_cosmetic
AIRFLOW_CTX_TASK_ID=user.transform
AIRFLOW_CTX_EXECUTION_DATE=2023-01-01T00:00:00+00:00
AIRFLOW_CTX_TRY_NUMBER=1
AIRFLOW_CTX_DAG_RUN_ID=scheduled__2023-01-01T00:00:00+00:00
[2023-01-02T16:45:07.222+0000] {operator.py:104} INFO - successfully save the file,user
[2023-01-02T16:45:07.461+0000] {taskinstance.py:1406} INFO - Marking task as SUCCESS. dag_id=dpt_cosmetic, task_id=user.transform, execution_date=20230101T000000, start_date=20230102T164503, end_date=20230102T164507
[2023-01-02T16:45:07.949+0000] {local_task_job.py:164} INFO - Task exited with return code 0
[2023-01-02T16:45:09.656+0000] {local_task_job.py:273} INFO - 0 downstream tasks scheduled from follow-on schedule check
