[2023-01-06T20:28:37.035+0000] {taskinstance.py:1165} INFO - Dependencies all met for <TaskInstance: dpt_cosmetic.transaction.transform manual__2023-01-06T20:28:18.043985+00:00 [queued]>
[2023-01-06T20:28:37.086+0000] {taskinstance.py:1165} INFO - Dependencies all met for <TaskInstance: dpt_cosmetic.transaction.transform manual__2023-01-06T20:28:18.043985+00:00 [queued]>
[2023-01-06T20:28:37.088+0000] {taskinstance.py:1362} INFO - 
--------------------------------------------------------------------------------
[2023-01-06T20:28:37.090+0000] {taskinstance.py:1363} INFO - Starting attempt 1 of 1
[2023-01-06T20:28:37.091+0000] {taskinstance.py:1364} INFO - 
--------------------------------------------------------------------------------
[2023-01-06T20:28:37.195+0000] {taskinstance.py:1383} INFO - Executing <Task(BashOperator): transaction.transform> on 2023-01-06 20:28:18.043985+00:00
[2023-01-06T20:28:37.210+0000] {standard_task_runner.py:55} INFO - Started process 91 to run task
[2023-01-06T20:28:37.232+0000] {standard_task_runner.py:82} INFO - Running: ['***', 'tasks', 'run', 'dpt_cosmetic', 'transaction.transform', 'manual__2023-01-06T20:28:18.043985+00:00', '--job-id', '395', '--raw', '--subdir', 'DAGS_FOLDER/main.py', '--cfg-path', '/tmp/tmpjxdav4ar']
[2023-01-06T20:28:37.235+0000] {standard_task_runner.py:83} INFO - Job 395: Subtask transaction.transform
[2023-01-06T20:28:37.670+0000] {task_command.py:376} INFO - Running <TaskInstance: dpt_cosmetic.transaction.transform manual__2023-01-06T20:28:18.043985+00:00 [running]> on host fdf4acf1d8ed
[2023-01-06T20:28:38.139+0000] {taskinstance.py:1592} INFO - Exporting the following env vars:
AIRFLOW_CTX_DAG_OWNER=***
AIRFLOW_CTX_DAG_ID=dpt_cosmetic
AIRFLOW_CTX_TASK_ID=transaction.transform
AIRFLOW_CTX_EXECUTION_DATE=2023-01-06T20:28:18.043985+00:00
AIRFLOW_CTX_TRY_NUMBER=1
AIRFLOW_CTX_DAG_RUN_ID=manual__2023-01-06T20:28:18.043985+00:00
[2023-01-06T20:28:38.144+0000] {subprocess.py:63} INFO - Tmp dir root location: 
 /tmp
[2023-01-06T20:28:38.147+0000] {subprocess.py:75} INFO - Running command: ['/bin/bash', '-c', 'sleep 1']
[2023-01-06T20:28:38.183+0000] {subprocess.py:86} INFO - Output:
[2023-01-06T20:28:39.194+0000] {subprocess.py:97} INFO - Command exited with return code 0
[2023-01-06T20:28:39.325+0000] {taskinstance.py:1406} INFO - Marking task as SUCCESS. dag_id=dpt_cosmetic, task_id=transaction.transform, execution_date=20230106T202818, start_date=20230106T202837, end_date=20230106T202839
[2023-01-06T20:28:39.393+0000] {local_task_job.py:164} INFO - Task exited with return code 0
[2023-01-06T20:28:39.682+0000] {local_task_job.py:273} INFO - 1 downstream tasks scheduled from follow-on schedule check
