[2023-01-02T15:50:52.332+0000] {taskinstance.py:1165} INFO - Dependencies all met for <TaskInstance: dpt_cosmetic.user.transform manual__2023-01-02T15:50:39.305100+00:00 [queued]>
[2023-01-02T15:50:52.392+0000] {taskinstance.py:1165} INFO - Dependencies all met for <TaskInstance: dpt_cosmetic.user.transform manual__2023-01-02T15:50:39.305100+00:00 [queued]>
[2023-01-02T15:50:52.393+0000] {taskinstance.py:1362} INFO - 
--------------------------------------------------------------------------------
[2023-01-02T15:50:52.394+0000] {taskinstance.py:1363} INFO - Starting attempt 1 of 1
[2023-01-02T15:50:52.396+0000] {taskinstance.py:1364} INFO - 
--------------------------------------------------------------------------------
[2023-01-02T15:50:52.480+0000] {taskinstance.py:1383} INFO - Executing <Task(TransformOperator): user.transform> on 2023-01-02 15:50:39.305100+00:00
[2023-01-02T15:50:52.499+0000] {standard_task_runner.py:55} INFO - Started process 161 to run task
[2023-01-02T15:50:52.515+0000] {standard_task_runner.py:82} INFO - Running: ['***', 'tasks', 'run', 'dpt_cosmetic', 'user.transform', 'manual__2023-01-02T15:50:39.305100+00:00', '--job-id', '218', '--raw', '--subdir', 'DAGS_FOLDER/main.py', '--cfg-path', '/tmp/tmp219fc0bv']
[2023-01-02T15:50:52.518+0000] {standard_task_runner.py:83} INFO - Job 218: Subtask user.transform
[2023-01-02T15:50:52.847+0000] {task_command.py:376} INFO - Running <TaskInstance: dpt_cosmetic.user.transform manual__2023-01-02T15:50:39.305100+00:00 [running]> on host 703acec1b71e
[2023-01-02T15:50:53.211+0000] {taskinstance.py:1592} INFO - Exporting the following env vars:
AIRFLOW_CTX_DAG_OWNER=***
AIRFLOW_CTX_DAG_ID=dpt_cosmetic
AIRFLOW_CTX_TASK_ID=user.transform
AIRFLOW_CTX_EXECUTION_DATE=2023-01-02T15:50:39.305100+00:00
AIRFLOW_CTX_TRY_NUMBER=1
AIRFLOW_CTX_DAG_RUN_ID=manual__2023-01-02T15:50:39.305100+00:00
[2023-01-02T15:50:53.826+0000] {operator.py:86} INFO - successfully save the file,user
[2023-01-02T15:50:53.914+0000] {taskinstance.py:1406} INFO - Marking task as SUCCESS. dag_id=dpt_cosmetic, task_id=user.transform, execution_date=20230102T155039, start_date=20230102T155052, end_date=20230102T155053
[2023-01-02T15:50:54.060+0000] {local_task_job.py:164} INFO - Task exited with return code 0
[2023-01-02T15:50:54.238+0000] {local_task_job.py:273} INFO - 0 downstream tasks scheduled from follow-on schedule check
