[2023-01-07T01:57:44.470+0000] {taskinstance.py:1165} INFO - Dependencies all met for <TaskInstance: dpt_cosmetic.product.load_to_google_storage manual__2023-01-07T01:56:33.607260+00:00 [queued]>
[2023-01-07T01:57:45.012+0000] {taskinstance.py:1165} INFO - Dependencies all met for <TaskInstance: dpt_cosmetic.product.load_to_google_storage manual__2023-01-07T01:56:33.607260+00:00 [queued]>
[2023-01-07T01:57:45.014+0000] {taskinstance.py:1362} INFO - 
--------------------------------------------------------------------------------
[2023-01-07T01:57:45.015+0000] {taskinstance.py:1363} INFO - Starting attempt 1 of 1
[2023-01-07T01:57:45.022+0000] {taskinstance.py:1364} INFO - 
--------------------------------------------------------------------------------
[2023-01-07T01:57:45.646+0000] {taskinstance.py:1383} INFO - Executing <Task(BashOperator): product.load_to_google_storage> on 2023-01-07 01:56:33.607260+00:00
[2023-01-07T01:57:45.725+0000] {standard_task_runner.py:55} INFO - Started process 192 to run task
[2023-01-07T01:57:45.852+0000] {standard_task_runner.py:82} INFO - Running: ['***', 'tasks', 'run', 'dpt_cosmetic', 'product.load_to_google_storage', 'manual__2023-01-07T01:56:33.607260+00:00', '--job-id', '492', '--raw', '--subdir', 'DAGS_FOLDER/main.py', '--cfg-path', '/tmp/tmphquw3ne6']
[2023-01-07T01:57:45.911+0000] {standard_task_runner.py:83} INFO - Job 492: Subtask product.load_to_google_storage
[2023-01-07T01:57:46.752+0000] {task_command.py:376} INFO - Running <TaskInstance: dpt_cosmetic.product.load_to_google_storage manual__2023-01-07T01:56:33.607260+00:00 [running]> on host fdf4acf1d8ed
[2023-01-07T01:57:47.759+0000] {taskinstance.py:1592} INFO - Exporting the following env vars:
AIRFLOW_CTX_DAG_OWNER=***
AIRFLOW_CTX_DAG_ID=dpt_cosmetic
AIRFLOW_CTX_TASK_ID=product.load_to_google_storage
AIRFLOW_CTX_EXECUTION_DATE=2023-01-07T01:56:33.607260+00:00
AIRFLOW_CTX_TRY_NUMBER=1
AIRFLOW_CTX_DAG_RUN_ID=manual__2023-01-07T01:56:33.607260+00:00
[2023-01-07T01:57:47.781+0000] {subprocess.py:63} INFO - Tmp dir root location: 
 /tmp
[2023-01-07T01:57:47.784+0000] {subprocess.py:75} INFO - Running command: ['/bin/bash', '-c', 'sleep 1']
[2023-01-07T01:57:47.923+0000] {subprocess.py:86} INFO - Output:
[2023-01-07T01:57:48.951+0000] {subprocess.py:97} INFO - Command exited with return code 0
[2023-01-07T01:57:49.176+0000] {taskinstance.py:1406} INFO - Marking task as SUCCESS. dag_id=dpt_cosmetic, task_id=product.load_to_google_storage, execution_date=20230107T015633, start_date=20230107T015744, end_date=20230107T015749
[2023-01-07T01:57:49.341+0000] {local_task_job.py:164} INFO - Task exited with return code 0
[2023-01-07T01:57:49.791+0000] {local_task_job.py:273} INFO - 0 downstream tasks scheduled from follow-on schedule check
