[2023-01-02T17:15:44.727+0000] {taskinstance.py:1165} INFO - Dependencies all met for <TaskInstance: dpt_cosmetic.website.transform manual__2023-01-02T17:15:28.621166+00:00 [queued]>
[2023-01-02T17:15:44.795+0000] {taskinstance.py:1165} INFO - Dependencies all met for <TaskInstance: dpt_cosmetic.website.transform manual__2023-01-02T17:15:28.621166+00:00 [queued]>
[2023-01-02T17:15:44.797+0000] {taskinstance.py:1362} INFO - 
--------------------------------------------------------------------------------
[2023-01-02T17:15:44.798+0000] {taskinstance.py:1363} INFO - Starting attempt 1 of 1
[2023-01-02T17:15:44.800+0000] {taskinstance.py:1364} INFO - 
--------------------------------------------------------------------------------
[2023-01-02T17:15:44.885+0000] {taskinstance.py:1383} INFO - Executing <Task(BashOperator): website.transform> on 2023-01-02 17:15:28.621166+00:00
[2023-01-02T17:15:44.905+0000] {standard_task_runner.py:55} INFO - Started process 514 to run task
[2023-01-02T17:15:44.945+0000] {standard_task_runner.py:82} INFO - Running: ['***', 'tasks', 'run', 'dpt_cosmetic', 'website.transform', 'manual__2023-01-02T17:15:28.621166+00:00', '--job-id', '263', '--raw', '--subdir', 'DAGS_FOLDER/main.py', '--cfg-path', '/tmp/tmp2oicsrsg']
[2023-01-02T17:15:44.948+0000] {standard_task_runner.py:83} INFO - Job 263: Subtask website.transform
[2023-01-02T17:15:46.507+0000] {task_command.py:376} INFO - Running <TaskInstance: dpt_cosmetic.website.transform manual__2023-01-02T17:15:28.621166+00:00 [running]> on host 703acec1b71e
[2023-01-02T17:15:47.434+0000] {taskinstance.py:1592} INFO - Exporting the following env vars:
AIRFLOW_CTX_DAG_OWNER=***
AIRFLOW_CTX_DAG_ID=dpt_cosmetic
AIRFLOW_CTX_TASK_ID=website.transform
AIRFLOW_CTX_EXECUTION_DATE=2023-01-02T17:15:28.621166+00:00
AIRFLOW_CTX_TRY_NUMBER=1
AIRFLOW_CTX_DAG_RUN_ID=manual__2023-01-02T17:15:28.621166+00:00
[2023-01-02T17:15:47.440+0000] {subprocess.py:63} INFO - Tmp dir root location: 
 /tmp
[2023-01-02T17:15:47.453+0000] {subprocess.py:75} INFO - Running command: ['/bin/bash', '-c', 'sleep 1']
[2023-01-02T17:15:47.717+0000] {subprocess.py:86} INFO - Output:
[2023-01-02T17:15:48.826+0000] {subprocess.py:97} INFO - Command exited with return code 0
[2023-01-02T17:15:49.175+0000] {taskinstance.py:1406} INFO - Marking task as SUCCESS. dag_id=dpt_cosmetic, task_id=website.transform, execution_date=20230102T171528, start_date=20230102T171544, end_date=20230102T171549
[2023-01-02T17:15:49.540+0000] {local_task_job.py:164} INFO - Task exited with return code 0
[2023-01-02T17:15:53.354+0000] {local_task_job.py:273} INFO - 1 downstream tasks scheduled from follow-on schedule check
