[2023-01-06T20:30:56.319+0000] {taskinstance.py:1165} INFO - Dependencies all met for <TaskInstance: dpt_cosmetic.user.transform manual__2023-01-06T20:30:39.090323+00:00 [queued]>
[2023-01-06T20:30:56.411+0000] {taskinstance.py:1165} INFO - Dependencies all met for <TaskInstance: dpt_cosmetic.user.transform manual__2023-01-06T20:30:39.090323+00:00 [queued]>
[2023-01-06T20:30:56.418+0000] {taskinstance.py:1362} INFO - 
--------------------------------------------------------------------------------
[2023-01-06T20:30:56.421+0000] {taskinstance.py:1363} INFO - Starting attempt 1 of 1
[2023-01-06T20:30:56.423+0000] {taskinstance.py:1364} INFO - 
--------------------------------------------------------------------------------
[2023-01-06T20:30:56.565+0000] {taskinstance.py:1383} INFO - Executing <Task(BashOperator): user.transform> on 2023-01-06 20:30:39.090323+00:00
[2023-01-06T20:30:56.608+0000] {standard_task_runner.py:55} INFO - Started process 248 to run task
[2023-01-06T20:30:56.647+0000] {standard_task_runner.py:82} INFO - Running: ['***', 'tasks', 'run', 'dpt_cosmetic', 'user.transform', 'manual__2023-01-06T20:30:39.090323+00:00', '--job-id', '418', '--raw', '--subdir', 'DAGS_FOLDER/main.py', '--cfg-path', '/tmp/tmp_jc034pe']
[2023-01-06T20:30:56.651+0000] {standard_task_runner.py:83} INFO - Job 418: Subtask user.transform
[2023-01-06T20:30:57.196+0000] {task_command.py:376} INFO - Running <TaskInstance: dpt_cosmetic.user.transform manual__2023-01-06T20:30:39.090323+00:00 [running]> on host fdf4acf1d8ed
[2023-01-06T20:30:57.803+0000] {taskinstance.py:1592} INFO - Exporting the following env vars:
AIRFLOW_CTX_DAG_OWNER=***
AIRFLOW_CTX_DAG_ID=dpt_cosmetic
AIRFLOW_CTX_TASK_ID=user.transform
AIRFLOW_CTX_EXECUTION_DATE=2023-01-06T20:30:39.090323+00:00
AIRFLOW_CTX_TRY_NUMBER=1
AIRFLOW_CTX_DAG_RUN_ID=manual__2023-01-06T20:30:39.090323+00:00
[2023-01-06T20:30:57.816+0000] {subprocess.py:63} INFO - Tmp dir root location: 
 /tmp
[2023-01-06T20:30:57.819+0000] {subprocess.py:75} INFO - Running command: ['/bin/bash', '-c', 'sleep 1']
[2023-01-06T20:30:57.881+0000] {subprocess.py:86} INFO - Output:
[2023-01-06T20:30:58.898+0000] {subprocess.py:97} INFO - Command exited with return code 0
[2023-01-06T20:30:59.127+0000] {taskinstance.py:1406} INFO - Marking task as SUCCESS. dag_id=dpt_cosmetic, task_id=user.transform, execution_date=20230106T203039, start_date=20230106T203056, end_date=20230106T203059
[2023-01-06T20:30:59.261+0000] {local_task_job.py:164} INFO - Task exited with return code 0
[2023-01-06T20:30:59.687+0000] {local_task_job.py:273} INFO - 1 downstream tasks scheduled from follow-on schedule check
