[2023-01-07T05:07:32.488+0000] {taskinstance.py:1165} INFO - Dependencies all met for <TaskInstance: bq_process.view_stats.check_table manual__2023-01-07T05:07:23.575265+00:00 [queued]>
[2023-01-07T05:07:32.543+0000] {taskinstance.py:1165} INFO - Dependencies all met for <TaskInstance: bq_process.view_stats.check_table manual__2023-01-07T05:07:23.575265+00:00 [queued]>
[2023-01-07T05:07:32.545+0000] {taskinstance.py:1362} INFO - 
--------------------------------------------------------------------------------
[2023-01-07T05:07:32.546+0000] {taskinstance.py:1363} INFO - Starting attempt 1 of 1
[2023-01-07T05:07:32.548+0000] {taskinstance.py:1364} INFO - 
--------------------------------------------------------------------------------
[2023-01-07T05:07:32.649+0000] {taskinstance.py:1383} INFO - Executing <Task(BranchPythonOperator): view_stats.check_table> on 2023-01-07 05:07:23.575265+00:00
[2023-01-07T05:07:32.669+0000] {standard_task_runner.py:55} INFO - Started process 310 to run task
[2023-01-07T05:07:32.687+0000] {standard_task_runner.py:82} INFO - Running: ['***', 'tasks', 'run', 'bq_process', 'view_stats.check_table', 'manual__2023-01-07T05:07:23.575265+00:00', '--job-id', '531', '--raw', '--subdir', 'DAGS_FOLDER/bigquery_dag.py', '--cfg-path', '/tmp/tmpjcp2zyam']
[2023-01-07T05:07:32.699+0000] {standard_task_runner.py:83} INFO - Job 531: Subtask view_stats.check_table
[2023-01-07T05:07:33.267+0000] {task_command.py:376} INFO - Running <TaskInstance: bq_process.view_stats.check_table manual__2023-01-07T05:07:23.575265+00:00 [running]> on host fdf4acf1d8ed
[2023-01-07T05:07:34.160+0000] {taskinstance.py:1592} INFO - Exporting the following env vars:
AIRFLOW_CTX_DAG_OWNER=***
AIRFLOW_CTX_DAG_ID=bq_process
AIRFLOW_CTX_TASK_ID=view_stats.check_table
AIRFLOW_CTX_EXECUTION_DATE=2023-01-07T05:07:23.575265+00:00
AIRFLOW_CTX_TRY_NUMBER=1
AIRFLOW_CTX_DAG_RUN_ID=manual__2023-01-07T05:07:23.575265+00:00
[2023-01-07T05:07:35.151+0000] {python.py:177} INFO - Done. Returned value was: view_stats.execute_query
[2023-01-07T05:07:35.154+0000] {skipmixin.py:155} INFO - Following branch view_stats.execute_query
[2023-01-07T05:07:35.157+0000] {skipmixin.py:190} INFO - Skipping tasks ['view_stats.create_table']
[2023-01-07T05:07:35.478+0000] {taskinstance.py:1406} INFO - Marking task as SUCCESS. dag_id=bq_process, task_id=view_stats.check_table, execution_date=20230107T050723, start_date=20230107T050732, end_date=20230107T050735
[2023-01-07T05:07:35.656+0000] {local_task_job.py:164} INFO - Task exited with return code 0
[2023-01-07T05:07:35.865+0000] {local_task_job.py:273} INFO - 0 downstream tasks scheduled from follow-on schedule check
