[2023-01-02T17:16:19.891+0000] {taskinstance.py:1165} INFO - Dependencies all met for <TaskInstance: dpt_cosmetic.transaction.load_to_google_storage manual__2023-01-02T17:15:28.621166+00:00 [queued]>
[2023-01-02T17:16:19.957+0000] {taskinstance.py:1165} INFO - Dependencies all met for <TaskInstance: dpt_cosmetic.transaction.load_to_google_storage manual__2023-01-02T17:15:28.621166+00:00 [queued]>
[2023-01-02T17:16:19.958+0000] {taskinstance.py:1362} INFO - 
--------------------------------------------------------------------------------
[2023-01-02T17:16:19.960+0000] {taskinstance.py:1363} INFO - Starting attempt 1 of 1
[2023-01-02T17:16:19.961+0000] {taskinstance.py:1364} INFO - 
--------------------------------------------------------------------------------
[2023-01-02T17:16:20.471+0000] {taskinstance.py:1383} INFO - Executing <Task(LocalToStorageOperator): transaction.load_to_google_storage> on 2023-01-02 17:15:28.621166+00:00
[2023-01-02T17:16:20.488+0000] {standard_task_runner.py:55} INFO - Started process 609 to run task
[2023-01-02T17:16:20.503+0000] {standard_task_runner.py:82} INFO - Running: ['***', 'tasks', 'run', 'dpt_cosmetic', 'transaction.load_to_google_storage', 'manual__2023-01-02T17:15:28.621166+00:00', '--job-id', '280', '--raw', '--subdir', 'DAGS_FOLDER/main.py', '--cfg-path', '/tmp/tmpxm5j8t2t']
[2023-01-02T17:16:20.507+0000] {standard_task_runner.py:83} INFO - Job 280: Subtask transaction.load_to_google_storage
[2023-01-02T17:16:20.842+0000] {task_command.py:376} INFO - Running <TaskInstance: dpt_cosmetic.transaction.load_to_google_storage manual__2023-01-02T17:15:28.621166+00:00 [running]> on host 703acec1b71e
[2023-01-02T17:16:21.190+0000] {taskinstance.py:1592} INFO - Exporting the following env vars:
AIRFLOW_CTX_DAG_OWNER=***
AIRFLOW_CTX_DAG_ID=dpt_cosmetic
AIRFLOW_CTX_TASK_ID=transaction.load_to_google_storage
AIRFLOW_CTX_EXECUTION_DATE=2023-01-02T17:15:28.621166+00:00
AIRFLOW_CTX_TRY_NUMBER=1
AIRFLOW_CTX_DAG_RUN_ID=manual__2023-01-02T17:15:28.621166+00:00
[2023-01-02T17:16:21.194+0000] {connection.py:429} ERROR - Unable to retrieve connection from secrets backend (EnvironmentVariablesBackend). Checking subsequent secrets backend.
Traceback (most recent call last):
  File "/home/airflow/.local/lib/python3.7/site-packages/airflow/models/connection.py", line 422, in get_connection_from_secrets
    conn = secrets_backend.get_connection(conn_id=conn_id)
  File "/home/airflow/.local/lib/python3.7/site-packages/airflow/secrets/base_secrets.py", line 115, in get_connection
    return self.deserialize_connection(conn_id=conn_id, value=value)
  File "/home/airflow/.local/lib/python3.7/site-packages/airflow/secrets/base_secrets.py", line 67, in deserialize_connection
    return Connection.from_json(conn_id=conn_id, value=value)
  File "/home/airflow/.local/lib/python3.7/site-packages/airflow/models/connection.py", line 449, in from_json
    return Connection(conn_id=conn_id, **kwargs)
TypeError: __init__() got an unexpected keyword argument 'key_path'
[2023-01-02T17:16:21.227+0000] {base.py:71} INFO - Using connection ID 'google_cloud_default' for task execution.
[2023-01-02T17:16:24.870+0000] {gcs.py:518} INFO - File /opt/***/storage/transaction/2023-01-03.csv uploaded to storage/transaction/2023-01-03.csv in ***_test_sd2beatles bucket
[2023-01-02T17:16:24.872+0000] {operator.py:28} INFO - successfully fetch the file,transaction
[2023-01-02T17:16:24.932+0000] {taskinstance.py:1406} INFO - Marking task as SUCCESS. dag_id=dpt_cosmetic, task_id=transaction.load_to_google_storage, execution_date=20230102T171528, start_date=20230102T171619, end_date=20230102T171624
[2023-01-02T17:16:25.032+0000] {local_task_job.py:164} INFO - Task exited with return code 0
[2023-01-02T17:16:25.127+0000] {local_task_job.py:273} INFO - 0 downstream tasks scheduled from follow-on schedule check
