[2023-01-05T22:07:31.847+0000] {taskinstance.py:1165} INFO - Dependencies all met for <TaskInstance: bq_process.check_table manual__2023-01-05T22:07:25.268901+00:00 [queued]>
[2023-01-05T22:07:31.894+0000] {taskinstance.py:1165} INFO - Dependencies all met for <TaskInstance: bq_process.check_table manual__2023-01-05T22:07:25.268901+00:00 [queued]>
[2023-01-05T22:07:31.896+0000] {taskinstance.py:1362} INFO - 
--------------------------------------------------------------------------------
[2023-01-05T22:07:31.898+0000] {taskinstance.py:1363} INFO - Starting attempt 1 of 1
[2023-01-05T22:07:31.899+0000] {taskinstance.py:1364} INFO - 
--------------------------------------------------------------------------------
[2023-01-05T22:07:31.974+0000] {taskinstance.py:1383} INFO - Executing <Task(BranchPythonOperator): check_table> on 2023-01-05 22:07:25.268901+00:00
[2023-01-05T22:07:31.993+0000] {standard_task_runner.py:55} INFO - Started process 102 to run task
[2023-01-05T22:07:32.009+0000] {standard_task_runner.py:82} INFO - Running: ['***', 'tasks', 'run', 'bq_process', 'check_table', 'manual__2023-01-05T22:07:25.268901+00:00', '--job-id', '314', '--raw', '--subdir', 'DAGS_FOLDER/bigquery_dag.py', '--cfg-path', '/tmp/tmpxdbmvbau']
[2023-01-05T22:07:32.030+0000] {standard_task_runner.py:83} INFO - Job 314: Subtask check_table
[2023-01-05T22:07:32.364+0000] {task_command.py:376} INFO - Running <TaskInstance: bq_process.check_table manual__2023-01-05T22:07:25.268901+00:00 [running]> on host fdf4acf1d8ed
[2023-01-05T22:07:32.798+0000] {taskinstance.py:1592} INFO - Exporting the following env vars:
AIRFLOW_CTX_DAG_OWNER=***
AIRFLOW_CTX_DAG_ID=bq_process
AIRFLOW_CTX_TASK_ID=check_table
AIRFLOW_CTX_EXECUTION_DATE=2023-01-05T22:07:25.268901+00:00
AIRFLOW_CTX_TRY_NUMBER=1
AIRFLOW_CTX_DAG_RUN_ID=manual__2023-01-05T22:07:25.268901+00:00
[2023-01-05T22:07:33.482+0000] {python.py:177} INFO - Done. Returned value was: sucess
[2023-01-05T22:07:33.524+0000] {taskinstance.py:1851} ERROR - Task failed with exception
Traceback (most recent call last):
  File "/home/airflow/.local/lib/python3.7/site-packages/airflow/operators/python.py", line 225, in execute
    f"Branch callable must return valid task_ids. Invalid tasks found: {invalid_task_ids}"
airflow.exceptions.AirflowException: Branch callable must return valid task_ids. Invalid tasks found: {'sucess'}
[2023-01-05T22:07:33.540+0000] {taskinstance.py:1406} INFO - Marking task as FAILED. dag_id=bq_process, task_id=check_table, execution_date=20230105T220725, start_date=20230105T220731, end_date=20230105T220733
[2023-01-05T22:07:33.600+0000] {standard_task_runner.py:105} ERROR - Failed to execute job 314 for task check_table (Branch callable must return valid task_ids. Invalid tasks found: {'sucess'}; 102)
[2023-01-05T22:07:33.634+0000] {local_task_job.py:164} INFO - Task exited with return code 1
[2023-01-05T22:07:33.853+0000] {local_task_job.py:273} INFO - 0 downstream tasks scheduled from follow-on schedule check
