[2022-12-31T23:08:44.764+0000] {taskinstance.py:1165} INFO - Dependencies all met for <TaskInstance: dpt_cosmetic.transaction.extract manual__2022-12-31T23:08:37.467050+00:00 [queued]>
[2022-12-31T23:08:44.809+0000] {taskinstance.py:1165} INFO - Dependencies all met for <TaskInstance: dpt_cosmetic.transaction.extract manual__2022-12-31T23:08:37.467050+00:00 [queued]>
[2022-12-31T23:08:44.811+0000] {taskinstance.py:1362} INFO - 
--------------------------------------------------------------------------------
[2022-12-31T23:08:44.813+0000] {taskinstance.py:1363} INFO - Starting attempt 1 of 1
[2022-12-31T23:08:44.815+0000] {taskinstance.py:1364} INFO - 
--------------------------------------------------------------------------------
[2022-12-31T23:08:44.890+0000] {taskinstance.py:1383} INFO - Executing <Task(ExtractOperator): transaction.extract> on 2022-12-31 23:08:37.467050+00:00
[2022-12-31T23:08:44.907+0000] {standard_task_runner.py:55} INFO - Started process 100 to run task
[2022-12-31T23:08:44.921+0000] {standard_task_runner.py:82} INFO - Running: ['***', 'tasks', 'run', 'dpt_cosmetic', 'transaction.extract', 'manual__2022-12-31T23:08:37.467050+00:00', '--job-id', '34', '--raw', '--subdir', 'DAGS_FOLDER/main.py', '--cfg-path', '/tmp/tmpwlmkw_p3']
[2022-12-31T23:08:44.925+0000] {standard_task_runner.py:83} INFO - Job 34: Subtask transaction.extract
[2022-12-31T23:08:45.254+0000] {task_command.py:376} INFO - Running <TaskInstance: dpt_cosmetic.transaction.extract manual__2022-12-31T23:08:37.467050+00:00 [running]> on host 6bd76effbc07
[2022-12-31T23:08:46.066+0000] {taskinstance.py:1592} INFO - Exporting the following env vars:
AIRFLOW_CTX_DAG_OWNER=***
AIRFLOW_CTX_DAG_ID=dpt_cosmetic
AIRFLOW_CTX_TASK_ID=transaction.extract
AIRFLOW_CTX_EXECUTION_DATE=2022-12-31T23:08:37.467050+00:00
AIRFLOW_CTX_TRY_NUMBER=1
AIRFLOW_CTX_DAG_RUN_ID=manual__2022-12-31T23:08:37.467050+00:00
[2022-12-31T23:08:46.445+0000] {taskinstance.py:1851} ERROR - Task failed with exception
Traceback (most recent call last):
  File "/opt/airflow/dags/utilties/extract_operator.py", line 30, in execute
    self.log.info(f"Extracting for source {self.source}")
AttributeError: 'ExtractOperator' object has no attribute 'source'
[2022-12-31T23:08:46.510+0000] {taskinstance.py:1406} INFO - Marking task as FAILED. dag_id=dpt_cosmetic, task_id=transaction.extract, execution_date=20221231T230837, start_date=20221231T230844, end_date=20221231T230846
[2022-12-31T23:08:46.645+0000] {standard_task_runner.py:105} ERROR - Failed to execute job 34 for task transaction.extract ('ExtractOperator' object has no attribute 'source'; 100)
[2022-12-31T23:08:46.730+0000] {local_task_job.py:164} INFO - Task exited with return code 1
[2022-12-31T23:08:46.922+0000] {local_task_job.py:273} INFO - 0 downstream tasks scheduled from follow-on schedule check
