[2023-01-01T01:28:41.551+0000] {taskinstance.py:1165} INFO - Dependencies all met for <TaskInstance: dpt_cosmetic.transaction.extract manual__2023-01-01T01:28:26.287346+00:00 [queued]>
[2023-01-01T01:28:41.619+0000] {taskinstance.py:1165} INFO - Dependencies all met for <TaskInstance: dpt_cosmetic.transaction.extract manual__2023-01-01T01:28:26.287346+00:00 [queued]>
[2023-01-01T01:28:41.621+0000] {taskinstance.py:1362} INFO - 
--------------------------------------------------------------------------------
[2023-01-01T01:28:41.623+0000] {taskinstance.py:1363} INFO - Starting attempt 1 of 1
[2023-01-01T01:28:41.625+0000] {taskinstance.py:1364} INFO - 
--------------------------------------------------------------------------------
[2023-01-01T01:28:41.757+0000] {taskinstance.py:1383} INFO - Executing <Task(ExtractOperator): transaction.extract> on 2023-01-01 01:28:26.287346+00:00
[2023-01-01T01:28:41.784+0000] {standard_task_runner.py:55} INFO - Started process 1034 to run task
[2023-01-01T01:28:41.804+0000] {standard_task_runner.py:82} INFO - Running: ['***', 'tasks', 'run', 'dpt_cosmetic', 'transaction.extract', 'manual__2023-01-01T01:28:26.287346+00:00', '--job-id', '150', '--raw', '--subdir', 'DAGS_FOLDER/main.py', '--cfg-path', '/tmp/tmpswp9j4v2']
[2023-01-01T01:28:41.807+0000] {standard_task_runner.py:83} INFO - Job 150: Subtask transaction.extract
[2023-01-01T01:28:42.224+0000] {task_command.py:376} INFO - Running <TaskInstance: dpt_cosmetic.transaction.extract manual__2023-01-01T01:28:26.287346+00:00 [running]> on host 6bd76effbc07
[2023-01-01T01:28:42.675+0000] {taskinstance.py:1592} INFO - Exporting the following env vars:
AIRFLOW_CTX_DAG_OWNER=***
AIRFLOW_CTX_DAG_ID=dpt_cosmetic
AIRFLOW_CTX_TASK_ID=transaction.extract
AIRFLOW_CTX_EXECUTION_DATE=2023-01-01T01:28:26.287346+00:00
AIRFLOW_CTX_TRY_NUMBER=1
AIRFLOW_CTX_DAG_RUN_ID=manual__2023-01-01T01:28:26.287346+00:00
[2023-01-01T01:28:42.887+0000] {taskinstance.py:1851} ERROR - Task failed with exception
Traceback (most recent call last):
  File "/opt/airflow/dags/utilties/extract_operator.py", line 29, in execute
    header=data.key()
AttributeError: 'dict' object has no attribute 'key'
[2023-01-01T01:28:42.941+0000] {taskinstance.py:1406} INFO - Marking task as FAILED. dag_id=dpt_cosmetic, task_id=transaction.extract, execution_date=20230101T012826, start_date=20230101T012841, end_date=20230101T012842
[2023-01-01T01:28:43.041+0000] {standard_task_runner.py:105} ERROR - Failed to execute job 150 for task transaction.extract ('dict' object has no attribute 'key'; 1034)
[2023-01-01T01:28:43.108+0000] {local_task_job.py:164} INFO - Task exited with return code 1
[2023-01-01T01:28:43.277+0000] {local_task_job.py:273} INFO - 0 downstream tasks scheduled from follow-on schedule check
