[2023-01-01T01:23:55.232+0000] {taskinstance.py:1165} INFO - Dependencies all met for <TaskInstance: dpt_cosmetic.user.extract manual__2023-01-01T01:23:40.067230+00:00 [queued]>
[2023-01-01T01:23:55.277+0000] {taskinstance.py:1165} INFO - Dependencies all met for <TaskInstance: dpt_cosmetic.user.extract manual__2023-01-01T01:23:40.067230+00:00 [queued]>
[2023-01-01T01:23:55.278+0000] {taskinstance.py:1362} INFO - 
--------------------------------------------------------------------------------
[2023-01-01T01:23:55.280+0000] {taskinstance.py:1363} INFO - Starting attempt 1 of 1
[2023-01-01T01:23:55.281+0000] {taskinstance.py:1364} INFO - 
--------------------------------------------------------------------------------
[2023-01-01T01:23:55.390+0000] {taskinstance.py:1383} INFO - Executing <Task(ExtractOperator): user.extract> on 2023-01-01 01:23:40.067230+00:00
[2023-01-01T01:23:55.413+0000] {standard_task_runner.py:55} INFO - Started process 1009 to run task
[2023-01-01T01:23:55.432+0000] {standard_task_runner.py:82} INFO - Running: ['***', 'tasks', 'run', 'dpt_cosmetic', 'user.extract', 'manual__2023-01-01T01:23:40.067230+00:00', '--job-id', '146', '--raw', '--subdir', 'DAGS_FOLDER/main.py', '--cfg-path', '/tmp/tmp91yc7199']
[2023-01-01T01:23:55.436+0000] {standard_task_runner.py:83} INFO - Job 146: Subtask user.extract
[2023-01-01T01:23:55.823+0000] {task_command.py:376} INFO - Running <TaskInstance: dpt_cosmetic.user.extract manual__2023-01-01T01:23:40.067230+00:00 [running]> on host 6bd76effbc07
[2023-01-01T01:23:56.207+0000] {taskinstance.py:1592} INFO - Exporting the following env vars:
AIRFLOW_CTX_DAG_OWNER=***
AIRFLOW_CTX_DAG_ID=dpt_cosmetic
AIRFLOW_CTX_TASK_ID=user.extract
AIRFLOW_CTX_EXECUTION_DATE=2023-01-01T01:23:40.067230+00:00
AIRFLOW_CTX_TRY_NUMBER=1
AIRFLOW_CTX_DAG_RUN_ID=manual__2023-01-01T01:23:40.067230+00:00
[2023-01-01T01:23:56.568+0000] {taskinstance.py:1406} INFO - Marking task as SUCCESS. dag_id=dpt_cosmetic, task_id=user.extract, execution_date=20230101T012340, start_date=20230101T012355, end_date=20230101T012356
[2023-01-01T01:23:56.690+0000] {local_task_job.py:164} INFO - Task exited with return code 0
[2023-01-01T01:23:56.796+0000] {local_task_job.py:273} INFO - 0 downstream tasks scheduled from follow-on schedule check
