[2023-01-07T01:57:54.718+0000] {taskinstance.py:1165} INFO - Dependencies all met for <TaskInstance: dpt_cosmetic.website.load_to_google_storage scheduled__2023-01-06T00:00:00+00:00 [queued]>
[2023-01-07T01:57:54.893+0000] {taskinstance.py:1165} INFO - Dependencies all met for <TaskInstance: dpt_cosmetic.website.load_to_google_storage scheduled__2023-01-06T00:00:00+00:00 [queued]>
[2023-01-07T01:57:54.895+0000] {taskinstance.py:1362} INFO - 
--------------------------------------------------------------------------------
[2023-01-07T01:57:54.896+0000] {taskinstance.py:1363} INFO - Starting attempt 1 of 1
[2023-01-07T01:57:54.898+0000] {taskinstance.py:1364} INFO - 
--------------------------------------------------------------------------------
[2023-01-07T01:57:55.184+0000] {taskinstance.py:1383} INFO - Executing <Task(BashOperator): website.load_to_google_storage> on 2023-01-06 00:00:00+00:00
[2023-01-07T01:57:55.226+0000] {standard_task_runner.py:55} INFO - Started process 205 to run task
[2023-01-07T01:57:55.270+0000] {standard_task_runner.py:82} INFO - Running: ['***', 'tasks', 'run', 'dpt_cosmetic', 'website.load_to_google_storage', 'scheduled__2023-01-06T00:00:00+00:00', '--job-id', '496', '--raw', '--subdir', 'DAGS_FOLDER/main.py', '--cfg-path', '/tmp/tmp85ytwakf']
[2023-01-07T01:57:55.280+0000] {standard_task_runner.py:83} INFO - Job 496: Subtask website.load_to_google_storage
[2023-01-07T01:57:55.359+0000] {warnings.py:110} WARNING - /home/***/.local/lib/python3.7/site-packages/***/configuration.py:545: DeprecationWarning: The sql_alchemy_conn option in [core] has been moved to the sql_alchemy_conn option in [database] - the old setting has been used, but please update your config.
  option = self._get_environment_variables(deprecated_key, deprecated_section, key, section)

[2023-01-07T01:57:55.885+0000] {task_command.py:376} INFO - Running <TaskInstance: dpt_cosmetic.website.load_to_google_storage scheduled__2023-01-06T00:00:00+00:00 [running]> on host fdf4acf1d8ed
[2023-01-07T01:57:56.579+0000] {taskinstance.py:1592} INFO - Exporting the following env vars:
AIRFLOW_CTX_DAG_OWNER=***
AIRFLOW_CTX_DAG_ID=dpt_cosmetic
AIRFLOW_CTX_TASK_ID=website.load_to_google_storage
AIRFLOW_CTX_EXECUTION_DATE=2023-01-06T00:00:00+00:00
AIRFLOW_CTX_TRY_NUMBER=1
AIRFLOW_CTX_DAG_RUN_ID=scheduled__2023-01-06T00:00:00+00:00
[2023-01-07T01:57:56.587+0000] {subprocess.py:63} INFO - Tmp dir root location: 
 /tmp
[2023-01-07T01:57:56.590+0000] {subprocess.py:75} INFO - Running command: ['/bin/bash', '-c', 'sleep 1']
[2023-01-07T01:57:56.635+0000] {subprocess.py:86} INFO - Output:
[2023-01-07T01:57:57.656+0000] {subprocess.py:97} INFO - Command exited with return code 0
[2023-01-07T01:57:57.824+0000] {taskinstance.py:1406} INFO - Marking task as SUCCESS. dag_id=dpt_cosmetic, task_id=website.load_to_google_storage, execution_date=20230106T000000, start_date=20230107T015754, end_date=20230107T015757
[2023-01-07T01:57:58.004+0000] {local_task_job.py:164} INFO - Task exited with return code 0
[2023-01-07T01:57:58.219+0000] {local_task_job.py:273} INFO - 0 downstream tasks scheduled from follow-on schedule check
[2023-01-07T05:19:35.557+0000] {taskinstance.py:1165} INFO - Dependencies all met for <TaskInstance: dpt_cosmetic.website.load_to_google_storage scheduled__2023-01-06T00:00:00+00:00 [queued]>
[2023-01-07T05:19:35.780+0000] {taskinstance.py:1165} INFO - Dependencies all met for <TaskInstance: dpt_cosmetic.website.load_to_google_storage scheduled__2023-01-06T00:00:00+00:00 [queued]>
[2023-01-07T05:19:35.782+0000] {taskinstance.py:1362} INFO - 
--------------------------------------------------------------------------------
[2023-01-07T05:19:35.784+0000] {taskinstance.py:1363} INFO - Starting attempt 1 of 1
[2023-01-07T05:19:35.785+0000] {taskinstance.py:1364} INFO - 
--------------------------------------------------------------------------------
[2023-01-07T05:19:36.286+0000] {taskinstance.py:1383} INFO - Executing <Task(BashOperator): website.load_to_google_storage> on 2023-01-06 00:00:00+00:00
[2023-01-07T05:19:36.330+0000] {standard_task_runner.py:55} INFO - Started process 549 to run task
[2023-01-07T05:19:36.411+0000] {standard_task_runner.py:82} INFO - Running: ['***', 'tasks', 'run', 'dpt_cosmetic', 'website.load_to_google_storage', 'scheduled__2023-01-06T00:00:00+00:00', '--job-id', '593', '--raw', '--subdir', 'DAGS_FOLDER/main.py', '--cfg-path', '/tmp/tmpg2spto3d']
[2023-01-07T05:19:36.436+0000] {standard_task_runner.py:83} INFO - Job 593: Subtask website.load_to_google_storage
[2023-01-07T05:19:36.654+0000] {warnings.py:110} WARNING - /home/***/.local/lib/python3.7/site-packages/***/configuration.py:545: DeprecationWarning: The sql_alchemy_conn option in [core] has been moved to the sql_alchemy_conn option in [database] - the old setting has been used, but please update your config.
  option = self._get_environment_variables(deprecated_key, deprecated_section, key, section)

[2023-01-07T05:19:37.449+0000] {task_command.py:376} INFO - Running <TaskInstance: dpt_cosmetic.website.load_to_google_storage scheduled__2023-01-06T00:00:00+00:00 [running]> on host fdf4acf1d8ed
[2023-01-07T05:19:39.221+0000] {taskinstance.py:1592} INFO - Exporting the following env vars:
AIRFLOW_CTX_DAG_OWNER=***
AIRFLOW_CTX_DAG_ID=dpt_cosmetic
AIRFLOW_CTX_TASK_ID=website.load_to_google_storage
AIRFLOW_CTX_EXECUTION_DATE=2023-01-06T00:00:00+00:00
AIRFLOW_CTX_TRY_NUMBER=1
AIRFLOW_CTX_DAG_RUN_ID=scheduled__2023-01-06T00:00:00+00:00
[2023-01-07T05:19:39.229+0000] {subprocess.py:63} INFO - Tmp dir root location: 
 /tmp
[2023-01-07T05:19:39.244+0000] {subprocess.py:75} INFO - Running command: ['/bin/bash', '-c', 'sleep 1']
[2023-01-07T05:19:39.458+0000] {subprocess.py:86} INFO - Output:
[2023-01-07T05:19:40.531+0000] {subprocess.py:97} INFO - Command exited with return code 0
[2023-01-07T05:19:42.387+0000] {taskinstance.py:1406} INFO - Marking task as SUCCESS. dag_id=dpt_cosmetic, task_id=website.load_to_google_storage, execution_date=20230106T000000, start_date=20230107T051935, end_date=20230107T051942
[2023-01-07T05:19:42.715+0000] {local_task_job.py:164} INFO - Task exited with return code 0
[2023-01-07T05:19:44.063+0000] {local_task_job.py:273} INFO - 0 downstream tasks scheduled from follow-on schedule check
[2023-01-07T05:33:00.890+0000] {taskinstance.py:1165} INFO - Dependencies all met for <TaskInstance: dpt_cosmetic.website.load_to_google_storage scheduled__2023-01-06T00:00:00+00:00 [queued]>
[2023-01-07T05:33:01.160+0000] {taskinstance.py:1165} INFO - Dependencies all met for <TaskInstance: dpt_cosmetic.website.load_to_google_storage scheduled__2023-01-06T00:00:00+00:00 [queued]>
[2023-01-07T05:33:01.162+0000] {taskinstance.py:1362} INFO - 
--------------------------------------------------------------------------------
[2023-01-07T05:33:01.179+0000] {taskinstance.py:1363} INFO - Starting attempt 1 of 1
[2023-01-07T05:33:01.181+0000] {taskinstance.py:1364} INFO - 
--------------------------------------------------------------------------------
[2023-01-07T05:33:01.383+0000] {taskinstance.py:1383} INFO - Executing <Task(BashOperator): website.load_to_google_storage> on 2023-01-06 00:00:00+00:00
[2023-01-07T05:33:01.441+0000] {standard_task_runner.py:55} INFO - Started process 181 to run task
[2023-01-07T05:33:01.489+0000] {standard_task_runner.py:82} INFO - Running: ['***', 'tasks', 'run', 'dpt_cosmetic', 'website.load_to_google_storage', 'scheduled__2023-01-06T00:00:00+00:00', '--job-id', '633', '--raw', '--subdir', 'DAGS_FOLDER/main.py', '--cfg-path', '/tmp/tmprj5ma1r8']
[2023-01-07T05:33:01.529+0000] {standard_task_runner.py:83} INFO - Job 633: Subtask website.load_to_google_storage
[2023-01-07T05:33:01.666+0000] {warnings.py:110} WARNING - /home/***/.local/lib/python3.7/site-packages/***/configuration.py:545: DeprecationWarning: The sql_alchemy_conn option in [core] has been moved to the sql_alchemy_conn option in [database] - the old setting has been used, but please update your config.
  option = self._get_environment_variables(deprecated_key, deprecated_section, key, section)

[2023-01-07T05:33:02.245+0000] {task_command.py:376} INFO - Running <TaskInstance: dpt_cosmetic.website.load_to_google_storage scheduled__2023-01-06T00:00:00+00:00 [running]> on host fdf4acf1d8ed
[2023-01-07T05:33:03.553+0000] {taskinstance.py:1592} INFO - Exporting the following env vars:
AIRFLOW_CTX_DAG_OWNER=***
AIRFLOW_CTX_DAG_ID=dpt_cosmetic
AIRFLOW_CTX_TASK_ID=website.load_to_google_storage
AIRFLOW_CTX_EXECUTION_DATE=2023-01-06T00:00:00+00:00
AIRFLOW_CTX_TRY_NUMBER=1
AIRFLOW_CTX_DAG_RUN_ID=scheduled__2023-01-06T00:00:00+00:00
[2023-01-07T05:33:03.582+0000] {subprocess.py:63} INFO - Tmp dir root location: 
 /tmp
[2023-01-07T05:33:03.607+0000] {subprocess.py:75} INFO - Running command: ['/bin/bash', '-c', 'sleep 1']
[2023-01-07T05:33:03.746+0000] {subprocess.py:86} INFO - Output:
[2023-01-07T05:33:04.769+0000] {subprocess.py:97} INFO - Command exited with return code 0
[2023-01-07T05:33:05.047+0000] {taskinstance.py:1406} INFO - Marking task as SUCCESS. dag_id=dpt_cosmetic, task_id=website.load_to_google_storage, execution_date=20230106T000000, start_date=20230107T053300, end_date=20230107T053305
[2023-01-07T05:33:05.362+0000] {local_task_job.py:164} INFO - Task exited with return code 0
[2023-01-07T05:33:05.912+0000] {local_task_job.py:273} INFO - 0 downstream tasks scheduled from follow-on schedule check
