[2023-01-07T05:18:54.081+0000] {taskinstance.py:1165} INFO - Dependencies all met for <TaskInstance: dpt_cosmetic.transaction.check_file_exists manual__2023-01-07T05:15:48.107951+00:00 [queued]>
[2023-01-07T05:18:54.667+0000] {taskinstance.py:1165} INFO - Dependencies all met for <TaskInstance: dpt_cosmetic.transaction.check_file_exists manual__2023-01-07T05:15:48.107951+00:00 [queued]>
[2023-01-07T05:18:54.680+0000] {taskinstance.py:1362} INFO - 
--------------------------------------------------------------------------------
[2023-01-07T05:18:54.685+0000] {taskinstance.py:1363} INFO - Starting attempt 1 of 1
[2023-01-07T05:18:54.692+0000] {taskinstance.py:1364} INFO - 
--------------------------------------------------------------------------------
[2023-01-07T05:18:55.399+0000] {taskinstance.py:1383} INFO - Executing <Task(BashOperator): transaction.check_file_exists> on 2023-01-07 05:15:48.107951+00:00
[2023-01-07T05:18:55.459+0000] {standard_task_runner.py:55} INFO - Started process 489 to run task
[2023-01-07T05:18:55.578+0000] {standard_task_runner.py:82} INFO - Running: ['***', 'tasks', 'run', 'dpt_cosmetic', 'transaction.check_file_exists', 'manual__2023-01-07T05:15:48.107951+00:00', '--job-id', '578', '--raw', '--subdir', 'DAGS_FOLDER/main.py', '--cfg-path', '/tmp/tmpnl20fel0']
[2023-01-07T05:18:55.665+0000] {standard_task_runner.py:83} INFO - Job 578: Subtask transaction.check_file_exists
[2023-01-07T05:18:57.384+0000] {task_command.py:376} INFO - Running <TaskInstance: dpt_cosmetic.transaction.check_file_exists manual__2023-01-07T05:15:48.107951+00:00 [running]> on host fdf4acf1d8ed
[2023-01-07T05:19:00.807+0000] {taskinstance.py:1592} INFO - Exporting the following env vars:
AIRFLOW_CTX_DAG_OWNER=***
AIRFLOW_CTX_DAG_ID=dpt_cosmetic
AIRFLOW_CTX_TASK_ID=transaction.check_file_exists
AIRFLOW_CTX_EXECUTION_DATE=2023-01-07T05:15:48.107951+00:00
AIRFLOW_CTX_TRY_NUMBER=1
AIRFLOW_CTX_DAG_RUN_ID=manual__2023-01-07T05:15:48.107951+00:00
[2023-01-07T05:19:00.883+0000] {subprocess.py:63} INFO - Tmp dir root location: 
 /tmp
[2023-01-07T05:19:00.888+0000] {subprocess.py:75} INFO - Running command: ['/bin/bash', '-c', 'sleep 1']
[2023-01-07T05:19:01.623+0000] {subprocess.py:86} INFO - Output:
[2023-01-07T05:19:02.992+0000] {subprocess.py:97} INFO - Command exited with return code 0
[2023-01-07T05:19:03.639+0000] {taskinstance.py:1406} INFO - Marking task as SUCCESS. dag_id=dpt_cosmetic, task_id=transaction.check_file_exists, execution_date=20230107T051548, start_date=20230107T051854, end_date=20230107T051903
[2023-01-07T05:19:04.072+0000] {local_task_job.py:164} INFO - Task exited with return code 0
[2023-01-07T05:19:04.686+0000] {local_task_job.py:273} INFO - 1 downstream tasks scheduled from follow-on schedule check
