[2022-12-31T23:10:21.616+0000] {taskinstance.py:1165} INFO - Dependencies all met for <TaskInstance: dpt_cosmetic.split_files_by_source manual__2022-12-31T23:10:15.229954+00:00 [queued]>
[2022-12-31T23:10:21.671+0000] {taskinstance.py:1165} INFO - Dependencies all met for <TaskInstance: dpt_cosmetic.split_files_by_source manual__2022-12-31T23:10:15.229954+00:00 [queued]>
[2022-12-31T23:10:21.673+0000] {taskinstance.py:1362} INFO - 
--------------------------------------------------------------------------------
[2022-12-31T23:10:21.674+0000] {taskinstance.py:1363} INFO - Starting attempt 1 of 1
[2022-12-31T23:10:21.676+0000] {taskinstance.py:1364} INFO - 
--------------------------------------------------------------------------------
[2022-12-31T23:10:21.756+0000] {taskinstance.py:1383} INFO - Executing <Task(BashOperator): split_files_by_source> on 2022-12-31 23:10:15.229954+00:00
[2022-12-31T23:10:21.775+0000] {standard_task_runner.py:55} INFO - Started process 110 to run task
[2022-12-31T23:10:21.792+0000] {standard_task_runner.py:82} INFO - Running: ['***', 'tasks', 'run', 'dpt_cosmetic', 'split_files_by_source', 'manual__2022-12-31T23:10:15.229954+00:00', '--job-id', '35', '--raw', '--subdir', 'DAGS_FOLDER/main.py', '--cfg-path', '/tmp/tmpjer44ik3']
[2022-12-31T23:10:21.795+0000] {standard_task_runner.py:83} INFO - Job 35: Subtask split_files_by_source
[2022-12-31T23:10:22.090+0000] {task_command.py:376} INFO - Running <TaskInstance: dpt_cosmetic.split_files_by_source manual__2022-12-31T23:10:15.229954+00:00 [running]> on host 6bd76effbc07
[2022-12-31T23:10:22.428+0000] {taskinstance.py:1592} INFO - Exporting the following env vars:
AIRFLOW_CTX_DAG_OWNER=***
AIRFLOW_CTX_DAG_ID=dpt_cosmetic
AIRFLOW_CTX_TASK_ID=split_files_by_source
AIRFLOW_CTX_EXECUTION_DATE=2022-12-31T23:10:15.229954+00:00
AIRFLOW_CTX_TRY_NUMBER=1
AIRFLOW_CTX_DAG_RUN_ID=manual__2022-12-31T23:10:15.229954+00:00
[2022-12-31T23:10:22.433+0000] {subprocess.py:63} INFO - Tmp dir root location: 
 /tmp
[2022-12-31T23:10:22.436+0000] {subprocess.py:75} INFO - Running command: ['/bin/bash', '-c', 'sleep 1']
[2022-12-31T23:10:22.471+0000] {subprocess.py:86} INFO - Output:
[2022-12-31T23:10:23.499+0000] {subprocess.py:97} INFO - Command exited with return code 0
[2022-12-31T23:10:23.656+0000] {taskinstance.py:1406} INFO - Marking task as SUCCESS. dag_id=dpt_cosmetic, task_id=split_files_by_source, execution_date=20221231T231015, start_date=20221231T231021, end_date=20221231T231023
[2022-12-31T23:10:23.775+0000] {local_task_job.py:164} INFO - Task exited with return code 0
[2022-12-31T23:10:23.955+0000] {local_task_job.py:273} INFO - 2 downstream tasks scheduled from follow-on schedule check
