[2023-01-06T02:20:41.424+0000] {taskinstance.py:1165} INFO - Dependencies all met for <TaskInstance: dpt_cosmetic.transaction_01.check_table manual__2023-01-06T02:20:33.099515+00:00 [queued]>
[2023-01-06T02:20:41.484+0000] {taskinstance.py:1165} INFO - Dependencies all met for <TaskInstance: dpt_cosmetic.transaction_01.check_table manual__2023-01-06T02:20:33.099515+00:00 [queued]>
[2023-01-06T02:20:41.486+0000] {taskinstance.py:1362} INFO - 
--------------------------------------------------------------------------------
[2023-01-06T02:20:41.487+0000] {taskinstance.py:1363} INFO - Starting attempt 1 of 1
[2023-01-06T02:20:41.489+0000] {taskinstance.py:1364} INFO - 
--------------------------------------------------------------------------------
[2023-01-06T02:20:41.599+0000] {taskinstance.py:1383} INFO - Executing <Task(BranchPythonOperator): transaction_01.check_table> on 2023-01-06 02:20:33.099515+00:00
[2023-01-06T02:20:41.619+0000] {standard_task_runner.py:55} INFO - Started process 229 to run task
[2023-01-06T02:20:41.637+0000] {standard_task_runner.py:82} INFO - Running: ['***', 'tasks', 'run', 'dpt_cosmetic', 'transaction_01.check_table', 'manual__2023-01-06T02:20:33.099515+00:00', '--job-id', '389', '--raw', '--subdir', 'DAGS_FOLDER/main.py', '--cfg-path', '/tmp/tmp5ortlubn']
[2023-01-06T02:20:41.651+0000] {standard_task_runner.py:83} INFO - Job 389: Subtask transaction_01.check_table
[2023-01-06T02:20:42.035+0000] {task_command.py:376} INFO - Running <TaskInstance: dpt_cosmetic.transaction_01.check_table manual__2023-01-06T02:20:33.099515+00:00 [running]> on host fdf4acf1d8ed
[2023-01-06T02:20:42.518+0000] {taskinstance.py:1592} INFO - Exporting the following env vars:
AIRFLOW_CTX_DAG_OWNER=***
AIRFLOW_CTX_DAG_ID=dpt_cosmetic
AIRFLOW_CTX_TASK_ID=transaction_01.check_table
AIRFLOW_CTX_EXECUTION_DATE=2023-01-06T02:20:33.099515+00:00
AIRFLOW_CTX_TRY_NUMBER=1
AIRFLOW_CTX_DAG_RUN_ID=manual__2023-01-06T02:20:33.099515+00:00
[2023-01-06T02:20:43.261+0000] {python.py:177} INFO - Done. Returned value was: transaction_01.insert_data
[2023-01-06T02:20:43.262+0000] {skipmixin.py:155} INFO - Following branch transaction_01.insert_data
[2023-01-06T02:20:43.266+0000] {skipmixin.py:190} INFO - Skipping tasks ['transaction_01.create_table']
[2023-01-06T02:20:43.433+0000] {taskinstance.py:1406} INFO - Marking task as SUCCESS. dag_id=dpt_cosmetic, task_id=transaction_01.check_table, execution_date=20230106T022033, start_date=20230106T022041, end_date=20230106T022043
[2023-01-06T02:20:43.539+0000] {local_task_job.py:164} INFO - Task exited with return code 0
[2023-01-06T02:20:43.840+0000] {local_task_job.py:273} INFO - 1 downstream tasks scheduled from follow-on schedule check
