[2023-01-01T01:37:16.707+0000] {taskinstance.py:1165} INFO - Dependencies all met for <TaskInstance: dpt_cosmetic.transaction.extract manual__2023-01-01T01:37:03.744646+00:00 [queued]>
[2023-01-01T01:37:16.754+0000] {taskinstance.py:1165} INFO - Dependencies all met for <TaskInstance: dpt_cosmetic.transaction.extract manual__2023-01-01T01:37:03.744646+00:00 [queued]>
[2023-01-01T01:37:16.756+0000] {taskinstance.py:1362} INFO - 
--------------------------------------------------------------------------------
[2023-01-01T01:37:16.758+0000] {taskinstance.py:1363} INFO - Starting attempt 1 of 1
[2023-01-01T01:37:16.760+0000] {taskinstance.py:1364} INFO - 
--------------------------------------------------------------------------------
[2023-01-01T01:37:16.868+0000] {taskinstance.py:1383} INFO - Executing <Task(ExtractOperator): transaction.extract> on 2023-01-01 01:37:03.744646+00:00
[2023-01-01T01:37:16.886+0000] {standard_task_runner.py:55} INFO - Started process 1109 to run task
[2023-01-01T01:37:16.903+0000] {standard_task_runner.py:82} INFO - Running: ['***', 'tasks', 'run', 'dpt_cosmetic', 'transaction.extract', 'manual__2023-01-01T01:37:03.744646+00:00', '--job-id', '158', '--raw', '--subdir', 'DAGS_FOLDER/main.py', '--cfg-path', '/tmp/tmpe9o8_ao6']
[2023-01-01T01:37:16.906+0000] {standard_task_runner.py:83} INFO - Job 158: Subtask transaction.extract
[2023-01-01T01:37:17.245+0000] {task_command.py:376} INFO - Running <TaskInstance: dpt_cosmetic.transaction.extract manual__2023-01-01T01:37:03.744646+00:00 [running]> on host 6bd76effbc07
[2023-01-01T01:37:17.715+0000] {taskinstance.py:1592} INFO - Exporting the following env vars:
AIRFLOW_CTX_DAG_OWNER=***
AIRFLOW_CTX_DAG_ID=dpt_cosmetic
AIRFLOW_CTX_TASK_ID=transaction.extract
AIRFLOW_CTX_EXECUTION_DATE=2023-01-01T01:37:03.744646+00:00
AIRFLOW_CTX_TRY_NUMBER=1
AIRFLOW_CTX_DAG_RUN_ID=manual__2023-01-01T01:37:03.744646+00:00
[2023-01-01T01:37:17.970+0000] {taskinstance.py:1406} INFO - Marking task as SUCCESS. dag_id=dpt_cosmetic, task_id=transaction.extract, execution_date=20230101T013703, start_date=20230101T013716, end_date=20230101T013717
[2023-01-01T01:37:18.088+0000] {local_task_job.py:164} INFO - Task exited with return code 0
[2023-01-01T01:37:18.283+0000] {local_task_job.py:273} INFO - 0 downstream tasks scheduled from follow-on schedule check
