[2023-01-01T01:16:54.426+0000] {taskinstance.py:1165} INFO - Dependencies all met for <TaskInstance: dpt_cosmetic.split_files_by_source manual__2023-01-01T01:16:47.891591+00:00 [queued]>
[2023-01-01T01:16:54.503+0000] {taskinstance.py:1165} INFO - Dependencies all met for <TaskInstance: dpt_cosmetic.split_files_by_source manual__2023-01-01T01:16:47.891591+00:00 [queued]>
[2023-01-01T01:16:54.505+0000] {taskinstance.py:1362} INFO - 
--------------------------------------------------------------------------------
[2023-01-01T01:16:54.507+0000] {taskinstance.py:1363} INFO - Starting attempt 1 of 1
[2023-01-01T01:16:54.509+0000] {taskinstance.py:1364} INFO - 
--------------------------------------------------------------------------------
[2023-01-01T01:16:54.639+0000] {taskinstance.py:1383} INFO - Executing <Task(BashOperator): split_files_by_source> on 2023-01-01 01:16:47.891591+00:00
[2023-01-01T01:16:54.661+0000] {standard_task_runner.py:55} INFO - Started process 871 to run task
[2023-01-01T01:16:54.677+0000] {standard_task_runner.py:82} INFO - Running: ['***', 'tasks', 'run', 'dpt_cosmetic', 'split_files_by_source', 'manual__2023-01-01T01:16:47.891591+00:00', '--job-id', '130', '--raw', '--subdir', 'DAGS_FOLDER/main.py', '--cfg-path', '/tmp/tmphp9nq3le']
[2023-01-01T01:16:54.681+0000] {standard_task_runner.py:83} INFO - Job 130: Subtask split_files_by_source
[2023-01-01T01:16:54.995+0000] {task_command.py:376} INFO - Running <TaskInstance: dpt_cosmetic.split_files_by_source manual__2023-01-01T01:16:47.891591+00:00 [running]> on host 6bd76effbc07
[2023-01-01T01:16:55.325+0000] {taskinstance.py:1592} INFO - Exporting the following env vars:
AIRFLOW_CTX_DAG_OWNER=***
AIRFLOW_CTX_DAG_ID=dpt_cosmetic
AIRFLOW_CTX_TASK_ID=split_files_by_source
AIRFLOW_CTX_EXECUTION_DATE=2023-01-01T01:16:47.891591+00:00
AIRFLOW_CTX_TRY_NUMBER=1
AIRFLOW_CTX_DAG_RUN_ID=manual__2023-01-01T01:16:47.891591+00:00
[2023-01-01T01:16:55.331+0000] {subprocess.py:63} INFO - Tmp dir root location: 
 /tmp
[2023-01-01T01:16:55.333+0000] {subprocess.py:75} INFO - Running command: ['/bin/bash', '-c', 'sleep 1']
[2023-01-01T01:16:55.370+0000] {subprocess.py:86} INFO - Output:
[2023-01-01T01:16:56.383+0000] {subprocess.py:97} INFO - Command exited with return code 0
[2023-01-01T01:16:56.495+0000] {taskinstance.py:1406} INFO - Marking task as SUCCESS. dag_id=dpt_cosmetic, task_id=split_files_by_source, execution_date=20230101T011647, start_date=20230101T011654, end_date=20230101T011656
[2023-01-01T01:16:56.579+0000] {local_task_job.py:164} INFO - Task exited with return code 0
[2023-01-01T01:16:56.687+0000] {local_task_job.py:273} INFO - 2 downstream tasks scheduled from follow-on schedule check
