[2022-12-31T23:36:15.902+0000] {taskinstance.py:1165} INFO - Dependencies all met for <TaskInstance: dpt_cosmetic.split_files_by_source manual__2022-12-31T23:36:10.300253+00:00 [queued]>
[2022-12-31T23:36:15.950+0000] {taskinstance.py:1165} INFO - Dependencies all met for <TaskInstance: dpt_cosmetic.split_files_by_source manual__2022-12-31T23:36:10.300253+00:00 [queued]>
[2022-12-31T23:36:15.952+0000] {taskinstance.py:1362} INFO - 
--------------------------------------------------------------------------------
[2022-12-31T23:36:15.954+0000] {taskinstance.py:1363} INFO - Starting attempt 1 of 1
[2022-12-31T23:36:15.955+0000] {taskinstance.py:1364} INFO - 
--------------------------------------------------------------------------------
[2022-12-31T23:36:16.032+0000] {taskinstance.py:1383} INFO - Executing <Task(BashOperator): split_files_by_source> on 2022-12-31 23:36:10.300253+00:00
[2022-12-31T23:36:16.048+0000] {standard_task_runner.py:55} INFO - Started process 385 to run task
[2022-12-31T23:36:16.062+0000] {standard_task_runner.py:82} INFO - Running: ['***', 'tasks', 'run', 'dpt_cosmetic', 'split_files_by_source', 'manual__2022-12-31T23:36:10.300253+00:00', '--job-id', '68', '--raw', '--subdir', 'DAGS_FOLDER/main.py', '--cfg-path', '/tmp/tmpkxhsp32y']
[2022-12-31T23:36:16.065+0000] {standard_task_runner.py:83} INFO - Job 68: Subtask split_files_by_source
[2022-12-31T23:36:16.332+0000] {task_command.py:376} INFO - Running <TaskInstance: dpt_cosmetic.split_files_by_source manual__2022-12-31T23:36:10.300253+00:00 [running]> on host 6bd76effbc07
[2022-12-31T23:36:16.691+0000] {taskinstance.py:1592} INFO - Exporting the following env vars:
AIRFLOW_CTX_DAG_OWNER=***
AIRFLOW_CTX_DAG_ID=dpt_cosmetic
AIRFLOW_CTX_TASK_ID=split_files_by_source
AIRFLOW_CTX_EXECUTION_DATE=2022-12-31T23:36:10.300253+00:00
AIRFLOW_CTX_TRY_NUMBER=1
AIRFLOW_CTX_DAG_RUN_ID=manual__2022-12-31T23:36:10.300253+00:00
[2022-12-31T23:36:16.696+0000] {subprocess.py:63} INFO - Tmp dir root location: 
 /tmp
[2022-12-31T23:36:16.699+0000] {subprocess.py:75} INFO - Running command: ['/bin/bash', '-c', 'sleep 1']
[2022-12-31T23:36:16.735+0000] {subprocess.py:86} INFO - Output:
[2022-12-31T23:36:17.752+0000] {subprocess.py:97} INFO - Command exited with return code 0
[2022-12-31T23:36:18.034+0000] {taskinstance.py:1406} INFO - Marking task as SUCCESS. dag_id=dpt_cosmetic, task_id=split_files_by_source, execution_date=20221231T233610, start_date=20221231T233615, end_date=20221231T233618
[2022-12-31T23:36:18.171+0000] {local_task_job.py:164} INFO - Task exited with return code 0
[2022-12-31T23:36:18.318+0000] {local_task_job.py:273} INFO - 2 downstream tasks scheduled from follow-on schedule check
