[2023-01-06T20:32:25.964+0000] {taskinstance.py:1165} INFO - Dependencies all met for <TaskInstance: dpt_cosmetic.transaction.transform manual__2023-01-06T20:32:08.611424+00:00 [queued]>
[2023-01-06T20:32:26.017+0000] {taskinstance.py:1165} INFO - Dependencies all met for <TaskInstance: dpt_cosmetic.transaction.transform manual__2023-01-06T20:32:08.611424+00:00 [queued]>
[2023-01-06T20:32:26.019+0000] {taskinstance.py:1362} INFO - 
--------------------------------------------------------------------------------
[2023-01-06T20:32:26.022+0000] {taskinstance.py:1363} INFO - Starting attempt 1 of 1
[2023-01-06T20:32:26.026+0000] {taskinstance.py:1364} INFO - 
--------------------------------------------------------------------------------
[2023-01-06T20:32:26.117+0000] {taskinstance.py:1383} INFO - Executing <Task(BashOperator): transaction.transform> on 2023-01-06 20:32:08.611424+00:00
[2023-01-06T20:32:26.136+0000] {standard_task_runner.py:55} INFO - Started process 408 to run task
[2023-01-06T20:32:26.156+0000] {standard_task_runner.py:82} INFO - Running: ['***', 'tasks', 'run', 'dpt_cosmetic', 'transaction.transform', 'manual__2023-01-06T20:32:08.611424+00:00', '--job-id', '444', '--raw', '--subdir', 'DAGS_FOLDER/main.py', '--cfg-path', '/tmp/tmp_9qu9xjd']
[2023-01-06T20:32:26.158+0000] {standard_task_runner.py:83} INFO - Job 444: Subtask transaction.transform
[2023-01-06T20:32:26.749+0000] {task_command.py:376} INFO - Running <TaskInstance: dpt_cosmetic.transaction.transform manual__2023-01-06T20:32:08.611424+00:00 [running]> on host fdf4acf1d8ed
[2023-01-06T20:32:27.226+0000] {taskinstance.py:1592} INFO - Exporting the following env vars:
AIRFLOW_CTX_DAG_OWNER=***
AIRFLOW_CTX_DAG_ID=dpt_cosmetic
AIRFLOW_CTX_TASK_ID=transaction.transform
AIRFLOW_CTX_EXECUTION_DATE=2023-01-06T20:32:08.611424+00:00
AIRFLOW_CTX_TRY_NUMBER=1
AIRFLOW_CTX_DAG_RUN_ID=manual__2023-01-06T20:32:08.611424+00:00
[2023-01-06T20:32:27.232+0000] {subprocess.py:63} INFO - Tmp dir root location: 
 /tmp
[2023-01-06T20:32:27.235+0000] {subprocess.py:75} INFO - Running command: ['/bin/bash', '-c', 'sleep 1']
[2023-01-06T20:32:27.273+0000] {subprocess.py:86} INFO - Output:
[2023-01-06T20:32:28.287+0000] {subprocess.py:97} INFO - Command exited with return code 0
[2023-01-06T20:32:28.421+0000] {taskinstance.py:1406} INFO - Marking task as SUCCESS. dag_id=dpt_cosmetic, task_id=transaction.transform, execution_date=20230106T203208, start_date=20230106T203225, end_date=20230106T203228
[2023-01-06T20:32:28.526+0000] {local_task_job.py:164} INFO - Task exited with return code 0
[2023-01-06T20:32:28.979+0000] {local_task_job.py:273} INFO - 1 downstream tasks scheduled from follow-on schedule check
