[2023-01-06T02:03:45.132+0000] {taskinstance.py:1165} INFO - Dependencies all met for <TaskInstance: dpt_cosmetic.transaction_01.check_table manual__2023-01-06T02:03:41.908107+00:00 [queued]>
[2023-01-06T02:03:45.146+0000] {taskinstance.py:1165} INFO - Dependencies all met for <TaskInstance: dpt_cosmetic.transaction_01.check_table manual__2023-01-06T02:03:41.908107+00:00 [queued]>
[2023-01-06T02:03:45.147+0000] {taskinstance.py:1362} INFO - 
--------------------------------------------------------------------------------
[2023-01-06T02:03:45.148+0000] {taskinstance.py:1363} INFO - Starting attempt 1 of 1
[2023-01-06T02:03:45.148+0000] {taskinstance.py:1364} INFO - 
--------------------------------------------------------------------------------
[2023-01-06T02:03:45.184+0000] {taskinstance.py:1383} INFO - Executing <Task(BranchPythonOperator): transaction_01.check_table> on 2023-01-06 02:03:41.908107+00:00
[2023-01-06T02:03:45.192+0000] {standard_task_runner.py:55} INFO - Started process 181 to run task
[2023-01-06T02:03:45.199+0000] {standard_task_runner.py:82} INFO - Running: ['***', 'tasks', 'run', 'dpt_cosmetic', 'transaction_01.check_table', 'manual__2023-01-06T02:03:41.908107+00:00', '--job-id', '373', '--raw', '--subdir', 'DAGS_FOLDER/main.py', '--cfg-path', '/tmp/tmp7mky0k6n']
[2023-01-06T02:03:45.202+0000] {standard_task_runner.py:83} INFO - Job 373: Subtask transaction_01.check_table
[2023-01-06T02:03:45.316+0000] {task_command.py:376} INFO - Running <TaskInstance: dpt_cosmetic.transaction_01.check_table manual__2023-01-06T02:03:41.908107+00:00 [running]> on host fdf4acf1d8ed
[2023-01-06T02:03:45.427+0000] {taskinstance.py:1592} INFO - Exporting the following env vars:
AIRFLOW_CTX_DAG_OWNER=***
AIRFLOW_CTX_DAG_ID=dpt_cosmetic
AIRFLOW_CTX_TASK_ID=transaction_01.check_table
AIRFLOW_CTX_EXECUTION_DATE=2023-01-06T02:03:41.908107+00:00
AIRFLOW_CTX_TRY_NUMBER=1
AIRFLOW_CTX_DAG_RUN_ID=manual__2023-01-06T02:03:41.908107+00:00
[2023-01-06T02:03:45.962+0000] {python.py:177} INFO - Done. Returned value was: transaction_01.insert_data
[2023-01-06T02:03:45.964+0000] {skipmixin.py:155} INFO - Following branch transaction_01.insert_data
[2023-01-06T02:03:45.966+0000] {skipmixin.py:190} INFO - Skipping tasks ['transaction_01.create_table']
[2023-01-06T02:03:46.051+0000] {taskinstance.py:1406} INFO - Marking task as SUCCESS. dag_id=dpt_cosmetic, task_id=transaction_01.check_table, execution_date=20230106T020341, start_date=20230106T020345, end_date=20230106T020346
[2023-01-06T02:03:46.092+0000] {local_task_job.py:164} INFO - Task exited with return code 0
[2023-01-06T02:03:46.182+0000] {local_task_job.py:273} INFO - 0 downstream tasks scheduled from follow-on schedule check
