[2023-01-02T15:49:13.741+0000] {taskinstance.py:1165} INFO - Dependencies all met for <TaskInstance: dpt_cosmetic.split_files_by_source manual__2023-01-02T15:49:07.908072+00:00 [queued]>
[2023-01-02T15:49:13.786+0000] {taskinstance.py:1165} INFO - Dependencies all met for <TaskInstance: dpt_cosmetic.split_files_by_source manual__2023-01-02T15:49:07.908072+00:00 [queued]>
[2023-01-02T15:49:13.788+0000] {taskinstance.py:1362} INFO - 
--------------------------------------------------------------------------------
[2023-01-02T15:49:13.789+0000] {taskinstance.py:1363} INFO - Starting attempt 1 of 1
[2023-01-02T15:49:13.791+0000] {taskinstance.py:1364} INFO - 
--------------------------------------------------------------------------------
[2023-01-02T15:49:13.867+0000] {taskinstance.py:1383} INFO - Executing <Task(BashOperator): split_files_by_source> on 2023-01-02 15:49:07.908072+00:00
[2023-01-02T15:49:13.882+0000] {standard_task_runner.py:55} INFO - Started process 124 to run task
[2023-01-02T15:49:13.896+0000] {standard_task_runner.py:82} INFO - Running: ['***', 'tasks', 'run', 'dpt_cosmetic', 'split_files_by_source', 'manual__2023-01-02T15:49:07.908072+00:00', '--job-id', '214', '--raw', '--subdir', 'DAGS_FOLDER/main.py', '--cfg-path', '/tmp/tmpuyyp5g14']
[2023-01-02T15:49:13.900+0000] {standard_task_runner.py:83} INFO - Job 214: Subtask split_files_by_source
[2023-01-02T15:49:14.178+0000] {task_command.py:376} INFO - Running <TaskInstance: dpt_cosmetic.split_files_by_source manual__2023-01-02T15:49:07.908072+00:00 [running]> on host 703acec1b71e
[2023-01-02T15:49:14.501+0000] {taskinstance.py:1592} INFO - Exporting the following env vars:
AIRFLOW_CTX_DAG_OWNER=***
AIRFLOW_CTX_DAG_ID=dpt_cosmetic
AIRFLOW_CTX_TASK_ID=split_files_by_source
AIRFLOW_CTX_EXECUTION_DATE=2023-01-02T15:49:07.908072+00:00
AIRFLOW_CTX_TRY_NUMBER=1
AIRFLOW_CTX_DAG_RUN_ID=manual__2023-01-02T15:49:07.908072+00:00
[2023-01-02T15:49:14.506+0000] {subprocess.py:63} INFO - Tmp dir root location: 
 /tmp
[2023-01-02T15:49:14.509+0000] {subprocess.py:75} INFO - Running command: ['/bin/bash', '-c', 'sleep 1']
[2023-01-02T15:49:14.547+0000] {subprocess.py:86} INFO - Output:
[2023-01-02T15:49:15.575+0000] {subprocess.py:97} INFO - Command exited with return code 0
[2023-01-02T15:49:15.738+0000] {taskinstance.py:1406} INFO - Marking task as SUCCESS. dag_id=dpt_cosmetic, task_id=split_files_by_source, execution_date=20230102T154907, start_date=20230102T154913, end_date=20230102T154915
[2023-01-02T15:49:15.841+0000] {local_task_job.py:164} INFO - Task exited with return code 0
[2023-01-02T15:49:15.965+0000] {local_task_job.py:273} INFO - 2 downstream tasks scheduled from follow-on schedule check
