[2023-01-02T16:37:16.772+0000] {taskinstance.py:1165} INFO - Dependencies all met for <TaskInstance: dpt_cosmetic.split_files_by_source manual__2023-01-02T16:37:08.413817+00:00 [queued]>
[2023-01-02T16:37:16.833+0000] {taskinstance.py:1165} INFO - Dependencies all met for <TaskInstance: dpt_cosmetic.split_files_by_source manual__2023-01-02T16:37:08.413817+00:00 [queued]>
[2023-01-02T16:37:16.834+0000] {taskinstance.py:1362} INFO - 
--------------------------------------------------------------------------------
[2023-01-02T16:37:16.836+0000] {taskinstance.py:1363} INFO - Starting attempt 1 of 1
[2023-01-02T16:37:16.837+0000] {taskinstance.py:1364} INFO - 
--------------------------------------------------------------------------------
[2023-01-02T16:37:16.930+0000] {taskinstance.py:1383} INFO - Executing <Task(BashOperator): split_files_by_source> on 2023-01-02 16:37:08.413817+00:00
[2023-01-02T16:37:16.946+0000] {standard_task_runner.py:55} INFO - Started process 248 to run task
[2023-01-02T16:37:16.961+0000] {standard_task_runner.py:82} INFO - Running: ['***', 'tasks', 'run', 'dpt_cosmetic', 'split_files_by_source', 'manual__2023-01-02T16:37:08.413817+00:00', '--job-id', '230', '--raw', '--subdir', 'DAGS_FOLDER/main.py', '--cfg-path', '/tmp/tmpatrhs0gu']
[2023-01-02T16:37:16.965+0000] {standard_task_runner.py:83} INFO - Job 230: Subtask split_files_by_source
[2023-01-02T16:37:18.077+0000] {task_command.py:376} INFO - Running <TaskInstance: dpt_cosmetic.split_files_by_source manual__2023-01-02T16:37:08.413817+00:00 [running]> on host 703acec1b71e
[2023-01-02T16:37:18.463+0000] {taskinstance.py:1592} INFO - Exporting the following env vars:
AIRFLOW_CTX_DAG_OWNER=***
AIRFLOW_CTX_DAG_ID=dpt_cosmetic
AIRFLOW_CTX_TASK_ID=split_files_by_source
AIRFLOW_CTX_EXECUTION_DATE=2023-01-02T16:37:08.413817+00:00
AIRFLOW_CTX_TRY_NUMBER=1
AIRFLOW_CTX_DAG_RUN_ID=manual__2023-01-02T16:37:08.413817+00:00
[2023-01-02T16:37:18.487+0000] {subprocess.py:63} INFO - Tmp dir root location: 
 /tmp
[2023-01-02T16:37:18.489+0000] {subprocess.py:75} INFO - Running command: ['/bin/bash', '-c', 'sleep 1']
[2023-01-02T16:37:18.529+0000] {subprocess.py:86} INFO - Output:
[2023-01-02T16:37:19.558+0000] {subprocess.py:97} INFO - Command exited with return code 0
[2023-01-02T16:37:19.702+0000] {taskinstance.py:1406} INFO - Marking task as SUCCESS. dag_id=dpt_cosmetic, task_id=split_files_by_source, execution_date=20230102T163708, start_date=20230102T163716, end_date=20230102T163719
[2023-01-02T16:37:19.873+0000] {local_task_job.py:164} INFO - Task exited with return code 0
[2023-01-02T16:37:20.756+0000] {local_task_job.py:273} INFO - 2 downstream tasks scheduled from follow-on schedule check
