[2023-01-01T13:47:10.980+0000] {taskinstance.py:1165} INFO - Dependencies all met for <TaskInstance: dpt_cosmetic.user.transform manual__2023-01-01T13:46:59.292514+00:00 [queued]>
[2023-01-01T13:47:11.035+0000] {taskinstance.py:1165} INFO - Dependencies all met for <TaskInstance: dpt_cosmetic.user.transform manual__2023-01-01T13:46:59.292514+00:00 [queued]>
[2023-01-01T13:47:11.037+0000] {taskinstance.py:1362} INFO - 
--------------------------------------------------------------------------------
[2023-01-01T13:47:11.039+0000] {taskinstance.py:1363} INFO - Starting attempt 1 of 1
[2023-01-01T13:47:11.040+0000] {taskinstance.py:1364} INFO - 
--------------------------------------------------------------------------------
[2023-01-01T13:47:11.127+0000] {taskinstance.py:1383} INFO - Executing <Task(Operator): user.transform> on 2023-01-01 13:46:59.292514+00:00
[2023-01-01T13:47:11.145+0000] {standard_task_runner.py:55} INFO - Started process 273 to run task
[2023-01-01T13:47:11.160+0000] {standard_task_runner.py:82} INFO - Running: ['***', 'tasks', 'run', 'dpt_cosmetic', 'user.transform', 'manual__2023-01-01T13:46:59.292514+00:00', '--job-id', '187', '--raw', '--subdir', 'DAGS_FOLDER/main.py', '--cfg-path', '/tmp/tmpreq7sh01']
[2023-01-01T13:47:11.163+0000] {standard_task_runner.py:83} INFO - Job 187: Subtask user.transform
[2023-01-01T13:47:11.479+0000] {task_command.py:376} INFO - Running <TaskInstance: dpt_cosmetic.user.transform manual__2023-01-01T13:46:59.292514+00:00 [running]> on host 6bd76effbc07
[2023-01-01T13:47:11.825+0000] {taskinstance.py:1592} INFO - Exporting the following env vars:
AIRFLOW_CTX_DAG_OWNER=***
AIRFLOW_CTX_DAG_ID=dpt_cosmetic
AIRFLOW_CTX_TASK_ID=user.transform
AIRFLOW_CTX_EXECUTION_DATE=2023-01-01T13:46:59.292514+00:00
AIRFLOW_CTX_TRY_NUMBER=1
AIRFLOW_CTX_DAG_RUN_ID=manual__2023-01-01T13:46:59.292514+00:00
[2023-01-01T13:47:12.542+0000] {logging_mixin.py:120} INFO -                         _id user_id  ...       register_date            last_updated
0  63b183bd6aafcb71bc80430e   u1001  ... 2019-02-13 18:39:00 2023-01-01 21:59:41.742
1  63b183bd6aafcb71bc80430f   u1002  ... 2019-02-09 15:26:00 2023-01-01 21:59:41.748

[2 rows x 10 columns]
[2023-01-01T13:47:12.614+0000] {taskinstance.py:1406} INFO - Marking task as SUCCESS. dag_id=dpt_cosmetic, task_id=user.transform, execution_date=20230101T134659, start_date=20230101T134710, end_date=20230101T134712
[2023-01-01T13:47:12.783+0000] {local_task_job.py:164} INFO - Task exited with return code 0
[2023-01-01T13:47:13.116+0000] {local_task_job.py:273} INFO - 0 downstream tasks scheduled from follow-on schedule check
