[2023-01-01T01:20:12.127+0000] {taskinstance.py:1165} INFO - Dependencies all met for <TaskInstance: dpt_cosmetic.user.extract manual__2023-01-01T01:19:58.295296+00:00 [queued]>
[2023-01-01T01:20:12.183+0000] {taskinstance.py:1165} INFO - Dependencies all met for <TaskInstance: dpt_cosmetic.user.extract manual__2023-01-01T01:19:58.295296+00:00 [queued]>
[2023-01-01T01:20:12.185+0000] {taskinstance.py:1362} INFO - 
--------------------------------------------------------------------------------
[2023-01-01T01:20:12.186+0000] {taskinstance.py:1363} INFO - Starting attempt 1 of 1
[2023-01-01T01:20:12.187+0000] {taskinstance.py:1364} INFO - 
--------------------------------------------------------------------------------
[2023-01-01T01:20:12.273+0000] {taskinstance.py:1383} INFO - Executing <Task(ExtractOperator): user.extract> on 2023-01-01 01:19:58.295296+00:00
[2023-01-01T01:20:12.290+0000] {standard_task_runner.py:55} INFO - Started process 908 to run task
[2023-01-01T01:20:12.305+0000] {standard_task_runner.py:82} INFO - Running: ['***', 'tasks', 'run', 'dpt_cosmetic', 'user.extract', 'manual__2023-01-01T01:19:58.295296+00:00', '--job-id', '134', '--raw', '--subdir', 'DAGS_FOLDER/main.py', '--cfg-path', '/tmp/tmp20vwzfd8']
[2023-01-01T01:20:12.308+0000] {standard_task_runner.py:83} INFO - Job 134: Subtask user.extract
[2023-01-01T01:20:12.599+0000] {task_command.py:376} INFO - Running <TaskInstance: dpt_cosmetic.user.extract manual__2023-01-01T01:19:58.295296+00:00 [running]> on host 6bd76effbc07
[2023-01-01T01:20:12.988+0000] {taskinstance.py:1592} INFO - Exporting the following env vars:
AIRFLOW_CTX_DAG_OWNER=***
AIRFLOW_CTX_DAG_ID=dpt_cosmetic
AIRFLOW_CTX_TASK_ID=user.extract
AIRFLOW_CTX_EXECUTION_DATE=2023-01-01T01:19:58.295296+00:00
AIRFLOW_CTX_TRY_NUMBER=1
AIRFLOW_CTX_DAG_RUN_ID=manual__2023-01-01T01:19:58.295296+00:00
[2023-01-01T01:20:13.034+0000] {taskinstance.py:1851} ERROR - Task failed with exception
Traceback (most recent call last):
  File "/opt/airflow/dags/utilties/extract_operator.py", line 22, in execute
    csv_writer=open("/opt/airflow/storage/{}.csv".format(self.db_collection,'w'))
FileNotFoundError: [Errno 2] No such file or directory: '/opt/airflow/storage/user.csv'
[2023-01-01T01:20:13.095+0000] {taskinstance.py:1406} INFO - Marking task as FAILED. dag_id=dpt_cosmetic, task_id=user.extract, execution_date=20230101T011958, start_date=20230101T012012, end_date=20230101T012013
[2023-01-01T01:20:13.152+0000] {standard_task_runner.py:105} ERROR - Failed to execute job 134 for task user.extract ([Errno 2] No such file or directory: '/opt/airflow/storage/user.csv'; 908)
[2023-01-01T01:20:13.200+0000] {local_task_job.py:164} INFO - Task exited with return code 1
[2023-01-01T01:20:13.310+0000] {local_task_job.py:273} INFO - 0 downstream tasks scheduled from follow-on schedule check
