[2023-01-06T20:28:59.894+0000] {taskinstance.py:1165} INFO - Dependencies all met for <TaskInstance: dpt_cosmetic.user.load_to_google_storage manual__2023-01-06T20:28:18.043985+00:00 [queued]>
[2023-01-06T20:28:59.954+0000] {taskinstance.py:1165} INFO - Dependencies all met for <TaskInstance: dpt_cosmetic.user.load_to_google_storage manual__2023-01-06T20:28:18.043985+00:00 [queued]>
[2023-01-06T20:28:59.956+0000] {taskinstance.py:1362} INFO - 
--------------------------------------------------------------------------------
[2023-01-06T20:28:59.958+0000] {taskinstance.py:1363} INFO - Starting attempt 1 of 1
[2023-01-06T20:28:59.960+0000] {taskinstance.py:1364} INFO - 
--------------------------------------------------------------------------------
[2023-01-06T20:29:00.058+0000] {taskinstance.py:1383} INFO - Executing <Task(BashOperator): user.load_to_google_storage> on 2023-01-06 20:28:18.043985+00:00
[2023-01-06T20:29:00.078+0000] {standard_task_runner.py:55} INFO - Started process 183 to run task
[2023-01-06T20:29:00.093+0000] {standard_task_runner.py:82} INFO - Running: ['***', 'tasks', 'run', 'dpt_cosmetic', 'user.load_to_google_storage', 'manual__2023-01-06T20:28:18.043985+00:00', '--job-id', '411', '--raw', '--subdir', 'DAGS_FOLDER/main.py', '--cfg-path', '/tmp/tmp9vtj3u50']
[2023-01-06T20:29:00.096+0000] {standard_task_runner.py:83} INFO - Job 411: Subtask user.load_to_google_storage
[2023-01-06T20:29:00.359+0000] {task_command.py:376} INFO - Running <TaskInstance: dpt_cosmetic.user.load_to_google_storage manual__2023-01-06T20:28:18.043985+00:00 [running]> on host fdf4acf1d8ed
[2023-01-06T20:29:00.709+0000] {taskinstance.py:1592} INFO - Exporting the following env vars:
AIRFLOW_CTX_DAG_OWNER=***
AIRFLOW_CTX_DAG_ID=dpt_cosmetic
AIRFLOW_CTX_TASK_ID=user.load_to_google_storage
AIRFLOW_CTX_EXECUTION_DATE=2023-01-06T20:28:18.043985+00:00
AIRFLOW_CTX_TRY_NUMBER=1
AIRFLOW_CTX_DAG_RUN_ID=manual__2023-01-06T20:28:18.043985+00:00
[2023-01-06T20:29:00.715+0000] {subprocess.py:63} INFO - Tmp dir root location: 
 /tmp
[2023-01-06T20:29:00.718+0000] {subprocess.py:75} INFO - Running command: ['/bin/bash', '-c', 'sleep 1']
[2023-01-06T20:29:00.753+0000] {subprocess.py:86} INFO - Output:
[2023-01-06T20:29:01.766+0000] {subprocess.py:97} INFO - Command exited with return code 0
[2023-01-06T20:29:01.889+0000] {taskinstance.py:1406} INFO - Marking task as SUCCESS. dag_id=dpt_cosmetic, task_id=user.load_to_google_storage, execution_date=20230106T202818, start_date=20230106T202859, end_date=20230106T202901
[2023-01-06T20:29:02.076+0000] {local_task_job.py:164} INFO - Task exited with return code 0
[2023-01-06T20:29:02.271+0000] {local_task_job.py:273} INFO - 1 downstream tasks scheduled from follow-on schedule check
