[2023-01-07T04:55:18.044+0000] {taskinstance.py:1165} INFO - Dependencies all met for <TaskInstance: bq_process.view_stats.check_table manual__2023-01-07T04:55:08.833899+00:00 [queued]>
[2023-01-07T04:55:18.190+0000] {taskinstance.py:1165} INFO - Dependencies all met for <TaskInstance: bq_process.view_stats.check_table manual__2023-01-07T04:55:08.833899+00:00 [queued]>
[2023-01-07T04:55:18.193+0000] {taskinstance.py:1362} INFO - 
--------------------------------------------------------------------------------
[2023-01-07T04:55:18.195+0000] {taskinstance.py:1363} INFO - Starting attempt 1 of 1
[2023-01-07T04:55:18.197+0000] {taskinstance.py:1364} INFO - 
--------------------------------------------------------------------------------
[2023-01-07T04:55:18.364+0000] {taskinstance.py:1383} INFO - Executing <Task(BranchPythonOperator): view_stats.check_table> on 2023-01-07 04:55:08.833899+00:00
[2023-01-07T04:55:18.437+0000] {standard_task_runner.py:55} INFO - Started process 295 to run task
[2023-01-07T04:55:18.475+0000] {standard_task_runner.py:82} INFO - Running: ['***', 'tasks', 'run', 'bq_process', 'view_stats.check_table', 'manual__2023-01-07T04:55:08.833899+00:00', '--job-id', '527', '--raw', '--subdir', 'DAGS_FOLDER/bigquery_dag.py', '--cfg-path', '/tmp/tmp5mvk6rxv']
[2023-01-07T04:55:18.485+0000] {standard_task_runner.py:83} INFO - Job 527: Subtask view_stats.check_table
[2023-01-07T04:55:19.092+0000] {task_command.py:376} INFO - Running <TaskInstance: bq_process.view_stats.check_table manual__2023-01-07T04:55:08.833899+00:00 [running]> on host fdf4acf1d8ed
[2023-01-07T04:55:19.609+0000] {taskinstance.py:1592} INFO - Exporting the following env vars:
AIRFLOW_CTX_DAG_OWNER=***
AIRFLOW_CTX_DAG_ID=bq_process
AIRFLOW_CTX_TASK_ID=view_stats.check_table
AIRFLOW_CTX_EXECUTION_DATE=2023-01-07T04:55:08.833899+00:00
AIRFLOW_CTX_TRY_NUMBER=1
AIRFLOW_CTX_DAG_RUN_ID=manual__2023-01-07T04:55:08.833899+00:00
[2023-01-07T04:55:20.396+0000] {python.py:177} INFO - Done. Returned value was: view_stats.create_table
[2023-01-07T04:55:20.398+0000] {skipmixin.py:155} INFO - Following branch view_stats.create_table
[2023-01-07T04:55:20.401+0000] {skipmixin.py:190} INFO - Skipping tasks []
[2023-01-07T04:55:20.704+0000] {taskinstance.py:1406} INFO - Marking task as SUCCESS. dag_id=bq_process, task_id=view_stats.check_table, execution_date=20230107T045508, start_date=20230107T045518, end_date=20230107T045520
[2023-01-07T04:55:20.796+0000] {local_task_job.py:164} INFO - Task exited with return code 0
[2023-01-07T04:55:21.293+0000] {local_task_job.py:273} INFO - 1 downstream tasks scheduled from follow-on schedule check
