[2023-01-07T01:57:56.571+0000] {taskinstance.py:1165} INFO - Dependencies all met for <TaskInstance: dpt_cosmetic.product.load_to_google_storage scheduled__2023-01-06T00:00:00+00:00 [queued]>
[2023-01-07T01:57:56.648+0000] {taskinstance.py:1165} INFO - Dependencies all met for <TaskInstance: dpt_cosmetic.product.load_to_google_storage scheduled__2023-01-06T00:00:00+00:00 [queued]>
[2023-01-07T01:57:56.660+0000] {taskinstance.py:1362} INFO - 
--------------------------------------------------------------------------------
[2023-01-07T01:57:56.662+0000] {taskinstance.py:1363} INFO - Starting attempt 1 of 1
[2023-01-07T01:57:56.663+0000] {taskinstance.py:1364} INFO - 
--------------------------------------------------------------------------------
[2023-01-07T01:57:56.764+0000] {taskinstance.py:1383} INFO - Executing <Task(BashOperator): product.load_to_google_storage> on 2023-01-06 00:00:00+00:00
[2023-01-07T01:57:56.782+0000] {standard_task_runner.py:55} INFO - Started process 212 to run task
[2023-01-07T01:57:56.798+0000] {standard_task_runner.py:82} INFO - Running: ['***', 'tasks', 'run', 'dpt_cosmetic', 'product.load_to_google_storage', 'scheduled__2023-01-06T00:00:00+00:00', '--job-id', '500', '--raw', '--subdir', 'DAGS_FOLDER/main.py', '--cfg-path', '/tmp/tmpy2xiicf8']
[2023-01-07T01:57:56.811+0000] {standard_task_runner.py:83} INFO - Job 500: Subtask product.load_to_google_storage
[2023-01-07T01:57:56.874+0000] {warnings.py:110} WARNING - /home/***/.local/lib/python3.7/site-packages/***/configuration.py:545: DeprecationWarning: The sql_alchemy_conn option in [core] has been moved to the sql_alchemy_conn option in [database] - the old setting has been used, but please update your config.
  option = self._get_environment_variables(deprecated_key, deprecated_section, key, section)

[2023-01-07T01:57:57.187+0000] {task_command.py:376} INFO - Running <TaskInstance: dpt_cosmetic.product.load_to_google_storage scheduled__2023-01-06T00:00:00+00:00 [running]> on host fdf4acf1d8ed
[2023-01-07T01:57:57.862+0000] {taskinstance.py:1592} INFO - Exporting the following env vars:
AIRFLOW_CTX_DAG_OWNER=***
AIRFLOW_CTX_DAG_ID=dpt_cosmetic
AIRFLOW_CTX_TASK_ID=product.load_to_google_storage
AIRFLOW_CTX_EXECUTION_DATE=2023-01-06T00:00:00+00:00
AIRFLOW_CTX_TRY_NUMBER=1
AIRFLOW_CTX_DAG_RUN_ID=scheduled__2023-01-06T00:00:00+00:00
[2023-01-07T01:57:57.870+0000] {subprocess.py:63} INFO - Tmp dir root location: 
 /tmp
[2023-01-07T01:57:57.874+0000] {subprocess.py:75} INFO - Running command: ['/bin/bash', '-c', 'sleep 1']
[2023-01-07T01:57:57.939+0000] {subprocess.py:86} INFO - Output:
[2023-01-07T01:57:58.963+0000] {subprocess.py:97} INFO - Command exited with return code 0
[2023-01-07T01:57:59.098+0000] {taskinstance.py:1406} INFO - Marking task as SUCCESS. dag_id=dpt_cosmetic, task_id=product.load_to_google_storage, execution_date=20230106T000000, start_date=20230107T015756, end_date=20230107T015759
[2023-01-07T01:57:59.202+0000] {local_task_job.py:164} INFO - Task exited with return code 0
[2023-01-07T01:57:59.486+0000] {local_task_job.py:273} INFO - 0 downstream tasks scheduled from follow-on schedule check
[2023-01-07T05:19:32.343+0000] {taskinstance.py:1165} INFO - Dependencies all met for <TaskInstance: dpt_cosmetic.product.load_to_google_storage scheduled__2023-01-06T00:00:00+00:00 [queued]>
[2023-01-07T05:19:32.642+0000] {taskinstance.py:1165} INFO - Dependencies all met for <TaskInstance: dpt_cosmetic.product.load_to_google_storage scheduled__2023-01-06T00:00:00+00:00 [queued]>
[2023-01-07T05:19:32.665+0000] {taskinstance.py:1362} INFO - 
--------------------------------------------------------------------------------
[2023-01-07T05:19:32.672+0000] {taskinstance.py:1363} INFO - Starting attempt 1 of 1
[2023-01-07T05:19:32.679+0000] {taskinstance.py:1364} INFO - 
--------------------------------------------------------------------------------
[2023-01-07T05:19:33.616+0000] {taskinstance.py:1383} INFO - Executing <Task(BashOperator): product.load_to_google_storage> on 2023-01-06 00:00:00+00:00
[2023-01-07T05:19:33.849+0000] {standard_task_runner.py:55} INFO - Started process 546 to run task
[2023-01-07T05:19:33.998+0000] {standard_task_runner.py:82} INFO - Running: ['***', 'tasks', 'run', 'dpt_cosmetic', 'product.load_to_google_storage', 'scheduled__2023-01-06T00:00:00+00:00', '--job-id', '590', '--raw', '--subdir', 'DAGS_FOLDER/main.py', '--cfg-path', '/tmp/tmp4ivlih1q']
[2023-01-07T05:19:34.055+0000] {standard_task_runner.py:83} INFO - Job 590: Subtask product.load_to_google_storage
[2023-01-07T05:19:34.452+0000] {warnings.py:110} WARNING - /home/***/.local/lib/python3.7/site-packages/***/configuration.py:545: DeprecationWarning: The sql_alchemy_conn option in [core] has been moved to the sql_alchemy_conn option in [database] - the old setting has been used, but please update your config.
  option = self._get_environment_variables(deprecated_key, deprecated_section, key, section)

[2023-01-07T05:19:35.706+0000] {task_command.py:376} INFO - Running <TaskInstance: dpt_cosmetic.product.load_to_google_storage scheduled__2023-01-06T00:00:00+00:00 [running]> on host fdf4acf1d8ed
[2023-01-07T05:19:36.866+0000] {taskinstance.py:1592} INFO - Exporting the following env vars:
AIRFLOW_CTX_DAG_OWNER=***
AIRFLOW_CTX_DAG_ID=dpt_cosmetic
AIRFLOW_CTX_TASK_ID=product.load_to_google_storage
AIRFLOW_CTX_EXECUTION_DATE=2023-01-06T00:00:00+00:00
AIRFLOW_CTX_TRY_NUMBER=1
AIRFLOW_CTX_DAG_RUN_ID=scheduled__2023-01-06T00:00:00+00:00
[2023-01-07T05:19:36.874+0000] {subprocess.py:63} INFO - Tmp dir root location: 
 /tmp
[2023-01-07T05:19:36.885+0000] {subprocess.py:75} INFO - Running command: ['/bin/bash', '-c', 'sleep 1']
[2023-01-07T05:19:37.143+0000] {subprocess.py:86} INFO - Output:
[2023-01-07T05:19:38.215+0000] {subprocess.py:97} INFO - Command exited with return code 0
[2023-01-07T05:19:38.569+0000] {taskinstance.py:1406} INFO - Marking task as SUCCESS. dag_id=dpt_cosmetic, task_id=product.load_to_google_storage, execution_date=20230106T000000, start_date=20230107T051932, end_date=20230107T051938
[2023-01-07T05:19:38.900+0000] {local_task_job.py:164} INFO - Task exited with return code 0
[2023-01-07T05:19:39.761+0000] {local_task_job.py:273} INFO - 0 downstream tasks scheduled from follow-on schedule check
[2023-01-07T05:33:03.727+0000] {taskinstance.py:1165} INFO - Dependencies all met for <TaskInstance: dpt_cosmetic.product.load_to_google_storage scheduled__2023-01-06T00:00:00+00:00 [queued]>
[2023-01-07T05:33:03.965+0000] {taskinstance.py:1165} INFO - Dependencies all met for <TaskInstance: dpt_cosmetic.product.load_to_google_storage scheduled__2023-01-06T00:00:00+00:00 [queued]>
[2023-01-07T05:33:03.967+0000] {taskinstance.py:1362} INFO - 
--------------------------------------------------------------------------------
[2023-01-07T05:33:03.973+0000] {taskinstance.py:1363} INFO - Starting attempt 1 of 1
[2023-01-07T05:33:03.979+0000] {taskinstance.py:1364} INFO - 
--------------------------------------------------------------------------------
[2023-01-07T05:33:04.215+0000] {taskinstance.py:1383} INFO - Executing <Task(BashOperator): product.load_to_google_storage> on 2023-01-06 00:00:00+00:00
[2023-01-07T05:33:04.271+0000] {standard_task_runner.py:55} INFO - Started process 186 to run task
[2023-01-07T05:33:04.308+0000] {standard_task_runner.py:82} INFO - Running: ['***', 'tasks', 'run', 'dpt_cosmetic', 'product.load_to_google_storage', 'scheduled__2023-01-06T00:00:00+00:00', '--job-id', '635', '--raw', '--subdir', 'DAGS_FOLDER/main.py', '--cfg-path', '/tmp/tmplhssgspj']
[2023-01-07T05:33:04.368+0000] {standard_task_runner.py:83} INFO - Job 635: Subtask product.load_to_google_storage
[2023-01-07T05:33:04.500+0000] {warnings.py:110} WARNING - /home/***/.local/lib/python3.7/site-packages/***/configuration.py:545: DeprecationWarning: The sql_alchemy_conn option in [core] has been moved to the sql_alchemy_conn option in [database] - the old setting has been used, but please update your config.
  option = self._get_environment_variables(deprecated_key, deprecated_section, key, section)

[2023-01-07T05:33:04.962+0000] {task_command.py:376} INFO - Running <TaskInstance: dpt_cosmetic.product.load_to_google_storage scheduled__2023-01-06T00:00:00+00:00 [running]> on host fdf4acf1d8ed
[2023-01-07T05:33:05.943+0000] {taskinstance.py:1592} INFO - Exporting the following env vars:
AIRFLOW_CTX_DAG_OWNER=***
AIRFLOW_CTX_DAG_ID=dpt_cosmetic
AIRFLOW_CTX_TASK_ID=product.load_to_google_storage
AIRFLOW_CTX_EXECUTION_DATE=2023-01-06T00:00:00+00:00
AIRFLOW_CTX_TRY_NUMBER=1
AIRFLOW_CTX_DAG_RUN_ID=scheduled__2023-01-06T00:00:00+00:00
[2023-01-07T05:33:05.957+0000] {subprocess.py:63} INFO - Tmp dir root location: 
 /tmp
[2023-01-07T05:33:05.983+0000] {subprocess.py:75} INFO - Running command: ['/bin/bash', '-c', 'sleep 1']
[2023-01-07T05:33:06.255+0000] {subprocess.py:86} INFO - Output:
[2023-01-07T05:33:07.325+0000] {subprocess.py:97} INFO - Command exited with return code 0
[2023-01-07T05:33:07.563+0000] {taskinstance.py:1406} INFO - Marking task as SUCCESS. dag_id=dpt_cosmetic, task_id=product.load_to_google_storage, execution_date=20230106T000000, start_date=20230107T053303, end_date=20230107T053307
[2023-01-07T05:33:07.762+0000] {local_task_job.py:164} INFO - Task exited with return code 0
[2023-01-07T05:33:08.406+0000] {local_task_job.py:273} INFO - 0 downstream tasks scheduled from follow-on schedule check
