[2023-01-06T20:28:49.216+0000] {taskinstance.py:1165} INFO - Dependencies all met for <TaskInstance: dpt_cosmetic.user.check_file_exists manual__2023-01-06T20:28:18.043985+00:00 [queued]>
[2023-01-06T20:28:49.271+0000] {taskinstance.py:1165} INFO - Dependencies all met for <TaskInstance: dpt_cosmetic.user.check_file_exists manual__2023-01-06T20:28:18.043985+00:00 [queued]>
[2023-01-06T20:28:49.272+0000] {taskinstance.py:1362} INFO - 
--------------------------------------------------------------------------------
[2023-01-06T20:28:49.273+0000] {taskinstance.py:1363} INFO - Starting attempt 1 of 1
[2023-01-06T20:28:49.275+0000] {taskinstance.py:1364} INFO - 
--------------------------------------------------------------------------------
[2023-01-06T20:28:49.375+0000] {taskinstance.py:1383} INFO - Executing <Task(BashOperator): user.check_file_exists> on 2023-01-06 20:28:18.043985+00:00
[2023-01-06T20:28:49.395+0000] {standard_task_runner.py:55} INFO - Started process 139 to run task
[2023-01-06T20:28:49.410+0000] {standard_task_runner.py:82} INFO - Running: ['***', 'tasks', 'run', 'dpt_cosmetic', 'user.check_file_exists', 'manual__2023-01-06T20:28:18.043985+00:00', '--job-id', '405', '--raw', '--subdir', 'DAGS_FOLDER/main.py', '--cfg-path', '/tmp/tmp5hm130nd']
[2023-01-06T20:28:49.413+0000] {standard_task_runner.py:83} INFO - Job 405: Subtask user.check_file_exists
[2023-01-06T20:28:49.701+0000] {task_command.py:376} INFO - Running <TaskInstance: dpt_cosmetic.user.check_file_exists manual__2023-01-06T20:28:18.043985+00:00 [running]> on host fdf4acf1d8ed
[2023-01-06T20:28:50.066+0000] {taskinstance.py:1592} INFO - Exporting the following env vars:
AIRFLOW_CTX_DAG_OWNER=***
AIRFLOW_CTX_DAG_ID=dpt_cosmetic
AIRFLOW_CTX_TASK_ID=user.check_file_exists
AIRFLOW_CTX_EXECUTION_DATE=2023-01-06T20:28:18.043985+00:00
AIRFLOW_CTX_TRY_NUMBER=1
AIRFLOW_CTX_DAG_RUN_ID=manual__2023-01-06T20:28:18.043985+00:00
[2023-01-06T20:28:50.072+0000] {subprocess.py:63} INFO - Tmp dir root location: 
 /tmp
[2023-01-06T20:28:50.075+0000] {subprocess.py:75} INFO - Running command: ['/bin/bash', '-c', 'sleep 1']
[2023-01-06T20:28:50.109+0000] {subprocess.py:86} INFO - Output:
[2023-01-06T20:28:51.124+0000] {subprocess.py:97} INFO - Command exited with return code 0
[2023-01-06T20:28:51.295+0000] {taskinstance.py:1406} INFO - Marking task as SUCCESS. dag_id=dpt_cosmetic, task_id=user.check_file_exists, execution_date=20230106T202818, start_date=20230106T202849, end_date=20230106T202851
[2023-01-06T20:28:51.523+0000] {local_task_job.py:164} INFO - Task exited with return code 0
[2023-01-06T20:28:51.761+0000] {local_task_job.py:273} INFO - 1 downstream tasks scheduled from follow-on schedule check
