[2023-01-07T05:34:00.920+0000] {taskinstance.py:1165} INFO - Dependencies all met for <TaskInstance: bq_process.product_stats.check_table manual__2023-01-07T05:33:50.082302+00:00 [queued]>
[2023-01-07T05:34:01.038+0000] {taskinstance.py:1165} INFO - Dependencies all met for <TaskInstance: bq_process.product_stats.check_table manual__2023-01-07T05:33:50.082302+00:00 [queued]>
[2023-01-07T05:34:01.047+0000] {taskinstance.py:1362} INFO - 
--------------------------------------------------------------------------------
[2023-01-07T05:34:01.057+0000] {taskinstance.py:1363} INFO - Starting attempt 1 of 1
[2023-01-07T05:34:01.059+0000] {taskinstance.py:1364} INFO - 
--------------------------------------------------------------------------------
[2023-01-07T05:34:01.283+0000] {taskinstance.py:1383} INFO - Executing <Task(BranchPythonOperator): product_stats.check_table> on 2023-01-07 05:33:50.082302+00:00
[2023-01-07T05:34:01.325+0000] {standard_task_runner.py:55} INFO - Started process 256 to run task
[2023-01-07T05:34:01.351+0000] {standard_task_runner.py:82} INFO - Running: ['***', 'tasks', 'run', 'bq_process', 'product_stats.check_table', 'manual__2023-01-07T05:33:50.082302+00:00', '--job-id', '657', '--raw', '--subdir', 'DAGS_FOLDER/bigquery_dag.py', '--cfg-path', '/tmp/tmpt3uev4dz']
[2023-01-07T05:34:01.369+0000] {standard_task_runner.py:83} INFO - Job 657: Subtask product_stats.check_table
[2023-01-07T05:34:02.100+0000] {task_command.py:376} INFO - Running <TaskInstance: bq_process.product_stats.check_table manual__2023-01-07T05:33:50.082302+00:00 [running]> on host fdf4acf1d8ed
[2023-01-07T05:34:03.217+0000] {taskinstance.py:1592} INFO - Exporting the following env vars:
AIRFLOW_CTX_DAG_OWNER=***
AIRFLOW_CTX_DAG_ID=bq_process
AIRFLOW_CTX_TASK_ID=product_stats.check_table
AIRFLOW_CTX_EXECUTION_DATE=2023-01-07T05:33:50.082302+00:00
AIRFLOW_CTX_TRY_NUMBER=1
AIRFLOW_CTX_DAG_RUN_ID=manual__2023-01-07T05:33:50.082302+00:00
[2023-01-07T05:34:04.077+0000] {python.py:177} INFO - Done. Returned value was: product_stats.execute_query
[2023-01-07T05:34:04.082+0000] {skipmixin.py:155} INFO - Following branch product_stats.execute_query
[2023-01-07T05:34:04.085+0000] {skipmixin.py:190} INFO - Skipping tasks ['product_stats.create_table']
[2023-01-07T05:34:04.359+0000] {taskinstance.py:1406} INFO - Marking task as SUCCESS. dag_id=bq_process, task_id=product_stats.check_table, execution_date=20230107T053350, start_date=20230107T053400, end_date=20230107T053404
[2023-01-07T05:34:04.477+0000] {local_task_job.py:164} INFO - Task exited with return code 0
[2023-01-07T05:34:04.916+0000] {local_task_job.py:273} INFO - 1 downstream tasks scheduled from follow-on schedule check
