[2023-01-07T05:18:57.767+0000] {taskinstance.py:1165} INFO - Dependencies all met for <TaskInstance: dpt_cosmetic.user.check_file_exists manual__2023-01-07T05:15:48.107951+00:00 [queued]>
[2023-01-07T05:18:58.044+0000] {taskinstance.py:1165} INFO - Dependencies all met for <TaskInstance: dpt_cosmetic.user.check_file_exists manual__2023-01-07T05:15:48.107951+00:00 [queued]>
[2023-01-07T05:18:58.053+0000] {taskinstance.py:1362} INFO - 
--------------------------------------------------------------------------------
[2023-01-07T05:18:58.056+0000] {taskinstance.py:1363} INFO - Starting attempt 1 of 1
[2023-01-07T05:18:58.059+0000] {taskinstance.py:1364} INFO - 
--------------------------------------------------------------------------------
[2023-01-07T05:18:58.470+0000] {taskinstance.py:1383} INFO - Executing <Task(BashOperator): user.check_file_exists> on 2023-01-07 05:15:48.107951+00:00
[2023-01-07T05:18:58.647+0000] {standard_task_runner.py:55} INFO - Started process 493 to run task
[2023-01-07T05:18:58.833+0000] {standard_task_runner.py:82} INFO - Running: ['***', 'tasks', 'run', 'dpt_cosmetic', 'user.check_file_exists', 'manual__2023-01-07T05:15:48.107951+00:00', '--job-id', '580', '--raw', '--subdir', 'DAGS_FOLDER/main.py', '--cfg-path', '/tmp/tmp2j_pis5p']
[2023-01-07T05:18:58.912+0000] {standard_task_runner.py:83} INFO - Job 580: Subtask user.check_file_exists
[2023-01-07T05:19:00.565+0000] {task_command.py:376} INFO - Running <TaskInstance: dpt_cosmetic.user.check_file_exists manual__2023-01-07T05:15:48.107951+00:00 [running]> on host fdf4acf1d8ed
[2023-01-07T05:19:03.717+0000] {taskinstance.py:1592} INFO - Exporting the following env vars:
AIRFLOW_CTX_DAG_OWNER=***
AIRFLOW_CTX_DAG_ID=dpt_cosmetic
AIRFLOW_CTX_TASK_ID=user.check_file_exists
AIRFLOW_CTX_EXECUTION_DATE=2023-01-07T05:15:48.107951+00:00
AIRFLOW_CTX_TRY_NUMBER=1
AIRFLOW_CTX_DAG_RUN_ID=manual__2023-01-07T05:15:48.107951+00:00
[2023-01-07T05:19:03.737+0000] {subprocess.py:63} INFO - Tmp dir root location: 
 /tmp
[2023-01-07T05:19:03.762+0000] {subprocess.py:75} INFO - Running command: ['/bin/bash', '-c', 'sleep 1']
[2023-01-07T05:19:03.988+0000] {subprocess.py:86} INFO - Output:
[2023-01-07T05:19:05.126+0000] {subprocess.py:97} INFO - Command exited with return code 0
[2023-01-07T05:19:06.332+0000] {taskinstance.py:1406} INFO - Marking task as SUCCESS. dag_id=dpt_cosmetic, task_id=user.check_file_exists, execution_date=20230107T051548, start_date=20230107T051857, end_date=20230107T051906
[2023-01-07T05:19:06.776+0000] {local_task_job.py:164} INFO - Task exited with return code 0
[2023-01-07T05:19:09.297+0000] {local_task_job.py:273} INFO - 1 downstream tasks scheduled from follow-on schedule check
