[2023-01-07T05:33:11.440+0000] {taskinstance.py:1165} INFO - Dependencies all met for <TaskInstance: dpt_cosmetic.private_info.load_to_google_storage manual__2023-01-07T05:31:50.438921+00:00 [queued]>
[2023-01-07T05:33:11.557+0000] {taskinstance.py:1165} INFO - Dependencies all met for <TaskInstance: dpt_cosmetic.private_info.load_to_google_storage manual__2023-01-07T05:31:50.438921+00:00 [queued]>
[2023-01-07T05:33:11.574+0000] {taskinstance.py:1362} INFO - 
--------------------------------------------------------------------------------
[2023-01-07T05:33:11.576+0000] {taskinstance.py:1363} INFO - Starting attempt 1 of 1
[2023-01-07T05:33:11.578+0000] {taskinstance.py:1364} INFO - 
--------------------------------------------------------------------------------
[2023-01-07T05:33:11.706+0000] {taskinstance.py:1383} INFO - Executing <Task(BashOperator): private_info.load_to_google_storage> on 2023-01-07 05:31:50.438921+00:00
[2023-01-07T05:33:11.728+0000] {standard_task_runner.py:55} INFO - Started process 201 to run task
[2023-01-07T05:33:11.760+0000] {standard_task_runner.py:82} INFO - Running: ['***', 'tasks', 'run', 'dpt_cosmetic', 'private_info.load_to_google_storage', 'manual__2023-01-07T05:31:50.438921+00:00', '--job-id', '640', '--raw', '--subdir', 'DAGS_FOLDER/main.py', '--cfg-path', '/tmp/tmpx4fd16b_']
[2023-01-07T05:33:11.771+0000] {standard_task_runner.py:83} INFO - Job 640: Subtask private_info.load_to_google_storage
[2023-01-07T05:33:12.181+0000] {task_command.py:376} INFO - Running <TaskInstance: dpt_cosmetic.private_info.load_to_google_storage manual__2023-01-07T05:31:50.438921+00:00 [running]> on host fdf4acf1d8ed
[2023-01-07T05:33:12.935+0000] {taskinstance.py:1592} INFO - Exporting the following env vars:
AIRFLOW_CTX_DAG_OWNER=***
AIRFLOW_CTX_DAG_ID=dpt_cosmetic
AIRFLOW_CTX_TASK_ID=private_info.load_to_google_storage
AIRFLOW_CTX_EXECUTION_DATE=2023-01-07T05:31:50.438921+00:00
AIRFLOW_CTX_TRY_NUMBER=1
AIRFLOW_CTX_DAG_RUN_ID=manual__2023-01-07T05:31:50.438921+00:00
[2023-01-07T05:33:12.947+0000] {subprocess.py:63} INFO - Tmp dir root location: 
 /tmp
[2023-01-07T05:33:12.950+0000] {subprocess.py:75} INFO - Running command: ['/bin/bash', '-c', 'sleep 1']
[2023-01-07T05:33:13.043+0000] {subprocess.py:86} INFO - Output:
[2023-01-07T05:33:14.110+0000] {subprocess.py:97} INFO - Command exited with return code 0
[2023-01-07T05:33:14.254+0000] {taskinstance.py:1406} INFO - Marking task as SUCCESS. dag_id=dpt_cosmetic, task_id=private_info.load_to_google_storage, execution_date=20230107T053150, start_date=20230107T053311, end_date=20230107T053314
[2023-01-07T05:33:14.459+0000] {local_task_job.py:164} INFO - Task exited with return code 0
[2023-01-07T05:33:14.844+0000] {local_task_job.py:273} INFO - 0 downstream tasks scheduled from follow-on schedule check
