[2023-01-01T13:34:10.152+0000] {taskinstance.py:1165} INFO - Dependencies all met for <TaskInstance: dpt_cosmetic.split_files_by_source manual__2023-01-01T13:34:05.928304+00:00 [queued]>
[2023-01-01T13:34:10.197+0000] {taskinstance.py:1165} INFO - Dependencies all met for <TaskInstance: dpt_cosmetic.split_files_by_source manual__2023-01-01T13:34:05.928304+00:00 [queued]>
[2023-01-01T13:34:10.198+0000] {taskinstance.py:1362} INFO - 
--------------------------------------------------------------------------------
[2023-01-01T13:34:10.200+0000] {taskinstance.py:1363} INFO - Starting attempt 1 of 1
[2023-01-01T13:34:10.201+0000] {taskinstance.py:1364} INFO - 
--------------------------------------------------------------------------------
[2023-01-01T13:34:10.284+0000] {taskinstance.py:1383} INFO - Executing <Task(BashOperator): split_files_by_source> on 2023-01-01 13:34:05.928304+00:00
[2023-01-01T13:34:10.300+0000] {standard_task_runner.py:55} INFO - Started process 160 to run task
[2023-01-01T13:34:10.314+0000] {standard_task_runner.py:82} INFO - Running: ['***', 'tasks', 'run', 'dpt_cosmetic', 'split_files_by_source', 'manual__2023-01-01T13:34:05.928304+00:00', '--job-id', '173', '--raw', '--subdir', 'DAGS_FOLDER/main.py', '--cfg-path', '/tmp/tmp01twrfgl']
[2023-01-01T13:34:10.316+0000] {standard_task_runner.py:83} INFO - Job 173: Subtask split_files_by_source
[2023-01-01T13:34:10.581+0000] {task_command.py:376} INFO - Running <TaskInstance: dpt_cosmetic.split_files_by_source manual__2023-01-01T13:34:05.928304+00:00 [running]> on host 6bd76effbc07
[2023-01-01T13:34:10.943+0000] {taskinstance.py:1592} INFO - Exporting the following env vars:
AIRFLOW_CTX_DAG_OWNER=***
AIRFLOW_CTX_DAG_ID=dpt_cosmetic
AIRFLOW_CTX_TASK_ID=split_files_by_source
AIRFLOW_CTX_EXECUTION_DATE=2023-01-01T13:34:05.928304+00:00
AIRFLOW_CTX_TRY_NUMBER=1
AIRFLOW_CTX_DAG_RUN_ID=manual__2023-01-01T13:34:05.928304+00:00
[2023-01-01T13:34:10.948+0000] {subprocess.py:63} INFO - Tmp dir root location: 
 /tmp
[2023-01-01T13:34:10.951+0000] {subprocess.py:75} INFO - Running command: ['/bin/bash', '-c', 'sleep 1']
[2023-01-01T13:34:10.984+0000] {subprocess.py:86} INFO - Output:
[2023-01-01T13:34:11.996+0000] {subprocess.py:97} INFO - Command exited with return code 0
[2023-01-01T13:34:12.194+0000] {taskinstance.py:1406} INFO - Marking task as SUCCESS. dag_id=dpt_cosmetic, task_id=split_files_by_source, execution_date=20230101T133405, start_date=20230101T133410, end_date=20230101T133412
[2023-01-01T13:34:12.342+0000] {local_task_job.py:164} INFO - Task exited with return code 0
[2023-01-01T13:34:12.502+0000] {local_task_job.py:273} INFO - 2 downstream tasks scheduled from follow-on schedule check
