[2023-01-02T16:42:16.038+0000] {taskinstance.py:1165} INFO - Dependencies all met for <TaskInstance: dpt_cosmetic.split_files_by_source manual__2023-01-02T16:42:08.483384+00:00 [queued]>
[2023-01-02T16:42:16.091+0000] {taskinstance.py:1165} INFO - Dependencies all met for <TaskInstance: dpt_cosmetic.split_files_by_source manual__2023-01-02T16:42:08.483384+00:00 [queued]>
[2023-01-02T16:42:16.092+0000] {taskinstance.py:1362} INFO - 
--------------------------------------------------------------------------------
[2023-01-02T16:42:16.094+0000] {taskinstance.py:1363} INFO - Starting attempt 1 of 1
[2023-01-02T16:42:16.095+0000] {taskinstance.py:1364} INFO - 
--------------------------------------------------------------------------------
[2023-01-02T16:42:16.191+0000] {taskinstance.py:1383} INFO - Executing <Task(BashOperator): split_files_by_source> on 2023-01-02 16:42:08.483384+00:00
[2023-01-02T16:42:16.208+0000] {standard_task_runner.py:55} INFO - Started process 322 to run task
[2023-01-02T16:42:16.223+0000] {standard_task_runner.py:82} INFO - Running: ['***', 'tasks', 'run', 'dpt_cosmetic', 'split_files_by_source', 'manual__2023-01-02T16:42:08.483384+00:00', '--job-id', '240', '--raw', '--subdir', 'DAGS_FOLDER/main.py', '--cfg-path', '/tmp/tmpq5n0lez5']
[2023-01-02T16:42:16.226+0000] {standard_task_runner.py:83} INFO - Job 240: Subtask split_files_by_source
[2023-01-02T16:42:17.147+0000] {task_command.py:376} INFO - Running <TaskInstance: dpt_cosmetic.split_files_by_source manual__2023-01-02T16:42:08.483384+00:00 [running]> on host 703acec1b71e
[2023-01-02T16:42:17.961+0000] {taskinstance.py:1592} INFO - Exporting the following env vars:
AIRFLOW_CTX_DAG_OWNER=***
AIRFLOW_CTX_DAG_ID=dpt_cosmetic
AIRFLOW_CTX_TASK_ID=split_files_by_source
AIRFLOW_CTX_EXECUTION_DATE=2023-01-02T16:42:08.483384+00:00
AIRFLOW_CTX_TRY_NUMBER=1
AIRFLOW_CTX_DAG_RUN_ID=manual__2023-01-02T16:42:08.483384+00:00
[2023-01-02T16:42:17.984+0000] {subprocess.py:63} INFO - Tmp dir root location: 
 /tmp
[2023-01-02T16:42:17.999+0000] {subprocess.py:75} INFO - Running command: ['/bin/bash', '-c', 'sleep 1']
[2023-01-02T16:42:18.093+0000] {subprocess.py:86} INFO - Output:
[2023-01-02T16:42:19.117+0000] {subprocess.py:97} INFO - Command exited with return code 0
[2023-01-02T16:42:19.281+0000] {taskinstance.py:1406} INFO - Marking task as SUCCESS. dag_id=dpt_cosmetic, task_id=split_files_by_source, execution_date=20230102T164208, start_date=20230102T164216, end_date=20230102T164219
[2023-01-02T16:42:19.395+0000] {local_task_job.py:164} INFO - Task exited with return code 0
[2023-01-02T16:42:20.207+0000] {local_task_job.py:273} INFO - 2 downstream tasks scheduled from follow-on schedule check
