[2023-01-05T22:20:08.090+0000] {taskinstance.py:1165} INFO - Dependencies all met for <TaskInstance: dpt_cosmetic.create_dataset manual__2023-01-05T22:20:01.610219+00:00 [queued]>
[2023-01-05T22:20:08.132+0000] {taskinstance.py:1165} INFO - Dependencies all met for <TaskInstance: dpt_cosmetic.create_dataset manual__2023-01-05T22:20:01.610219+00:00 [queued]>
[2023-01-05T22:20:08.134+0000] {taskinstance.py:1362} INFO - 
--------------------------------------------------------------------------------
[2023-01-05T22:20:08.135+0000] {taskinstance.py:1363} INFO - Starting attempt 1 of 1
[2023-01-05T22:20:08.137+0000] {taskinstance.py:1364} INFO - 
--------------------------------------------------------------------------------
[2023-01-05T22:20:08.214+0000] {taskinstance.py:1383} INFO - Executing <Task(GCSToBigQueryOperator): create_dataset> on 2023-01-05 22:20:01.610219+00:00
[2023-01-05T22:20:08.233+0000] {standard_task_runner.py:55} INFO - Started process 114 to run task
[2023-01-05T22:20:08.248+0000] {standard_task_runner.py:82} INFO - Running: ['***', 'tasks', 'run', 'dpt_cosmetic', 'create_dataset', 'manual__2023-01-05T22:20:01.610219+00:00', '--job-id', '317', '--raw', '--subdir', 'DAGS_FOLDER/main.py', '--cfg-path', '/tmp/tmp1f_r7ulc']
[2023-01-05T22:20:08.262+0000] {standard_task_runner.py:83} INFO - Job 317: Subtask create_dataset
[2023-01-05T22:20:08.555+0000] {task_command.py:376} INFO - Running <TaskInstance: dpt_cosmetic.create_dataset manual__2023-01-05T22:20:01.610219+00:00 [running]> on host fdf4acf1d8ed
[2023-01-05T22:20:08.886+0000] {taskinstance.py:1592} INFO - Exporting the following env vars:
AIRFLOW_CTX_DAG_OWNER=***
AIRFLOW_CTX_DAG_ID=dpt_cosmetic
AIRFLOW_CTX_TASK_ID=create_dataset
AIRFLOW_CTX_EXECUTION_DATE=2023-01-05T22:20:01.610219+00:00
AIRFLOW_CTX_TRY_NUMBER=1
AIRFLOW_CTX_DAG_RUN_ID=manual__2023-01-05T22:20:01.610219+00:00
[2023-01-05T22:20:08.890+0000] {connection.py:429} ERROR - Unable to retrieve connection from secrets backend (EnvironmentVariablesBackend). Checking subsequent secrets backend.
Traceback (most recent call last):
  File "/home/airflow/.local/lib/python3.7/site-packages/airflow/models/connection.py", line 422, in get_connection_from_secrets
    conn = secrets_backend.get_connection(conn_id=conn_id)
  File "/home/airflow/.local/lib/python3.7/site-packages/airflow/secrets/base_secrets.py", line 115, in get_connection
    return self.deserialize_connection(conn_id=conn_id, value=value)
  File "/home/airflow/.local/lib/python3.7/site-packages/airflow/secrets/base_secrets.py", line 67, in deserialize_connection
    return Connection.from_json(conn_id=conn_id, value=value)
  File "/home/airflow/.local/lib/python3.7/site-packages/airflow/models/connection.py", line 449, in from_json
    return Connection(conn_id=conn_id, **kwargs)
TypeError: __init__() got an unexpected keyword argument 'key_path'
[2023-01-05T22:20:08.927+0000] {base.py:71} INFO - Using connection ID 'google_cloud_default' for task execution.
[2023-01-05T22:20:08.965+0000] {bigquery.py:2842} INFO - Project not included in destination_project_dataset_table: cosmetic.user; using project "my-kubeflow-370515"
[2023-01-05T22:20:08.969+0000] {bigquery.py:1554} INFO - Inserting job ***_1672957208967244_5f52c52ed72fb63d1af72ce574e16e89
[2023-01-05T22:20:10.212+0000] {taskinstance.py:1851} ERROR - Task failed with exception
Traceback (most recent call last):
  File "/home/airflow/.local/lib/python3.7/site-packages/airflow/providers/google/cloud/transfers/gcs_to_bigquery.py", line 316, in execute
    description=self.description,
  File "/home/airflow/.local/lib/python3.7/site-packages/airflow/providers/google/cloud/hooks/bigquery.py", line 1816, in run_load
    job = self.insert_job(configuration=configuration, project_id=self.project_id)
  File "/home/airflow/.local/lib/python3.7/site-packages/airflow/providers/google/common/hooks/base_google.py", line 439, in inner_wrapper
    return func(self, *args, **kwargs)
  File "/home/airflow/.local/lib/python3.7/site-packages/airflow/providers/google/cloud/hooks/bigquery.py", line 1560, in insert_job
    job.result(timeout=timeout, retry=retry)
  File "/home/airflow/.local/lib/python3.7/site-packages/google/cloud/bigquery/job/base.py", line 728, in result
    return super(_AsyncJob, self).result(timeout=timeout, **kwargs)
  File "/home/airflow/.local/lib/python3.7/site-packages/google/api_core/future/polling.py", line 137, in result
    raise self._exception
google.api_core.exceptions.NotFound: 404 Not found: URI gs://airflow_test_sd2beatles/storage/user/2023-01-02.csv
[2023-01-05T22:20:10.250+0000] {taskinstance.py:1406} INFO - Marking task as FAILED. dag_id=dpt_cosmetic, task_id=create_dataset, execution_date=20230105T222001, start_date=20230105T222008, end_date=20230105T222010
[2023-01-05T22:20:10.303+0000] {standard_task_runner.py:105} ERROR - Failed to execute job 317 for task create_dataset (404 Not found: URI gs://airflow_test_sd2beatles/storage/user/2023-01-02.csv; 114)
[2023-01-05T22:20:10.352+0000] {local_task_job.py:164} INFO - Task exited with return code 1
[2023-01-05T22:20:10.454+0000] {local_task_job.py:273} INFO - 0 downstream tasks scheduled from follow-on schedule check
