[2023-01-01T00:18:33.453+0000] {taskinstance.py:1165} INFO - Dependencies all met for <TaskInstance: dpt_cosmetic.split_files_by_source manual__2023-01-01T00:18:27.519323+00:00 [queued]>
[2023-01-01T00:18:33.506+0000] {taskinstance.py:1165} INFO - Dependencies all met for <TaskInstance: dpt_cosmetic.split_files_by_source manual__2023-01-01T00:18:27.519323+00:00 [queued]>
[2023-01-01T00:18:33.508+0000] {taskinstance.py:1362} INFO - 
--------------------------------------------------------------------------------
[2023-01-01T00:18:33.510+0000] {taskinstance.py:1363} INFO - Starting attempt 1 of 1
[2023-01-01T00:18:33.512+0000] {taskinstance.py:1364} INFO - 
--------------------------------------------------------------------------------
[2023-01-01T00:18:33.595+0000] {taskinstance.py:1383} INFO - Executing <Task(BashOperator): split_files_by_source> on 2023-01-01 00:18:27.519323+00:00
[2023-01-01T00:18:33.610+0000] {standard_task_runner.py:55} INFO - Started process 586 to run task
[2023-01-01T00:18:33.628+0000] {standard_task_runner.py:82} INFO - Running: ['***', 'tasks', 'run', 'dpt_cosmetic', 'split_files_by_source', 'manual__2023-01-01T00:18:27.519323+00:00', '--job-id', '95', '--raw', '--subdir', 'DAGS_FOLDER/main.py', '--cfg-path', '/tmp/tmpxp_vhxng']
[2023-01-01T00:18:33.631+0000] {standard_task_runner.py:83} INFO - Job 95: Subtask split_files_by_source
[2023-01-01T00:18:33.992+0000] {task_command.py:376} INFO - Running <TaskInstance: dpt_cosmetic.split_files_by_source manual__2023-01-01T00:18:27.519323+00:00 [running]> on host 6bd76effbc07
[2023-01-01T00:18:34.489+0000] {taskinstance.py:1592} INFO - Exporting the following env vars:
AIRFLOW_CTX_DAG_OWNER=***
AIRFLOW_CTX_DAG_ID=dpt_cosmetic
AIRFLOW_CTX_TASK_ID=split_files_by_source
AIRFLOW_CTX_EXECUTION_DATE=2023-01-01T00:18:27.519323+00:00
AIRFLOW_CTX_TRY_NUMBER=1
AIRFLOW_CTX_DAG_RUN_ID=manual__2023-01-01T00:18:27.519323+00:00
[2023-01-01T00:18:34.502+0000] {subprocess.py:63} INFO - Tmp dir root location: 
 /tmp
[2023-01-01T00:18:34.507+0000] {subprocess.py:75} INFO - Running command: ['/bin/bash', '-c', 'sleep 1']
[2023-01-01T00:18:34.560+0000] {subprocess.py:86} INFO - Output:
[2023-01-01T00:18:35.576+0000] {subprocess.py:97} INFO - Command exited with return code 0
[2023-01-01T00:18:35.723+0000] {taskinstance.py:1406} INFO - Marking task as SUCCESS. dag_id=dpt_cosmetic, task_id=split_files_by_source, execution_date=20230101T001827, start_date=20230101T001833, end_date=20230101T001835
[2023-01-01T00:18:35.905+0000] {local_task_job.py:164} INFO - Task exited with return code 0
[2023-01-01T00:18:36.089+0000] {local_task_job.py:273} INFO - 2 downstream tasks scheduled from follow-on schedule check
