[2023-01-07T05:32:24.263+0000] {taskinstance.py:1165} INFO - Dependencies all met for <TaskInstance: dpt_cosmetic.transaction.transform manual__2023-01-07T05:31:50.438921+00:00 [queued]>
[2023-01-07T05:32:24.392+0000] {taskinstance.py:1165} INFO - Dependencies all met for <TaskInstance: dpt_cosmetic.transaction.transform manual__2023-01-07T05:31:50.438921+00:00 [queued]>
[2023-01-07T05:32:24.401+0000] {taskinstance.py:1362} INFO - 
--------------------------------------------------------------------------------
[2023-01-07T05:32:24.403+0000] {taskinstance.py:1363} INFO - Starting attempt 1 of 1
[2023-01-07T05:32:24.405+0000] {taskinstance.py:1364} INFO - 
--------------------------------------------------------------------------------
[2023-01-07T05:32:24.589+0000] {taskinstance.py:1383} INFO - Executing <Task(BashOperator): transaction.transform> on 2023-01-07 05:31:50.438921+00:00
[2023-01-07T05:32:24.628+0000] {standard_task_runner.py:55} INFO - Started process 108 to run task
[2023-01-07T05:32:24.739+0000] {standard_task_runner.py:82} INFO - Running: ['***', 'tasks', 'run', 'dpt_cosmetic', 'transaction.transform', 'manual__2023-01-07T05:31:50.438921+00:00', '--job-id', '615', '--raw', '--subdir', 'DAGS_FOLDER/main.py', '--cfg-path', '/tmp/tmpfo7xy5_c']
[2023-01-07T05:32:24.767+0000] {standard_task_runner.py:83} INFO - Job 615: Subtask transaction.transform
[2023-01-07T05:32:25.599+0000] {task_command.py:376} INFO - Running <TaskInstance: dpt_cosmetic.transaction.transform manual__2023-01-07T05:31:50.438921+00:00 [running]> on host fdf4acf1d8ed
[2023-01-07T05:32:26.339+0000] {taskinstance.py:1592} INFO - Exporting the following env vars:
AIRFLOW_CTX_DAG_OWNER=***
AIRFLOW_CTX_DAG_ID=dpt_cosmetic
AIRFLOW_CTX_TASK_ID=transaction.transform
AIRFLOW_CTX_EXECUTION_DATE=2023-01-07T05:31:50.438921+00:00
AIRFLOW_CTX_TRY_NUMBER=1
AIRFLOW_CTX_DAG_RUN_ID=manual__2023-01-07T05:31:50.438921+00:00
[2023-01-07T05:32:26.346+0000] {subprocess.py:63} INFO - Tmp dir root location: 
 /tmp
[2023-01-07T05:32:26.349+0000] {subprocess.py:75} INFO - Running command: ['/bin/bash', '-c', 'sleep 1']
[2023-01-07T05:32:26.471+0000] {subprocess.py:86} INFO - Output:
[2023-01-07T05:32:27.501+0000] {subprocess.py:97} INFO - Command exited with return code 0
[2023-01-07T05:32:27.756+0000] {taskinstance.py:1406} INFO - Marking task as SUCCESS. dag_id=dpt_cosmetic, task_id=transaction.transform, execution_date=20230107T053150, start_date=20230107T053224, end_date=20230107T053227
[2023-01-07T05:32:28.187+0000] {local_task_job.py:164} INFO - Task exited with return code 0
[2023-01-07T05:32:28.911+0000] {local_task_job.py:273} INFO - 1 downstream tasks scheduled from follow-on schedule check
