[2023-01-07T05:11:04.345+0000] {taskinstance.py:1165} INFO - Dependencies all met for <TaskInstance: bq_process.view_stats.execute_query manual__2023-01-07T05:10:43.512676+00:00 [queued]>
[2023-01-07T05:11:04.414+0000] {taskinstance.py:1165} INFO - Dependencies all met for <TaskInstance: bq_process.view_stats.execute_query manual__2023-01-07T05:10:43.512676+00:00 [queued]>
[2023-01-07T05:11:04.415+0000] {taskinstance.py:1362} INFO - 
--------------------------------------------------------------------------------
[2023-01-07T05:11:04.417+0000] {taskinstance.py:1363} INFO - Starting attempt 1 of 1
[2023-01-07T05:11:04.421+0000] {taskinstance.py:1364} INFO - 
--------------------------------------------------------------------------------
[2023-01-07T05:11:04.506+0000] {taskinstance.py:1383} INFO - Executing <Task(BigQueryInsertJobOperator): view_stats.execute_query> on 2023-01-07 05:10:43.512676+00:00
[2023-01-07T05:11:04.546+0000] {standard_task_runner.py:55} INFO - Started process 356 to run task
[2023-01-07T05:11:04.566+0000] {standard_task_runner.py:82} INFO - Running: ['***', 'tasks', 'run', 'bq_process', 'view_stats.execute_query', 'manual__2023-01-07T05:10:43.512676+00:00', '--job-id', '547', '--raw', '--subdir', 'DAGS_FOLDER/bigquery_dag.py', '--cfg-path', '/tmp/tmpyxyjjbhv']
[2023-01-07T05:11:04.581+0000] {standard_task_runner.py:83} INFO - Job 547: Subtask view_stats.execute_query
[2023-01-07T05:11:04.891+0000] {task_command.py:376} INFO - Running <TaskInstance: bq_process.view_stats.execute_query manual__2023-01-07T05:10:43.512676+00:00 [running]> on host fdf4acf1d8ed
[2023-01-07T05:11:05.319+0000] {taskinstance.py:1592} INFO - Exporting the following env vars:
AIRFLOW_CTX_DAG_OWNER=***
AIRFLOW_CTX_DAG_ID=bq_process
AIRFLOW_CTX_TASK_ID=view_stats.execute_query
AIRFLOW_CTX_EXECUTION_DATE=2023-01-07T05:10:43.512676+00:00
AIRFLOW_CTX_TRY_NUMBER=1
AIRFLOW_CTX_DAG_RUN_ID=manual__2023-01-07T05:10:43.512676+00:00
[2023-01-07T05:11:05.330+0000] {connection.py:429} ERROR - Unable to retrieve connection from secrets backend (EnvironmentVariablesBackend). Checking subsequent secrets backend.
Traceback (most recent call last):
  File "/home/airflow/.local/lib/python3.7/site-packages/airflow/models/connection.py", line 422, in get_connection_from_secrets
    conn = secrets_backend.get_connection(conn_id=conn_id)
  File "/home/airflow/.local/lib/python3.7/site-packages/airflow/secrets/base_secrets.py", line 115, in get_connection
    return self.deserialize_connection(conn_id=conn_id, value=value)
  File "/home/airflow/.local/lib/python3.7/site-packages/airflow/secrets/base_secrets.py", line 67, in deserialize_connection
    return Connection.from_json(conn_id=conn_id, value=value)
  File "/home/airflow/.local/lib/python3.7/site-packages/airflow/models/connection.py", line 449, in from_json
    return Connection(conn_id=conn_id, **kwargs)
TypeError: __init__() got an unexpected keyword argument 'key_path'
[2023-01-07T05:11:05.377+0000] {base.py:71} INFO - Using connection ID 'google_cloud_default' for task execution.
[2023-01-07T05:11:05.383+0000] {warnings.py:110} WARNING - /home/***/.local/lib/python3.7/site-packages/***/utils/context.py:204: AirflowContextDeprecationWarning: Accessing 'execution_date' from the template is deprecated and will be removed in a future version. Please use 'data_interval_start' or 'logical_date' instead.
  warnings.warn(_create_deprecation_warning(key, self._deprecation_replacements[key]))

[2023-01-07T05:11:05.422+0000] {bigquery.py:1554} INFO - Inserting job ***_bq_process_view_stats_execute_query_2023_01_07T05_10_43_512676_00_00_d469b89e9a8cdc40f289ae6dd3e067d8
[2023-01-07T05:11:07.698+0000] {taskinstance.py:1406} INFO - Marking task as SUCCESS. dag_id=bq_process, task_id=view_stats.execute_query, execution_date=20230107T051043, start_date=20230107T051104, end_date=20230107T051107
[2023-01-07T05:11:07.808+0000] {local_task_job.py:164} INFO - Task exited with return code 0
[2023-01-07T05:11:07.981+0000] {local_task_job.py:273} INFO - 0 downstream tasks scheduled from follow-on schedule check
