[2023-01-06T20:30:45.673+0000] {taskinstance.py:1165} INFO - Dependencies all met for <TaskInstance: dpt_cosmetic.split_files_by_source manual__2023-01-06T20:30:39.090323+00:00 [queued]>
[2023-01-06T20:30:45.719+0000] {taskinstance.py:1165} INFO - Dependencies all met for <TaskInstance: dpt_cosmetic.split_files_by_source manual__2023-01-06T20:30:39.090323+00:00 [queued]>
[2023-01-06T20:30:45.721+0000] {taskinstance.py:1362} INFO - 
--------------------------------------------------------------------------------
[2023-01-06T20:30:45.722+0000] {taskinstance.py:1363} INFO - Starting attempt 1 of 1
[2023-01-06T20:30:45.724+0000] {taskinstance.py:1364} INFO - 
--------------------------------------------------------------------------------
[2023-01-06T20:30:45.794+0000] {taskinstance.py:1383} INFO - Executing <Task(BashOperator): split_files_by_source> on 2023-01-06 20:30:39.090323+00:00
[2023-01-06T20:30:45.809+0000] {standard_task_runner.py:55} INFO - Started process 215 to run task
[2023-01-06T20:30:45.822+0000] {standard_task_runner.py:82} INFO - Running: ['***', 'tasks', 'run', 'dpt_cosmetic', 'split_files_by_source', 'manual__2023-01-06T20:30:39.090323+00:00', '--job-id', '416', '--raw', '--subdir', 'DAGS_FOLDER/main.py', '--cfg-path', '/tmp/tmpweayivbq']
[2023-01-06T20:30:45.825+0000] {standard_task_runner.py:83} INFO - Job 416: Subtask split_files_by_source
[2023-01-06T20:30:46.085+0000] {task_command.py:376} INFO - Running <TaskInstance: dpt_cosmetic.split_files_by_source manual__2023-01-06T20:30:39.090323+00:00 [running]> on host fdf4acf1d8ed
[2023-01-06T20:30:46.415+0000] {taskinstance.py:1592} INFO - Exporting the following env vars:
AIRFLOW_CTX_DAG_OWNER=***
AIRFLOW_CTX_DAG_ID=dpt_cosmetic
AIRFLOW_CTX_TASK_ID=split_files_by_source
AIRFLOW_CTX_EXECUTION_DATE=2023-01-06T20:30:39.090323+00:00
AIRFLOW_CTX_TRY_NUMBER=1
AIRFLOW_CTX_DAG_RUN_ID=manual__2023-01-06T20:30:39.090323+00:00
[2023-01-06T20:30:46.420+0000] {subprocess.py:63} INFO - Tmp dir root location: 
 /tmp
[2023-01-06T20:30:46.423+0000] {subprocess.py:75} INFO - Running command: ['/bin/bash', '-c', 'sleep 1']
[2023-01-06T20:30:46.458+0000] {subprocess.py:86} INFO - Output:
[2023-01-06T20:30:47.470+0000] {subprocess.py:97} INFO - Command exited with return code 0
[2023-01-06T20:30:47.584+0000] {taskinstance.py:1406} INFO - Marking task as SUCCESS. dag_id=dpt_cosmetic, task_id=split_files_by_source, execution_date=20230106T203039, start_date=20230106T203045, end_date=20230106T203047
[2023-01-06T20:30:47.685+0000] {local_task_job.py:164} INFO - Task exited with return code 0
[2023-01-06T20:30:47.889+0000] {local_task_job.py:273} INFO - 6 downstream tasks scheduled from follow-on schedule check
