[2023-01-06T20:32:37.181+0000] {taskinstance.py:1165} INFO - Dependencies all met for <TaskInstance: dpt_cosmetic.product.check_file_exists manual__2023-01-06T20:32:08.611424+00:00 [queued]>
[2023-01-06T20:32:37.274+0000] {taskinstance.py:1165} INFO - Dependencies all met for <TaskInstance: dpt_cosmetic.product.check_file_exists manual__2023-01-06T20:32:08.611424+00:00 [queued]>
[2023-01-06T20:32:37.276+0000] {taskinstance.py:1362} INFO - 
--------------------------------------------------------------------------------
[2023-01-06T20:32:37.292+0000] {taskinstance.py:1363} INFO - Starting attempt 1 of 1
[2023-01-06T20:32:37.295+0000] {taskinstance.py:1364} INFO - 
--------------------------------------------------------------------------------
[2023-01-06T20:32:37.499+0000] {taskinstance.py:1383} INFO - Executing <Task(BashOperator): product.check_file_exists> on 2023-01-06 20:32:08.611424+00:00
[2023-01-06T20:32:37.524+0000] {standard_task_runner.py:55} INFO - Started process 448 to run task
[2023-01-06T20:32:37.548+0000] {standard_task_runner.py:82} INFO - Running: ['***', 'tasks', 'run', 'dpt_cosmetic', 'product.check_file_exists', 'manual__2023-01-06T20:32:08.611424+00:00', '--job-id', '446', '--raw', '--subdir', 'DAGS_FOLDER/main.py', '--cfg-path', '/tmp/tmpltnyu8uy']
[2023-01-06T20:32:37.556+0000] {standard_task_runner.py:83} INFO - Job 446: Subtask product.check_file_exists
[2023-01-06T20:32:38.086+0000] {task_command.py:376} INFO - Running <TaskInstance: dpt_cosmetic.product.check_file_exists manual__2023-01-06T20:32:08.611424+00:00 [running]> on host fdf4acf1d8ed
[2023-01-06T20:32:38.970+0000] {taskinstance.py:1592} INFO - Exporting the following env vars:
AIRFLOW_CTX_DAG_OWNER=***
AIRFLOW_CTX_DAG_ID=dpt_cosmetic
AIRFLOW_CTX_TASK_ID=product.check_file_exists
AIRFLOW_CTX_EXECUTION_DATE=2023-01-06T20:32:08.611424+00:00
AIRFLOW_CTX_TRY_NUMBER=1
AIRFLOW_CTX_DAG_RUN_ID=manual__2023-01-06T20:32:08.611424+00:00
[2023-01-06T20:32:38.983+0000] {subprocess.py:63} INFO - Tmp dir root location: 
 /tmp
[2023-01-06T20:32:38.986+0000] {subprocess.py:75} INFO - Running command: ['/bin/bash', '-c', 'sleep 1']
[2023-01-06T20:32:39.037+0000] {subprocess.py:86} INFO - Output:
[2023-01-06T20:32:40.054+0000] {subprocess.py:97} INFO - Command exited with return code 0
[2023-01-06T20:32:40.178+0000] {taskinstance.py:1406} INFO - Marking task as SUCCESS. dag_id=dpt_cosmetic, task_id=product.check_file_exists, execution_date=20230106T203208, start_date=20230106T203237, end_date=20230106T203240
[2023-01-06T20:32:40.456+0000] {local_task_job.py:164} INFO - Task exited with return code 0
[2023-01-06T20:32:41.220+0000] {local_task_job.py:273} INFO - 1 downstream tasks scheduled from follow-on schedule check
