[2022-12-31T23:19:04.280+0000] {taskinstance.py:1165} INFO - Dependencies all met for <TaskInstance: dpt_cosmetic.transaction.extract manual__2022-12-31T23:18:46.098110+00:00 [queued]>
[2022-12-31T23:19:04.337+0000] {taskinstance.py:1165} INFO - Dependencies all met for <TaskInstance: dpt_cosmetic.transaction.extract manual__2022-12-31T23:18:46.098110+00:00 [queued]>
[2022-12-31T23:19:04.340+0000] {taskinstance.py:1362} INFO - 
--------------------------------------------------------------------------------
[2022-12-31T23:19:04.342+0000] {taskinstance.py:1363} INFO - Starting attempt 1 of 1
[2022-12-31T23:19:04.343+0000] {taskinstance.py:1364} INFO - 
--------------------------------------------------------------------------------
[2022-12-31T23:19:04.425+0000] {taskinstance.py:1383} INFO - Executing <Task(ExtractOperator): transaction.extract> on 2022-12-31 23:18:46.098110+00:00
[2022-12-31T23:19:04.442+0000] {standard_task_runner.py:55} INFO - Started process 273 to run task
[2022-12-31T23:19:04.464+0000] {standard_task_runner.py:82} INFO - Running: ['***', 'tasks', 'run', 'dpt_cosmetic', 'transaction.extract', 'manual__2022-12-31T23:18:46.098110+00:00', '--job-id', '55', '--raw', '--subdir', 'DAGS_FOLDER/main.py', '--cfg-path', '/tmp/tmpgm4cecdv']
[2022-12-31T23:19:04.466+0000] {standard_task_runner.py:83} INFO - Job 55: Subtask transaction.extract
[2022-12-31T23:19:04.835+0000] {task_command.py:376} INFO - Running <TaskInstance: dpt_cosmetic.transaction.extract manual__2022-12-31T23:18:46.098110+00:00 [running]> on host 6bd76effbc07
[2022-12-31T23:19:05.315+0000] {taskinstance.py:1592} INFO - Exporting the following env vars:
AIRFLOW_CTX_DAG_OWNER=***
AIRFLOW_CTX_DAG_ID=dpt_cosmetic
AIRFLOW_CTX_TASK_ID=transaction.extract
AIRFLOW_CTX_EXECUTION_DATE=2022-12-31T23:18:46.098110+00:00
AIRFLOW_CTX_TRY_NUMBER=1
AIRFLOW_CTX_DAG_RUN_ID=manual__2022-12-31T23:18:46.098110+00:00
[2022-12-31T23:19:05.558+0000] {logging_mixin.py:120} INFO - Empty DataFrame
Columns: []
Index: []
[2022-12-31T23:19:05.638+0000] {taskinstance.py:1406} INFO - Marking task as SUCCESS. dag_id=dpt_cosmetic, task_id=transaction.extract, execution_date=20221231T231846, start_date=20221231T231904, end_date=20221231T231905
[2022-12-31T23:19:05.808+0000] {local_task_job.py:164} INFO - Task exited with return code 0
[2022-12-31T23:19:05.944+0000] {local_task_job.py:273} INFO - 0 downstream tasks scheduled from follow-on schedule check
