[2023-01-07T05:18:08.675+0000] {taskinstance.py:1165} INFO - Dependencies all met for <TaskInstance: dpt_cosmetic.user.transform manual__2023-01-07T05:15:48.107951+00:00 [queued]>
[2023-01-07T05:18:09.224+0000] {taskinstance.py:1165} INFO - Dependencies all met for <TaskInstance: dpt_cosmetic.user.transform manual__2023-01-07T05:15:48.107951+00:00 [queued]>
[2023-01-07T05:18:09.239+0000] {taskinstance.py:1362} INFO - 
--------------------------------------------------------------------------------
[2023-01-07T05:18:09.250+0000] {taskinstance.py:1363} INFO - Starting attempt 1 of 1
[2023-01-07T05:18:09.260+0000] {taskinstance.py:1364} INFO - 
--------------------------------------------------------------------------------
[2023-01-07T05:18:09.830+0000] {taskinstance.py:1383} INFO - Executing <Task(BashOperator): user.transform> on 2023-01-07 05:15:48.107951+00:00
[2023-01-07T05:18:10.055+0000] {standard_task_runner.py:55} INFO - Started process 436 to run task
[2023-01-07T05:18:10.088+0000] {standard_task_runner.py:82} INFO - Running: ['***', 'tasks', 'run', 'dpt_cosmetic', 'user.transform', 'manual__2023-01-07T05:15:48.107951+00:00', '--job-id', '568', '--raw', '--subdir', 'DAGS_FOLDER/main.py', '--cfg-path', '/tmp/tmpka8w9o4v']
[2023-01-07T05:18:10.170+0000] {standard_task_runner.py:83} INFO - Job 568: Subtask user.transform
[2023-01-07T05:18:11.676+0000] {task_command.py:376} INFO - Running <TaskInstance: dpt_cosmetic.user.transform manual__2023-01-07T05:15:48.107951+00:00 [running]> on host fdf4acf1d8ed
[2023-01-07T05:18:14.123+0000] {taskinstance.py:1592} INFO - Exporting the following env vars:
AIRFLOW_CTX_DAG_OWNER=***
AIRFLOW_CTX_DAG_ID=dpt_cosmetic
AIRFLOW_CTX_TASK_ID=user.transform
AIRFLOW_CTX_EXECUTION_DATE=2023-01-07T05:15:48.107951+00:00
AIRFLOW_CTX_TRY_NUMBER=1
AIRFLOW_CTX_DAG_RUN_ID=manual__2023-01-07T05:15:48.107951+00:00
[2023-01-07T05:18:14.145+0000] {subprocess.py:63} INFO - Tmp dir root location: 
 /tmp
[2023-01-07T05:18:14.160+0000] {subprocess.py:75} INFO - Running command: ['/bin/bash', '-c', 'sleep 1']
[2023-01-07T05:18:14.405+0000] {subprocess.py:86} INFO - Output:
[2023-01-07T05:18:15.452+0000] {subprocess.py:97} INFO - Command exited with return code 0
[2023-01-07T05:18:16.337+0000] {taskinstance.py:1406} INFO - Marking task as SUCCESS. dag_id=dpt_cosmetic, task_id=user.transform, execution_date=20230107T051548, start_date=20230107T051808, end_date=20230107T051816
[2023-01-07T05:18:16.701+0000] {local_task_job.py:164} INFO - Task exited with return code 0
[2023-01-07T05:18:17.861+0000] {local_task_job.py:273} INFO - 1 downstream tasks scheduled from follow-on schedule check
