[2023-01-07T05:33:50.909+0000] {taskinstance.py:1165} INFO - Dependencies all met for <TaskInstance: bq_process.view_stats.check_table manual__2023-01-07T05:33:42.555984+00:00 [queued]>
[2023-01-07T05:33:50.977+0000] {taskinstance.py:1165} INFO - Dependencies all met for <TaskInstance: bq_process.view_stats.check_table manual__2023-01-07T05:33:42.555984+00:00 [queued]>
[2023-01-07T05:33:50.979+0000] {taskinstance.py:1362} INFO - 
--------------------------------------------------------------------------------
[2023-01-07T05:33:50.980+0000] {taskinstance.py:1363} INFO - Starting attempt 1 of 1
[2023-01-07T05:33:50.981+0000] {taskinstance.py:1364} INFO - 
--------------------------------------------------------------------------------
[2023-01-07T05:33:51.084+0000] {taskinstance.py:1383} INFO - Executing <Task(BranchPythonOperator): view_stats.check_table> on 2023-01-07 05:33:42.555984+00:00
[2023-01-07T05:33:51.108+0000] {standard_task_runner.py:55} INFO - Started process 243 to run task
[2023-01-07T05:33:51.137+0000] {standard_task_runner.py:82} INFO - Running: ['***', 'tasks', 'run', 'bq_process', 'view_stats.check_table', 'manual__2023-01-07T05:33:42.555984+00:00', '--job-id', '656', '--raw', '--subdir', 'DAGS_FOLDER/bigquery_dag.py', '--cfg-path', '/tmp/tmp4r9w0sbb']
[2023-01-07T05:33:51.146+0000] {standard_task_runner.py:83} INFO - Job 656: Subtask view_stats.check_table
[2023-01-07T05:33:51.566+0000] {task_command.py:376} INFO - Running <TaskInstance: bq_process.view_stats.check_table manual__2023-01-07T05:33:42.555984+00:00 [running]> on host fdf4acf1d8ed
[2023-01-07T05:33:52.319+0000] {taskinstance.py:1592} INFO - Exporting the following env vars:
AIRFLOW_CTX_DAG_OWNER=***
AIRFLOW_CTX_DAG_ID=bq_process
AIRFLOW_CTX_TASK_ID=view_stats.check_table
AIRFLOW_CTX_EXECUTION_DATE=2023-01-07T05:33:42.555984+00:00
AIRFLOW_CTX_TRY_NUMBER=1
AIRFLOW_CTX_DAG_RUN_ID=manual__2023-01-07T05:33:42.555984+00:00
[2023-01-07T05:33:53.112+0000] {python.py:177} INFO - Done. Returned value was: view_stats.execute_query
[2023-01-07T05:33:53.114+0000] {skipmixin.py:155} INFO - Following branch view_stats.execute_query
[2023-01-07T05:33:53.119+0000] {skipmixin.py:190} INFO - Skipping tasks ['view_stats.create_table']
[2023-01-07T05:33:53.587+0000] {taskinstance.py:1406} INFO - Marking task as SUCCESS. dag_id=bq_process, task_id=view_stats.check_table, execution_date=20230107T053342, start_date=20230107T053350, end_date=20230107T053353
[2023-01-07T05:33:53.742+0000] {local_task_job.py:164} INFO - Task exited with return code 0
[2023-01-07T05:33:54.130+0000] {local_task_job.py:273} INFO - 1 downstream tasks scheduled from follow-on schedule check
