[2023-01-07T01:57:55.032+0000] {taskinstance.py:1165} INFO - Dependencies all met for <TaskInstance: dpt_cosmetic.user.load_to_google_storage scheduled__2023-01-06T00:00:00+00:00 [queued]>
[2023-01-07T01:57:55.165+0000] {taskinstance.py:1165} INFO - Dependencies all met for <TaskInstance: dpt_cosmetic.user.load_to_google_storage scheduled__2023-01-06T00:00:00+00:00 [queued]>
[2023-01-07T01:57:55.169+0000] {taskinstance.py:1362} INFO - 
--------------------------------------------------------------------------------
[2023-01-07T01:57:55.171+0000] {taskinstance.py:1363} INFO - Starting attempt 1 of 1
[2023-01-07T01:57:55.172+0000] {taskinstance.py:1364} INFO - 
--------------------------------------------------------------------------------
[2023-01-07T01:57:55.368+0000] {taskinstance.py:1383} INFO - Executing <Task(BashOperator): user.load_to_google_storage> on 2023-01-06 00:00:00+00:00
[2023-01-07T01:57:55.395+0000] {standard_task_runner.py:55} INFO - Started process 206 to run task
[2023-01-07T01:57:55.482+0000] {standard_task_runner.py:82} INFO - Running: ['***', 'tasks', 'run', 'dpt_cosmetic', 'user.load_to_google_storage', 'scheduled__2023-01-06T00:00:00+00:00', '--job-id', '497', '--raw', '--subdir', 'DAGS_FOLDER/main.py', '--cfg-path', '/tmp/tmpttk0ufx9']
[2023-01-07T01:57:55.516+0000] {standard_task_runner.py:83} INFO - Job 497: Subtask user.load_to_google_storage
[2023-01-07T01:57:55.652+0000] {warnings.py:110} WARNING - /home/***/.local/lib/python3.7/site-packages/***/configuration.py:545: DeprecationWarning: The sql_alchemy_conn option in [core] has been moved to the sql_alchemy_conn option in [database] - the old setting has been used, but please update your config.
  option = self._get_environment_variables(deprecated_key, deprecated_section, key, section)

[2023-01-07T01:57:56.177+0000] {task_command.py:376} INFO - Running <TaskInstance: dpt_cosmetic.user.load_to_google_storage scheduled__2023-01-06T00:00:00+00:00 [running]> on host fdf4acf1d8ed
[2023-01-07T01:57:56.712+0000] {taskinstance.py:1592} INFO - Exporting the following env vars:
AIRFLOW_CTX_DAG_OWNER=***
AIRFLOW_CTX_DAG_ID=dpt_cosmetic
AIRFLOW_CTX_TASK_ID=user.load_to_google_storage
AIRFLOW_CTX_EXECUTION_DATE=2023-01-06T00:00:00+00:00
AIRFLOW_CTX_TRY_NUMBER=1
AIRFLOW_CTX_DAG_RUN_ID=scheduled__2023-01-06T00:00:00+00:00
[2023-01-07T01:57:56.718+0000] {subprocess.py:63} INFO - Tmp dir root location: 
 /tmp
[2023-01-07T01:57:56.721+0000] {subprocess.py:75} INFO - Running command: ['/bin/bash', '-c', 'sleep 1']
[2023-01-07T01:57:56.763+0000] {subprocess.py:86} INFO - Output:
[2023-01-07T01:57:57.780+0000] {subprocess.py:97} INFO - Command exited with return code 0
[2023-01-07T01:57:58.010+0000] {taskinstance.py:1406} INFO - Marking task as SUCCESS. dag_id=dpt_cosmetic, task_id=user.load_to_google_storage, execution_date=20230106T000000, start_date=20230107T015755, end_date=20230107T015758
[2023-01-07T01:57:58.133+0000] {local_task_job.py:164} INFO - Task exited with return code 0
[2023-01-07T01:57:58.384+0000] {local_task_job.py:273} INFO - 0 downstream tasks scheduled from follow-on schedule check
[2023-01-07T05:32:58.445+0000] {taskinstance.py:1165} INFO - Dependencies all met for <TaskInstance: dpt_cosmetic.user.load_to_google_storage scheduled__2023-01-06T00:00:00+00:00 [queued]>
[2023-01-07T05:32:58.699+0000] {taskinstance.py:1165} INFO - Dependencies all met for <TaskInstance: dpt_cosmetic.user.load_to_google_storage scheduled__2023-01-06T00:00:00+00:00 [queued]>
[2023-01-07T05:32:58.710+0000] {taskinstance.py:1362} INFO - 
--------------------------------------------------------------------------------
[2023-01-07T05:32:58.711+0000] {taskinstance.py:1363} INFO - Starting attempt 1 of 1
[2023-01-07T05:32:58.713+0000] {taskinstance.py:1364} INFO - 
--------------------------------------------------------------------------------
[2023-01-07T05:32:59.104+0000] {taskinstance.py:1383} INFO - Executing <Task(BashOperator): user.load_to_google_storage> on 2023-01-06 00:00:00+00:00
[2023-01-07T05:32:59.190+0000] {standard_task_runner.py:55} INFO - Started process 177 to run task
[2023-01-07T05:32:59.249+0000] {standard_task_runner.py:82} INFO - Running: ['***', 'tasks', 'run', 'dpt_cosmetic', 'user.load_to_google_storage', 'scheduled__2023-01-06T00:00:00+00:00', '--job-id', '632', '--raw', '--subdir', 'DAGS_FOLDER/main.py', '--cfg-path', '/tmp/tmpt4g8kh62']
[2023-01-07T05:32:59.309+0000] {standard_task_runner.py:83} INFO - Job 632: Subtask user.load_to_google_storage
[2023-01-07T05:32:59.568+0000] {warnings.py:110} WARNING - /home/***/.local/lib/python3.7/site-packages/***/configuration.py:545: DeprecationWarning: The sql_alchemy_conn option in [core] has been moved to the sql_alchemy_conn option in [database] - the old setting has been used, but please update your config.
  option = self._get_environment_variables(deprecated_key, deprecated_section, key, section)

[2023-01-07T05:33:00.542+0000] {task_command.py:376} INFO - Running <TaskInstance: dpt_cosmetic.user.load_to_google_storage scheduled__2023-01-06T00:00:00+00:00 [running]> on host fdf4acf1d8ed
[2023-01-07T05:33:01.679+0000] {taskinstance.py:1592} INFO - Exporting the following env vars:
AIRFLOW_CTX_DAG_OWNER=***
AIRFLOW_CTX_DAG_ID=dpt_cosmetic
AIRFLOW_CTX_TASK_ID=user.load_to_google_storage
AIRFLOW_CTX_EXECUTION_DATE=2023-01-06T00:00:00+00:00
AIRFLOW_CTX_TRY_NUMBER=1
AIRFLOW_CTX_DAG_RUN_ID=scheduled__2023-01-06T00:00:00+00:00
[2023-01-07T05:33:01.708+0000] {subprocess.py:63} INFO - Tmp dir root location: 
 /tmp
[2023-01-07T05:33:01.708+0000] {subprocess.py:75} INFO - Running command: ['/bin/bash', '-c', 'sleep 1']
[2023-01-07T05:33:01.836+0000] {subprocess.py:86} INFO - Output:
[2023-01-07T05:33:02.872+0000] {subprocess.py:97} INFO - Command exited with return code 0
[2023-01-07T05:33:03.452+0000] {taskinstance.py:1406} INFO - Marking task as SUCCESS. dag_id=dpt_cosmetic, task_id=user.load_to_google_storage, execution_date=20230106T000000, start_date=20230107T053258, end_date=20230107T053303
[2023-01-07T05:33:03.789+0000] {local_task_job.py:164} INFO - Task exited with return code 0
[2023-01-07T05:33:04.146+0000] {local_task_job.py:273} INFO - 0 downstream tasks scheduled from follow-on schedule check
