[2023-01-01T13:14:53.828+0000] {taskinstance.py:1165} INFO - Dependencies all met for <TaskInstance: dpt_cosmetic.transaction.transform manual__2023-01-01T13:14:40.125399+00:00 [queued]>
[2023-01-01T13:14:53.882+0000] {taskinstance.py:1165} INFO - Dependencies all met for <TaskInstance: dpt_cosmetic.transaction.transform manual__2023-01-01T13:14:40.125399+00:00 [queued]>
[2023-01-01T13:14:53.883+0000] {taskinstance.py:1362} INFO - 
--------------------------------------------------------------------------------
[2023-01-01T13:14:53.885+0000] {taskinstance.py:1363} INFO - Starting attempt 1 of 1
[2023-01-01T13:14:53.887+0000] {taskinstance.py:1364} INFO - 
--------------------------------------------------------------------------------
[2023-01-01T13:14:53.967+0000] {taskinstance.py:1383} INFO - Executing <Task(Operator): transaction.transform> on 2023-01-01 13:14:40.125399+00:00
[2023-01-01T13:14:53.983+0000] {standard_task_runner.py:55} INFO - Started process 97 to run task
[2023-01-01T13:14:53.997+0000] {standard_task_runner.py:82} INFO - Running: ['***', 'tasks', 'run', 'dpt_cosmetic', 'transaction.transform', 'manual__2023-01-01T13:14:40.125399+00:00', '--job-id', '165', '--raw', '--subdir', 'DAGS_FOLDER/main.py', '--cfg-path', '/tmp/tmpxao1ngrp']
[2023-01-01T13:14:54.000+0000] {standard_task_runner.py:83} INFO - Job 165: Subtask transaction.transform
[2023-01-01T13:14:54.318+0000] {task_command.py:376} INFO - Running <TaskInstance: dpt_cosmetic.transaction.transform manual__2023-01-01T13:14:40.125399+00:00 [running]> on host 6bd76effbc07
[2023-01-01T13:14:54.643+0000] {taskinstance.py:1592} INFO - Exporting the following env vars:
AIRFLOW_CTX_DAG_OWNER=***
AIRFLOW_CTX_DAG_ID=dpt_cosmetic
AIRFLOW_CTX_TASK_ID=transaction.transform
AIRFLOW_CTX_EXECUTION_DATE=2023-01-01T13:14:40.125399+00:00
AIRFLOW_CTX_TRY_NUMBER=1
AIRFLOW_CTX_DAG_RUN_ID=manual__2023-01-01T13:14:40.125399+00:00
[2023-01-01T13:14:54.885+0000] {taskinstance.py:1851} ERROR - Task failed with exception
Traceback (most recent call last):
  File "/opt/airflow/dags/utilties/operator.py", line 87, in execute
    df=self.transform_trans(df)
  File "/opt/airflow/dags/utilties/operator.py", line 31, in transform_trans
    abnormal_index=trans[(trans.action=='view')&(trans.details=={})]
  File "/home/airflow/.local/lib/python3.7/site-packages/pandas/core/generic.py", line 5487, in __getattr__
    return object.__getattribute__(self, name)
AttributeError: 'DataFrame' object has no attribute 'action'
[2023-01-01T13:14:54.929+0000] {taskinstance.py:1406} INFO - Marking task as FAILED. dag_id=dpt_cosmetic, task_id=transaction.transform, execution_date=20230101T131440, start_date=20230101T131453, end_date=20230101T131454
[2023-01-01T13:14:54.982+0000] {standard_task_runner.py:105} ERROR - Failed to execute job 165 for task transaction.transform ('DataFrame' object has no attribute 'action'; 97)
[2023-01-01T13:14:55.017+0000] {local_task_job.py:164} INFO - Task exited with return code 1
[2023-01-01T13:14:55.121+0000] {local_task_job.py:273} INFO - 0 downstream tasks scheduled from follow-on schedule check
