[2023-01-07T04:46:25.506+0000] {taskinstance.py:1165} INFO - Dependencies all met for <TaskInstance: bq_process.conversion_stats.check_table manual__2023-01-07T04:46:16.333150+00:00 [queued]>
[2023-01-07T04:46:25.554+0000] {taskinstance.py:1165} INFO - Dependencies all met for <TaskInstance: bq_process.conversion_stats.check_table manual__2023-01-07T04:46:16.333150+00:00 [queued]>
[2023-01-07T04:46:25.556+0000] {taskinstance.py:1362} INFO - 
--------------------------------------------------------------------------------
[2023-01-07T04:46:25.557+0000] {taskinstance.py:1363} INFO - Starting attempt 1 of 1
[2023-01-07T04:46:25.558+0000] {taskinstance.py:1364} INFO - 
--------------------------------------------------------------------------------
[2023-01-07T04:46:25.642+0000] {taskinstance.py:1383} INFO - Executing <Task(BranchPythonOperator): conversion_stats.check_table> on 2023-01-07 04:46:16.333150+00:00
[2023-01-07T04:46:25.671+0000] {standard_task_runner.py:55} INFO - Started process 272 to run task
[2023-01-07T04:46:25.695+0000] {standard_task_runner.py:82} INFO - Running: ['***', 'tasks', 'run', 'bq_process', 'conversion_stats.check_table', 'manual__2023-01-07T04:46:16.333150+00:00', '--job-id', '519', '--raw', '--subdir', 'DAGS_FOLDER/bigquery_dag.py', '--cfg-path', '/tmp/tmp5yng8epg']
[2023-01-07T04:46:25.707+0000] {standard_task_runner.py:83} INFO - Job 519: Subtask conversion_stats.check_table
[2023-01-07T04:46:26.112+0000] {task_command.py:376} INFO - Running <TaskInstance: bq_process.conversion_stats.check_table manual__2023-01-07T04:46:16.333150+00:00 [running]> on host fdf4acf1d8ed
[2023-01-07T04:46:26.571+0000] {taskinstance.py:1592} INFO - Exporting the following env vars:
AIRFLOW_CTX_DAG_OWNER=***
AIRFLOW_CTX_DAG_ID=bq_process
AIRFLOW_CTX_TASK_ID=conversion_stats.check_table
AIRFLOW_CTX_EXECUTION_DATE=2023-01-07T04:46:16.333150+00:00
AIRFLOW_CTX_TRY_NUMBER=1
AIRFLOW_CTX_DAG_RUN_ID=manual__2023-01-07T04:46:16.333150+00:00
[2023-01-07T04:46:27.292+0000] {python.py:177} INFO - Done. Returned value was: conversion_stats.create_table
[2023-01-07T04:46:27.294+0000] {skipmixin.py:155} INFO - Following branch conversion_stats.create_table
[2023-01-07T04:46:27.296+0000] {skipmixin.py:190} INFO - Skipping tasks []
[2023-01-07T04:46:27.546+0000] {taskinstance.py:1406} INFO - Marking task as SUCCESS. dag_id=bq_process, task_id=conversion_stats.check_table, execution_date=20230107T044616, start_date=20230107T044625, end_date=20230107T044627
[2023-01-07T04:46:27.652+0000] {local_task_job.py:164} INFO - Task exited with return code 0
[2023-01-07T04:46:28.025+0000] {local_task_job.py:273} INFO - 1 downstream tasks scheduled from follow-on schedule check
