[2023-01-06T02:03:47.762+0000] {taskinstance.py:1165} INFO - Dependencies all met for <TaskInstance: dpt_cosmetic.user_01.create_table manual__2023-01-06T02:03:41.908107+00:00 [queued]>
[2023-01-06T02:03:47.777+0000] {taskinstance.py:1165} INFO - Dependencies all met for <TaskInstance: dpt_cosmetic.user_01.create_table manual__2023-01-06T02:03:41.908107+00:00 [queued]>
[2023-01-06T02:03:47.777+0000] {taskinstance.py:1362} INFO - 
--------------------------------------------------------------------------------
[2023-01-06T02:03:47.778+0000] {taskinstance.py:1363} INFO - Starting attempt 1 of 1
[2023-01-06T02:03:47.779+0000] {taskinstance.py:1364} INFO - 
--------------------------------------------------------------------------------
[2023-01-06T02:03:47.807+0000] {taskinstance.py:1383} INFO - Executing <Task(BigQueryCreateEmptyTableOperator): user_01.create_table> on 2023-01-06 02:03:41.908107+00:00
[2023-01-06T02:03:47.814+0000] {standard_task_runner.py:55} INFO - Started process 184 to run task
[2023-01-06T02:03:47.819+0000] {standard_task_runner.py:82} INFO - Running: ['***', 'tasks', 'run', 'dpt_cosmetic', 'user_01.create_table', 'manual__2023-01-06T02:03:41.908107+00:00', '--job-id', '374', '--raw', '--subdir', 'DAGS_FOLDER/main.py', '--cfg-path', '/tmp/tmpbndge548']
[2023-01-06T02:03:47.821+0000] {standard_task_runner.py:83} INFO - Job 374: Subtask user_01.create_table
[2023-01-06T02:03:47.935+0000] {task_command.py:376} INFO - Running <TaskInstance: dpt_cosmetic.user_01.create_table manual__2023-01-06T02:03:41.908107+00:00 [running]> on host fdf4acf1d8ed
[2023-01-06T02:03:48.037+0000] {taskinstance.py:1592} INFO - Exporting the following env vars:
AIRFLOW_CTX_DAG_OWNER=***
AIRFLOW_CTX_DAG_ID=dpt_cosmetic
AIRFLOW_CTX_TASK_ID=user_01.create_table
AIRFLOW_CTX_EXECUTION_DATE=2023-01-06T02:03:41.908107+00:00
AIRFLOW_CTX_TRY_NUMBER=1
AIRFLOW_CTX_DAG_RUN_ID=manual__2023-01-06T02:03:41.908107+00:00
[2023-01-06T02:03:48.039+0000] {connection.py:429} ERROR - Unable to retrieve connection from secrets backend (EnvironmentVariablesBackend). Checking subsequent secrets backend.
Traceback (most recent call last):
  File "/home/airflow/.local/lib/python3.7/site-packages/airflow/models/connection.py", line 422, in get_connection_from_secrets
    conn = secrets_backend.get_connection(conn_id=conn_id)
  File "/home/airflow/.local/lib/python3.7/site-packages/airflow/secrets/base_secrets.py", line 115, in get_connection
    return self.deserialize_connection(conn_id=conn_id, value=value)
  File "/home/airflow/.local/lib/python3.7/site-packages/airflow/secrets/base_secrets.py", line 67, in deserialize_connection
    return Connection.from_json(conn_id=conn_id, value=value)
  File "/home/airflow/.local/lib/python3.7/site-packages/airflow/models/connection.py", line 449, in from_json
    return Connection(conn_id=conn_id, **kwargs)
TypeError: __init__() got an unexpected keyword argument 'key_path'
[2023-01-06T02:03:48.048+0000] {base.py:71} INFO - Using connection ID 'google_cloud_default' for task execution.
[2023-01-06T02:03:48.050+0000] {connection.py:429} ERROR - Unable to retrieve connection from secrets backend (EnvironmentVariablesBackend). Checking subsequent secrets backend.
Traceback (most recent call last):
  File "/home/airflow/.local/lib/python3.7/site-packages/airflow/models/connection.py", line 422, in get_connection_from_secrets
    conn = secrets_backend.get_connection(conn_id=conn_id)
  File "/home/airflow/.local/lib/python3.7/site-packages/airflow/secrets/base_secrets.py", line 115, in get_connection
    return self.deserialize_connection(conn_id=conn_id, value=value)
  File "/home/airflow/.local/lib/python3.7/site-packages/airflow/secrets/base_secrets.py", line 67, in deserialize_connection
    return Connection.from_json(conn_id=conn_id, value=value)
  File "/home/airflow/.local/lib/python3.7/site-packages/airflow/models/connection.py", line 449, in from_json
    return Connection(conn_id=conn_id, **kwargs)
TypeError: __init__() got an unexpected keyword argument 'key_path'
[2023-01-06T02:03:48.058+0000] {base.py:71} INFO - Using connection ID 'google_cloud_default' for task execution.
[2023-01-06T02:03:48.522+0000] {bigquery.py:910} INFO - Creating table
[2023-01-06T02:03:49.071+0000] {bigquery.py:926} INFO - Table my-kubeflow-370515.cosmetic.user created successfully
[2023-01-06T02:03:49.094+0000] {taskinstance.py:1406} INFO - Marking task as SUCCESS. dag_id=dpt_cosmetic, task_id=user_01.create_table, execution_date=20230106T020341, start_date=20230106T020347, end_date=20230106T020349
[2023-01-06T02:03:49.156+0000] {local_task_job.py:164} INFO - Task exited with return code 0
[2023-01-06T02:03:49.211+0000] {local_task_job.py:273} INFO - 1 downstream tasks scheduled from follow-on schedule check
