[2023-01-06T20:30:56.523+0000] {taskinstance.py:1165} INFO - Dependencies all met for <TaskInstance: dpt_cosmetic.transaction.transform manual__2023-01-06T20:30:39.090323+00:00 [queued]>
[2023-01-06T20:30:56.640+0000] {taskinstance.py:1165} INFO - Dependencies all met for <TaskInstance: dpt_cosmetic.transaction.transform manual__2023-01-06T20:30:39.090323+00:00 [queued]>
[2023-01-06T20:30:56.643+0000] {taskinstance.py:1362} INFO - 
--------------------------------------------------------------------------------
[2023-01-06T20:30:56.645+0000] {taskinstance.py:1363} INFO - Starting attempt 1 of 1
[2023-01-06T20:30:56.652+0000] {taskinstance.py:1364} INFO - 
--------------------------------------------------------------------------------
[2023-01-06T20:30:56.765+0000] {taskinstance.py:1383} INFO - Executing <Task(BashOperator): transaction.transform> on 2023-01-06 20:30:39.090323+00:00
[2023-01-06T20:30:56.797+0000] {standard_task_runner.py:55} INFO - Started process 249 to run task
[2023-01-06T20:30:56.822+0000] {standard_task_runner.py:82} INFO - Running: ['***', 'tasks', 'run', 'dpt_cosmetic', 'transaction.transform', 'manual__2023-01-06T20:30:39.090323+00:00', '--job-id', '420', '--raw', '--subdir', 'DAGS_FOLDER/main.py', '--cfg-path', '/tmp/tmpbd6z1mz1']
[2023-01-06T20:30:56.829+0000] {standard_task_runner.py:83} INFO - Job 420: Subtask transaction.transform
[2023-01-06T20:30:57.409+0000] {task_command.py:376} INFO - Running <TaskInstance: dpt_cosmetic.transaction.transform manual__2023-01-06T20:30:39.090323+00:00 [running]> on host fdf4acf1d8ed
[2023-01-06T20:30:57.873+0000] {taskinstance.py:1592} INFO - Exporting the following env vars:
AIRFLOW_CTX_DAG_OWNER=***
AIRFLOW_CTX_DAG_ID=dpt_cosmetic
AIRFLOW_CTX_TASK_ID=transaction.transform
AIRFLOW_CTX_EXECUTION_DATE=2023-01-06T20:30:39.090323+00:00
AIRFLOW_CTX_TRY_NUMBER=1
AIRFLOW_CTX_DAG_RUN_ID=manual__2023-01-06T20:30:39.090323+00:00
[2023-01-06T20:30:57.879+0000] {subprocess.py:63} INFO - Tmp dir root location: 
 /tmp
[2023-01-06T20:30:57.882+0000] {subprocess.py:75} INFO - Running command: ['/bin/bash', '-c', 'sleep 1']
[2023-01-06T20:30:57.921+0000] {subprocess.py:86} INFO - Output:
[2023-01-06T20:30:58.935+0000] {subprocess.py:97} INFO - Command exited with return code 0
[2023-01-06T20:30:59.160+0000] {taskinstance.py:1406} INFO - Marking task as SUCCESS. dag_id=dpt_cosmetic, task_id=transaction.transform, execution_date=20230106T203039, start_date=20230106T203056, end_date=20230106T203059
[2023-01-06T20:30:59.345+0000] {local_task_job.py:164} INFO - Task exited with return code 0
[2023-01-06T20:30:59.851+0000] {local_task_job.py:273} INFO - 1 downstream tasks scheduled from follow-on schedule check
