[2023-01-01T00:31:52.373+0000] {taskinstance.py:1165} INFO - Dependencies all met for <TaskInstance: dpt_cosmetic.transaction.extract manual__2023-01-01T00:31:38.749015+00:00 [queued]>
[2023-01-01T00:31:52.445+0000] {taskinstance.py:1165} INFO - Dependencies all met for <TaskInstance: dpt_cosmetic.transaction.extract manual__2023-01-01T00:31:38.749015+00:00 [queued]>
[2023-01-01T00:31:52.447+0000] {taskinstance.py:1362} INFO - 
--------------------------------------------------------------------------------
[2023-01-01T00:31:52.449+0000] {taskinstance.py:1363} INFO - Starting attempt 1 of 1
[2023-01-01T00:31:52.450+0000] {taskinstance.py:1364} INFO - 
--------------------------------------------------------------------------------
[2023-01-01T00:31:52.542+0000] {taskinstance.py:1383} INFO - Executing <Task(ExtractOperator): transaction.extract> on 2023-01-01 00:31:38.749015+00:00
[2023-01-01T00:31:52.559+0000] {standard_task_runner.py:55} INFO - Started process 691 to run task
[2023-01-01T00:31:52.574+0000] {standard_task_runner.py:82} INFO - Running: ['***', 'tasks', 'run', 'dpt_cosmetic', 'transaction.extract', 'manual__2023-01-01T00:31:38.749015+00:00', '--job-id', '108', '--raw', '--subdir', 'DAGS_FOLDER/main.py', '--cfg-path', '/tmp/tmp_2tk4eu8']
[2023-01-01T00:31:52.577+0000] {standard_task_runner.py:83} INFO - Job 108: Subtask transaction.extract
[2023-01-01T00:31:52.951+0000] {task_command.py:376} INFO - Running <TaskInstance: dpt_cosmetic.transaction.extract manual__2023-01-01T00:31:38.749015+00:00 [running]> on host 6bd76effbc07
[2023-01-01T00:31:53.389+0000] {taskinstance.py:1592} INFO - Exporting the following env vars:
AIRFLOW_CTX_DAG_OWNER=***
AIRFLOW_CTX_DAG_ID=dpt_cosmetic
AIRFLOW_CTX_TASK_ID=transaction.extract
AIRFLOW_CTX_EXECUTION_DATE=2023-01-01T00:31:38.749015+00:00
AIRFLOW_CTX_TRY_NUMBER=1
AIRFLOW_CTX_DAG_RUN_ID=manual__2023-01-01T00:31:38.749015+00:00
[2023-01-01T00:31:53.428+0000] {base.py:71} INFO - Using connection ID 'mongodb' for task execution.
[2023-01-01T00:31:53.470+0000] {logging_mixin.py:120} INFO - <pymongo.cursor.Cursor object at 0x7f7cb7416c50>
[2023-01-01T00:31:53.600+0000] {logging_mixin.py:120} INFO - []
[2023-01-01T00:31:53.602+0000] {taskinstance.py:1851} ERROR - Task failed with exception
Traceback (most recent call last):
  File "/opt/airflow/dags/utilties/extract_operator.py", line 33, in execute
    data=pd.DataFrame(list(results))
NameError: name 'results' is not defined
[2023-01-01T00:31:53.643+0000] {taskinstance.py:1406} INFO - Marking task as FAILED. dag_id=dpt_cosmetic, task_id=transaction.extract, execution_date=20230101T003138, start_date=20230101T003152, end_date=20230101T003153
[2023-01-01T00:31:53.707+0000] {standard_task_runner.py:105} ERROR - Failed to execute job 108 for task transaction.extract (name 'results' is not defined; 691)
[2023-01-01T00:31:53.753+0000] {local_task_job.py:164} INFO - Task exited with return code 1
[2023-01-01T00:31:53.854+0000] {local_task_job.py:273} INFO - 0 downstream tasks scheduled from follow-on schedule check
