[2023-01-07T01:57:23.395+0000] {taskinstance.py:1165} INFO - Dependencies all met for <TaskInstance: dpt_cosmetic.product.check_file_exists manual__2023-01-07T01:56:33.607260+00:00 [queued]>
[2023-01-07T01:57:23.640+0000] {taskinstance.py:1165} INFO - Dependencies all met for <TaskInstance: dpt_cosmetic.product.check_file_exists manual__2023-01-07T01:56:33.607260+00:00 [queued]>
[2023-01-07T01:57:23.645+0000] {taskinstance.py:1362} INFO - 
--------------------------------------------------------------------------------
[2023-01-07T01:57:23.670+0000] {taskinstance.py:1363} INFO - Starting attempt 1 of 1
[2023-01-07T01:57:23.671+0000] {taskinstance.py:1364} INFO - 
--------------------------------------------------------------------------------
[2023-01-07T01:57:23.966+0000] {taskinstance.py:1383} INFO - Executing <Task(BashOperator): product.check_file_exists> on 2023-01-07 01:56:33.607260+00:00
[2023-01-07T01:57:24.007+0000] {standard_task_runner.py:55} INFO - Started process 144 to run task
[2023-01-07T01:57:24.036+0000] {standard_task_runner.py:82} INFO - Running: ['***', 'tasks', 'run', 'dpt_cosmetic', 'product.check_file_exists', 'manual__2023-01-07T01:56:33.607260+00:00', '--job-id', '480', '--raw', '--subdir', 'DAGS_FOLDER/main.py', '--cfg-path', '/tmp/tmp9hg_xzuk']
[2023-01-07T01:57:24.057+0000] {standard_task_runner.py:83} INFO - Job 480: Subtask product.check_file_exists
[2023-01-07T01:57:24.498+0000] {task_command.py:376} INFO - Running <TaskInstance: dpt_cosmetic.product.check_file_exists manual__2023-01-07T01:56:33.607260+00:00 [running]> on host fdf4acf1d8ed
[2023-01-07T01:57:25.605+0000] {taskinstance.py:1592} INFO - Exporting the following env vars:
AIRFLOW_CTX_DAG_OWNER=***
AIRFLOW_CTX_DAG_ID=dpt_cosmetic
AIRFLOW_CTX_TASK_ID=product.check_file_exists
AIRFLOW_CTX_EXECUTION_DATE=2023-01-07T01:56:33.607260+00:00
AIRFLOW_CTX_TRY_NUMBER=1
AIRFLOW_CTX_DAG_RUN_ID=manual__2023-01-07T01:56:33.607260+00:00
[2023-01-07T01:57:25.660+0000] {subprocess.py:63} INFO - Tmp dir root location: 
 /tmp
[2023-01-07T01:57:25.664+0000] {subprocess.py:75} INFO - Running command: ['/bin/bash', '-c', 'sleep 1']
[2023-01-07T01:57:25.774+0000] {subprocess.py:86} INFO - Output:
[2023-01-07T01:57:26.806+0000] {subprocess.py:97} INFO - Command exited with return code 0
[2023-01-07T01:57:27.161+0000] {taskinstance.py:1406} INFO - Marking task as SUCCESS. dag_id=dpt_cosmetic, task_id=product.check_file_exists, execution_date=20230107T015633, start_date=20230107T015723, end_date=20230107T015727
[2023-01-07T01:57:27.578+0000] {local_task_job.py:164} INFO - Task exited with return code 0
[2023-01-07T01:57:28.350+0000] {local_task_job.py:273} INFO - 1 downstream tasks scheduled from follow-on schedule check
