[2023-01-01T00:15:11.013+0000] {taskinstance.py:1165} INFO - Dependencies all met for <TaskInstance: dpt_cosmetic.transaction.extract manual__2023-01-01T00:14:57.797576+00:00 [queued]>
[2023-01-01T00:15:11.071+0000] {taskinstance.py:1165} INFO - Dependencies all met for <TaskInstance: dpt_cosmetic.transaction.extract manual__2023-01-01T00:14:57.797576+00:00 [queued]>
[2023-01-01T00:15:11.074+0000] {taskinstance.py:1362} INFO - 
--------------------------------------------------------------------------------
[2023-01-01T00:15:11.075+0000] {taskinstance.py:1363} INFO - Starting attempt 1 of 1
[2023-01-01T00:15:11.077+0000] {taskinstance.py:1364} INFO - 
--------------------------------------------------------------------------------
[2023-01-01T00:15:11.193+0000] {taskinstance.py:1383} INFO - Executing <Task(ExtractOperator): transaction.extract> on 2023-01-01 00:14:57.797576+00:00
[2023-01-01T00:15:11.209+0000] {standard_task_runner.py:55} INFO - Started process 555 to run task
[2023-01-01T00:15:11.227+0000] {standard_task_runner.py:82} INFO - Running: ['***', 'tasks', 'run', 'dpt_cosmetic', 'transaction.extract', 'manual__2023-01-01T00:14:57.797576+00:00', '--job-id', '91', '--raw', '--subdir', 'DAGS_FOLDER/main.py', '--cfg-path', '/tmp/tmp68wlogvb']
[2023-01-01T00:15:11.230+0000] {standard_task_runner.py:83} INFO - Job 91: Subtask transaction.extract
[2023-01-01T00:15:11.605+0000] {task_command.py:376} INFO - Running <TaskInstance: dpt_cosmetic.transaction.extract manual__2023-01-01T00:14:57.797576+00:00 [running]> on host 6bd76effbc07
[2023-01-01T00:15:12.058+0000] {taskinstance.py:1592} INFO - Exporting the following env vars:
AIRFLOW_CTX_DAG_OWNER=***
AIRFLOW_CTX_DAG_ID=dpt_cosmetic
AIRFLOW_CTX_TASK_ID=transaction.extract
AIRFLOW_CTX_EXECUTION_DATE=2023-01-01T00:14:57.797576+00:00
AIRFLOW_CTX_TRY_NUMBER=1
AIRFLOW_CTX_DAG_RUN_ID=manual__2023-01-01T00:14:57.797576+00:00
[2023-01-01T00:15:12.061+0000] {taskinstance.py:1851} ERROR - Task failed with exception
Traceback (most recent call last):
  File "/opt/airflow/dags/utilties/extract_operator.py", line 18, in execute
    query=query
TypeError: find() takes no keyword arguments
[2023-01-01T00:15:12.121+0000] {taskinstance.py:1406} INFO - Marking task as FAILED. dag_id=dpt_cosmetic, task_id=transaction.extract, execution_date=20230101T001457, start_date=20230101T001511, end_date=20230101T001512
[2023-01-01T00:15:12.178+0000] {standard_task_runner.py:105} ERROR - Failed to execute job 91 for task transaction.extract (find() takes no keyword arguments; 555)
[2023-01-01T00:15:12.213+0000] {local_task_job.py:164} INFO - Task exited with return code 1
[2023-01-01T00:15:12.310+0000] {local_task_job.py:273} INFO - 0 downstream tasks scheduled from follow-on schedule check
