[2023-01-06T01:17:35.186+0000] {taskinstance.py:1165} INFO - Dependencies all met for <TaskInstance: dpt_cosmetic.transaction_01.check_table scheduled__2023-01-05T00:00:00+00:00 [queued]>
[2023-01-06T01:17:35.220+0000] {taskinstance.py:1165} INFO - Dependencies all met for <TaskInstance: dpt_cosmetic.transaction_01.check_table scheduled__2023-01-05T00:00:00+00:00 [queued]>
[2023-01-06T01:17:35.220+0000] {taskinstance.py:1362} INFO - 
--------------------------------------------------------------------------------
[2023-01-06T01:17:35.221+0000] {taskinstance.py:1363} INFO - Starting attempt 1 of 1
[2023-01-06T01:17:35.222+0000] {taskinstance.py:1364} INFO - 
--------------------------------------------------------------------------------
[2023-01-06T01:17:35.283+0000] {taskinstance.py:1383} INFO - Executing <Task(BranchPythonOperator): transaction_01.check_table> on 2023-01-05 00:00:00+00:00
[2023-01-06T01:17:35.296+0000] {standard_task_runner.py:55} INFO - Started process 58 to run task
[2023-01-06T01:17:35.304+0000] {standard_task_runner.py:82} INFO - Running: ['***', 'tasks', 'run', 'dpt_cosmetic', 'transaction_01.check_table', 'scheduled__2023-01-05T00:00:00+00:00', '--job-id', '331', '--raw', '--subdir', 'DAGS_FOLDER/main.py', '--cfg-path', '/tmp/tmpj_awl31b']
[2023-01-06T01:17:35.316+0000] {standard_task_runner.py:83} INFO - Job 331: Subtask transaction_01.check_table
[2023-01-06T01:17:35.350+0000] {warnings.py:110} WARNING - /home/***/.local/lib/python3.7/site-packages/***/configuration.py:545: DeprecationWarning: The sql_alchemy_conn option in [core] has been moved to the sql_alchemy_conn option in [database] - the old setting has been used, but please update your config.
  option = self._get_environment_variables(deprecated_key, deprecated_section, key, section)

[2023-01-06T01:17:35.468+0000] {task_command.py:376} INFO - Running <TaskInstance: dpt_cosmetic.transaction_01.check_table scheduled__2023-01-05T00:00:00+00:00 [running]> on host fdf4acf1d8ed
[2023-01-06T01:17:35.592+0000] {taskinstance.py:1592} INFO - Exporting the following env vars:
AIRFLOW_CTX_DAG_OWNER=***
AIRFLOW_CTX_DAG_ID=dpt_cosmetic
AIRFLOW_CTX_TASK_ID=transaction_01.check_table
AIRFLOW_CTX_EXECUTION_DATE=2023-01-05T00:00:00+00:00
AIRFLOW_CTX_TRY_NUMBER=1
AIRFLOW_CTX_DAG_RUN_ID=scheduled__2023-01-05T00:00:00+00:00
[2023-01-06T01:17:36.180+0000] {python.py:177} INFO - Done. Returned value was: create_table
[2023-01-06T01:17:36.208+0000] {taskinstance.py:1851} ERROR - Task failed with exception
Traceback (most recent call last):
  File "/home/airflow/.local/lib/python3.7/site-packages/airflow/operators/python.py", line 225, in execute
    f"Branch callable must return valid task_ids. Invalid tasks found: {invalid_task_ids}"
airflow.exceptions.AirflowException: Branch callable must return valid task_ids. Invalid tasks found: {'create_table'}
[2023-01-06T01:17:36.216+0000] {taskinstance.py:1406} INFO - Marking task as FAILED. dag_id=dpt_cosmetic, task_id=transaction_01.check_table, execution_date=20230105T000000, start_date=20230106T011735, end_date=20230106T011736
[2023-01-06T01:17:36.249+0000] {standard_task_runner.py:105} ERROR - Failed to execute job 331 for task transaction_01.check_table (Branch callable must return valid task_ids. Invalid tasks found: {'create_table'}; 58)
[2023-01-06T01:17:36.280+0000] {local_task_job.py:164} INFO - Task exited with return code 1
[2023-01-06T01:17:36.339+0000] {local_task_job.py:273} INFO - 0 downstream tasks scheduled from follow-on schedule check
[2023-01-06T01:57:41.045+0000] {taskinstance.py:1165} INFO - Dependencies all met for <TaskInstance: dpt_cosmetic.transaction_01.check_table scheduled__2023-01-05T00:00:00+00:00 [queued]>
[2023-01-06T01:57:41.059+0000] {taskinstance.py:1165} INFO - Dependencies all met for <TaskInstance: dpt_cosmetic.transaction_01.check_table scheduled__2023-01-05T00:00:00+00:00 [queued]>
[2023-01-06T01:57:41.059+0000] {taskinstance.py:1362} INFO - 
--------------------------------------------------------------------------------
[2023-01-06T01:57:41.060+0000] {taskinstance.py:1363} INFO - Starting attempt 1 of 1
[2023-01-06T01:57:41.060+0000] {taskinstance.py:1364} INFO - 
--------------------------------------------------------------------------------
[2023-01-06T01:57:41.079+0000] {taskinstance.py:1383} INFO - Executing <Task(BranchPythonOperator): transaction_01.check_table> on 2023-01-05 00:00:00+00:00
[2023-01-06T01:57:41.085+0000] {standard_task_runner.py:55} INFO - Started process 130 to run task
[2023-01-06T01:57:41.092+0000] {standard_task_runner.py:82} INFO - Running: ['***', 'tasks', 'run', 'dpt_cosmetic', 'transaction_01.check_table', 'scheduled__2023-01-05T00:00:00+00:00', '--job-id', '356', '--raw', '--subdir', 'DAGS_FOLDER/main.py', '--cfg-path', '/tmp/tmp7fxhfi07']
[2023-01-06T01:57:41.095+0000] {standard_task_runner.py:83} INFO - Job 356: Subtask transaction_01.check_table
[2023-01-06T01:57:41.120+0000] {warnings.py:110} WARNING - /home/***/.local/lib/python3.7/site-packages/***/configuration.py:545: DeprecationWarning: The sql_alchemy_conn option in [core] has been moved to the sql_alchemy_conn option in [database] - the old setting has been used, but please update your config.
  option = self._get_environment_variables(deprecated_key, deprecated_section, key, section)

[2023-01-06T01:57:41.201+0000] {task_command.py:376} INFO - Running <TaskInstance: dpt_cosmetic.transaction_01.check_table scheduled__2023-01-05T00:00:00+00:00 [running]> on host fdf4acf1d8ed
[2023-01-06T01:57:41.307+0000] {taskinstance.py:1592} INFO - Exporting the following env vars:
AIRFLOW_CTX_DAG_OWNER=***
AIRFLOW_CTX_DAG_ID=dpt_cosmetic
AIRFLOW_CTX_TASK_ID=transaction_01.check_table
AIRFLOW_CTX_EXECUTION_DATE=2023-01-05T00:00:00+00:00
AIRFLOW_CTX_TRY_NUMBER=1
AIRFLOW_CTX_DAG_RUN_ID=scheduled__2023-01-05T00:00:00+00:00
[2023-01-06T01:57:41.813+0000] {python.py:177} INFO - Done. Returned value was: transaction_01.create_table
[2023-01-06T01:57:41.814+0000] {skipmixin.py:155} INFO - Following branch transaction_01.create_table
[2023-01-06T01:57:41.816+0000] {skipmixin.py:190} INFO - Skipping tasks []
[2023-01-06T01:57:41.949+0000] {taskinstance.py:1406} INFO - Marking task as SUCCESS. dag_id=dpt_cosmetic, task_id=transaction_01.check_table, execution_date=20230105T000000, start_date=20230106T015741, end_date=20230106T015741
[2023-01-06T01:57:42.027+0000] {local_task_job.py:164} INFO - Task exited with return code 0
[2023-01-06T01:57:42.166+0000] {local_task_job.py:273} INFO - 1 downstream tasks scheduled from follow-on schedule check
[2023-01-06T01:59:10.852+0000] {taskinstance.py:1165} INFO - Dependencies all met for <TaskInstance: dpt_cosmetic.transaction_01.check_table scheduled__2023-01-05T00:00:00+00:00 [queued]>
[2023-01-06T01:59:10.863+0000] {taskinstance.py:1165} INFO - Dependencies all met for <TaskInstance: dpt_cosmetic.transaction_01.check_table scheduled__2023-01-05T00:00:00+00:00 [queued]>
[2023-01-06T01:59:10.863+0000] {taskinstance.py:1362} INFO - 
--------------------------------------------------------------------------------
[2023-01-06T01:59:10.864+0000] {taskinstance.py:1363} INFO - Starting attempt 1 of 1
[2023-01-06T01:59:10.864+0000] {taskinstance.py:1364} INFO - 
--------------------------------------------------------------------------------
[2023-01-06T01:59:10.881+0000] {taskinstance.py:1383} INFO - Executing <Task(BranchPythonOperator): transaction_01.check_table> on 2023-01-05 00:00:00+00:00
[2023-01-06T01:59:10.886+0000] {standard_task_runner.py:55} INFO - Started process 156 to run task
[2023-01-06T01:59:10.891+0000] {standard_task_runner.py:82} INFO - Running: ['***', 'tasks', 'run', 'dpt_cosmetic', 'transaction_01.check_table', 'scheduled__2023-01-05T00:00:00+00:00', '--job-id', '364', '--raw', '--subdir', 'DAGS_FOLDER/main.py', '--cfg-path', '/tmp/tmpmzpx4oo7']
[2023-01-06T01:59:10.893+0000] {standard_task_runner.py:83} INFO - Job 364: Subtask transaction_01.check_table
[2023-01-06T01:59:10.907+0000] {warnings.py:110} WARNING - /home/***/.local/lib/python3.7/site-packages/***/configuration.py:545: DeprecationWarning: The sql_alchemy_conn option in [core] has been moved to the sql_alchemy_conn option in [database] - the old setting has been used, but please update your config.
  option = self._get_environment_variables(deprecated_key, deprecated_section, key, section)

[2023-01-06T01:59:10.979+0000] {task_command.py:376} INFO - Running <TaskInstance: dpt_cosmetic.transaction_01.check_table scheduled__2023-01-05T00:00:00+00:00 [running]> on host fdf4acf1d8ed
[2023-01-06T01:59:11.070+0000] {taskinstance.py:1592} INFO - Exporting the following env vars:
AIRFLOW_CTX_DAG_OWNER=***
AIRFLOW_CTX_DAG_ID=dpt_cosmetic
AIRFLOW_CTX_TASK_ID=transaction_01.check_table
AIRFLOW_CTX_EXECUTION_DATE=2023-01-05T00:00:00+00:00
AIRFLOW_CTX_TRY_NUMBER=1
AIRFLOW_CTX_DAG_RUN_ID=scheduled__2023-01-05T00:00:00+00:00
[2023-01-06T01:59:11.677+0000] {python.py:177} INFO - Done. Returned value was: transaction_01.create_table
[2023-01-06T01:59:11.680+0000] {skipmixin.py:155} INFO - Following branch transaction_01.create_table
[2023-01-06T01:59:11.683+0000] {skipmixin.py:190} INFO - Skipping tasks []
[2023-01-06T01:59:11.776+0000] {taskinstance.py:1406} INFO - Marking task as SUCCESS. dag_id=dpt_cosmetic, task_id=transaction_01.check_table, execution_date=20230105T000000, start_date=20230106T015910, end_date=20230106T015911
[2023-01-06T01:59:11.829+0000] {local_task_job.py:164} INFO - Task exited with return code 0
[2023-01-06T01:59:11.901+0000] {local_task_job.py:273} INFO - 1 downstream tasks scheduled from follow-on schedule check
