[2023-01-06T20:32:49.711+0000] {taskinstance.py:1165} INFO - Dependencies all met for <TaskInstance: dpt_cosmetic.user.load_to_google_storage manual__2023-01-06T20:32:08.611424+00:00 [queued]>
[2023-01-06T20:32:49.766+0000] {taskinstance.py:1165} INFO - Dependencies all met for <TaskInstance: dpt_cosmetic.user.load_to_google_storage manual__2023-01-06T20:32:08.611424+00:00 [queued]>
[2023-01-06T20:32:49.768+0000] {taskinstance.py:1362} INFO - 
--------------------------------------------------------------------------------
[2023-01-06T20:32:49.769+0000] {taskinstance.py:1363} INFO - Starting attempt 1 of 1
[2023-01-06T20:32:49.770+0000] {taskinstance.py:1364} INFO - 
--------------------------------------------------------------------------------
[2023-01-06T20:32:49.853+0000] {taskinstance.py:1383} INFO - Executing <Task(BashOperator): user.load_to_google_storage> on 2023-01-06 20:32:08.611424+00:00
[2023-01-06T20:32:49.869+0000] {standard_task_runner.py:55} INFO - Started process 491 to run task
[2023-01-06T20:32:49.884+0000] {standard_task_runner.py:82} INFO - Running: ['***', 'tasks', 'run', 'dpt_cosmetic', 'user.load_to_google_storage', 'manual__2023-01-06T20:32:08.611424+00:00', '--job-id', '454', '--raw', '--subdir', 'DAGS_FOLDER/main.py', '--cfg-path', '/tmp/tmpzxn7qfzm']
[2023-01-06T20:32:49.887+0000] {standard_task_runner.py:83} INFO - Job 454: Subtask user.load_to_google_storage
[2023-01-06T20:32:50.235+0000] {task_command.py:376} INFO - Running <TaskInstance: dpt_cosmetic.user.load_to_google_storage manual__2023-01-06T20:32:08.611424+00:00 [running]> on host fdf4acf1d8ed
[2023-01-06T20:32:50.747+0000] {taskinstance.py:1592} INFO - Exporting the following env vars:
AIRFLOW_CTX_DAG_OWNER=***
AIRFLOW_CTX_DAG_ID=dpt_cosmetic
AIRFLOW_CTX_TASK_ID=user.load_to_google_storage
AIRFLOW_CTX_EXECUTION_DATE=2023-01-06T20:32:08.611424+00:00
AIRFLOW_CTX_TRY_NUMBER=1
AIRFLOW_CTX_DAG_RUN_ID=manual__2023-01-06T20:32:08.611424+00:00
[2023-01-06T20:32:50.759+0000] {subprocess.py:63} INFO - Tmp dir root location: 
 /tmp
[2023-01-06T20:32:50.762+0000] {subprocess.py:75} INFO - Running command: ['/bin/bash', '-c', 'sleep 1']
[2023-01-06T20:32:50.819+0000] {subprocess.py:86} INFO - Output:
[2023-01-06T20:32:51.834+0000] {subprocess.py:97} INFO - Command exited with return code 0
[2023-01-06T20:32:51.961+0000] {taskinstance.py:1406} INFO - Marking task as SUCCESS. dag_id=dpt_cosmetic, task_id=user.load_to_google_storage, execution_date=20230106T203208, start_date=20230106T203249, end_date=20230106T203251
[2023-01-06T20:32:52.089+0000] {local_task_job.py:164} INFO - Task exited with return code 0
[2023-01-06T20:32:52.292+0000] {local_task_job.py:273} INFO - 1 downstream tasks scheduled from follow-on schedule check
