[2023-01-07T01:57:35.048+0000] {taskinstance.py:1165} INFO - Dependencies all met for <TaskInstance: dpt_cosmetic.user.check_file_exists scheduled__2023-01-06T00:00:00+00:00 [queued]>
[2023-01-07T01:57:35.211+0000] {taskinstance.py:1165} INFO - Dependencies all met for <TaskInstance: dpt_cosmetic.user.check_file_exists scheduled__2023-01-06T00:00:00+00:00 [queued]>
[2023-01-07T01:57:35.213+0000] {taskinstance.py:1362} INFO - 
--------------------------------------------------------------------------------
[2023-01-07T01:57:35.215+0000] {taskinstance.py:1363} INFO - Starting attempt 1 of 1
[2023-01-07T01:57:35.220+0000] {taskinstance.py:1364} INFO - 
--------------------------------------------------------------------------------
[2023-01-07T01:57:35.448+0000] {taskinstance.py:1383} INFO - Executing <Task(BashOperator): user.check_file_exists> on 2023-01-06 00:00:00+00:00
[2023-01-07T01:57:35.501+0000] {standard_task_runner.py:55} INFO - Started process 168 to run task
[2023-01-07T01:57:35.546+0000] {standard_task_runner.py:82} INFO - Running: ['***', 'tasks', 'run', 'dpt_cosmetic', 'user.check_file_exists', 'scheduled__2023-01-06T00:00:00+00:00', '--job-id', '486', '--raw', '--subdir', 'DAGS_FOLDER/main.py', '--cfg-path', '/tmp/tmpxz196a2o']
[2023-01-07T01:57:35.570+0000] {standard_task_runner.py:83} INFO - Job 486: Subtask user.check_file_exists
[2023-01-07T01:57:35.722+0000] {warnings.py:110} WARNING - /home/***/.local/lib/python3.7/site-packages/***/configuration.py:545: DeprecationWarning: The sql_alchemy_conn option in [core] has been moved to the sql_alchemy_conn option in [database] - the old setting has been used, but please update your config.
  option = self._get_environment_variables(deprecated_key, deprecated_section, key, section)

[2023-01-07T01:57:36.374+0000] {task_command.py:376} INFO - Running <TaskInstance: dpt_cosmetic.user.check_file_exists scheduled__2023-01-06T00:00:00+00:00 [running]> on host fdf4acf1d8ed
[2023-01-07T01:57:37.313+0000] {taskinstance.py:1592} INFO - Exporting the following env vars:
AIRFLOW_CTX_DAG_OWNER=***
AIRFLOW_CTX_DAG_ID=dpt_cosmetic
AIRFLOW_CTX_TASK_ID=user.check_file_exists
AIRFLOW_CTX_EXECUTION_DATE=2023-01-06T00:00:00+00:00
AIRFLOW_CTX_TRY_NUMBER=1
AIRFLOW_CTX_DAG_RUN_ID=scheduled__2023-01-06T00:00:00+00:00
[2023-01-07T01:57:37.330+0000] {subprocess.py:63} INFO - Tmp dir root location: 
 /tmp
[2023-01-07T01:57:37.350+0000] {subprocess.py:75} INFO - Running command: ['/bin/bash', '-c', 'sleep 1']
[2023-01-07T01:57:37.453+0000] {subprocess.py:86} INFO - Output:
[2023-01-07T01:57:38.498+0000] {subprocess.py:97} INFO - Command exited with return code 0
[2023-01-07T01:57:38.753+0000] {taskinstance.py:1406} INFO - Marking task as SUCCESS. dag_id=dpt_cosmetic, task_id=user.check_file_exists, execution_date=20230106T000000, start_date=20230107T015735, end_date=20230107T015738
[2023-01-07T01:57:39.223+0000] {local_task_job.py:164} INFO - Task exited with return code 0
[2023-01-07T01:57:40.270+0000] {local_task_job.py:273} INFO - 1 downstream tasks scheduled from follow-on schedule check
[2023-01-07T05:32:31.765+0000] {taskinstance.py:1165} INFO - Dependencies all met for <TaskInstance: dpt_cosmetic.user.check_file_exists scheduled__2023-01-06T00:00:00+00:00 [queued]>
[2023-01-07T05:32:31.960+0000] {taskinstance.py:1165} INFO - Dependencies all met for <TaskInstance: dpt_cosmetic.user.check_file_exists scheduled__2023-01-06T00:00:00+00:00 [queued]>
[2023-01-07T05:32:31.961+0000] {taskinstance.py:1362} INFO - 
--------------------------------------------------------------------------------
[2023-01-07T05:32:31.968+0000] {taskinstance.py:1363} INFO - Starting attempt 1 of 1
[2023-01-07T05:32:31.970+0000] {taskinstance.py:1364} INFO - 
--------------------------------------------------------------------------------
[2023-01-07T05:32:32.237+0000] {taskinstance.py:1383} INFO - Executing <Task(BashOperator): user.check_file_exists> on 2023-01-06 00:00:00+00:00
[2023-01-07T05:32:32.282+0000] {standard_task_runner.py:55} INFO - Started process 131 to run task
[2023-01-07T05:32:32.365+0000] {standard_task_runner.py:82} INFO - Running: ['***', 'tasks', 'run', 'dpt_cosmetic', 'user.check_file_exists', 'scheduled__2023-01-06T00:00:00+00:00', '--job-id', '620', '--raw', '--subdir', 'DAGS_FOLDER/main.py', '--cfg-path', '/tmp/tmp6520gj8h']
[2023-01-07T05:32:32.414+0000] {standard_task_runner.py:83} INFO - Job 620: Subtask user.check_file_exists
[2023-01-07T05:32:32.591+0000] {warnings.py:110} WARNING - /home/***/.local/lib/python3.7/site-packages/***/configuration.py:545: DeprecationWarning: The sql_alchemy_conn option in [core] has been moved to the sql_alchemy_conn option in [database] - the old setting has been used, but please update your config.
  option = self._get_environment_variables(deprecated_key, deprecated_section, key, section)

[2023-01-07T05:32:33.081+0000] {task_command.py:376} INFO - Running <TaskInstance: dpt_cosmetic.user.check_file_exists scheduled__2023-01-06T00:00:00+00:00 [running]> on host fdf4acf1d8ed
[2023-01-07T05:32:34.294+0000] {taskinstance.py:1592} INFO - Exporting the following env vars:
AIRFLOW_CTX_DAG_OWNER=***
AIRFLOW_CTX_DAG_ID=dpt_cosmetic
AIRFLOW_CTX_TASK_ID=user.check_file_exists
AIRFLOW_CTX_EXECUTION_DATE=2023-01-06T00:00:00+00:00
AIRFLOW_CTX_TRY_NUMBER=1
AIRFLOW_CTX_DAG_RUN_ID=scheduled__2023-01-06T00:00:00+00:00
[2023-01-07T05:32:34.309+0000] {subprocess.py:63} INFO - Tmp dir root location: 
 /tmp
[2023-01-07T05:32:34.320+0000] {subprocess.py:75} INFO - Running command: ['/bin/bash', '-c', 'sleep 1']
[2023-01-07T05:32:34.420+0000] {subprocess.py:86} INFO - Output:
[2023-01-07T05:32:35.448+0000] {subprocess.py:97} INFO - Command exited with return code 0
[2023-01-07T05:32:35.663+0000] {taskinstance.py:1406} INFO - Marking task as SUCCESS. dag_id=dpt_cosmetic, task_id=user.check_file_exists, execution_date=20230106T000000, start_date=20230107T053231, end_date=20230107T053235
[2023-01-07T05:32:35.930+0000] {local_task_job.py:164} INFO - Task exited with return code 0
[2023-01-07T05:32:36.370+0000] {local_task_job.py:273} INFO - 0 downstream tasks scheduled from follow-on schedule check
