[2022-12-31T23:17:18.395+0000] {taskinstance.py:1165} INFO - Dependencies all met for <TaskInstance: dpt_cosmetic.user.extract manual__2022-12-31T23:17:04.331557+00:00 [queued]>
[2022-12-31T23:17:18.447+0000] {taskinstance.py:1165} INFO - Dependencies all met for <TaskInstance: dpt_cosmetic.user.extract manual__2022-12-31T23:17:04.331557+00:00 [queued]>
[2022-12-31T23:17:18.449+0000] {taskinstance.py:1362} INFO - 
--------------------------------------------------------------------------------
[2022-12-31T23:17:18.450+0000] {taskinstance.py:1363} INFO - Starting attempt 1 of 1
[2022-12-31T23:17:18.452+0000] {taskinstance.py:1364} INFO - 
--------------------------------------------------------------------------------
[2022-12-31T23:17:18.547+0000] {taskinstance.py:1383} INFO - Executing <Task(ExtractOperator): user.extract> on 2022-12-31 23:17:04.331557+00:00
[2022-12-31T23:17:18.563+0000] {standard_task_runner.py:55} INFO - Started process 222 to run task
[2022-12-31T23:17:18.578+0000] {standard_task_runner.py:82} INFO - Running: ['***', 'tasks', 'run', 'dpt_cosmetic', 'user.extract', 'manual__2022-12-31T23:17:04.331557+00:00', '--job-id', '48', '--raw', '--subdir', 'DAGS_FOLDER/main.py', '--cfg-path', '/tmp/tmpm7794f9o']
[2022-12-31T23:17:18.581+0000] {standard_task_runner.py:83} INFO - Job 48: Subtask user.extract
[2022-12-31T23:17:19.071+0000] {task_command.py:376} INFO - Running <TaskInstance: dpt_cosmetic.user.extract manual__2022-12-31T23:17:04.331557+00:00 [running]> on host 6bd76effbc07
[2022-12-31T23:17:19.721+0000] {taskinstance.py:1592} INFO - Exporting the following env vars:
AIRFLOW_CTX_DAG_OWNER=***
AIRFLOW_CTX_DAG_ID=dpt_cosmetic
AIRFLOW_CTX_TASK_ID=user.extract
AIRFLOW_CTX_EXECUTION_DATE=2022-12-31T23:17:04.331557+00:00
AIRFLOW_CTX_TRY_NUMBER=1
AIRFLOW_CTX_DAG_RUN_ID=manual__2022-12-31T23:17:04.331557+00:00
[2022-12-31T23:17:19.931+0000] {logging_mixin.py:120} INFO - Empty DataFrame
Columns: []
Index: []
[2022-12-31T23:17:19.993+0000] {taskinstance.py:1406} INFO - Marking task as SUCCESS. dag_id=dpt_cosmetic, task_id=user.extract, execution_date=20221231T231704, start_date=20221231T231718, end_date=20221231T231719
[2022-12-31T23:17:20.096+0000] {local_task_job.py:164} INFO - Task exited with return code 0
[2022-12-31T23:17:20.275+0000] {local_task_job.py:273} INFO - 0 downstream tasks scheduled from follow-on schedule check
