[2023-01-07T05:10:52.726+0000] {taskinstance.py:1165} INFO - Dependencies all met for <TaskInstance: bq_process.conversion_stats.check_table manual__2023-01-07T05:10:43.512676+00:00 [queued]>
[2023-01-07T05:10:52.787+0000] {taskinstance.py:1165} INFO - Dependencies all met for <TaskInstance: bq_process.conversion_stats.check_table manual__2023-01-07T05:10:43.512676+00:00 [queued]>
[2023-01-07T05:10:52.789+0000] {taskinstance.py:1362} INFO - 
--------------------------------------------------------------------------------
[2023-01-07T05:10:52.791+0000] {taskinstance.py:1363} INFO - Starting attempt 1 of 1
[2023-01-07T05:10:52.793+0000] {taskinstance.py:1364} INFO - 
--------------------------------------------------------------------------------
[2023-01-07T05:10:52.903+0000] {taskinstance.py:1383} INFO - Executing <Task(BranchPythonOperator): conversion_stats.check_table> on 2023-01-07 05:10:43.512676+00:00
[2023-01-07T05:10:52.924+0000] {standard_task_runner.py:55} INFO - Started process 346 to run task
[2023-01-07T05:10:52.950+0000] {standard_task_runner.py:82} INFO - Running: ['***', 'tasks', 'run', 'bq_process', 'conversion_stats.check_table', 'manual__2023-01-07T05:10:43.512676+00:00', '--job-id', '543', '--raw', '--subdir', 'DAGS_FOLDER/bigquery_dag.py', '--cfg-path', '/tmp/tmpj4rwe7_u']
[2023-01-07T05:10:52.960+0000] {standard_task_runner.py:83} INFO - Job 543: Subtask conversion_stats.check_table
[2023-01-07T05:10:53.660+0000] {task_command.py:376} INFO - Running <TaskInstance: bq_process.conversion_stats.check_table manual__2023-01-07T05:10:43.512676+00:00 [running]> on host fdf4acf1d8ed
[2023-01-07T05:10:54.520+0000] {taskinstance.py:1592} INFO - Exporting the following env vars:
AIRFLOW_CTX_DAG_OWNER=***
AIRFLOW_CTX_DAG_ID=bq_process
AIRFLOW_CTX_TASK_ID=conversion_stats.check_table
AIRFLOW_CTX_EXECUTION_DATE=2023-01-07T05:10:43.512676+00:00
AIRFLOW_CTX_TRY_NUMBER=1
AIRFLOW_CTX_DAG_RUN_ID=manual__2023-01-07T05:10:43.512676+00:00
[2023-01-07T05:10:55.500+0000] {python.py:177} INFO - Done. Returned value was: conversion_stats.execute_query
[2023-01-07T05:10:55.503+0000] {skipmixin.py:155} INFO - Following branch conversion_stats.execute_query
[2023-01-07T05:10:55.507+0000] {skipmixin.py:190} INFO - Skipping tasks ['conversion_stats.create_table']
[2023-01-07T05:10:55.873+0000] {taskinstance.py:1406} INFO - Marking task as SUCCESS. dag_id=bq_process, task_id=conversion_stats.check_table, execution_date=20230107T051043, start_date=20230107T051052, end_date=20230107T051055
[2023-01-07T05:10:56.015+0000] {local_task_job.py:164} INFO - Task exited with return code 0
[2023-01-07T05:10:56.317+0000] {local_task_job.py:273} INFO - 0 downstream tasks scheduled from follow-on schedule check
