[2022-12-31T23:14:49.138+0000] {taskinstance.py:1165} INFO - Dependencies all met for <TaskInstance: dpt_cosmetic.transaction.extract manual__2022-12-31T23:14:33.394968+00:00 [queued]>
[2022-12-31T23:14:49.194+0000] {taskinstance.py:1165} INFO - Dependencies all met for <TaskInstance: dpt_cosmetic.transaction.extract manual__2022-12-31T23:14:33.394968+00:00 [queued]>
[2022-12-31T23:14:49.196+0000] {taskinstance.py:1362} INFO - 
--------------------------------------------------------------------------------
[2022-12-31T23:14:49.198+0000] {taskinstance.py:1363} INFO - Starting attempt 1 of 1
[2022-12-31T23:14:49.199+0000] {taskinstance.py:1364} INFO - 
--------------------------------------------------------------------------------
[2022-12-31T23:14:49.318+0000] {taskinstance.py:1383} INFO - Executing <Task(ExtractOperator): transaction.extract> on 2022-12-31 23:14:33.394968+00:00
[2022-12-31T23:14:49.339+0000] {standard_task_runner.py:55} INFO - Started process 198 to run task
[2022-12-31T23:14:49.357+0000] {standard_task_runner.py:82} INFO - Running: ['***', 'tasks', 'run', 'dpt_cosmetic', 'transaction.extract', 'manual__2022-12-31T23:14:33.394968+00:00', '--job-id', '46', '--raw', '--subdir', 'DAGS_FOLDER/main.py', '--cfg-path', '/tmp/tmp5aozva5i']
[2022-12-31T23:14:49.360+0000] {standard_task_runner.py:83} INFO - Job 46: Subtask transaction.extract
[2022-12-31T23:14:49.641+0000] {task_command.py:376} INFO - Running <TaskInstance: dpt_cosmetic.transaction.extract manual__2022-12-31T23:14:33.394968+00:00 [running]> on host 6bd76effbc07
[2022-12-31T23:14:50.049+0000] {taskinstance.py:1592} INFO - Exporting the following env vars:
AIRFLOW_CTX_DAG_OWNER=***
AIRFLOW_CTX_DAG_ID=dpt_cosmetic
AIRFLOW_CTX_TASK_ID=transaction.extract
AIRFLOW_CTX_EXECUTION_DATE=2022-12-31T23:14:33.394968+00:00
AIRFLOW_CTX_TRY_NUMBER=1
AIRFLOW_CTX_DAG_RUN_ID=manual__2022-12-31T23:14:33.394968+00:00
[2022-12-31T23:14:50.296+0000] {taskinstance.py:1406} INFO - Marking task as SUCCESS. dag_id=dpt_cosmetic, task_id=transaction.extract, execution_date=20221231T231433, start_date=20221231T231449, end_date=20221231T231450
[2022-12-31T23:14:50.393+0000] {local_task_job.py:164} INFO - Task exited with return code 0
[2022-12-31T23:14:50.490+0000] {local_task_job.py:273} INFO - 0 downstream tasks scheduled from follow-on schedule check
