[2023-01-07T04:46:36.502+0000] {taskinstance.py:1165} INFO - Dependencies all met for <TaskInstance: bq_process.conversion_stats.create_table manual__2023-01-07T04:46:16.333150+00:00 [queued]>
[2023-01-07T04:46:36.607+0000] {taskinstance.py:1165} INFO - Dependencies all met for <TaskInstance: bq_process.conversion_stats.create_table manual__2023-01-07T04:46:16.333150+00:00 [queued]>
[2023-01-07T04:46:36.609+0000] {taskinstance.py:1362} INFO - 
--------------------------------------------------------------------------------
[2023-01-07T04:46:36.610+0000] {taskinstance.py:1363} INFO - Starting attempt 1 of 1
[2023-01-07T04:46:36.612+0000] {taskinstance.py:1364} INFO - 
--------------------------------------------------------------------------------
[2023-01-07T04:46:37.003+0000] {taskinstance.py:1383} INFO - Executing <Task(BigQueryCreateEmptyTableOperator): conversion_stats.create_table> on 2023-01-07 04:46:16.333150+00:00
[2023-01-07T04:46:37.037+0000] {standard_task_runner.py:55} INFO - Started process 282 to run task
[2023-01-07T04:46:37.070+0000] {standard_task_runner.py:82} INFO - Running: ['***', 'tasks', 'run', 'bq_process', 'conversion_stats.create_table', 'manual__2023-01-07T04:46:16.333150+00:00', '--job-id', '523', '--raw', '--subdir', 'DAGS_FOLDER/bigquery_dag.py', '--cfg-path', '/tmp/tmpqkp9wchu']
[2023-01-07T04:46:37.103+0000] {standard_task_runner.py:83} INFO - Job 523: Subtask conversion_stats.create_table
[2023-01-07T04:46:37.898+0000] {task_command.py:376} INFO - Running <TaskInstance: bq_process.conversion_stats.create_table manual__2023-01-07T04:46:16.333150+00:00 [running]> on host fdf4acf1d8ed
[2023-01-07T04:46:38.924+0000] {taskinstance.py:1592} INFO - Exporting the following env vars:
AIRFLOW_CTX_DAG_OWNER=***
AIRFLOW_CTX_DAG_ID=bq_process
AIRFLOW_CTX_TASK_ID=conversion_stats.create_table
AIRFLOW_CTX_EXECUTION_DATE=2023-01-07T04:46:16.333150+00:00
AIRFLOW_CTX_TRY_NUMBER=1
AIRFLOW_CTX_DAG_RUN_ID=manual__2023-01-07T04:46:16.333150+00:00
[2023-01-07T04:46:38.949+0000] {connection.py:429} ERROR - Unable to retrieve connection from secrets backend (EnvironmentVariablesBackend). Checking subsequent secrets backend.
Traceback (most recent call last):
  File "/home/airflow/.local/lib/python3.7/site-packages/airflow/models/connection.py", line 422, in get_connection_from_secrets
    conn = secrets_backend.get_connection(conn_id=conn_id)
  File "/home/airflow/.local/lib/python3.7/site-packages/airflow/secrets/base_secrets.py", line 115, in get_connection
    return self.deserialize_connection(conn_id=conn_id, value=value)
  File "/home/airflow/.local/lib/python3.7/site-packages/airflow/secrets/base_secrets.py", line 67, in deserialize_connection
    return Connection.from_json(conn_id=conn_id, value=value)
  File "/home/airflow/.local/lib/python3.7/site-packages/airflow/models/connection.py", line 449, in from_json
    return Connection(conn_id=conn_id, **kwargs)
TypeError: __init__() got an unexpected keyword argument 'key_path'
[2023-01-07T04:46:39.059+0000] {base.py:71} INFO - Using connection ID 'google_cloud_default' for task execution.
[2023-01-07T04:46:39.076+0000] {connection.py:429} ERROR - Unable to retrieve connection from secrets backend (EnvironmentVariablesBackend). Checking subsequent secrets backend.
Traceback (most recent call last):
  File "/home/airflow/.local/lib/python3.7/site-packages/airflow/models/connection.py", line 422, in get_connection_from_secrets
    conn = secrets_backend.get_connection(conn_id=conn_id)
  File "/home/airflow/.local/lib/python3.7/site-packages/airflow/secrets/base_secrets.py", line 115, in get_connection
    return self.deserialize_connection(conn_id=conn_id, value=value)
  File "/home/airflow/.local/lib/python3.7/site-packages/airflow/secrets/base_secrets.py", line 67, in deserialize_connection
    return Connection.from_json(conn_id=conn_id, value=value)
  File "/home/airflow/.local/lib/python3.7/site-packages/airflow/models/connection.py", line 449, in from_json
    return Connection(conn_id=conn_id, **kwargs)
TypeError: __init__() got an unexpected keyword argument 'key_path'
[2023-01-07T04:46:39.142+0000] {base.py:71} INFO - Using connection ID 'google_cloud_default' for task execution.
[2023-01-07T04:46:40.076+0000] {bigquery.py:910} INFO - Creating table
[2023-01-07T04:46:41.100+0000] {bigquery.py:926} INFO - Table my-kubeflow-370515.cosmetic.conversion_stats created successfully
[2023-01-07T04:46:41.181+0000] {taskinstance.py:1406} INFO - Marking task as SUCCESS. dag_id=bq_process, task_id=conversion_stats.create_table, execution_date=20230107T044616, start_date=20230107T044636, end_date=20230107T044641
[2023-01-07T04:46:41.312+0000] {local_task_job.py:164} INFO - Task exited with return code 0
[2023-01-07T04:46:41.741+0000] {local_task_job.py:273} INFO - 1 downstream tasks scheduled from follow-on schedule check
