[2023-01-02T16:32:17.464+0000] {taskinstance.py:1165} INFO - Dependencies all met for <TaskInstance: dpt_cosmetic.split_files_by_source manual__2023-01-02T16:32:10.117411+00:00 [queued]>
[2023-01-02T16:32:17.520+0000] {taskinstance.py:1165} INFO - Dependencies all met for <TaskInstance: dpt_cosmetic.split_files_by_source manual__2023-01-02T16:32:10.117411+00:00 [queued]>
[2023-01-02T16:32:17.521+0000] {taskinstance.py:1362} INFO - 
--------------------------------------------------------------------------------
[2023-01-02T16:32:17.523+0000] {taskinstance.py:1363} INFO - Starting attempt 1 of 1
[2023-01-02T16:32:17.524+0000] {taskinstance.py:1364} INFO - 
--------------------------------------------------------------------------------
[2023-01-02T16:32:17.634+0000] {taskinstance.py:1383} INFO - Executing <Task(BashOperator): split_files_by_source> on 2023-01-02 16:32:10.117411+00:00
[2023-01-02T16:32:17.652+0000] {standard_task_runner.py:55} INFO - Started process 181 to run task
[2023-01-02T16:32:17.669+0000] {standard_task_runner.py:82} INFO - Running: ['***', 'tasks', 'run', 'dpt_cosmetic', 'split_files_by_source', 'manual__2023-01-02T16:32:10.117411+00:00', '--job-id', '221', '--raw', '--subdir', 'DAGS_FOLDER/main.py', '--cfg-path', '/tmp/tmpvl679xt2']
[2023-01-02T16:32:17.672+0000] {standard_task_runner.py:83} INFO - Job 221: Subtask split_files_by_source
[2023-01-02T16:32:18.580+0000] {task_command.py:376} INFO - Running <TaskInstance: dpt_cosmetic.split_files_by_source manual__2023-01-02T16:32:10.117411+00:00 [running]> on host 703acec1b71e
[2023-01-02T16:32:19.226+0000] {taskinstance.py:1592} INFO - Exporting the following env vars:
AIRFLOW_CTX_DAG_OWNER=***
AIRFLOW_CTX_DAG_ID=dpt_cosmetic
AIRFLOW_CTX_TASK_ID=split_files_by_source
AIRFLOW_CTX_EXECUTION_DATE=2023-01-02T16:32:10.117411+00:00
AIRFLOW_CTX_TRY_NUMBER=1
AIRFLOW_CTX_DAG_RUN_ID=manual__2023-01-02T16:32:10.117411+00:00
[2023-01-02T16:32:19.238+0000] {subprocess.py:63} INFO - Tmp dir root location: 
 /tmp
[2023-01-02T16:32:19.244+0000] {subprocess.py:75} INFO - Running command: ['/bin/bash', '-c', 'sleep 1']
[2023-01-02T16:32:19.307+0000] {subprocess.py:86} INFO - Output:
[2023-01-02T16:32:20.326+0000] {subprocess.py:97} INFO - Command exited with return code 0
[2023-01-02T16:32:20.560+0000] {taskinstance.py:1406} INFO - Marking task as SUCCESS. dag_id=dpt_cosmetic, task_id=split_files_by_source, execution_date=20230102T163210, start_date=20230102T163217, end_date=20230102T163220
[2023-01-02T16:32:20.700+0000] {local_task_job.py:164} INFO - Task exited with return code 0
[2023-01-02T16:32:21.615+0000] {local_task_job.py:273} INFO - 4 downstream tasks scheduled from follow-on schedule check
