[2023-01-01T00:58:05.802+0000] {taskinstance.py:1165} INFO - Dependencies all met for <TaskInstance: dpt_cosmetic.user.extract manual__2023-01-01T00:57:52.536147+00:00 [queued]>
[2023-01-01T00:58:05.866+0000] {taskinstance.py:1165} INFO - Dependencies all met for <TaskInstance: dpt_cosmetic.user.extract manual__2023-01-01T00:57:52.536147+00:00 [queued]>
[2023-01-01T00:58:05.868+0000] {taskinstance.py:1362} INFO - 
--------------------------------------------------------------------------------
[2023-01-01T00:58:05.871+0000] {taskinstance.py:1363} INFO - Starting attempt 1 of 1
[2023-01-01T00:58:05.872+0000] {taskinstance.py:1364} INFO - 
--------------------------------------------------------------------------------
[2023-01-01T00:58:05.966+0000] {taskinstance.py:1383} INFO - Executing <Task(ExtractOperator): user.extract> on 2023-01-01 00:57:52.536147+00:00
[2023-01-01T00:58:05.989+0000] {standard_task_runner.py:55} INFO - Started process 771 to run task
[2023-01-01T00:58:06.008+0000] {standard_task_runner.py:82} INFO - Running: ['***', 'tasks', 'run', 'dpt_cosmetic', 'user.extract', 'manual__2023-01-01T00:57:52.536147+00:00', '--job-id', '118', '--raw', '--subdir', 'DAGS_FOLDER/main.py', '--cfg-path', '/tmp/tmp_fo546m_']
[2023-01-01T00:58:06.012+0000] {standard_task_runner.py:83} INFO - Job 118: Subtask user.extract
[2023-01-01T00:58:06.389+0000] {task_command.py:376} INFO - Running <TaskInstance: dpt_cosmetic.user.extract manual__2023-01-01T00:57:52.536147+00:00 [running]> on host 6bd76effbc07
[2023-01-01T00:58:06.908+0000] {taskinstance.py:1592} INFO - Exporting the following env vars:
AIRFLOW_CTX_DAG_OWNER=***
AIRFLOW_CTX_DAG_ID=dpt_cosmetic
AIRFLOW_CTX_TASK_ID=user.extract
AIRFLOW_CTX_EXECUTION_DATE=2023-01-01T00:57:52.536147+00:00
AIRFLOW_CTX_TRY_NUMBER=1
AIRFLOW_CTX_DAG_RUN_ID=manual__2023-01-01T00:57:52.536147+00:00
[2023-01-01T00:58:06.975+0000] {logging_mixin.py:120} INFO - <pymongo.cursor.Cursor object at 0x7f7cb7423e10>
[2023-01-01T00:58:07.231+0000] {logging_mixin.py:120} INFO - []
[2023-01-01T00:58:07.299+0000] {taskinstance.py:1406} INFO - Marking task as SUCCESS. dag_id=dpt_cosmetic, task_id=user.extract, execution_date=20230101T005752, start_date=20230101T005805, end_date=20230101T005807
[2023-01-01T00:58:07.443+0000] {local_task_job.py:164} INFO - Task exited with return code 0
[2023-01-01T00:58:07.609+0000] {local_task_job.py:273} INFO - 0 downstream tasks scheduled from follow-on schedule check
