[2023-01-05T17:58:30.544+0000] {taskinstance.py:1165} INFO - Dependencies all met for <TaskInstance: dpt_cosmetic.create_dataset manual__2023-01-05T17:58:27.013982+00:00 [queued]>
[2023-01-05T17:58:30.557+0000] {taskinstance.py:1165} INFO - Dependencies all met for <TaskInstance: dpt_cosmetic.create_dataset manual__2023-01-05T17:58:27.013982+00:00 [queued]>
[2023-01-05T17:58:30.557+0000] {taskinstance.py:1362} INFO - 
--------------------------------------------------------------------------------
[2023-01-05T17:58:30.558+0000] {taskinstance.py:1363} INFO - Starting attempt 1 of 1
[2023-01-05T17:58:30.559+0000] {taskinstance.py:1364} INFO - 
--------------------------------------------------------------------------------
[2023-01-05T17:58:30.579+0000] {taskinstance.py:1383} INFO - Executing <Task(GCSToBigQueryOperator): create_dataset> on 2023-01-05 17:58:27.013982+00:00
[2023-01-05T17:58:30.585+0000] {standard_task_runner.py:55} INFO - Started process 58 to run task
[2023-01-05T17:58:30.589+0000] {standard_task_runner.py:82} INFO - Running: ['***', 'tasks', 'run', 'dpt_cosmetic', 'create_dataset', 'manual__2023-01-05T17:58:27.013982+00:00', '--job-id', '286', '--raw', '--subdir', 'DAGS_FOLDER/main.py', '--cfg-path', '/tmp/tmpjt27ud1r']
[2023-01-05T17:58:30.592+0000] {standard_task_runner.py:83} INFO - Job 286: Subtask create_dataset
[2023-01-05T17:58:30.671+0000] {task_command.py:376} INFO - Running <TaskInstance: dpt_cosmetic.create_dataset manual__2023-01-05T17:58:27.013982+00:00 [running]> on host 7dccb0a5668b
[2023-01-05T17:58:30.761+0000] {taskinstance.py:1592} INFO - Exporting the following env vars:
AIRFLOW_CTX_DAG_OWNER=***
AIRFLOW_CTX_DAG_ID=dpt_cosmetic
AIRFLOW_CTX_TASK_ID=create_dataset
AIRFLOW_CTX_EXECUTION_DATE=2023-01-05T17:58:27.013982+00:00
AIRFLOW_CTX_TRY_NUMBER=1
AIRFLOW_CTX_DAG_RUN_ID=manual__2023-01-05T17:58:27.013982+00:00
[2023-01-05T17:58:30.763+0000] {connection.py:429} ERROR - Unable to retrieve connection from secrets backend (EnvironmentVariablesBackend). Checking subsequent secrets backend.
Traceback (most recent call last):
  File "/home/airflow/.local/lib/python3.7/site-packages/airflow/models/connection.py", line 422, in get_connection_from_secrets
    conn = secrets_backend.get_connection(conn_id=conn_id)
  File "/home/airflow/.local/lib/python3.7/site-packages/airflow/secrets/base_secrets.py", line 115, in get_connection
    return self.deserialize_connection(conn_id=conn_id, value=value)
  File "/home/airflow/.local/lib/python3.7/site-packages/airflow/secrets/base_secrets.py", line 67, in deserialize_connection
    return Connection.from_json(conn_id=conn_id, value=value)
  File "/home/airflow/.local/lib/python3.7/site-packages/airflow/models/connection.py", line 449, in from_json
    return Connection(conn_id=conn_id, **kwargs)
TypeError: __init__() got an unexpected keyword argument 'key_path'
[2023-01-05T17:58:30.774+0000] {base.py:71} INFO - Using connection ID 'google_cloud_default' for task execution.
[2023-01-05T17:58:30.788+0000] {bigquery.py:1554} INFO - Inserting job ***_1672941510788172_b181096cfe2dcbd1c285c96ce42c276f
[2023-01-05T17:58:31.612+0000] {taskinstance.py:1851} ERROR - Task failed with exception
Traceback (most recent call last):
  File "/home/airflow/.local/lib/python3.7/site-packages/airflow/providers/google/cloud/transfers/gcs_to_bigquery.py", line 316, in execute
    description=self.description,
  File "/home/airflow/.local/lib/python3.7/site-packages/airflow/providers/google/cloud/hooks/bigquery.py", line 1816, in run_load
    job = self.insert_job(configuration=configuration, project_id=self.project_id)
  File "/home/airflow/.local/lib/python3.7/site-packages/airflow/providers/google/common/hooks/base_google.py", line 439, in inner_wrapper
    return func(self, *args, **kwargs)
  File "/home/airflow/.local/lib/python3.7/site-packages/airflow/providers/google/cloud/hooks/bigquery.py", line 1560, in insert_job
    job.result(timeout=timeout, retry=retry)
  File "/home/airflow/.local/lib/python3.7/site-packages/google/cloud/bigquery/job/base.py", line 725, in result
    self._begin(retry=retry, timeout=timeout)
  File "/home/airflow/.local/lib/python3.7/site-packages/google/cloud/bigquery/job/base.py", line 518, in _begin
    timeout=timeout,
  File "/home/airflow/.local/lib/python3.7/site-packages/google/cloud/bigquery/client.py", line 782, in _call_api
    return call()
  File "/home/airflow/.local/lib/python3.7/site-packages/google/api_core/retry.py", line 288, in retry_wrapped_func
    on_error=on_error,
  File "/home/airflow/.local/lib/python3.7/site-packages/google/api_core/retry.py", line 190, in retry_target
    return target()
  File "/home/airflow/.local/lib/python3.7/site-packages/google/cloud/_http/__init__.py", line 494, in api_request
    raise exceptions.from_http_response(response)
google.api_core.exceptions.BadRequest: 400 POST https://bigquery.googleapis.com/bigquery/v2/projects/my-kubeflow-370515/jobs?prettyPrint=false: Invalid project ID 'None'. Project IDs must contain 6-63 lowercase letters, digits, or dashes. Some project IDs also include domain name separated by a colon. IDs must start with a letter and may not end with a dash.
[2023-01-05T17:58:31.631+0000] {taskinstance.py:1406} INFO - Marking task as FAILED. dag_id=dpt_cosmetic, task_id=create_dataset, execution_date=20230105T175827, start_date=20230105T175830, end_date=20230105T175831
[2023-01-05T17:58:31.660+0000] {standard_task_runner.py:105} ERROR - Failed to execute job 286 for task create_dataset (400 POST https://bigquery.googleapis.com/bigquery/v2/projects/my-kubeflow-370515/jobs?prettyPrint=false: Invalid project ID 'None'. Project IDs must contain 6-63 lowercase letters, digits, or dashes. Some project IDs also include domain name separated by a colon. IDs must start with a letter and may not end with a dash.; 58)
[2023-01-05T17:58:31.688+0000] {local_task_job.py:164} INFO - Task exited with return code 1
[2023-01-05T17:58:31.744+0000] {local_task_job.py:273} INFO - 0 downstream tasks scheduled from follow-on schedule check
