[2023-01-02T17:16:01.434+0000] {taskinstance.py:1165} INFO - Dependencies all met for <TaskInstance: dpt_cosmetic.user.check_file_exists manual__2023-01-02T17:15:28.621166+00:00 [queued]>
[2023-01-02T17:16:01.511+0000] {taskinstance.py:1165} INFO - Dependencies all met for <TaskInstance: dpt_cosmetic.user.check_file_exists manual__2023-01-02T17:15:28.621166+00:00 [queued]>
[2023-01-02T17:16:01.513+0000] {taskinstance.py:1362} INFO - 
--------------------------------------------------------------------------------
[2023-01-02T17:16:01.514+0000] {taskinstance.py:1363} INFO - Starting attempt 1 of 1
[2023-01-02T17:16:01.515+0000] {taskinstance.py:1364} INFO - 
--------------------------------------------------------------------------------
[2023-01-02T17:16:01.624+0000] {taskinstance.py:1383} INFO - Executing <Task(FileSensor): user.check_file_exists> on 2023-01-02 17:15:28.621166+00:00
[2023-01-02T17:16:01.704+0000] {standard_task_runner.py:55} INFO - Started process 555 to run task
[2023-01-02T17:16:01.745+0000] {standard_task_runner.py:82} INFO - Running: ['***', 'tasks', 'run', 'dpt_cosmetic', 'user.check_file_exists', 'manual__2023-01-02T17:15:28.621166+00:00', '--job-id', '269', '--raw', '--subdir', 'DAGS_FOLDER/main.py', '--cfg-path', '/tmp/tmpx10gpu82']
[2023-01-02T17:16:01.759+0000] {standard_task_runner.py:83} INFO - Job 269: Subtask user.check_file_exists
[2023-01-02T17:16:03.138+0000] {task_command.py:376} INFO - Running <TaskInstance: dpt_cosmetic.user.check_file_exists manual__2023-01-02T17:15:28.621166+00:00 [running]> on host 703acec1b71e
[2023-01-02T17:16:03.540+0000] {taskinstance.py:1592} INFO - Exporting the following env vars:
AIRFLOW_CTX_DAG_OWNER=***
AIRFLOW_CTX_DAG_ID=dpt_cosmetic
AIRFLOW_CTX_TASK_ID=user.check_file_exists
AIRFLOW_CTX_EXECUTION_DATE=2023-01-02T17:15:28.621166+00:00
AIRFLOW_CTX_TRY_NUMBER=1
AIRFLOW_CTX_DAG_RUN_ID=manual__2023-01-02T17:15:28.621166+00:00
[2023-01-02T17:16:03.578+0000] {base.py:71} INFO - Using connection ID 'file_sensor' for task execution.
[2023-01-02T17:16:03.582+0000] {filesystem.py:58} INFO - Poking for file /opt/***/storage/user/2023-01-03.csv
[2023-01-02T17:16:03.594+0000] {filesystem.py:63} INFO - Found File /opt/***/storage/user/2023-01-03.csv last modified: 20230102171548
[2023-01-02T17:16:03.603+0000] {base.py:213} INFO - Success criteria met. Exiting.
[2023-01-02T17:16:03.645+0000] {taskinstance.py:1406} INFO - Marking task as SUCCESS. dag_id=dpt_cosmetic, task_id=user.check_file_exists, execution_date=20230102T171528, start_date=20230102T171601, end_date=20230102T171603
[2023-01-02T17:16:03.799+0000] {local_task_job.py:164} INFO - Task exited with return code 0
[2023-01-02T17:16:04.577+0000] {local_task_job.py:273} INFO - 1 downstream tasks scheduled from follow-on schedule check
