[2022-12-31T23:34:47.407+0000] {taskinstance.py:1165} INFO - Dependencies all met for <TaskInstance: dpt_cosmetic.user.extract manual__2022-12-31T23:34:34.187470+00:00 [queued]>
[2022-12-31T23:34:47.457+0000] {taskinstance.py:1165} INFO - Dependencies all met for <TaskInstance: dpt_cosmetic.user.extract manual__2022-12-31T23:34:34.187470+00:00 [queued]>
[2022-12-31T23:34:47.459+0000] {taskinstance.py:1362} INFO - 
--------------------------------------------------------------------------------
[2022-12-31T23:34:47.460+0000] {taskinstance.py:1363} INFO - Starting attempt 1 of 1
[2022-12-31T23:34:47.462+0000] {taskinstance.py:1364} INFO - 
--------------------------------------------------------------------------------
[2022-12-31T23:34:47.550+0000] {taskinstance.py:1383} INFO - Executing <Task(ExtractOperator): user.extract> on 2022-12-31 23:34:34.187470+00:00
[2022-12-31T23:34:47.571+0000] {standard_task_runner.py:55} INFO - Started process 372 to run task
[2022-12-31T23:34:47.587+0000] {standard_task_runner.py:82} INFO - Running: ['***', 'tasks', 'run', 'dpt_cosmetic', 'user.extract', 'manual__2022-12-31T23:34:34.187470+00:00', '--job-id', '66', '--raw', '--subdir', 'DAGS_FOLDER/main.py', '--cfg-path', '/tmp/tmpiwv9t_xw']
[2022-12-31T23:34:47.590+0000] {standard_task_runner.py:83} INFO - Job 66: Subtask user.extract
[2022-12-31T23:34:47.906+0000] {task_command.py:376} INFO - Running <TaskInstance: dpt_cosmetic.user.extract manual__2022-12-31T23:34:34.187470+00:00 [running]> on host 6bd76effbc07
[2022-12-31T23:34:48.386+0000] {taskinstance.py:1592} INFO - Exporting the following env vars:
AIRFLOW_CTX_DAG_OWNER=***
AIRFLOW_CTX_DAG_ID=dpt_cosmetic
AIRFLOW_CTX_TASK_ID=user.extract
AIRFLOW_CTX_EXECUTION_DATE=2022-12-31T23:34:34.187470+00:00
AIRFLOW_CTX_TRY_NUMBER=1
AIRFLOW_CTX_DAG_RUN_ID=manual__2022-12-31T23:34:34.187470+00:00
[2022-12-31T23:34:48.448+0000] {logging_mixin.py:120} INFO - <pymongo.cursor.Cursor object at 0x7f7cb74248d0>
[2022-12-31T23:34:48.536+0000] {taskinstance.py:1406} INFO - Marking task as SUCCESS. dag_id=dpt_cosmetic, task_id=user.extract, execution_date=20221231T233434, start_date=20221231T233447, end_date=20221231T233448
[2022-12-31T23:34:48.682+0000] {local_task_job.py:164} INFO - Task exited with return code 0
[2022-12-31T23:34:48.826+0000] {local_task_job.py:273} INFO - 0 downstream tasks scheduled from follow-on schedule check
