[2023-01-01T00:00:06.575+0000] {taskinstance.py:1165} INFO - Dependencies all met for <TaskInstance: dpt_cosmetic.split_files_by_source scheduled__2022-12-31T00:00:00+00:00 [queued]>
[2023-01-01T00:00:06.635+0000] {taskinstance.py:1165} INFO - Dependencies all met for <TaskInstance: dpt_cosmetic.split_files_by_source scheduled__2022-12-31T00:00:00+00:00 [queued]>
[2023-01-01T00:00:06.638+0000] {taskinstance.py:1362} INFO - 
--------------------------------------------------------------------------------
[2023-01-01T00:00:06.639+0000] {taskinstance.py:1363} INFO - Starting attempt 1 of 1
[2023-01-01T00:00:06.641+0000] {taskinstance.py:1364} INFO - 
--------------------------------------------------------------------------------
[2023-01-01T00:00:06.741+0000] {taskinstance.py:1383} INFO - Executing <Task(BashOperator): split_files_by_source> on 2022-12-31 00:00:00+00:00
[2023-01-01T00:00:06.758+0000] {standard_task_runner.py:55} INFO - Started process 490 to run task
[2023-01-01T00:00:06.780+0000] {standard_task_runner.py:82} INFO - Running: ['***', 'tasks', 'run', 'dpt_cosmetic', 'split_files_by_source', 'scheduled__2022-12-31T00:00:00+00:00', '--job-id', '80', '--raw', '--subdir', 'DAGS_FOLDER/main.py', '--cfg-path', '/tmp/tmpk9skdp9i']
[2023-01-01T00:00:06.783+0000] {standard_task_runner.py:83} INFO - Job 80: Subtask split_files_by_source
[2023-01-01T00:00:06.852+0000] {warnings.py:110} WARNING - /home/***/.local/lib/python3.7/site-packages/***/configuration.py:545: DeprecationWarning: The sql_alchemy_conn option in [core] has been moved to the sql_alchemy_conn option in [database] - the old setting has been used, but please update your config.
  option = self._get_environment_variables(deprecated_key, deprecated_section, key, section)

[2023-01-01T00:00:07.087+0000] {task_command.py:376} INFO - Running <TaskInstance: dpt_cosmetic.split_files_by_source scheduled__2022-12-31T00:00:00+00:00 [running]> on host 6bd76effbc07
[2023-01-01T00:00:07.497+0000] {taskinstance.py:1592} INFO - Exporting the following env vars:
AIRFLOW_CTX_DAG_OWNER=***
AIRFLOW_CTX_DAG_ID=dpt_cosmetic
AIRFLOW_CTX_TASK_ID=split_files_by_source
AIRFLOW_CTX_EXECUTION_DATE=2022-12-31T00:00:00+00:00
AIRFLOW_CTX_TRY_NUMBER=1
AIRFLOW_CTX_DAG_RUN_ID=scheduled__2022-12-31T00:00:00+00:00
[2023-01-01T00:00:07.506+0000] {subprocess.py:63} INFO - Tmp dir root location: 
 /tmp
[2023-01-01T00:00:07.509+0000] {subprocess.py:75} INFO - Running command: ['/bin/bash', '-c', 'sleep 1']
[2023-01-01T00:00:07.557+0000] {subprocess.py:86} INFO - Output:
[2023-01-01T00:00:08.577+0000] {subprocess.py:97} INFO - Command exited with return code 0
[2023-01-01T00:00:08.694+0000] {taskinstance.py:1406} INFO - Marking task as SUCCESS. dag_id=dpt_cosmetic, task_id=split_files_by_source, execution_date=20221231T000000, start_date=20230101T000006, end_date=20230101T000008
[2023-01-01T00:00:08.802+0000] {local_task_job.py:164} INFO - Task exited with return code 0
[2023-01-01T00:00:08.925+0000] {local_task_job.py:273} INFO - 2 downstream tasks scheduled from follow-on schedule check
[2023-01-01T13:14:42.198+0000] {taskinstance.py:1165} INFO - Dependencies all met for <TaskInstance: dpt_cosmetic.split_files_by_source scheduled__2022-12-31T00:00:00+00:00 [queued]>
[2023-01-01T13:14:42.283+0000] {taskinstance.py:1165} INFO - Dependencies all met for <TaskInstance: dpt_cosmetic.split_files_by_source scheduled__2022-12-31T00:00:00+00:00 [queued]>
[2023-01-01T13:14:42.285+0000] {taskinstance.py:1362} INFO - 
--------------------------------------------------------------------------------
[2023-01-01T13:14:42.287+0000] {taskinstance.py:1363} INFO - Starting attempt 1 of 1
[2023-01-01T13:14:42.289+0000] {taskinstance.py:1364} INFO - 
--------------------------------------------------------------------------------
[2023-01-01T13:14:42.403+0000] {taskinstance.py:1383} INFO - Executing <Task(BashOperator): split_files_by_source> on 2022-12-31 00:00:00+00:00
[2023-01-01T13:14:42.422+0000] {standard_task_runner.py:55} INFO - Started process 61 to run task
[2023-01-01T13:14:42.440+0000] {standard_task_runner.py:82} INFO - Running: ['***', 'tasks', 'run', 'dpt_cosmetic', 'split_files_by_source', 'scheduled__2022-12-31T00:00:00+00:00', '--job-id', '161', '--raw', '--subdir', 'DAGS_FOLDER/main.py', '--cfg-path', '/tmp/tmpbkevei44']
[2023-01-01T13:14:42.444+0000] {standard_task_runner.py:83} INFO - Job 161: Subtask split_files_by_source
[2023-01-01T13:14:42.580+0000] {warnings.py:110} WARNING - /home/***/.local/lib/python3.7/site-packages/***/configuration.py:545: DeprecationWarning: The sql_alchemy_conn option in [core] has been moved to the sql_alchemy_conn option in [database] - the old setting has been used, but please update your config.
  option = self._get_environment_variables(deprecated_key, deprecated_section, key, section)

[2023-01-01T13:14:42.967+0000] {task_command.py:376} INFO - Running <TaskInstance: dpt_cosmetic.split_files_by_source scheduled__2022-12-31T00:00:00+00:00 [running]> on host 6bd76effbc07
[2023-01-01T13:14:43.411+0000] {taskinstance.py:1592} INFO - Exporting the following env vars:
AIRFLOW_CTX_DAG_OWNER=***
AIRFLOW_CTX_DAG_ID=dpt_cosmetic
AIRFLOW_CTX_TASK_ID=split_files_by_source
AIRFLOW_CTX_EXECUTION_DATE=2022-12-31T00:00:00+00:00
AIRFLOW_CTX_TRY_NUMBER=1
AIRFLOW_CTX_DAG_RUN_ID=scheduled__2022-12-31T00:00:00+00:00
[2023-01-01T13:14:43.418+0000] {subprocess.py:63} INFO - Tmp dir root location: 
 /tmp
[2023-01-01T13:14:43.421+0000] {subprocess.py:75} INFO - Running command: ['/bin/bash', '-c', 'sleep 1']
[2023-01-01T13:14:43.505+0000] {subprocess.py:86} INFO - Output:
[2023-01-01T13:14:44.524+0000] {subprocess.py:97} INFO - Command exited with return code 0
[2023-01-01T13:14:44.646+0000] {taskinstance.py:1406} INFO - Marking task as SUCCESS. dag_id=dpt_cosmetic, task_id=split_files_by_source, execution_date=20221231T000000, start_date=20230101T131442, end_date=20230101T131444
[2023-01-01T13:14:44.770+0000] {local_task_job.py:164} INFO - Task exited with return code 0
[2023-01-01T13:14:44.946+0000] {local_task_job.py:273} INFO - 2 downstream tasks scheduled from follow-on schedule check
