[2023-01-07T05:18:24.349+0000] {taskinstance.py:1165} INFO - Dependencies all met for <TaskInstance: dpt_cosmetic.product.transform manual__2023-01-07T05:15:53.603562+00:00 [queued]>
[2023-01-07T05:18:24.621+0000] {taskinstance.py:1165} INFO - Dependencies all met for <TaskInstance: dpt_cosmetic.product.transform manual__2023-01-07T05:15:53.603562+00:00 [queued]>
[2023-01-07T05:18:24.623+0000] {taskinstance.py:1362} INFO - 
--------------------------------------------------------------------------------
[2023-01-07T05:18:24.625+0000] {taskinstance.py:1363} INFO - Starting attempt 1 of 1
[2023-01-07T05:18:24.627+0000] {taskinstance.py:1364} INFO - 
--------------------------------------------------------------------------------
[2023-01-07T05:18:24.997+0000] {taskinstance.py:1383} INFO - Executing <Task(BashOperator): product.transform> on 2023-01-07 05:15:53.603562+00:00
[2023-01-07T05:18:25.115+0000] {standard_task_runner.py:55} INFO - Started process 468 to run task
[2023-01-07T05:18:25.283+0000] {standard_task_runner.py:82} INFO - Running: ['***', 'tasks', 'run', 'dpt_cosmetic', 'product.transform', 'manual__2023-01-07T05:15:53.603562+00:00', '--job-id', '571', '--raw', '--subdir', 'DAGS_FOLDER/main.py', '--cfg-path', '/tmp/tmpyw91whc7']
[2023-01-07T05:18:25.347+0000] {standard_task_runner.py:83} INFO - Job 571: Subtask product.transform
[2023-01-07T05:18:27.375+0000] {task_command.py:376} INFO - Running <TaskInstance: dpt_cosmetic.product.transform manual__2023-01-07T05:15:53.603562+00:00 [running]> on host fdf4acf1d8ed
[2023-01-07T05:18:30.548+0000] {taskinstance.py:1592} INFO - Exporting the following env vars:
AIRFLOW_CTX_DAG_OWNER=***
AIRFLOW_CTX_DAG_ID=dpt_cosmetic
AIRFLOW_CTX_TASK_ID=product.transform
AIRFLOW_CTX_EXECUTION_DATE=2023-01-07T05:15:53.603562+00:00
AIRFLOW_CTX_TRY_NUMBER=1
AIRFLOW_CTX_DAG_RUN_ID=manual__2023-01-07T05:15:53.603562+00:00
[2023-01-07T05:18:30.581+0000] {subprocess.py:63} INFO - Tmp dir root location: 
 /tmp
[2023-01-07T05:18:30.606+0000] {subprocess.py:75} INFO - Running command: ['/bin/bash', '-c', 'sleep 1']
[2023-01-07T05:18:31.035+0000] {subprocess.py:86} INFO - Output:
[2023-01-07T05:18:32.107+0000] {subprocess.py:97} INFO - Command exited with return code 0
[2023-01-07T05:18:32.648+0000] {taskinstance.py:1406} INFO - Marking task as SUCCESS. dag_id=dpt_cosmetic, task_id=product.transform, execution_date=20230107T051553, start_date=20230107T051824, end_date=20230107T051832
[2023-01-07T05:18:32.856+0000] {local_task_job.py:164} INFO - Task exited with return code 0
[2023-01-07T05:18:34.535+0000] {local_task_job.py:273} INFO - 1 downstream tasks scheduled from follow-on schedule check
