[2023-01-06T01:57:38.246+0000] {taskinstance.py:1165} INFO - Dependencies all met for <TaskInstance: dpt_cosmetic.transaction_01.check_table manual__2023-01-06T01:57:35.165428+00:00 [queued]>
[2023-01-06T01:57:38.259+0000] {taskinstance.py:1165} INFO - Dependencies all met for <TaskInstance: dpt_cosmetic.transaction_01.check_table manual__2023-01-06T01:57:35.165428+00:00 [queued]>
[2023-01-06T01:57:38.260+0000] {taskinstance.py:1362} INFO - 
--------------------------------------------------------------------------------
[2023-01-06T01:57:38.261+0000] {taskinstance.py:1363} INFO - Starting attempt 1 of 1
[2023-01-06T01:57:38.261+0000] {taskinstance.py:1364} INFO - 
--------------------------------------------------------------------------------
[2023-01-06T01:57:38.283+0000] {taskinstance.py:1383} INFO - Executing <Task(BranchPythonOperator): transaction_01.check_table> on 2023-01-06 01:57:35.165428+00:00
[2023-01-06T01:57:38.289+0000] {standard_task_runner.py:55} INFO - Started process 120 to run task
[2023-01-06T01:57:38.294+0000] {standard_task_runner.py:82} INFO - Running: ['***', 'tasks', 'run', 'dpt_cosmetic', 'transaction_01.check_table', 'manual__2023-01-06T01:57:35.165428+00:00', '--job-id', '352', '--raw', '--subdir', 'DAGS_FOLDER/main.py', '--cfg-path', '/tmp/tmp20cjxj30']
[2023-01-06T01:57:38.297+0000] {standard_task_runner.py:83} INFO - Job 352: Subtask transaction_01.check_table
[2023-01-06T01:57:38.395+0000] {task_command.py:376} INFO - Running <TaskInstance: dpt_cosmetic.transaction_01.check_table manual__2023-01-06T01:57:35.165428+00:00 [running]> on host fdf4acf1d8ed
[2023-01-06T01:57:38.499+0000] {taskinstance.py:1592} INFO - Exporting the following env vars:
AIRFLOW_CTX_DAG_OWNER=***
AIRFLOW_CTX_DAG_ID=dpt_cosmetic
AIRFLOW_CTX_TASK_ID=transaction_01.check_table
AIRFLOW_CTX_EXECUTION_DATE=2023-01-06T01:57:35.165428+00:00
AIRFLOW_CTX_TRY_NUMBER=1
AIRFLOW_CTX_DAG_RUN_ID=manual__2023-01-06T01:57:35.165428+00:00
[2023-01-06T01:57:39.166+0000] {python.py:177} INFO - Done. Returned value was: transaction_01.create_table
[2023-01-06T01:57:39.169+0000] {skipmixin.py:155} INFO - Following branch transaction_01.create_table
[2023-01-06T01:57:39.171+0000] {skipmixin.py:190} INFO - Skipping tasks []
[2023-01-06T01:57:39.339+0000] {taskinstance.py:1406} INFO - Marking task as SUCCESS. dag_id=dpt_cosmetic, task_id=transaction_01.check_table, execution_date=20230106T015735, start_date=20230106T015738, end_date=20230106T015739
[2023-01-06T01:57:39.434+0000] {local_task_job.py:164} INFO - Task exited with return code 0
[2023-01-06T01:57:39.559+0000] {local_task_job.py:273} INFO - 1 downstream tasks scheduled from follow-on schedule check
