[2023-01-06T20:30:56.903+0000] {taskinstance.py:1165} INFO - Dependencies all met for <TaskInstance: dpt_cosmetic.website.transform manual__2023-01-06T20:30:39.090323+00:00 [queued]>
[2023-01-06T20:30:57.015+0000] {taskinstance.py:1165} INFO - Dependencies all met for <TaskInstance: dpt_cosmetic.website.transform manual__2023-01-06T20:30:39.090323+00:00 [queued]>
[2023-01-06T20:30:57.018+0000] {taskinstance.py:1362} INFO - 
--------------------------------------------------------------------------------
[2023-01-06T20:30:57.023+0000] {taskinstance.py:1363} INFO - Starting attempt 1 of 1
[2023-01-06T20:30:57.025+0000] {taskinstance.py:1364} INFO - 
--------------------------------------------------------------------------------
[2023-01-06T20:30:57.126+0000] {taskinstance.py:1383} INFO - Executing <Task(BashOperator): website.transform> on 2023-01-06 20:30:39.090323+00:00
[2023-01-06T20:30:57.186+0000] {standard_task_runner.py:55} INFO - Started process 252 to run task
[2023-01-06T20:30:57.217+0000] {standard_task_runner.py:82} INFO - Running: ['***', 'tasks', 'run', 'dpt_cosmetic', 'website.transform', 'manual__2023-01-06T20:30:39.090323+00:00', '--job-id', '422', '--raw', '--subdir', 'DAGS_FOLDER/main.py', '--cfg-path', '/tmp/tmpuw_f6m28']
[2023-01-06T20:30:57.222+0000] {standard_task_runner.py:83} INFO - Job 422: Subtask website.transform
[2023-01-06T20:30:57.739+0000] {task_command.py:376} INFO - Running <TaskInstance: dpt_cosmetic.website.transform manual__2023-01-06T20:30:39.090323+00:00 [running]> on host fdf4acf1d8ed
[2023-01-06T20:30:58.122+0000] {taskinstance.py:1592} INFO - Exporting the following env vars:
AIRFLOW_CTX_DAG_OWNER=***
AIRFLOW_CTX_DAG_ID=dpt_cosmetic
AIRFLOW_CTX_TASK_ID=website.transform
AIRFLOW_CTX_EXECUTION_DATE=2023-01-06T20:30:39.090323+00:00
AIRFLOW_CTX_TRY_NUMBER=1
AIRFLOW_CTX_DAG_RUN_ID=manual__2023-01-06T20:30:39.090323+00:00
[2023-01-06T20:30:58.128+0000] {subprocess.py:63} INFO - Tmp dir root location: 
 /tmp
[2023-01-06T20:30:58.131+0000] {subprocess.py:75} INFO - Running command: ['/bin/bash', '-c', 'sleep 1']
[2023-01-06T20:30:58.166+0000] {subprocess.py:86} INFO - Output:
[2023-01-06T20:30:59.181+0000] {subprocess.py:97} INFO - Command exited with return code 0
[2023-01-06T20:30:59.515+0000] {taskinstance.py:1406} INFO - Marking task as SUCCESS. dag_id=dpt_cosmetic, task_id=website.transform, execution_date=20230106T203039, start_date=20230106T203056, end_date=20230106T203059
[2023-01-06T20:31:00.148+0000] {local_task_job.py:164} INFO - Task exited with return code 0
[2023-01-06T20:31:00.525+0000] {local_task_job.py:273} INFO - 1 downstream tasks scheduled from follow-on schedule check
