[2023-01-07T01:58:07.702+0000] {taskinstance.py:1165} INFO - Dependencies all met for <TaskInstance: dpt_cosmetic.transaction_01.check_table scheduled__2023-01-06T00:00:00+00:00 [queued]>
[2023-01-07T01:58:07.770+0000] {taskinstance.py:1165} INFO - Dependencies all met for <TaskInstance: dpt_cosmetic.transaction_01.check_table scheduled__2023-01-06T00:00:00+00:00 [queued]>
[2023-01-07T01:58:07.772+0000] {taskinstance.py:1362} INFO - 
--------------------------------------------------------------------------------
[2023-01-07T01:58:07.774+0000] {taskinstance.py:1363} INFO - Starting attempt 1 of 1
[2023-01-07T01:58:07.775+0000] {taskinstance.py:1364} INFO - 
--------------------------------------------------------------------------------
[2023-01-07T01:58:07.884+0000] {taskinstance.py:1383} INFO - Executing <Task(BranchPythonOperator): transaction_01.check_table> on 2023-01-06 00:00:00+00:00
[2023-01-07T01:58:07.911+0000] {standard_task_runner.py:55} INFO - Started process 226 to run task
[2023-01-07T01:58:07.931+0000] {standard_task_runner.py:82} INFO - Running: ['***', 'tasks', 'run', 'dpt_cosmetic', 'transaction_01.check_table', 'scheduled__2023-01-06T00:00:00+00:00', '--job-id', '503', '--raw', '--subdir', 'DAGS_FOLDER/main.py', '--cfg-path', '/tmp/tmp3j4_vvhz']
[2023-01-07T01:58:07.943+0000] {standard_task_runner.py:83} INFO - Job 503: Subtask transaction_01.check_table
[2023-01-07T01:58:08.014+0000] {warnings.py:110} WARNING - /home/***/.local/lib/python3.7/site-packages/***/configuration.py:545: DeprecationWarning: The sql_alchemy_conn option in [core] has been moved to the sql_alchemy_conn option in [database] - the old setting has been used, but please update your config.
  option = self._get_environment_variables(deprecated_key, deprecated_section, key, section)

[2023-01-07T01:58:08.393+0000] {task_command.py:376} INFO - Running <TaskInstance: dpt_cosmetic.transaction_01.check_table scheduled__2023-01-06T00:00:00+00:00 [running]> on host fdf4acf1d8ed
[2023-01-07T01:58:08.855+0000] {taskinstance.py:1592} INFO - Exporting the following env vars:
AIRFLOW_CTX_DAG_OWNER=***
AIRFLOW_CTX_DAG_ID=dpt_cosmetic
AIRFLOW_CTX_TASK_ID=transaction_01.check_table
AIRFLOW_CTX_EXECUTION_DATE=2023-01-06T00:00:00+00:00
AIRFLOW_CTX_TRY_NUMBER=1
AIRFLOW_CTX_DAG_RUN_ID=scheduled__2023-01-06T00:00:00+00:00
[2023-01-07T01:58:09.593+0000] {python.py:177} INFO - Done. Returned value was: transaction_01.insert_data
[2023-01-07T01:58:09.635+0000] {skipmixin.py:155} INFO - Following branch transaction_01.insert_data
[2023-01-07T01:58:09.655+0000] {skipmixin.py:190} INFO - Skipping tasks ['transaction_01.create_table']
[2023-01-07T01:58:09.956+0000] {taskinstance.py:1406} INFO - Marking task as SUCCESS. dag_id=dpt_cosmetic, task_id=transaction_01.check_table, execution_date=20230106T000000, start_date=20230107T015807, end_date=20230107T015809
[2023-01-07T01:58:10.061+0000] {local_task_job.py:164} INFO - Task exited with return code 0
[2023-01-07T01:58:10.439+0000] {local_task_job.py:273} INFO - 1 downstream tasks scheduled from follow-on schedule check
[2023-01-07T05:33:18.082+0000] {taskinstance.py:1165} INFO - Dependencies all met for <TaskInstance: dpt_cosmetic.transaction_01.check_table scheduled__2023-01-06T00:00:00+00:00 [queued]>
[2023-01-07T05:33:18.176+0000] {taskinstance.py:1165} INFO - Dependencies all met for <TaskInstance: dpt_cosmetic.transaction_01.check_table scheduled__2023-01-06T00:00:00+00:00 [queued]>
[2023-01-07T05:33:18.178+0000] {taskinstance.py:1362} INFO - 
--------------------------------------------------------------------------------
[2023-01-07T05:33:18.180+0000] {taskinstance.py:1363} INFO - Starting attempt 1 of 1
[2023-01-07T05:33:18.182+0000] {taskinstance.py:1364} INFO - 
--------------------------------------------------------------------------------
[2023-01-07T05:33:18.306+0000] {taskinstance.py:1383} INFO - Executing <Task(BranchPythonOperator): transaction_01.check_table> on 2023-01-06 00:00:00+00:00
[2023-01-07T05:33:18.325+0000] {standard_task_runner.py:55} INFO - Started process 213 to run task
[2023-01-07T05:33:18.347+0000] {standard_task_runner.py:82} INFO - Running: ['***', 'tasks', 'run', 'dpt_cosmetic', 'transaction_01.check_table', 'scheduled__2023-01-06T00:00:00+00:00', '--job-id', '644', '--raw', '--subdir', 'DAGS_FOLDER/main.py', '--cfg-path', '/tmp/tmp2pcs3o1i']
[2023-01-07T05:33:18.357+0000] {standard_task_runner.py:83} INFO - Job 644: Subtask transaction_01.check_table
[2023-01-07T05:33:18.436+0000] {warnings.py:110} WARNING - /home/***/.local/lib/python3.7/site-packages/***/configuration.py:545: DeprecationWarning: The sql_alchemy_conn option in [core] has been moved to the sql_alchemy_conn option in [database] - the old setting has been used, but please update your config.
  option = self._get_environment_variables(deprecated_key, deprecated_section, key, section)

[2023-01-07T05:33:18.813+0000] {task_command.py:376} INFO - Running <TaskInstance: dpt_cosmetic.transaction_01.check_table scheduled__2023-01-06T00:00:00+00:00 [running]> on host fdf4acf1d8ed
[2023-01-07T05:33:19.324+0000] {taskinstance.py:1592} INFO - Exporting the following env vars:
AIRFLOW_CTX_DAG_OWNER=***
AIRFLOW_CTX_DAG_ID=dpt_cosmetic
AIRFLOW_CTX_TASK_ID=transaction_01.check_table
AIRFLOW_CTX_EXECUTION_DATE=2023-01-06T00:00:00+00:00
AIRFLOW_CTX_TRY_NUMBER=1
AIRFLOW_CTX_DAG_RUN_ID=scheduled__2023-01-06T00:00:00+00:00
[2023-01-07T05:33:20.253+0000] {python.py:177} INFO - Done. Returned value was: transaction_01.insert_data
[2023-01-07T05:33:20.255+0000] {skipmixin.py:155} INFO - Following branch transaction_01.insert_data
[2023-01-07T05:33:20.258+0000] {skipmixin.py:190} INFO - Skipping tasks ['transaction_01.create_table']
[2023-01-07T05:33:20.626+0000] {taskinstance.py:1406} INFO - Marking task as SUCCESS. dag_id=dpt_cosmetic, task_id=transaction_01.check_table, execution_date=20230106T000000, start_date=20230107T053318, end_date=20230107T053320
[2023-01-07T05:33:20.765+0000] {local_task_job.py:164} INFO - Task exited with return code 0
[2023-01-07T05:33:21.246+0000] {local_task_job.py:273} INFO - 1 downstream tasks scheduled from follow-on schedule check
