[2023-01-07T05:19:48.586+0000] {taskinstance.py:1165} INFO - Dependencies all met for <TaskInstance: dpt_cosmetic.product.load_to_google_storage manual__2023-01-07T05:15:53.603562+00:00 [queued]>
[2023-01-07T05:19:48.709+0000] {taskinstance.py:1165} INFO - Dependencies all met for <TaskInstance: dpt_cosmetic.product.load_to_google_storage manual__2023-01-07T05:15:53.603562+00:00 [queued]>
[2023-01-07T05:19:48.716+0000] {taskinstance.py:1362} INFO - 
--------------------------------------------------------------------------------
[2023-01-07T05:19:48.718+0000] {taskinstance.py:1363} INFO - Starting attempt 1 of 1
[2023-01-07T05:19:48.720+0000] {taskinstance.py:1364} INFO - 
--------------------------------------------------------------------------------
[2023-01-07T05:19:48.832+0000] {taskinstance.py:1383} INFO - Executing <Task(BashOperator): product.load_to_google_storage> on 2023-01-07 05:15:53.603562+00:00
[2023-01-07T05:19:48.866+0000] {standard_task_runner.py:55} INFO - Started process 573 to run task
[2023-01-07T05:19:48.895+0000] {standard_task_runner.py:82} INFO - Running: ['***', 'tasks', 'run', 'dpt_cosmetic', 'product.load_to_google_storage', 'manual__2023-01-07T05:15:53.603562+00:00', '--job-id', '604', '--raw', '--subdir', 'DAGS_FOLDER/main.py', '--cfg-path', '/tmp/tmps9uewykn']
[2023-01-07T05:19:48.907+0000] {standard_task_runner.py:83} INFO - Job 604: Subtask product.load_to_google_storage
[2023-01-07T05:19:49.268+0000] {task_command.py:376} INFO - Running <TaskInstance: dpt_cosmetic.product.load_to_google_storage manual__2023-01-07T05:15:53.603562+00:00 [running]> on host fdf4acf1d8ed
[2023-01-07T05:19:49.878+0000] {taskinstance.py:1592} INFO - Exporting the following env vars:
AIRFLOW_CTX_DAG_OWNER=***
AIRFLOW_CTX_DAG_ID=dpt_cosmetic
AIRFLOW_CTX_TASK_ID=product.load_to_google_storage
AIRFLOW_CTX_EXECUTION_DATE=2023-01-07T05:15:53.603562+00:00
AIRFLOW_CTX_TRY_NUMBER=1
AIRFLOW_CTX_DAG_RUN_ID=manual__2023-01-07T05:15:53.603562+00:00
[2023-01-07T05:19:49.890+0000] {subprocess.py:63} INFO - Tmp dir root location: 
 /tmp
[2023-01-07T05:19:49.894+0000] {subprocess.py:75} INFO - Running command: ['/bin/bash', '-c', 'sleep 1']
[2023-01-07T05:19:49.956+0000] {subprocess.py:86} INFO - Output:
[2023-01-07T05:19:50.971+0000] {subprocess.py:97} INFO - Command exited with return code 0
[2023-01-07T05:19:51.171+0000] {taskinstance.py:1406} INFO - Marking task as SUCCESS. dag_id=dpt_cosmetic, task_id=product.load_to_google_storage, execution_date=20230107T051553, start_date=20230107T051948, end_date=20230107T051951
[2023-01-07T05:19:51.330+0000] {local_task_job.py:164} INFO - Task exited with return code 0
[2023-01-07T05:19:51.645+0000] {local_task_job.py:273} INFO - 0 downstream tasks scheduled from follow-on schedule check
