[2023-01-07T05:19:48.101+0000] {taskinstance.py:1165} INFO - Dependencies all met for <TaskInstance: dpt_cosmetic.website.load_to_google_storage manual__2023-01-07T05:15:53.603562+00:00 [queued]>
[2023-01-07T05:19:48.221+0000] {taskinstance.py:1165} INFO - Dependencies all met for <TaskInstance: dpt_cosmetic.website.load_to_google_storage manual__2023-01-07T05:15:53.603562+00:00 [queued]>
[2023-01-07T05:19:48.224+0000] {taskinstance.py:1362} INFO - 
--------------------------------------------------------------------------------
[2023-01-07T05:19:48.226+0000] {taskinstance.py:1363} INFO - Starting attempt 1 of 1
[2023-01-07T05:19:48.228+0000] {taskinstance.py:1364} INFO - 
--------------------------------------------------------------------------------
[2023-01-07T05:19:48.369+0000] {taskinstance.py:1383} INFO - Executing <Task(BashOperator): website.load_to_google_storage> on 2023-01-07 05:15:53.603562+00:00
[2023-01-07T05:19:48.450+0000] {standard_task_runner.py:55} INFO - Started process 571 to run task
[2023-01-07T05:19:48.529+0000] {standard_task_runner.py:82} INFO - Running: ['***', 'tasks', 'run', 'dpt_cosmetic', 'website.load_to_google_storage', 'manual__2023-01-07T05:15:53.603562+00:00', '--job-id', '602', '--raw', '--subdir', 'DAGS_FOLDER/main.py', '--cfg-path', '/tmp/tmpz7a5nraw']
[2023-01-07T05:19:48.552+0000] {standard_task_runner.py:83} INFO - Job 602: Subtask website.load_to_google_storage
[2023-01-07T05:19:49.045+0000] {task_command.py:376} INFO - Running <TaskInstance: dpt_cosmetic.website.load_to_google_storage manual__2023-01-07T05:15:53.603562+00:00 [running]> on host fdf4acf1d8ed
[2023-01-07T05:19:49.567+0000] {taskinstance.py:1592} INFO - Exporting the following env vars:
AIRFLOW_CTX_DAG_OWNER=***
AIRFLOW_CTX_DAG_ID=dpt_cosmetic
AIRFLOW_CTX_TASK_ID=website.load_to_google_storage
AIRFLOW_CTX_EXECUTION_DATE=2023-01-07T05:15:53.603562+00:00
AIRFLOW_CTX_TRY_NUMBER=1
AIRFLOW_CTX_DAG_RUN_ID=manual__2023-01-07T05:15:53.603562+00:00
[2023-01-07T05:19:49.585+0000] {subprocess.py:63} INFO - Tmp dir root location: 
 /tmp
[2023-01-07T05:19:49.589+0000] {subprocess.py:75} INFO - Running command: ['/bin/bash', '-c', 'sleep 1']
[2023-01-07T05:19:49.693+0000] {subprocess.py:86} INFO - Output:
[2023-01-07T05:19:50.710+0000] {subprocess.py:97} INFO - Command exited with return code 0
[2023-01-07T05:19:50.914+0000] {taskinstance.py:1406} INFO - Marking task as SUCCESS. dag_id=dpt_cosmetic, task_id=website.load_to_google_storage, execution_date=20230107T051553, start_date=20230107T051948, end_date=20230107T051950
[2023-01-07T05:19:51.019+0000] {local_task_job.py:164} INFO - Task exited with return code 0
[2023-01-07T05:19:51.294+0000] {local_task_job.py:273} INFO - 0 downstream tasks scheduled from follow-on schedule check
