[2023-01-01T00:17:57.050+0000] {taskinstance.py:1165} INFO - Dependencies all met for <TaskInstance: dpt_cosmetic.user.extract manual__2023-01-01T00:17:44.805739+00:00 [queued]>
[2023-01-01T00:17:57.096+0000] {taskinstance.py:1165} INFO - Dependencies all met for <TaskInstance: dpt_cosmetic.user.extract manual__2023-01-01T00:17:44.805739+00:00 [queued]>
[2023-01-01T00:17:57.098+0000] {taskinstance.py:1362} INFO - 
--------------------------------------------------------------------------------
[2023-01-01T00:17:57.100+0000] {taskinstance.py:1363} INFO - Starting attempt 1 of 1
[2023-01-01T00:17:57.101+0000] {taskinstance.py:1364} INFO - 
--------------------------------------------------------------------------------
[2023-01-01T00:17:57.176+0000] {taskinstance.py:1383} INFO - Executing <Task(ExtractOperator): user.extract> on 2023-01-01 00:17:44.805739+00:00
[2023-01-01T00:17:57.191+0000] {standard_task_runner.py:55} INFO - Started process 573 to run task
[2023-01-01T00:17:57.209+0000] {standard_task_runner.py:82} INFO - Running: ['***', 'tasks', 'run', 'dpt_cosmetic', 'user.extract', 'manual__2023-01-01T00:17:44.805739+00:00', '--job-id', '93', '--raw', '--subdir', 'DAGS_FOLDER/main.py', '--cfg-path', '/tmp/tmpf_pit32p']
[2023-01-01T00:17:57.212+0000] {standard_task_runner.py:83} INFO - Job 93: Subtask user.extract
[2023-01-01T00:17:57.560+0000] {task_command.py:376} INFO - Running <TaskInstance: dpt_cosmetic.user.extract manual__2023-01-01T00:17:44.805739+00:00 [running]> on host 6bd76effbc07
[2023-01-01T00:17:57.943+0000] {taskinstance.py:1592} INFO - Exporting the following env vars:
AIRFLOW_CTX_DAG_OWNER=***
AIRFLOW_CTX_DAG_ID=dpt_cosmetic
AIRFLOW_CTX_TASK_ID=user.extract
AIRFLOW_CTX_EXECUTION_DATE=2023-01-01T00:17:44.805739+00:00
AIRFLOW_CTX_TRY_NUMBER=1
AIRFLOW_CTX_DAG_RUN_ID=manual__2023-01-01T00:17:44.805739+00:00
[2023-01-01T00:17:58.165+0000] {logging_mixin.py:120} INFO - []
[2023-01-01T00:17:58.222+0000] {taskinstance.py:1406} INFO - Marking task as SUCCESS. dag_id=dpt_cosmetic, task_id=user.extract, execution_date=20230101T001744, start_date=20230101T001757, end_date=20230101T001758
[2023-01-01T00:17:58.310+0000] {local_task_job.py:164} INFO - Task exited with return code 0
[2023-01-01T00:17:58.429+0000] {local_task_job.py:273} INFO - 0 downstream tasks scheduled from follow-on schedule check
