[2023-01-07T05:32:24.376+0000] {taskinstance.py:1165} INFO - Dependencies all met for <TaskInstance: dpt_cosmetic.private_info.transform manual__2023-01-07T05:31:50.438921+00:00 [queued]>
[2023-01-07T05:32:24.618+0000] {taskinstance.py:1165} INFO - Dependencies all met for <TaskInstance: dpt_cosmetic.private_info.transform manual__2023-01-07T05:31:50.438921+00:00 [queued]>
[2023-01-07T05:32:24.634+0000] {taskinstance.py:1362} INFO - 
--------------------------------------------------------------------------------
[2023-01-07T05:32:24.636+0000] {taskinstance.py:1363} INFO - Starting attempt 1 of 1
[2023-01-07T05:32:24.638+0000] {taskinstance.py:1364} INFO - 
--------------------------------------------------------------------------------
[2023-01-07T05:32:25.361+0000] {taskinstance.py:1383} INFO - Executing <Task(BashOperator): private_info.transform> on 2023-01-07 05:31:50.438921+00:00
[2023-01-07T05:32:25.410+0000] {standard_task_runner.py:55} INFO - Started process 112 to run task
[2023-01-07T05:32:25.560+0000] {standard_task_runner.py:82} INFO - Running: ['***', 'tasks', 'run', 'dpt_cosmetic', 'private_info.transform', 'manual__2023-01-07T05:31:50.438921+00:00', '--job-id', '616', '--raw', '--subdir', 'DAGS_FOLDER/main.py', '--cfg-path', '/tmp/tmpsyk_e3mx']
[2023-01-07T05:32:25.624+0000] {standard_task_runner.py:83} INFO - Job 616: Subtask private_info.transform
[2023-01-07T05:32:26.159+0000] {task_command.py:376} INFO - Running <TaskInstance: dpt_cosmetic.private_info.transform manual__2023-01-07T05:31:50.438921+00:00 [running]> on host fdf4acf1d8ed
[2023-01-07T05:32:26.742+0000] {taskinstance.py:1592} INFO - Exporting the following env vars:
AIRFLOW_CTX_DAG_OWNER=***
AIRFLOW_CTX_DAG_ID=dpt_cosmetic
AIRFLOW_CTX_TASK_ID=private_info.transform
AIRFLOW_CTX_EXECUTION_DATE=2023-01-07T05:31:50.438921+00:00
AIRFLOW_CTX_TRY_NUMBER=1
AIRFLOW_CTX_DAG_RUN_ID=manual__2023-01-07T05:31:50.438921+00:00
[2023-01-07T05:32:26.754+0000] {subprocess.py:63} INFO - Tmp dir root location: 
 /tmp
[2023-01-07T05:32:26.766+0000] {subprocess.py:75} INFO - Running command: ['/bin/bash', '-c', 'sleep 1']
[2023-01-07T05:32:26.866+0000] {subprocess.py:86} INFO - Output:
[2023-01-07T05:32:27.910+0000] {subprocess.py:97} INFO - Command exited with return code 0
[2023-01-07T05:32:28.333+0000] {taskinstance.py:1406} INFO - Marking task as SUCCESS. dag_id=dpt_cosmetic, task_id=private_info.transform, execution_date=20230107T053150, start_date=20230107T053224, end_date=20230107T053228
[2023-01-07T05:32:28.633+0000] {local_task_job.py:164} INFO - Task exited with return code 0
[2023-01-07T05:32:29.172+0000] {local_task_job.py:273} INFO - 1 downstream tasks scheduled from follow-on schedule check
