[2023-01-02T15:49:20.470+0000] {taskinstance.py:1165} INFO - Dependencies all met for <TaskInstance: dpt_cosmetic.user.transform manual__2023-01-02T15:49:07.908072+00:00 [queued]>
[2023-01-02T15:49:20.523+0000] {taskinstance.py:1165} INFO - Dependencies all met for <TaskInstance: dpt_cosmetic.user.transform manual__2023-01-02T15:49:07.908072+00:00 [queued]>
[2023-01-02T15:49:20.525+0000] {taskinstance.py:1362} INFO - 
--------------------------------------------------------------------------------
[2023-01-02T15:49:20.527+0000] {taskinstance.py:1363} INFO - Starting attempt 1 of 1
[2023-01-02T15:49:20.528+0000] {taskinstance.py:1364} INFO - 
--------------------------------------------------------------------------------
[2023-01-02T15:49:20.614+0000] {taskinstance.py:1383} INFO - Executing <Task(TransformOperator): user.transform> on 2023-01-02 15:49:07.908072+00:00
[2023-01-02T15:49:20.631+0000] {standard_task_runner.py:55} INFO - Started process 137 to run task
[2023-01-02T15:49:20.649+0000] {standard_task_runner.py:82} INFO - Running: ['***', 'tasks', 'run', 'dpt_cosmetic', 'user.transform', 'manual__2023-01-02T15:49:07.908072+00:00', '--job-id', '216', '--raw', '--subdir', 'DAGS_FOLDER/main.py', '--cfg-path', '/tmp/tmpzoncanfw']
[2023-01-02T15:49:20.652+0000] {standard_task_runner.py:83} INFO - Job 216: Subtask user.transform
[2023-01-02T15:49:20.987+0000] {task_command.py:376} INFO - Running <TaskInstance: dpt_cosmetic.user.transform manual__2023-01-02T15:49:07.908072+00:00 [running]> on host 703acec1b71e
[2023-01-02T15:49:21.358+0000] {taskinstance.py:1592} INFO - Exporting the following env vars:
AIRFLOW_CTX_DAG_OWNER=***
AIRFLOW_CTX_DAG_ID=dpt_cosmetic
AIRFLOW_CTX_TASK_ID=user.transform
AIRFLOW_CTX_EXECUTION_DATE=2023-01-02T15:49:07.908072+00:00
AIRFLOW_CTX_TRY_NUMBER=1
AIRFLOW_CTX_DAG_RUN_ID=manual__2023-01-02T15:49:07.908072+00:00
[2023-01-02T15:49:21.802+0000] {taskinstance.py:1851} ERROR - Task failed with exception
Traceback (most recent call last):
  File "/opt/airflow/dags/utilties/operator.py", line 85, in execute
    self.save_to_local(df)
TypeError: save_to_local() missing 1 required positional argument: 'data'
[2023-01-02T15:49:21.942+0000] {taskinstance.py:1406} INFO - Marking task as FAILED. dag_id=dpt_cosmetic, task_id=user.transform, execution_date=20230102T154907, start_date=20230102T154920, end_date=20230102T154921
[2023-01-02T15:49:22.097+0000] {standard_task_runner.py:105} ERROR - Failed to execute job 216 for task user.transform (save_to_local() missing 1 required positional argument: 'data'; 137)
[2023-01-02T15:49:22.162+0000] {local_task_job.py:164} INFO - Task exited with return code 1
[2023-01-02T15:49:22.403+0000] {local_task_job.py:273} INFO - 0 downstream tasks scheduled from follow-on schedule check
