[2023-01-01T13:33:13.347+0000] {taskinstance.py:1165} INFO - Dependencies all met for <TaskInstance: dpt_cosmetic.transaction.transform manual__2023-01-01T13:33:01.267266+00:00 [queued]>
[2023-01-01T13:33:13.391+0000] {taskinstance.py:1165} INFO - Dependencies all met for <TaskInstance: dpt_cosmetic.transaction.transform manual__2023-01-01T13:33:01.267266+00:00 [queued]>
[2023-01-01T13:33:13.393+0000] {taskinstance.py:1362} INFO - 
--------------------------------------------------------------------------------
[2023-01-01T13:33:13.394+0000] {taskinstance.py:1363} INFO - Starting attempt 1 of 1
[2023-01-01T13:33:13.395+0000] {taskinstance.py:1364} INFO - 
--------------------------------------------------------------------------------
[2023-01-01T13:33:13.469+0000] {taskinstance.py:1383} INFO - Executing <Task(Operator): transaction.transform> on 2023-01-01 13:33:01.267266+00:00
[2023-01-01T13:33:13.483+0000] {standard_task_runner.py:55} INFO - Started process 147 to run task
[2023-01-01T13:33:13.497+0000] {standard_task_runner.py:82} INFO - Running: ['***', 'tasks', 'run', 'dpt_cosmetic', 'transaction.transform', 'manual__2023-01-01T13:33:01.267266+00:00', '--job-id', '171', '--raw', '--subdir', 'DAGS_FOLDER/main.py', '--cfg-path', '/tmp/tmp37zexd6g']
[2023-01-01T13:33:13.499+0000] {standard_task_runner.py:83} INFO - Job 171: Subtask transaction.transform
[2023-01-01T13:33:13.766+0000] {task_command.py:376} INFO - Running <TaskInstance: dpt_cosmetic.transaction.transform manual__2023-01-01T13:33:01.267266+00:00 [running]> on host 6bd76effbc07
[2023-01-01T13:33:14.089+0000] {taskinstance.py:1592} INFO - Exporting the following env vars:
AIRFLOW_CTX_DAG_OWNER=***
AIRFLOW_CTX_DAG_ID=dpt_cosmetic
AIRFLOW_CTX_TASK_ID=transaction.transform
AIRFLOW_CTX_EXECUTION_DATE=2023-01-01T13:33:01.267266+00:00
AIRFLOW_CTX_TRY_NUMBER=1
AIRFLOW_CTX_DAG_RUN_ID=manual__2023-01-01T13:33:01.267266+00:00
[2023-01-01T13:33:22.627+0000] {logging_mixin.py:120} INFO -                         _id user_id  ...              ip            last_updated
0  63b1849f6aafcb71bc804a86   u1001  ...  69.121.240.238 2023-01-01 22:03:27.476
1  63b1849f6aafcb71bc804a87   u1001  ...    77.40.219.41 2023-01-01 22:03:27.515
2  63b1849f6aafcb71bc804a88   u1001  ...   56.150.18.171 2023-01-01 22:03:27.522
3  63b1849f6aafcb71bc804a89   u1001  ...      10.0.0.0/8 2023-01-01 22:03:27.530
4  63b1849f6aafcb71bc804a8a   u1001  ...  137.184.91.250 2023-01-01 22:03:27.539

[5 rows x 12 columns]
[2023-01-01T13:33:22.763+0000] {taskinstance.py:1406} INFO - Marking task as SUCCESS. dag_id=dpt_cosmetic, task_id=transaction.transform, execution_date=20230101T133301, start_date=20230101T133313, end_date=20230101T133322
[2023-01-01T13:33:22.897+0000] {local_task_job.py:164} INFO - Task exited with return code 0
[2023-01-01T13:33:22.991+0000] {local_task_job.py:273} INFO - 0 downstream tasks scheduled from follow-on schedule check
