[2023-01-01T00:18:40.809+0000] {taskinstance.py:1165} INFO - Dependencies all met for <TaskInstance: dpt_cosmetic.transaction.extract manual__2023-01-01T00:18:27.519323+00:00 [queued]>
[2023-01-01T00:18:40.858+0000] {taskinstance.py:1165} INFO - Dependencies all met for <TaskInstance: dpt_cosmetic.transaction.extract manual__2023-01-01T00:18:27.519323+00:00 [queued]>
[2023-01-01T00:18:40.860+0000] {taskinstance.py:1362} INFO - 
--------------------------------------------------------------------------------
[2023-01-01T00:18:40.862+0000] {taskinstance.py:1363} INFO - Starting attempt 1 of 1
[2023-01-01T00:18:40.863+0000] {taskinstance.py:1364} INFO - 
--------------------------------------------------------------------------------
[2023-01-01T00:18:40.937+0000] {taskinstance.py:1383} INFO - Executing <Task(ExtractOperator): transaction.extract> on 2023-01-01 00:18:27.519323+00:00
[2023-01-01T00:18:40.953+0000] {standard_task_runner.py:55} INFO - Started process 598 to run task
[2023-01-01T00:18:40.971+0000] {standard_task_runner.py:82} INFO - Running: ['***', 'tasks', 'run', 'dpt_cosmetic', 'transaction.extract', 'manual__2023-01-01T00:18:27.519323+00:00', '--job-id', '96', '--raw', '--subdir', 'DAGS_FOLDER/main.py', '--cfg-path', '/tmp/tmpuyue8oef']
[2023-01-01T00:18:40.974+0000] {standard_task_runner.py:83} INFO - Job 96: Subtask transaction.extract
[2023-01-01T00:18:41.343+0000] {task_command.py:376} INFO - Running <TaskInstance: dpt_cosmetic.transaction.extract manual__2023-01-01T00:18:27.519323+00:00 [running]> on host 6bd76effbc07
[2023-01-01T00:18:41.683+0000] {taskinstance.py:1592} INFO - Exporting the following env vars:
AIRFLOW_CTX_DAG_OWNER=***
AIRFLOW_CTX_DAG_ID=dpt_cosmetic
AIRFLOW_CTX_TASK_ID=transaction.extract
AIRFLOW_CTX_EXECUTION_DATE=2023-01-01T00:18:27.519323+00:00
AIRFLOW_CTX_TRY_NUMBER=1
AIRFLOW_CTX_DAG_RUN_ID=manual__2023-01-01T00:18:27.519323+00:00
[2023-01-01T00:18:41.899+0000] {logging_mixin.py:120} INFO - []
[2023-01-01T00:18:41.952+0000] {taskinstance.py:1406} INFO - Marking task as SUCCESS. dag_id=dpt_cosmetic, task_id=transaction.extract, execution_date=20230101T001827, start_date=20230101T001840, end_date=20230101T001841
[2023-01-01T00:18:42.066+0000] {local_task_job.py:164} INFO - Task exited with return code 0
[2023-01-01T00:18:42.196+0000] {local_task_job.py:273} INFO - 0 downstream tasks scheduled from follow-on schedule check
