[2023-01-05T17:22:44.045+0000] {processor.py:154} INFO - Started process (PID=35) to work on /opt/airflow/dags/bingquery.py
[2023-01-05T17:22:44.047+0000] {processor.py:756} INFO - Processing file /opt/airflow/dags/bingquery.py for tasks to queue
[2023-01-05T17:22:44.048+0000] {logging_mixin.py:120} INFO - [2023-01-05T17:22:44.048+0000] {dagbag.py:537} INFO - Filling up the DagBag from /opt/airflow/dags/bingquery.py
[2023-01-05T17:22:45.950+0000] {logging_mixin.py:120} INFO - [2023-01-05T17:22:45.944+0000] {dagbag.py:342} ERROR - Failed to import: /opt/airflow/dags/bingquery.py
Traceback (most recent call last):
  File "/home/airflow/.local/lib/python3.7/site-packages/airflow/models/dagbag.py", line 338, in parse
    loader.exec_module(new_module)
  File "<frozen importlib._bootstrap_external>", line 728, in exec_module
  File "<frozen importlib._bootstrap>", line 219, in _call_with_frames_removed
  File "/opt/airflow/dags/bingquery.py", line 3, in <module>
    from airflow.providers.google.cloud.operators.bigquery import BigQeuryCheckOperator
ImportError: cannot import name 'BigQeuryCheckOperator' from 'airflow.providers.google.cloud.operators.bigquery' (/home/airflow/.local/lib/python3.7/site-packages/airflow/providers/google/cloud/operators/bigquery.py)
[2023-01-05T17:22:45.952+0000] {processor.py:768} WARNING - No viable dags retrieved from /opt/airflow/dags/bingquery.py
[2023-01-05T17:22:45.980+0000] {processor.py:176} INFO - Processing /opt/airflow/dags/bingquery.py took 1.938 seconds
[2023-01-05T17:23:16.424+0000] {processor.py:154} INFO - Started process (PID=40) to work on /opt/airflow/dags/bingquery.py
[2023-01-05T17:23:16.426+0000] {processor.py:756} INFO - Processing file /opt/airflow/dags/bingquery.py for tasks to queue
[2023-01-05T17:23:16.428+0000] {logging_mixin.py:120} INFO - [2023-01-05T17:23:16.427+0000] {dagbag.py:537} INFO - Filling up the DagBag from /opt/airflow/dags/bingquery.py
[2023-01-05T17:23:17.258+0000] {logging_mixin.py:120} INFO - [2023-01-05T17:23:17.248+0000] {dagbag.py:342} ERROR - Failed to import: /opt/airflow/dags/bingquery.py
Traceback (most recent call last):
  File "/home/airflow/.local/lib/python3.7/site-packages/airflow/models/dagbag.py", line 338, in parse
    loader.exec_module(new_module)
  File "<frozen importlib._bootstrap_external>", line 728, in exec_module
  File "<frozen importlib._bootstrap>", line 219, in _call_with_frames_removed
  File "/opt/airflow/dags/bingquery.py", line 3, in <module>
    from airflow.providers.google.cloud.operators.bigquery import BigQeuryCheckOperator
ImportError: cannot import name 'BigQeuryCheckOperator' from 'airflow.providers.google.cloud.operators.bigquery' (/home/airflow/.local/lib/python3.7/site-packages/airflow/providers/google/cloud/operators/bigquery.py)
[2023-01-05T17:23:17.260+0000] {processor.py:768} WARNING - No viable dags retrieved from /opt/airflow/dags/bingquery.py
[2023-01-05T17:23:17.296+0000] {processor.py:176} INFO - Processing /opt/airflow/dags/bingquery.py took 0.878 seconds
