[2023-01-05T03:10:35.309+0000] {processor.py:154} INFO - Started process (PID=37) to work on /opt/airflow/dags/gcs.py
[2023-01-05T03:10:35.314+0000] {processor.py:756} INFO - Processing file /opt/airflow/dags/gcs.py for tasks to queue
[2023-01-05T03:10:35.319+0000] {logging_mixin.py:120} INFO - [2023-01-05T03:10:35.318+0000] {dagbag.py:537} INFO - Filling up the DagBag from /opt/airflow/dags/gcs.py
[2023-01-05T03:10:37.750+0000] {processor.py:766} INFO - DAG(s) dict_keys(['gcs']) retrieved from /opt/airflow/dags/gcs.py
[2023-01-05T03:10:38.050+0000] {logging_mixin.py:120} INFO - [2023-01-05T03:10:38.046+0000] {dag.py:2585} INFO - Sync 1 DAGs
[2023-01-05T03:10:38.328+0000] {logging_mixin.py:120} INFO - [2023-01-05T03:10:38.327+0000] {dag.py:3340} INFO - Setting next_dagrun for gcs to 2023-01-04T00:00:00+00:00, run_after=2023-01-05T00:00:00+00:00
[2023-01-05T03:10:38.535+0000] {processor.py:176} INFO - Processing /opt/airflow/dags/gcs.py took 3.258 seconds
[2023-01-05T03:11:09.203+0000] {processor.py:154} INFO - Started process (PID=42) to work on /opt/airflow/dags/gcs.py
[2023-01-05T03:11:09.208+0000] {processor.py:756} INFO - Processing file /opt/airflow/dags/gcs.py for tasks to queue
[2023-01-05T03:11:09.218+0000] {logging_mixin.py:120} INFO - [2023-01-05T03:11:09.217+0000] {dagbag.py:537} INFO - Filling up the DagBag from /opt/airflow/dags/gcs.py
[2023-01-05T03:11:10.392+0000] {processor.py:766} INFO - DAG(s) dict_keys(['gcs']) retrieved from /opt/airflow/dags/gcs.py
[2023-01-05T03:11:10.521+0000] {logging_mixin.py:120} INFO - [2023-01-05T03:11:10.519+0000] {dag.py:2585} INFO - Sync 1 DAGs
[2023-01-05T03:11:10.703+0000] {logging_mixin.py:120} INFO - [2023-01-05T03:11:10.702+0000] {dag.py:3340} INFO - Setting next_dagrun for gcs to 2023-01-04T00:00:00+00:00, run_after=2023-01-05T00:00:00+00:00
[2023-01-05T03:11:10.800+0000] {processor.py:176} INFO - Processing /opt/airflow/dags/gcs.py took 1.619 seconds
[2023-01-05T03:11:40.976+0000] {processor.py:154} INFO - Started process (PID=48) to work on /opt/airflow/dags/gcs.py
[2023-01-05T03:11:40.981+0000] {processor.py:756} INFO - Processing file /opt/airflow/dags/gcs.py for tasks to queue
[2023-01-05T03:11:40.986+0000] {logging_mixin.py:120} INFO - [2023-01-05T03:11:40.985+0000] {dagbag.py:537} INFO - Filling up the DagBag from /opt/airflow/dags/gcs.py
[2023-01-05T03:11:41.776+0000] {processor.py:766} INFO - DAG(s) dict_keys(['gcs']) retrieved from /opt/airflow/dags/gcs.py
[2023-01-05T03:11:41.890+0000] {logging_mixin.py:120} INFO - [2023-01-05T03:11:41.889+0000] {dag.py:2585} INFO - Sync 1 DAGs
[2023-01-05T03:11:42.059+0000] {logging_mixin.py:120} INFO - [2023-01-05T03:11:42.058+0000] {dag.py:3340} INFO - Setting next_dagrun for gcs to 2023-01-04T00:00:00+00:00, run_after=2023-01-05T00:00:00+00:00
[2023-01-05T03:11:42.249+0000] {processor.py:176} INFO - Processing /opt/airflow/dags/gcs.py took 1.288 seconds
[2023-01-05T09:42:38.703+0000] {processor.py:154} INFO - Started process (PID=36) to work on /opt/airflow/dags/gcs.py
[2023-01-05T09:42:38.708+0000] {processor.py:756} INFO - Processing file /opt/airflow/dags/gcs.py for tasks to queue
[2023-01-05T09:42:38.718+0000] {logging_mixin.py:120} INFO - [2023-01-05T09:42:38.717+0000] {dagbag.py:537} INFO - Filling up the DagBag from /opt/airflow/dags/gcs.py
[2023-01-05T09:42:40.261+0000] {processor.py:766} INFO - DAG(s) dict_keys(['gcs']) retrieved from /opt/airflow/dags/gcs.py
[2023-01-05T09:42:40.415+0000] {logging_mixin.py:120} INFO - [2023-01-05T09:42:40.413+0000] {dag.py:2585} INFO - Sync 1 DAGs
[2023-01-05T09:42:40.573+0000] {logging_mixin.py:120} INFO - [2023-01-05T09:42:40.572+0000] {dag.py:3340} INFO - Setting next_dagrun for gcs to 2023-01-04T00:00:00+00:00, run_after=2023-01-05T00:00:00+00:00
[2023-01-05T09:42:40.713+0000] {processor.py:176} INFO - Processing /opt/airflow/dags/gcs.py took 2.023 seconds
[2023-01-05T09:43:11.409+0000] {processor.py:154} INFO - Started process (PID=41) to work on /opt/airflow/dags/gcs.py
[2023-01-05T09:43:11.412+0000] {processor.py:756} INFO - Processing file /opt/airflow/dags/gcs.py for tasks to queue
[2023-01-05T09:43:11.415+0000] {logging_mixin.py:120} INFO - [2023-01-05T09:43:11.415+0000] {dagbag.py:537} INFO - Filling up the DagBag from /opt/airflow/dags/gcs.py
[2023-01-05T09:43:12.320+0000] {processor.py:766} INFO - DAG(s) dict_keys(['gcs']) retrieved from /opt/airflow/dags/gcs.py
[2023-01-05T09:43:12.454+0000] {logging_mixin.py:120} INFO - [2023-01-05T09:43:12.451+0000] {dag.py:2585} INFO - Sync 1 DAGs
[2023-01-05T09:43:12.667+0000] {logging_mixin.py:120} INFO - [2023-01-05T09:43:12.666+0000] {dag.py:3340} INFO - Setting next_dagrun for gcs to 2023-01-04T00:00:00+00:00, run_after=2023-01-05T00:00:00+00:00
[2023-01-05T09:43:12.786+0000] {processor.py:176} INFO - Processing /opt/airflow/dags/gcs.py took 1.390 seconds
[2023-01-05T09:43:42.989+0000] {processor.py:154} INFO - Started process (PID=47) to work on /opt/airflow/dags/gcs.py
[2023-01-05T09:43:42.992+0000] {processor.py:756} INFO - Processing file /opt/airflow/dags/gcs.py for tasks to queue
[2023-01-05T09:43:42.996+0000] {logging_mixin.py:120} INFO - [2023-01-05T09:43:42.995+0000] {dagbag.py:537} INFO - Filling up the DagBag from /opt/airflow/dags/gcs.py
[2023-01-05T09:43:43.708+0000] {processor.py:766} INFO - DAG(s) dict_keys(['gcs']) retrieved from /opt/airflow/dags/gcs.py
[2023-01-05T09:43:43.808+0000] {logging_mixin.py:120} INFO - [2023-01-05T09:43:43.806+0000] {dag.py:2585} INFO - Sync 1 DAGs
[2023-01-05T09:43:43.941+0000] {logging_mixin.py:120} INFO - [2023-01-05T09:43:43.940+0000] {dag.py:3340} INFO - Setting next_dagrun for gcs to 2023-01-04T00:00:00+00:00, run_after=2023-01-05T00:00:00+00:00
[2023-01-05T09:43:44.029+0000] {processor.py:176} INFO - Processing /opt/airflow/dags/gcs.py took 1.051 seconds
[2023-01-05T09:44:14.775+0000] {processor.py:154} INFO - Started process (PID=53) to work on /opt/airflow/dags/gcs.py
[2023-01-05T09:44:14.778+0000] {processor.py:756} INFO - Processing file /opt/airflow/dags/gcs.py for tasks to queue
[2023-01-05T09:44:14.782+0000] {logging_mixin.py:120} INFO - [2023-01-05T09:44:14.781+0000] {dagbag.py:537} INFO - Filling up the DagBag from /opt/airflow/dags/gcs.py
[2023-01-05T09:44:15.490+0000] {processor.py:766} INFO - DAG(s) dict_keys(['gcs']) retrieved from /opt/airflow/dags/gcs.py
[2023-01-05T09:44:15.599+0000] {logging_mixin.py:120} INFO - [2023-01-05T09:44:15.597+0000] {dag.py:2585} INFO - Sync 1 DAGs
[2023-01-05T09:44:15.730+0000] {logging_mixin.py:120} INFO - [2023-01-05T09:44:15.730+0000] {dag.py:3340} INFO - Setting next_dagrun for gcs to 2023-01-04T00:00:00+00:00, run_after=2023-01-05T00:00:00+00:00
[2023-01-05T09:44:15.811+0000] {processor.py:176} INFO - Processing /opt/airflow/dags/gcs.py took 1.048 seconds
[2023-01-05T09:44:46.603+0000] {processor.py:154} INFO - Started process (PID=59) to work on /opt/airflow/dags/gcs.py
[2023-01-05T09:44:46.607+0000] {processor.py:756} INFO - Processing file /opt/airflow/dags/gcs.py for tasks to queue
[2023-01-05T09:44:46.612+0000] {logging_mixin.py:120} INFO - [2023-01-05T09:44:46.611+0000] {dagbag.py:537} INFO - Filling up the DagBag from /opt/airflow/dags/gcs.py
[2023-01-05T09:44:47.679+0000] {processor.py:766} INFO - DAG(s) dict_keys(['gcs']) retrieved from /opt/airflow/dags/gcs.py
[2023-01-05T09:44:47.840+0000] {logging_mixin.py:120} INFO - [2023-01-05T09:44:47.837+0000] {dag.py:2585} INFO - Sync 1 DAGs
[2023-01-05T09:44:48.021+0000] {logging_mixin.py:120} INFO - [2023-01-05T09:44:48.020+0000] {dag.py:3340} INFO - Setting next_dagrun for gcs to 2023-01-04T00:00:00+00:00, run_after=2023-01-05T00:00:00+00:00
[2023-01-05T09:44:48.114+0000] {processor.py:176} INFO - Processing /opt/airflow/dags/gcs.py took 1.526 seconds
[2023-01-05T09:45:18.561+0000] {processor.py:154} INFO - Started process (PID=65) to work on /opt/airflow/dags/gcs.py
[2023-01-05T09:45:18.567+0000] {processor.py:756} INFO - Processing file /opt/airflow/dags/gcs.py for tasks to queue
[2023-01-05T09:45:18.572+0000] {logging_mixin.py:120} INFO - [2023-01-05T09:45:18.571+0000] {dagbag.py:537} INFO - Filling up the DagBag from /opt/airflow/dags/gcs.py
[2023-01-05T09:45:19.760+0000] {processor.py:766} INFO - DAG(s) dict_keys(['gcs']) retrieved from /opt/airflow/dags/gcs.py
[2023-01-05T09:45:19.943+0000] {logging_mixin.py:120} INFO - [2023-01-05T09:45:19.940+0000] {dag.py:2585} INFO - Sync 1 DAGs
[2023-01-05T09:45:20.207+0000] {logging_mixin.py:120} INFO - [2023-01-05T09:45:20.205+0000] {dag.py:3340} INFO - Setting next_dagrun for gcs to 2023-01-04T00:00:00+00:00, run_after=2023-01-05T00:00:00+00:00
[2023-01-05T09:45:20.329+0000] {processor.py:176} INFO - Processing /opt/airflow/dags/gcs.py took 1.789 seconds
[2023-01-05T09:45:50.709+0000] {processor.py:154} INFO - Started process (PID=71) to work on /opt/airflow/dags/gcs.py
[2023-01-05T09:45:50.719+0000] {processor.py:756} INFO - Processing file /opt/airflow/dags/gcs.py for tasks to queue
[2023-01-05T09:45:50.728+0000] {logging_mixin.py:120} INFO - [2023-01-05T09:45:50.727+0000] {dagbag.py:537} INFO - Filling up the DagBag from /opt/airflow/dags/gcs.py
[2023-01-05T09:45:51.749+0000] {processor.py:766} INFO - DAG(s) dict_keys(['gcs']) retrieved from /opt/airflow/dags/gcs.py
[2023-01-05T09:45:51.924+0000] {logging_mixin.py:120} INFO - [2023-01-05T09:45:51.922+0000] {dag.py:2585} INFO - Sync 1 DAGs
[2023-01-05T09:45:52.204+0000] {logging_mixin.py:120} INFO - [2023-01-05T09:45:52.203+0000] {dag.py:3340} INFO - Setting next_dagrun for gcs to 2023-01-04T00:00:00+00:00, run_after=2023-01-05T00:00:00+00:00
[2023-01-05T09:45:52.347+0000] {processor.py:176} INFO - Processing /opt/airflow/dags/gcs.py took 1.660 seconds
[2023-01-05T09:46:22.865+0000] {processor.py:154} INFO - Started process (PID=77) to work on /opt/airflow/dags/gcs.py
[2023-01-05T09:46:22.872+0000] {processor.py:756} INFO - Processing file /opt/airflow/dags/gcs.py for tasks to queue
[2023-01-05T09:46:22.882+0000] {logging_mixin.py:120} INFO - [2023-01-05T09:46:22.881+0000] {dagbag.py:537} INFO - Filling up the DagBag from /opt/airflow/dags/gcs.py
[2023-01-05T09:46:23.845+0000] {processor.py:766} INFO - DAG(s) dict_keys(['gcs']) retrieved from /opt/airflow/dags/gcs.py
[2023-01-05T09:46:23.987+0000] {logging_mixin.py:120} INFO - [2023-01-05T09:46:23.984+0000] {dag.py:2585} INFO - Sync 1 DAGs
[2023-01-05T09:46:24.195+0000] {logging_mixin.py:120} INFO - [2023-01-05T09:46:24.194+0000] {dag.py:3340} INFO - Setting next_dagrun for gcs to 2023-01-04T00:00:00+00:00, run_after=2023-01-05T00:00:00+00:00
[2023-01-05T09:46:24.311+0000] {processor.py:176} INFO - Processing /opt/airflow/dags/gcs.py took 1.467 seconds
[2023-01-05T09:46:55.039+0000] {processor.py:154} INFO - Started process (PID=83) to work on /opt/airflow/dags/gcs.py
[2023-01-05T09:46:55.043+0000] {processor.py:756} INFO - Processing file /opt/airflow/dags/gcs.py for tasks to queue
[2023-01-05T09:46:55.047+0000] {logging_mixin.py:120} INFO - [2023-01-05T09:46:55.047+0000] {dagbag.py:537} INFO - Filling up the DagBag from /opt/airflow/dags/gcs.py
[2023-01-05T09:46:55.867+0000] {processor.py:766} INFO - DAG(s) dict_keys(['gcs']) retrieved from /opt/airflow/dags/gcs.py
[2023-01-05T09:46:55.991+0000] {logging_mixin.py:120} INFO - [2023-01-05T09:46:55.990+0000] {dag.py:2585} INFO - Sync 1 DAGs
[2023-01-05T09:46:56.134+0000] {logging_mixin.py:120} INFO - [2023-01-05T09:46:56.134+0000] {dag.py:3340} INFO - Setting next_dagrun for gcs to 2023-01-04T00:00:00+00:00, run_after=2023-01-05T00:00:00+00:00
[2023-01-05T09:46:56.230+0000] {processor.py:176} INFO - Processing /opt/airflow/dags/gcs.py took 1.209 seconds
[2023-01-05T09:47:26.914+0000] {processor.py:154} INFO - Started process (PID=89) to work on /opt/airflow/dags/gcs.py
[2023-01-05T09:47:26.923+0000] {processor.py:756} INFO - Processing file /opt/airflow/dags/gcs.py for tasks to queue
[2023-01-05T09:47:26.929+0000] {logging_mixin.py:120} INFO - [2023-01-05T09:47:26.928+0000] {dagbag.py:537} INFO - Filling up the DagBag from /opt/airflow/dags/gcs.py
[2023-01-05T09:47:28.518+0000] {processor.py:766} INFO - DAG(s) dict_keys(['gcs']) retrieved from /opt/airflow/dags/gcs.py
[2023-01-05T09:47:28.657+0000] {logging_mixin.py:120} INFO - [2023-01-05T09:47:28.654+0000] {dag.py:2585} INFO - Sync 1 DAGs
[2023-01-05T09:47:28.858+0000] {logging_mixin.py:120} INFO - [2023-01-05T09:47:28.857+0000] {dag.py:3340} INFO - Setting next_dagrun for gcs to 2023-01-04T00:00:00+00:00, run_after=2023-01-05T00:00:00+00:00
[2023-01-05T09:47:28.971+0000] {processor.py:176} INFO - Processing /opt/airflow/dags/gcs.py took 2.073 seconds
[2023-01-05T09:47:59.452+0000] {processor.py:154} INFO - Started process (PID=95) to work on /opt/airflow/dags/gcs.py
[2023-01-05T09:47:59.457+0000] {processor.py:756} INFO - Processing file /opt/airflow/dags/gcs.py for tasks to queue
[2023-01-05T09:47:59.460+0000] {logging_mixin.py:120} INFO - [2023-01-05T09:47:59.460+0000] {dagbag.py:537} INFO - Filling up the DagBag from /opt/airflow/dags/gcs.py
[2023-01-05T09:48:00.294+0000] {processor.py:766} INFO - DAG(s) dict_keys(['gcs']) retrieved from /opt/airflow/dags/gcs.py
[2023-01-05T09:48:00.429+0000] {logging_mixin.py:120} INFO - [2023-01-05T09:48:00.426+0000] {dag.py:2585} INFO - Sync 1 DAGs
[2023-01-05T09:48:00.661+0000] {logging_mixin.py:120} INFO - [2023-01-05T09:48:00.661+0000] {dag.py:3340} INFO - Setting next_dagrun for gcs to 2023-01-04T00:00:00+00:00, run_after=2023-01-05T00:00:00+00:00
[2023-01-05T09:48:00.763+0000] {processor.py:176} INFO - Processing /opt/airflow/dags/gcs.py took 1.324 seconds
[2023-01-05T09:48:31.484+0000] {processor.py:154} INFO - Started process (PID=101) to work on /opt/airflow/dags/gcs.py
[2023-01-05T09:48:31.488+0000] {processor.py:756} INFO - Processing file /opt/airflow/dags/gcs.py for tasks to queue
[2023-01-05T09:48:31.492+0000] {logging_mixin.py:120} INFO - [2023-01-05T09:48:31.491+0000] {dagbag.py:537} INFO - Filling up the DagBag from /opt/airflow/dags/gcs.py
[2023-01-05T09:48:32.495+0000] {processor.py:766} INFO - DAG(s) dict_keys(['gcs']) retrieved from /opt/airflow/dags/gcs.py
[2023-01-05T09:48:32.630+0000] {logging_mixin.py:120} INFO - [2023-01-05T09:48:32.623+0000] {dag.py:2585} INFO - Sync 1 DAGs
[2023-01-05T09:48:32.802+0000] {logging_mixin.py:120} INFO - [2023-01-05T09:48:32.800+0000] {dag.py:3340} INFO - Setting next_dagrun for gcs to 2023-01-04T00:00:00+00:00, run_after=2023-01-05T00:00:00+00:00
[2023-01-05T09:48:32.917+0000] {processor.py:176} INFO - Processing /opt/airflow/dags/gcs.py took 1.446 seconds
[2023-01-05T09:49:03.221+0000] {processor.py:154} INFO - Started process (PID=107) to work on /opt/airflow/dags/gcs.py
[2023-01-05T09:49:03.231+0000] {processor.py:756} INFO - Processing file /opt/airflow/dags/gcs.py for tasks to queue
[2023-01-05T09:49:03.239+0000] {logging_mixin.py:120} INFO - [2023-01-05T09:49:03.238+0000] {dagbag.py:537} INFO - Filling up the DagBag from /opt/airflow/dags/gcs.py
[2023-01-05T09:49:04.031+0000] {processor.py:766} INFO - DAG(s) dict_keys(['gcs']) retrieved from /opt/airflow/dags/gcs.py
[2023-01-05T09:49:04.169+0000] {logging_mixin.py:120} INFO - [2023-01-05T09:49:04.166+0000] {dag.py:2585} INFO - Sync 1 DAGs
[2023-01-05T09:49:04.334+0000] {logging_mixin.py:120} INFO - [2023-01-05T09:49:04.333+0000] {dag.py:3340} INFO - Setting next_dagrun for gcs to 2023-01-04T00:00:00+00:00, run_after=2023-01-05T00:00:00+00:00
[2023-01-05T09:49:04.431+0000] {processor.py:176} INFO - Processing /opt/airflow/dags/gcs.py took 1.224 seconds
[2023-01-05T09:49:34.661+0000] {processor.py:154} INFO - Started process (PID=113) to work on /opt/airflow/dags/gcs.py
[2023-01-05T09:49:34.669+0000] {processor.py:756} INFO - Processing file /opt/airflow/dags/gcs.py for tasks to queue
[2023-01-05T09:49:34.674+0000] {logging_mixin.py:120} INFO - [2023-01-05T09:49:34.673+0000] {dagbag.py:537} INFO - Filling up the DagBag from /opt/airflow/dags/gcs.py
[2023-01-05T09:49:35.616+0000] {processor.py:766} INFO - DAG(s) dict_keys(['gcs']) retrieved from /opt/airflow/dags/gcs.py
[2023-01-05T09:49:35.727+0000] {logging_mixin.py:120} INFO - [2023-01-05T09:49:35.725+0000] {dag.py:2585} INFO - Sync 1 DAGs
[2023-01-05T09:49:35.884+0000] {logging_mixin.py:120} INFO - [2023-01-05T09:49:35.883+0000] {dag.py:3340} INFO - Setting next_dagrun for gcs to 2023-01-04T00:00:00+00:00, run_after=2023-01-05T00:00:00+00:00
[2023-01-05T09:49:35.982+0000] {processor.py:176} INFO - Processing /opt/airflow/dags/gcs.py took 1.353 seconds
[2023-01-05T09:50:06.236+0000] {processor.py:154} INFO - Started process (PID=115) to work on /opt/airflow/dags/gcs.py
[2023-01-05T09:50:06.244+0000] {processor.py:756} INFO - Processing file /opt/airflow/dags/gcs.py for tasks to queue
[2023-01-05T09:50:06.252+0000] {logging_mixin.py:120} INFO - [2023-01-05T09:50:06.249+0000] {dagbag.py:537} INFO - Filling up the DagBag from /opt/airflow/dags/gcs.py
[2023-01-05T09:50:07.199+0000] {processor.py:766} INFO - DAG(s) dict_keys(['gcs']) retrieved from /opt/airflow/dags/gcs.py
[2023-01-05T09:50:07.361+0000] {logging_mixin.py:120} INFO - [2023-01-05T09:50:07.357+0000] {dag.py:2585} INFO - Sync 1 DAGs
[2023-01-05T09:50:07.549+0000] {logging_mixin.py:120} INFO - [2023-01-05T09:50:07.549+0000] {dag.py:3340} INFO - Setting next_dagrun for gcs to 2023-01-04T00:00:00+00:00, run_after=2023-01-05T00:00:00+00:00
[2023-01-05T09:50:07.672+0000] {processor.py:176} INFO - Processing /opt/airflow/dags/gcs.py took 1.469 seconds
[2023-01-05T09:50:38.234+0000] {processor.py:154} INFO - Started process (PID=120) to work on /opt/airflow/dags/gcs.py
[2023-01-05T09:50:38.238+0000] {processor.py:756} INFO - Processing file /opt/airflow/dags/gcs.py for tasks to queue
[2023-01-05T09:50:38.241+0000] {logging_mixin.py:120} INFO - [2023-01-05T09:50:38.241+0000] {dagbag.py:537} INFO - Filling up the DagBag from /opt/airflow/dags/gcs.py
[2023-01-05T09:50:39.085+0000] {processor.py:766} INFO - DAG(s) dict_keys(['gcs']) retrieved from /opt/airflow/dags/gcs.py
[2023-01-05T09:50:39.208+0000] {logging_mixin.py:120} INFO - [2023-01-05T09:50:39.206+0000] {dag.py:2585} INFO - Sync 1 DAGs
[2023-01-05T09:50:39.393+0000] {logging_mixin.py:120} INFO - [2023-01-05T09:50:39.392+0000] {dag.py:3340} INFO - Setting next_dagrun for gcs to 2023-01-04T00:00:00+00:00, run_after=2023-01-05T00:00:00+00:00
[2023-01-05T09:50:39.503+0000] {processor.py:176} INFO - Processing /opt/airflow/dags/gcs.py took 1.285 seconds
[2023-01-05T09:51:09.623+0000] {processor.py:154} INFO - Started process (PID=126) to work on /opt/airflow/dags/gcs.py
[2023-01-05T09:51:09.628+0000] {processor.py:756} INFO - Processing file /opt/airflow/dags/gcs.py for tasks to queue
[2023-01-05T09:51:09.633+0000] {logging_mixin.py:120} INFO - [2023-01-05T09:51:09.632+0000] {dagbag.py:537} INFO - Filling up the DagBag from /opt/airflow/dags/gcs.py
[2023-01-05T09:51:10.576+0000] {processor.py:766} INFO - DAG(s) dict_keys(['gcs']) retrieved from /opt/airflow/dags/gcs.py
[2023-01-05T09:51:10.685+0000] {logging_mixin.py:120} INFO - [2023-01-05T09:51:10.683+0000] {dag.py:2585} INFO - Sync 1 DAGs
[2023-01-05T09:51:10.838+0000] {logging_mixin.py:120} INFO - [2023-01-05T09:51:10.837+0000] {dag.py:3340} INFO - Setting next_dagrun for gcs to 2023-01-04T00:00:00+00:00, run_after=2023-01-05T00:00:00+00:00
[2023-01-05T09:51:11.008+0000] {processor.py:176} INFO - Processing /opt/airflow/dags/gcs.py took 1.400 seconds
[2023-01-05T09:51:41.730+0000] {processor.py:154} INFO - Started process (PID=132) to work on /opt/airflow/dags/gcs.py
[2023-01-05T09:51:41.734+0000] {processor.py:756} INFO - Processing file /opt/airflow/dags/gcs.py for tasks to queue
[2023-01-05T09:51:41.739+0000] {logging_mixin.py:120} INFO - [2023-01-05T09:51:41.738+0000] {dagbag.py:537} INFO - Filling up the DagBag from /opt/airflow/dags/gcs.py
[2023-01-05T09:51:42.725+0000] {processor.py:766} INFO - DAG(s) dict_keys(['gcs']) retrieved from /opt/airflow/dags/gcs.py
[2023-01-05T09:51:42.857+0000] {logging_mixin.py:120} INFO - [2023-01-05T09:51:42.855+0000] {dag.py:2585} INFO - Sync 1 DAGs
[2023-01-05T09:51:43.029+0000] {logging_mixin.py:120} INFO - [2023-01-05T09:51:43.029+0000] {dag.py:3340} INFO - Setting next_dagrun for gcs to 2023-01-04T00:00:00+00:00, run_after=2023-01-05T00:00:00+00:00
[2023-01-05T09:51:43.146+0000] {processor.py:176} INFO - Processing /opt/airflow/dags/gcs.py took 1.440 seconds
[2023-01-05T09:52:13.863+0000] {processor.py:154} INFO - Started process (PID=138) to work on /opt/airflow/dags/gcs.py
[2023-01-05T09:52:13.867+0000] {processor.py:756} INFO - Processing file /opt/airflow/dags/gcs.py for tasks to queue
[2023-01-05T09:52:13.871+0000] {logging_mixin.py:120} INFO - [2023-01-05T09:52:13.870+0000] {dagbag.py:537} INFO - Filling up the DagBag from /opt/airflow/dags/gcs.py
[2023-01-05T09:52:14.944+0000] {processor.py:766} INFO - DAG(s) dict_keys(['gcs']) retrieved from /opt/airflow/dags/gcs.py
[2023-01-05T09:52:15.151+0000] {logging_mixin.py:120} INFO - [2023-01-05T09:52:15.149+0000] {dag.py:2585} INFO - Sync 1 DAGs
[2023-01-05T09:52:15.360+0000] {logging_mixin.py:120} INFO - [2023-01-05T09:52:15.359+0000] {dag.py:3340} INFO - Setting next_dagrun for gcs to 2023-01-04T00:00:00+00:00, run_after=2023-01-05T00:00:00+00:00
[2023-01-05T09:52:15.463+0000] {processor.py:176} INFO - Processing /opt/airflow/dags/gcs.py took 1.616 seconds
[2023-01-05T09:52:46.077+0000] {processor.py:154} INFO - Started process (PID=144) to work on /opt/airflow/dags/gcs.py
[2023-01-05T09:52:46.082+0000] {processor.py:756} INFO - Processing file /opt/airflow/dags/gcs.py for tasks to queue
[2023-01-05T09:52:46.088+0000] {logging_mixin.py:120} INFO - [2023-01-05T09:52:46.087+0000] {dagbag.py:537} INFO - Filling up the DagBag from /opt/airflow/dags/gcs.py
[2023-01-05T09:52:47.260+0000] {processor.py:766} INFO - DAG(s) dict_keys(['gcs']) retrieved from /opt/airflow/dags/gcs.py
[2023-01-05T09:52:47.453+0000] {logging_mixin.py:120} INFO - [2023-01-05T09:52:47.449+0000] {dag.py:2585} INFO - Sync 1 DAGs
[2023-01-05T09:52:47.709+0000] {logging_mixin.py:120} INFO - [2023-01-05T09:52:47.708+0000] {dag.py:3340} INFO - Setting next_dagrun for gcs to 2023-01-04T00:00:00+00:00, run_after=2023-01-05T00:00:00+00:00
[2023-01-05T09:52:47.835+0000] {processor.py:176} INFO - Processing /opt/airflow/dags/gcs.py took 1.786 seconds
[2023-01-05T09:53:18.163+0000] {processor.py:154} INFO - Started process (PID=150) to work on /opt/airflow/dags/gcs.py
[2023-01-05T09:53:18.167+0000] {processor.py:756} INFO - Processing file /opt/airflow/dags/gcs.py for tasks to queue
[2023-01-05T09:53:18.171+0000] {logging_mixin.py:120} INFO - [2023-01-05T09:53:18.170+0000] {dagbag.py:537} INFO - Filling up the DagBag from /opt/airflow/dags/gcs.py
[2023-01-05T09:53:18.989+0000] {processor.py:766} INFO - DAG(s) dict_keys(['gcs']) retrieved from /opt/airflow/dags/gcs.py
[2023-01-05T09:53:19.118+0000] {logging_mixin.py:120} INFO - [2023-01-05T09:53:19.114+0000] {dag.py:2585} INFO - Sync 1 DAGs
[2023-01-05T09:53:19.275+0000] {logging_mixin.py:120} INFO - [2023-01-05T09:53:19.273+0000] {dag.py:3340} INFO - Setting next_dagrun for gcs to 2023-01-04T00:00:00+00:00, run_after=2023-01-05T00:00:00+00:00
[2023-01-05T09:53:19.370+0000] {processor.py:176} INFO - Processing /opt/airflow/dags/gcs.py took 1.224 seconds
[2023-01-05T09:53:49.797+0000] {processor.py:154} INFO - Started process (PID=156) to work on /opt/airflow/dags/gcs.py
[2023-01-05T09:53:49.802+0000] {processor.py:756} INFO - Processing file /opt/airflow/dags/gcs.py for tasks to queue
[2023-01-05T09:53:49.808+0000] {logging_mixin.py:120} INFO - [2023-01-05T09:53:49.806+0000] {dagbag.py:537} INFO - Filling up the DagBag from /opt/airflow/dags/gcs.py
[2023-01-05T09:53:50.962+0000] {processor.py:766} INFO - DAG(s) dict_keys(['gcs']) retrieved from /opt/airflow/dags/gcs.py
[2023-01-05T09:53:51.100+0000] {logging_mixin.py:120} INFO - [2023-01-05T09:53:51.097+0000] {dag.py:2585} INFO - Sync 1 DAGs
[2023-01-05T09:53:51.277+0000] {logging_mixin.py:120} INFO - [2023-01-05T09:53:51.276+0000] {dag.py:3340} INFO - Setting next_dagrun for gcs to 2023-01-04T00:00:00+00:00, run_after=2023-01-05T00:00:00+00:00
[2023-01-05T09:53:51.390+0000] {processor.py:176} INFO - Processing /opt/airflow/dags/gcs.py took 1.615 seconds
[2023-01-05T09:54:21.660+0000] {processor.py:154} INFO - Started process (PID=162) to work on /opt/airflow/dags/gcs.py
[2023-01-05T09:54:21.665+0000] {processor.py:756} INFO - Processing file /opt/airflow/dags/gcs.py for tasks to queue
[2023-01-05T09:54:21.669+0000] {logging_mixin.py:120} INFO - [2023-01-05T09:54:21.668+0000] {dagbag.py:537} INFO - Filling up the DagBag from /opt/airflow/dags/gcs.py
[2023-01-05T09:54:22.753+0000] {processor.py:766} INFO - DAG(s) dict_keys(['gcs']) retrieved from /opt/airflow/dags/gcs.py
[2023-01-05T09:54:22.896+0000] {logging_mixin.py:120} INFO - [2023-01-05T09:54:22.893+0000] {dag.py:2585} INFO - Sync 1 DAGs
[2023-01-05T09:54:23.080+0000] {logging_mixin.py:120} INFO - [2023-01-05T09:54:23.080+0000] {dag.py:3340} INFO - Setting next_dagrun for gcs to 2023-01-04T00:00:00+00:00, run_after=2023-01-05T00:00:00+00:00
[2023-01-05T09:54:23.173+0000] {processor.py:176} INFO - Processing /opt/airflow/dags/gcs.py took 1.530 seconds
[2023-01-05T09:54:53.363+0000] {processor.py:154} INFO - Started process (PID=168) to work on /opt/airflow/dags/gcs.py
[2023-01-05T09:54:53.367+0000] {processor.py:756} INFO - Processing file /opt/airflow/dags/gcs.py for tasks to queue
[2023-01-05T09:54:53.371+0000] {logging_mixin.py:120} INFO - [2023-01-05T09:54:53.370+0000] {dagbag.py:537} INFO - Filling up the DagBag from /opt/airflow/dags/gcs.py
[2023-01-05T09:54:54.377+0000] {processor.py:766} INFO - DAG(s) dict_keys(['gcs']) retrieved from /opt/airflow/dags/gcs.py
[2023-01-05T09:54:54.517+0000] {logging_mixin.py:120} INFO - [2023-01-05T09:54:54.515+0000] {dag.py:2585} INFO - Sync 1 DAGs
[2023-01-05T09:54:54.710+0000] {logging_mixin.py:120} INFO - [2023-01-05T09:54:54.709+0000] {dag.py:3340} INFO - Setting next_dagrun for gcs to 2023-01-04T00:00:00+00:00, run_after=2023-01-05T00:00:00+00:00
[2023-01-05T09:54:54.798+0000] {processor.py:176} INFO - Processing /opt/airflow/dags/gcs.py took 1.449 seconds
[2023-01-05T09:55:24.975+0000] {processor.py:154} INFO - Started process (PID=174) to work on /opt/airflow/dags/gcs.py
[2023-01-05T09:55:24.980+0000] {processor.py:756} INFO - Processing file /opt/airflow/dags/gcs.py for tasks to queue
[2023-01-05T09:55:24.983+0000] {logging_mixin.py:120} INFO - [2023-01-05T09:55:24.983+0000] {dagbag.py:537} INFO - Filling up the DagBag from /opt/airflow/dags/gcs.py
[2023-01-05T09:55:25.746+0000] {processor.py:766} INFO - DAG(s) dict_keys(['gcs']) retrieved from /opt/airflow/dags/gcs.py
[2023-01-05T09:55:25.853+0000] {logging_mixin.py:120} INFO - [2023-01-05T09:55:25.847+0000] {dag.py:2585} INFO - Sync 1 DAGs
[2023-01-05T09:55:26.007+0000] {logging_mixin.py:120} INFO - [2023-01-05T09:55:26.005+0000] {dag.py:3340} INFO - Setting next_dagrun for gcs to 2023-01-04T00:00:00+00:00, run_after=2023-01-05T00:00:00+00:00
[2023-01-05T09:55:26.105+0000] {processor.py:176} INFO - Processing /opt/airflow/dags/gcs.py took 1.147 seconds
[2023-01-05T09:55:56.776+0000] {processor.py:154} INFO - Started process (PID=180) to work on /opt/airflow/dags/gcs.py
[2023-01-05T09:55:56.780+0000] {processor.py:756} INFO - Processing file /opt/airflow/dags/gcs.py for tasks to queue
[2023-01-05T09:55:56.787+0000] {logging_mixin.py:120} INFO - [2023-01-05T09:55:56.786+0000] {dagbag.py:537} INFO - Filling up the DagBag from /opt/airflow/dags/gcs.py
[2023-01-05T09:55:57.715+0000] {processor.py:766} INFO - DAG(s) dict_keys(['gcs']) retrieved from /opt/airflow/dags/gcs.py
[2023-01-05T09:55:57.877+0000] {logging_mixin.py:120} INFO - [2023-01-05T09:55:57.870+0000] {dag.py:2585} INFO - Sync 1 DAGs
[2023-01-05T09:55:58.059+0000] {logging_mixin.py:120} INFO - [2023-01-05T09:55:58.058+0000] {dag.py:3340} INFO - Setting next_dagrun for gcs to 2023-01-04T00:00:00+00:00, run_after=2023-01-05T00:00:00+00:00
[2023-01-05T09:55:58.166+0000] {processor.py:176} INFO - Processing /opt/airflow/dags/gcs.py took 1.407 seconds
[2023-01-05T09:56:28.637+0000] {processor.py:154} INFO - Started process (PID=186) to work on /opt/airflow/dags/gcs.py
[2023-01-05T09:56:28.642+0000] {processor.py:756} INFO - Processing file /opt/airflow/dags/gcs.py for tasks to queue
[2023-01-05T09:56:28.647+0000] {logging_mixin.py:120} INFO - [2023-01-05T09:56:28.646+0000] {dagbag.py:537} INFO - Filling up the DagBag from /opt/airflow/dags/gcs.py
[2023-01-05T09:56:29.809+0000] {processor.py:766} INFO - DAG(s) dict_keys(['gcs']) retrieved from /opt/airflow/dags/gcs.py
[2023-01-05T09:56:29.960+0000] {logging_mixin.py:120} INFO - [2023-01-05T09:56:29.958+0000] {dag.py:2585} INFO - Sync 1 DAGs
[2023-01-05T09:56:30.097+0000] {logging_mixin.py:120} INFO - [2023-01-05T09:56:30.097+0000] {dag.py:3340} INFO - Setting next_dagrun for gcs to 2023-01-04T00:00:00+00:00, run_after=2023-01-05T00:00:00+00:00
[2023-01-05T09:56:30.180+0000] {processor.py:176} INFO - Processing /opt/airflow/dags/gcs.py took 1.560 seconds
[2023-01-05T09:57:00.990+0000] {processor.py:154} INFO - Started process (PID=192) to work on /opt/airflow/dags/gcs.py
[2023-01-05T09:57:01.000+0000] {processor.py:756} INFO - Processing file /opt/airflow/dags/gcs.py for tasks to queue
[2023-01-05T09:57:01.006+0000] {logging_mixin.py:120} INFO - [2023-01-05T09:57:01.005+0000] {dagbag.py:537} INFO - Filling up the DagBag from /opt/airflow/dags/gcs.py
[2023-01-05T09:57:01.815+0000] {processor.py:766} INFO - DAG(s) dict_keys(['gcs']) retrieved from /opt/airflow/dags/gcs.py
[2023-01-05T09:57:01.933+0000] {logging_mixin.py:120} INFO - [2023-01-05T09:57:01.931+0000] {dag.py:2585} INFO - Sync 1 DAGs
[2023-01-05T09:57:02.092+0000] {logging_mixin.py:120} INFO - [2023-01-05T09:57:02.091+0000] {dag.py:3340} INFO - Setting next_dagrun for gcs to 2023-01-04T00:00:00+00:00, run_after=2023-01-05T00:00:00+00:00
[2023-01-05T09:57:02.197+0000] {processor.py:176} INFO - Processing /opt/airflow/dags/gcs.py took 1.232 seconds
[2023-01-05T09:57:33.251+0000] {processor.py:154} INFO - Started process (PID=195) to work on /opt/airflow/dags/gcs.py
[2023-01-05T09:57:33.293+0000] {processor.py:756} INFO - Processing file /opt/airflow/dags/gcs.py for tasks to queue
[2023-01-05T09:57:33.328+0000] {logging_mixin.py:120} INFO - [2023-01-05T09:57:33.327+0000] {dagbag.py:537} INFO - Filling up the DagBag from /opt/airflow/dags/gcs.py
[2023-01-05T09:57:37.305+0000] {processor.py:766} INFO - DAG(s) dict_keys(['gcs']) retrieved from /opt/airflow/dags/gcs.py
[2023-01-05T09:57:37.562+0000] {logging_mixin.py:120} INFO - [2023-01-05T09:57:37.557+0000] {dag.py:2585} INFO - Sync 1 DAGs
[2023-01-05T09:57:38.145+0000] {logging_mixin.py:120} INFO - [2023-01-05T09:57:38.143+0000] {dag.py:3340} INFO - Setting next_dagrun for gcs to 2023-01-04T00:00:00+00:00, run_after=2023-01-05T00:00:00+00:00
[2023-01-05T09:57:38.430+0000] {processor.py:176} INFO - Processing /opt/airflow/dags/gcs.py took 5.224 seconds
[2023-01-05T09:58:10.295+0000] {processor.py:154} INFO - Started process (PID=200) to work on /opt/airflow/dags/gcs.py
[2023-01-05T09:58:10.298+0000] {processor.py:756} INFO - Processing file /opt/airflow/dags/gcs.py for tasks to queue
[2023-01-05T09:58:10.303+0000] {logging_mixin.py:120} INFO - [2023-01-05T09:58:10.302+0000] {dagbag.py:537} INFO - Filling up the DagBag from /opt/airflow/dags/gcs.py
[2023-01-05T09:58:11.117+0000] {processor.py:766} INFO - DAG(s) dict_keys(['gcs']) retrieved from /opt/airflow/dags/gcs.py
[2023-01-05T09:58:11.218+0000] {logging_mixin.py:120} INFO - [2023-01-05T09:58:11.216+0000] {dag.py:2585} INFO - Sync 1 DAGs
[2023-01-05T09:58:11.363+0000] {logging_mixin.py:120} INFO - [2023-01-05T09:58:11.363+0000] {dag.py:3340} INFO - Setting next_dagrun for gcs to 2023-01-04T00:00:00+00:00, run_after=2023-01-05T00:00:00+00:00
[2023-01-05T09:58:11.453+0000] {processor.py:176} INFO - Processing /opt/airflow/dags/gcs.py took 1.166 seconds
[2023-01-05T09:58:41.934+0000] {processor.py:154} INFO - Started process (PID=205) to work on /opt/airflow/dags/gcs.py
[2023-01-05T09:58:41.939+0000] {processor.py:756} INFO - Processing file /opt/airflow/dags/gcs.py for tasks to queue
[2023-01-05T09:58:41.943+0000] {logging_mixin.py:120} INFO - [2023-01-05T09:58:41.943+0000] {dagbag.py:537} INFO - Filling up the DagBag from /opt/airflow/dags/gcs.py
[2023-01-05T09:58:42.748+0000] {processor.py:766} INFO - DAG(s) dict_keys(['gcs']) retrieved from /opt/airflow/dags/gcs.py
[2023-01-05T09:58:42.868+0000] {logging_mixin.py:120} INFO - [2023-01-05T09:58:42.866+0000] {dag.py:2585} INFO - Sync 1 DAGs
[2023-01-05T09:58:43.018+0000] {logging_mixin.py:120} INFO - [2023-01-05T09:58:43.017+0000] {dag.py:3340} INFO - Setting next_dagrun for gcs to 2023-01-04T00:00:00+00:00, run_after=2023-01-05T00:00:00+00:00
[2023-01-05T09:58:43.101+0000] {processor.py:176} INFO - Processing /opt/airflow/dags/gcs.py took 1.183 seconds
[2023-01-05T09:59:13.527+0000] {processor.py:154} INFO - Started process (PID=211) to work on /opt/airflow/dags/gcs.py
[2023-01-05T09:59:13.531+0000] {processor.py:756} INFO - Processing file /opt/airflow/dags/gcs.py for tasks to queue
[2023-01-05T09:59:13.535+0000] {logging_mixin.py:120} INFO - [2023-01-05T09:59:13.534+0000] {dagbag.py:537} INFO - Filling up the DagBag from /opt/airflow/dags/gcs.py
[2023-01-05T09:59:14.286+0000] {processor.py:766} INFO - DAG(s) dict_keys(['gcs']) retrieved from /opt/airflow/dags/gcs.py
[2023-01-05T09:59:14.390+0000] {logging_mixin.py:120} INFO - [2023-01-05T09:59:14.388+0000] {dag.py:2585} INFO - Sync 1 DAGs
[2023-01-05T09:59:14.515+0000] {logging_mixin.py:120} INFO - [2023-01-05T09:59:14.514+0000] {dag.py:3340} INFO - Setting next_dagrun for gcs to 2023-01-04T00:00:00+00:00, run_after=2023-01-05T00:00:00+00:00
[2023-01-05T09:59:14.590+0000] {processor.py:176} INFO - Processing /opt/airflow/dags/gcs.py took 1.074 seconds
[2023-01-05T09:59:45.103+0000] {processor.py:154} INFO - Started process (PID=217) to work on /opt/airflow/dags/gcs.py
[2023-01-05T09:59:45.106+0000] {processor.py:756} INFO - Processing file /opt/airflow/dags/gcs.py for tasks to queue
[2023-01-05T09:59:45.110+0000] {logging_mixin.py:120} INFO - [2023-01-05T09:59:45.109+0000] {dagbag.py:537} INFO - Filling up the DagBag from /opt/airflow/dags/gcs.py
[2023-01-05T09:59:45.863+0000] {processor.py:766} INFO - DAG(s) dict_keys(['gcs']) retrieved from /opt/airflow/dags/gcs.py
[2023-01-05T09:59:45.968+0000] {logging_mixin.py:120} INFO - [2023-01-05T09:59:45.966+0000] {dag.py:2585} INFO - Sync 1 DAGs
[2023-01-05T09:59:46.118+0000] {logging_mixin.py:120} INFO - [2023-01-05T09:59:46.118+0000] {dag.py:3340} INFO - Setting next_dagrun for gcs to 2023-01-04T00:00:00+00:00, run_after=2023-01-05T00:00:00+00:00
[2023-01-05T09:59:46.195+0000] {processor.py:176} INFO - Processing /opt/airflow/dags/gcs.py took 1.104 seconds
[2023-01-05T10:00:16.497+0000] {processor.py:154} INFO - Started process (PID=223) to work on /opt/airflow/dags/gcs.py
[2023-01-05T10:00:16.502+0000] {processor.py:756} INFO - Processing file /opt/airflow/dags/gcs.py for tasks to queue
[2023-01-05T10:00:16.506+0000] {logging_mixin.py:120} INFO - [2023-01-05T10:00:16.505+0000] {dagbag.py:537} INFO - Filling up the DagBag from /opt/airflow/dags/gcs.py
[2023-01-05T10:00:17.308+0000] {processor.py:766} INFO - DAG(s) dict_keys(['gcs']) retrieved from /opt/airflow/dags/gcs.py
[2023-01-05T10:00:17.415+0000] {logging_mixin.py:120} INFO - [2023-01-05T10:00:17.413+0000] {dag.py:2585} INFO - Sync 1 DAGs
[2023-01-05T10:00:17.564+0000] {logging_mixin.py:120} INFO - [2023-01-05T10:00:17.563+0000] {dag.py:3340} INFO - Setting next_dagrun for gcs to 2023-01-04T00:00:00+00:00, run_after=2023-01-05T00:00:00+00:00
[2023-01-05T10:00:17.666+0000] {processor.py:176} INFO - Processing /opt/airflow/dags/gcs.py took 1.184 seconds
[2023-01-05T10:00:48.068+0000] {processor.py:154} INFO - Started process (PID=229) to work on /opt/airflow/dags/gcs.py
[2023-01-05T10:00:48.072+0000] {processor.py:756} INFO - Processing file /opt/airflow/dags/gcs.py for tasks to queue
[2023-01-05T10:00:48.076+0000] {logging_mixin.py:120} INFO - [2023-01-05T10:00:48.075+0000] {dagbag.py:537} INFO - Filling up the DagBag from /opt/airflow/dags/gcs.py
[2023-01-05T10:00:48.825+0000] {processor.py:766} INFO - DAG(s) dict_keys(['gcs']) retrieved from /opt/airflow/dags/gcs.py
[2023-01-05T10:00:48.930+0000] {logging_mixin.py:120} INFO - [2023-01-05T10:00:48.927+0000] {dag.py:2585} INFO - Sync 1 DAGs
[2023-01-05T10:00:49.076+0000] {logging_mixin.py:120} INFO - [2023-01-05T10:00:49.075+0000] {dag.py:3340} INFO - Setting next_dagrun for gcs to 2023-01-04T00:00:00+00:00, run_after=2023-01-05T00:00:00+00:00
[2023-01-05T10:00:49.189+0000] {processor.py:176} INFO - Processing /opt/airflow/dags/gcs.py took 1.133 seconds
[2023-01-05T10:01:19.655+0000] {processor.py:154} INFO - Started process (PID=235) to work on /opt/airflow/dags/gcs.py
[2023-01-05T10:01:19.659+0000] {processor.py:756} INFO - Processing file /opt/airflow/dags/gcs.py for tasks to queue
[2023-01-05T10:01:19.662+0000] {logging_mixin.py:120} INFO - [2023-01-05T10:01:19.661+0000] {dagbag.py:537} INFO - Filling up the DagBag from /opt/airflow/dags/gcs.py
[2023-01-05T10:01:20.585+0000] {processor.py:766} INFO - DAG(s) dict_keys(['gcs']) retrieved from /opt/airflow/dags/gcs.py
[2023-01-05T10:01:20.732+0000] {logging_mixin.py:120} INFO - [2023-01-05T10:01:20.730+0000] {dag.py:2585} INFO - Sync 1 DAGs
[2023-01-05T10:01:20.862+0000] {logging_mixin.py:120} INFO - [2023-01-05T10:01:20.861+0000] {dag.py:3340} INFO - Setting next_dagrun for gcs to 2023-01-04T00:00:00+00:00, run_after=2023-01-05T00:00:00+00:00
[2023-01-05T10:01:20.940+0000] {processor.py:176} INFO - Processing /opt/airflow/dags/gcs.py took 1.297 seconds
[2023-01-05T10:01:51.116+0000] {processor.py:154} INFO - Started process (PID=241) to work on /opt/airflow/dags/gcs.py
[2023-01-05T10:01:51.120+0000] {processor.py:756} INFO - Processing file /opt/airflow/dags/gcs.py for tasks to queue
[2023-01-05T10:01:51.123+0000] {logging_mixin.py:120} INFO - [2023-01-05T10:01:51.122+0000] {dagbag.py:537} INFO - Filling up the DagBag from /opt/airflow/dags/gcs.py
[2023-01-05T10:01:51.929+0000] {processor.py:766} INFO - DAG(s) dict_keys(['gcs']) retrieved from /opt/airflow/dags/gcs.py
[2023-01-05T10:01:52.043+0000] {logging_mixin.py:120} INFO - [2023-01-05T10:01:52.040+0000] {dag.py:2585} INFO - Sync 1 DAGs
[2023-01-05T10:01:52.194+0000] {logging_mixin.py:120} INFO - [2023-01-05T10:01:52.193+0000] {dag.py:3340} INFO - Setting next_dagrun for gcs to 2023-01-04T00:00:00+00:00, run_after=2023-01-05T00:00:00+00:00
[2023-01-05T10:01:52.280+0000] {processor.py:176} INFO - Processing /opt/airflow/dags/gcs.py took 1.176 seconds
[2023-01-05T10:02:22.574+0000] {processor.py:154} INFO - Started process (PID=247) to work on /opt/airflow/dags/gcs.py
[2023-01-05T10:02:22.578+0000] {processor.py:756} INFO - Processing file /opt/airflow/dags/gcs.py for tasks to queue
[2023-01-05T10:02:22.582+0000] {logging_mixin.py:120} INFO - [2023-01-05T10:02:22.582+0000] {dagbag.py:537} INFO - Filling up the DagBag from /opt/airflow/dags/gcs.py
[2023-01-05T10:02:23.268+0000] {processor.py:766} INFO - DAG(s) dict_keys(['gcs']) retrieved from /opt/airflow/dags/gcs.py
[2023-01-05T10:02:23.370+0000] {logging_mixin.py:120} INFO - [2023-01-05T10:02:23.369+0000] {dag.py:2585} INFO - Sync 1 DAGs
[2023-01-05T10:02:23.494+0000] {logging_mixin.py:120} INFO - [2023-01-05T10:02:23.494+0000] {dag.py:3340} INFO - Setting next_dagrun for gcs to 2023-01-04T00:00:00+00:00, run_after=2023-01-05T00:00:00+00:00
[2023-01-05T10:02:23.584+0000] {processor.py:176} INFO - Processing /opt/airflow/dags/gcs.py took 1.037 seconds
[2023-01-05T10:02:54.027+0000] {processor.py:154} INFO - Started process (PID=253) to work on /opt/airflow/dags/gcs.py
[2023-01-05T10:02:54.033+0000] {processor.py:756} INFO - Processing file /opt/airflow/dags/gcs.py for tasks to queue
[2023-01-05T10:02:54.042+0000] {logging_mixin.py:120} INFO - [2023-01-05T10:02:54.041+0000] {dagbag.py:537} INFO - Filling up the DagBag from /opt/airflow/dags/gcs.py
[2023-01-05T10:02:54.887+0000] {processor.py:766} INFO - DAG(s) dict_keys(['gcs']) retrieved from /opt/airflow/dags/gcs.py
[2023-01-05T10:02:54.999+0000] {logging_mixin.py:120} INFO - [2023-01-05T10:02:54.997+0000] {dag.py:2585} INFO - Sync 1 DAGs
[2023-01-05T10:02:55.164+0000] {logging_mixin.py:120} INFO - [2023-01-05T10:02:55.163+0000] {dag.py:3340} INFO - Setting next_dagrun for gcs to 2023-01-04T00:00:00+00:00, run_after=2023-01-05T00:00:00+00:00
[2023-01-05T10:02:55.246+0000] {processor.py:176} INFO - Processing /opt/airflow/dags/gcs.py took 1.255 seconds
[2023-01-05T10:03:25.420+0000] {processor.py:154} INFO - Started process (PID=259) to work on /opt/airflow/dags/gcs.py
[2023-01-05T10:03:25.424+0000] {processor.py:756} INFO - Processing file /opt/airflow/dags/gcs.py for tasks to queue
[2023-01-05T10:03:25.428+0000] {logging_mixin.py:120} INFO - [2023-01-05T10:03:25.427+0000] {dagbag.py:537} INFO - Filling up the DagBag from /opt/airflow/dags/gcs.py
[2023-01-05T10:03:26.202+0000] {processor.py:766} INFO - DAG(s) dict_keys(['gcs']) retrieved from /opt/airflow/dags/gcs.py
[2023-01-05T10:03:26.345+0000] {logging_mixin.py:120} INFO - [2023-01-05T10:03:26.340+0000] {dag.py:2585} INFO - Sync 1 DAGs
[2023-01-05T10:03:26.488+0000] {logging_mixin.py:120} INFO - [2023-01-05T10:03:26.487+0000] {dag.py:3340} INFO - Setting next_dagrun for gcs to 2023-01-04T00:00:00+00:00, run_after=2023-01-05T00:00:00+00:00
[2023-01-05T10:03:26.569+0000] {processor.py:176} INFO - Processing /opt/airflow/dags/gcs.py took 1.164 seconds
