[2023-01-01T00:12:29.635+0000] {taskinstance.py:1165} INFO - Dependencies all met for <TaskInstance: dpt_cosmetic.transaction.extract manual__2023-01-01T00:12:16.699813+00:00 [queued]>
[2023-01-01T00:12:29.683+0000] {taskinstance.py:1165} INFO - Dependencies all met for <TaskInstance: dpt_cosmetic.transaction.extract manual__2023-01-01T00:12:16.699813+00:00 [queued]>
[2023-01-01T00:12:29.684+0000] {taskinstance.py:1362} INFO - 
--------------------------------------------------------------------------------
[2023-01-01T00:12:29.686+0000] {taskinstance.py:1363} INFO - Starting attempt 1 of 1
[2023-01-01T00:12:29.687+0000] {taskinstance.py:1364} INFO - 
--------------------------------------------------------------------------------
[2023-01-01T00:12:29.776+0000] {taskinstance.py:1383} INFO - Executing <Task(ExtractOperator): transaction.extract> on 2023-01-01 00:12:16.699813+00:00
[2023-01-01T00:12:29.799+0000] {standard_task_runner.py:55} INFO - Started process 535 to run task
[2023-01-01T00:12:29.828+0000] {standard_task_runner.py:82} INFO - Running: ['***', 'tasks', 'run', 'dpt_cosmetic', 'transaction.extract', 'manual__2023-01-01T00:12:16.699813+00:00', '--job-id', '88', '--raw', '--subdir', 'DAGS_FOLDER/main.py', '--cfg-path', '/tmp/tmpg0mifsox']
[2023-01-01T00:12:29.831+0000] {standard_task_runner.py:83} INFO - Job 88: Subtask transaction.extract
[2023-01-01T00:12:30.125+0000] {task_command.py:376} INFO - Running <TaskInstance: dpt_cosmetic.transaction.extract manual__2023-01-01T00:12:16.699813+00:00 [running]> on host 6bd76effbc07
[2023-01-01T00:12:30.494+0000] {taskinstance.py:1592} INFO - Exporting the following env vars:
AIRFLOW_CTX_DAG_OWNER=***
AIRFLOW_CTX_DAG_ID=dpt_cosmetic
AIRFLOW_CTX_TASK_ID=transaction.extract
AIRFLOW_CTX_EXECUTION_DATE=2023-01-01T00:12:16.699813+00:00
AIRFLOW_CTX_TRY_NUMBER=1
AIRFLOW_CTX_DAG_RUN_ID=manual__2023-01-01T00:12:16.699813+00:00
[2023-01-01T00:12:30.498+0000] {taskinstance.py:1851} ERROR - Task failed with exception
Traceback (most recent call last):
  File "/opt/airflow/dags/utilties/extract_operator.py", line 18, in execute
    query=query,
TypeError: find() takes no keyword arguments
[2023-01-01T00:12:30.551+0000] {taskinstance.py:1406} INFO - Marking task as FAILED. dag_id=dpt_cosmetic, task_id=transaction.extract, execution_date=20230101T001216, start_date=20230101T001229, end_date=20230101T001230
[2023-01-01T00:12:30.603+0000] {standard_task_runner.py:105} ERROR - Failed to execute job 88 for task transaction.extract (find() takes no keyword arguments; 535)
[2023-01-01T00:12:30.636+0000] {local_task_job.py:164} INFO - Task exited with return code 1
[2023-01-01T00:12:30.735+0000] {local_task_job.py:273} INFO - 0 downstream tasks scheduled from follow-on schedule check
