[2022-12-31T23:34:47.422+0000] {taskinstance.py:1165} INFO - Dependencies all met for <TaskInstance: dpt_cosmetic.transaction.extract manual__2022-12-31T23:34:34.187470+00:00 [queued]>
[2022-12-31T23:34:47.471+0000] {taskinstance.py:1165} INFO - Dependencies all met for <TaskInstance: dpt_cosmetic.transaction.extract manual__2022-12-31T23:34:34.187470+00:00 [queued]>
[2022-12-31T23:34:47.473+0000] {taskinstance.py:1362} INFO - 
--------------------------------------------------------------------------------
[2022-12-31T23:34:47.475+0000] {taskinstance.py:1363} INFO - Starting attempt 1 of 1
[2022-12-31T23:34:47.476+0000] {taskinstance.py:1364} INFO - 
--------------------------------------------------------------------------------
[2022-12-31T23:34:47.581+0000] {taskinstance.py:1383} INFO - Executing <Task(ExtractOperator): transaction.extract> on 2022-12-31 23:34:34.187470+00:00
[2022-12-31T23:34:47.606+0000] {standard_task_runner.py:55} INFO - Started process 373 to run task
[2022-12-31T23:34:47.623+0000] {standard_task_runner.py:82} INFO - Running: ['***', 'tasks', 'run', 'dpt_cosmetic', 'transaction.extract', 'manual__2022-12-31T23:34:34.187470+00:00', '--job-id', '67', '--raw', '--subdir', 'DAGS_FOLDER/main.py', '--cfg-path', '/tmp/tmpc2kt69l1']
[2022-12-31T23:34:47.626+0000] {standard_task_runner.py:83} INFO - Job 67: Subtask transaction.extract
[2022-12-31T23:34:47.984+0000] {task_command.py:376} INFO - Running <TaskInstance: dpt_cosmetic.transaction.extract manual__2022-12-31T23:34:34.187470+00:00 [running]> on host 6bd76effbc07
[2022-12-31T23:34:48.511+0000] {taskinstance.py:1592} INFO - Exporting the following env vars:
AIRFLOW_CTX_DAG_OWNER=***
AIRFLOW_CTX_DAG_ID=dpt_cosmetic
AIRFLOW_CTX_TASK_ID=transaction.extract
AIRFLOW_CTX_EXECUTION_DATE=2022-12-31T23:34:34.187470+00:00
AIRFLOW_CTX_TRY_NUMBER=1
AIRFLOW_CTX_DAG_RUN_ID=manual__2022-12-31T23:34:34.187470+00:00
[2022-12-31T23:34:48.573+0000] {logging_mixin.py:120} INFO - <pymongo.cursor.Cursor object at 0x7f7cb7416d90>
[2022-12-31T23:34:48.667+0000] {taskinstance.py:1406} INFO - Marking task as SUCCESS. dag_id=dpt_cosmetic, task_id=transaction.extract, execution_date=20221231T233434, start_date=20221231T233447, end_date=20221231T233448
[2022-12-31T23:34:48.758+0000] {local_task_job.py:164} INFO - Task exited with return code 0
[2022-12-31T23:34:48.906+0000] {local_task_job.py:273} INFO - 0 downstream tasks scheduled from follow-on schedule check
