[2023-01-01T01:15:43.604+0000] {taskinstance.py:1165} INFO - Dependencies all met for <TaskInstance: dpt_cosmetic.user.extract manual__2023-01-01T01:15:29.169620+00:00 [queued]>
[2023-01-01T01:15:43.679+0000] {taskinstance.py:1165} INFO - Dependencies all met for <TaskInstance: dpt_cosmetic.user.extract manual__2023-01-01T01:15:29.169620+00:00 [queued]>
[2023-01-01T01:15:43.681+0000] {taskinstance.py:1362} INFO - 
--------------------------------------------------------------------------------
[2023-01-01T01:15:43.682+0000] {taskinstance.py:1363} INFO - Starting attempt 1 of 1
[2023-01-01T01:15:43.684+0000] {taskinstance.py:1364} INFO - 
--------------------------------------------------------------------------------
[2023-01-01T01:15:43.814+0000] {taskinstance.py:1383} INFO - Executing <Task(ExtractOperator): user.extract> on 2023-01-01 01:15:29.169620+00:00
[2023-01-01T01:15:43.842+0000] {standard_task_runner.py:55} INFO - Started process 859 to run task
[2023-01-01T01:15:43.862+0000] {standard_task_runner.py:82} INFO - Running: ['***', 'tasks', 'run', 'dpt_cosmetic', 'user.extract', 'manual__2023-01-01T01:15:29.169620+00:00', '--job-id', '129', '--raw', '--subdir', 'DAGS_FOLDER/main.py', '--cfg-path', '/tmp/tmp0l3cvfmo']
[2023-01-01T01:15:43.865+0000] {standard_task_runner.py:83} INFO - Job 129: Subtask user.extract
[2023-01-01T01:15:44.260+0000] {task_command.py:376} INFO - Running <TaskInstance: dpt_cosmetic.user.extract manual__2023-01-01T01:15:29.169620+00:00 [running]> on host 6bd76effbc07
[2023-01-01T01:15:44.664+0000] {taskinstance.py:1592} INFO - Exporting the following env vars:
AIRFLOW_CTX_DAG_OWNER=***
AIRFLOW_CTX_DAG_ID=dpt_cosmetic
AIRFLOW_CTX_TASK_ID=user.extract
AIRFLOW_CTX_EXECUTION_DATE=2023-01-01T01:15:29.169620+00:00
AIRFLOW_CTX_TRY_NUMBER=1
AIRFLOW_CTX_DAG_RUN_ID=manual__2023-01-01T01:15:29.169620+00:00
[2023-01-01T01:15:44.723+0000] {taskinstance.py:1851} ERROR - Task failed with exception
Traceback (most recent call last):
  File "/opt/airflow/dags/utilties/extract_operator.py", line 22, in execute
    csv_writer=open("./{}.csv".format(self.db_collection,'w'))
FileNotFoundError: [Errno 2] No such file or directory: './user.csv'
[2023-01-01T01:15:44.772+0000] {taskinstance.py:1406} INFO - Marking task as FAILED. dag_id=dpt_cosmetic, task_id=user.extract, execution_date=20230101T011529, start_date=20230101T011543, end_date=20230101T011544
[2023-01-01T01:15:44.840+0000] {standard_task_runner.py:105} ERROR - Failed to execute job 129 for task user.extract ([Errno 2] No such file or directory: './user.csv'; 859)
[2023-01-01T01:15:44.880+0000] {local_task_job.py:164} INFO - Task exited with return code 1
[2023-01-01T01:15:45.082+0000] {local_task_job.py:273} INFO - 0 downstream tasks scheduled from follow-on schedule check
