[2023-01-01T01:22:41.380+0000] {taskinstance.py:1165} INFO - Dependencies all met for <TaskInstance: dpt_cosmetic.split_files_by_source manual__2023-01-01T01:22:36.015023+00:00 [queued]>
[2023-01-01T01:22:41.423+0000] {taskinstance.py:1165} INFO - Dependencies all met for <TaskInstance: dpt_cosmetic.split_files_by_source manual__2023-01-01T01:22:36.015023+00:00 [queued]>
[2023-01-01T01:22:41.425+0000] {taskinstance.py:1362} INFO - 
--------------------------------------------------------------------------------
[2023-01-01T01:22:41.427+0000] {taskinstance.py:1363} INFO - Starting attempt 1 of 1
[2023-01-01T01:22:41.428+0000] {taskinstance.py:1364} INFO - 
--------------------------------------------------------------------------------
[2023-01-01T01:22:41.503+0000] {taskinstance.py:1383} INFO - Executing <Task(BashOperator): split_files_by_source> on 2023-01-01 01:22:36.015023+00:00
[2023-01-01T01:22:41.518+0000] {standard_task_runner.py:55} INFO - Started process 946 to run task
[2023-01-01T01:22:41.532+0000] {standard_task_runner.py:82} INFO - Running: ['***', 'tasks', 'run', 'dpt_cosmetic', 'split_files_by_source', 'manual__2023-01-01T01:22:36.015023+00:00', '--job-id', '139', '--raw', '--subdir', 'DAGS_FOLDER/main.py', '--cfg-path', '/tmp/tmpnsq0jw8j']
[2023-01-01T01:22:41.535+0000] {standard_task_runner.py:83} INFO - Job 139: Subtask split_files_by_source
[2023-01-01T01:22:41.845+0000] {task_command.py:376} INFO - Running <TaskInstance: dpt_cosmetic.split_files_by_source manual__2023-01-01T01:22:36.015023+00:00 [running]> on host 6bd76effbc07
[2023-01-01T01:22:42.519+0000] {taskinstance.py:1592} INFO - Exporting the following env vars:
AIRFLOW_CTX_DAG_OWNER=***
AIRFLOW_CTX_DAG_ID=dpt_cosmetic
AIRFLOW_CTX_TASK_ID=split_files_by_source
AIRFLOW_CTX_EXECUTION_DATE=2023-01-01T01:22:36.015023+00:00
AIRFLOW_CTX_TRY_NUMBER=1
AIRFLOW_CTX_DAG_RUN_ID=manual__2023-01-01T01:22:36.015023+00:00
[2023-01-01T01:22:42.528+0000] {subprocess.py:63} INFO - Tmp dir root location: 
 /tmp
[2023-01-01T01:22:42.533+0000] {subprocess.py:75} INFO - Running command: ['/bin/bash', '-c', 'sleep 1']
[2023-01-01T01:22:42.597+0000] {subprocess.py:86} INFO - Output:
[2023-01-01T01:22:43.629+0000] {subprocess.py:97} INFO - Command exited with return code 0
[2023-01-01T01:22:43.819+0000] {taskinstance.py:1406} INFO - Marking task as SUCCESS. dag_id=dpt_cosmetic, task_id=split_files_by_source, execution_date=20230101T012236, start_date=20230101T012241, end_date=20230101T012243
[2023-01-01T01:22:43.932+0000] {local_task_job.py:164} INFO - Task exited with return code 0
[2023-01-01T01:22:44.088+0000] {local_task_job.py:273} INFO - 2 downstream tasks scheduled from follow-on schedule check
