[2023-01-02T16:37:27.847+0000] {taskinstance.py:1165} INFO - Dependencies all met for <TaskInstance: dpt_cosmetic.user.transform manual__2023-01-02T16:37:08.413817+00:00 [queued]>
[2023-01-02T16:37:27.901+0000] {taskinstance.py:1165} INFO - Dependencies all met for <TaskInstance: dpt_cosmetic.user.transform manual__2023-01-02T16:37:08.413817+00:00 [queued]>
[2023-01-02T16:37:27.902+0000] {taskinstance.py:1362} INFO - 
--------------------------------------------------------------------------------
[2023-01-02T16:37:27.904+0000] {taskinstance.py:1363} INFO - Starting attempt 1 of 1
[2023-01-02T16:37:27.906+0000] {taskinstance.py:1364} INFO - 
--------------------------------------------------------------------------------
[2023-01-02T16:37:27.986+0000] {taskinstance.py:1383} INFO - Executing <Task(TransformOperator): user.transform> on 2023-01-02 16:37:08.413817+00:00
[2023-01-02T16:37:28.003+0000] {standard_task_runner.py:55} INFO - Started process 261 to run task
[2023-01-02T16:37:28.021+0000] {standard_task_runner.py:82} INFO - Running: ['***', 'tasks', 'run', 'dpt_cosmetic', 'user.transform', 'manual__2023-01-02T16:37:08.413817+00:00', '--job-id', '231', '--raw', '--subdir', 'DAGS_FOLDER/main.py', '--cfg-path', '/tmp/tmpnfnqlbc9']
[2023-01-02T16:37:28.025+0000] {standard_task_runner.py:83} INFO - Job 231: Subtask user.transform
[2023-01-02T16:37:29.129+0000] {task_command.py:376} INFO - Running <TaskInstance: dpt_cosmetic.user.transform manual__2023-01-02T16:37:08.413817+00:00 [running]> on host 703acec1b71e
[2023-01-02T16:37:29.897+0000] {taskinstance.py:1592} INFO - Exporting the following env vars:
AIRFLOW_CTX_DAG_OWNER=***
AIRFLOW_CTX_DAG_ID=dpt_cosmetic
AIRFLOW_CTX_TASK_ID=user.transform
AIRFLOW_CTX_EXECUTION_DATE=2023-01-02T16:37:08.413817+00:00
AIRFLOW_CTX_TRY_NUMBER=1
AIRFLOW_CTX_DAG_RUN_ID=manual__2023-01-02T16:37:08.413817+00:00
[2023-01-02T16:37:30.585+0000] {operator.py:104} INFO - successfully save the file,user
[2023-01-02T16:37:30.682+0000] {taskinstance.py:1406} INFO - Marking task as SUCCESS. dag_id=dpt_cosmetic, task_id=user.transform, execution_date=20230102T163708, start_date=20230102T163727, end_date=20230102T163730
[2023-01-02T16:37:30.989+0000] {local_task_job.py:164} INFO - Task exited with return code 0
[2023-01-02T16:37:31.339+0000] {local_task_job.py:273} INFO - 1 downstream tasks scheduled from follow-on schedule check
