[2023-01-05T22:08:31.627+0000] {taskinstance.py:1165} INFO - Dependencies all met for <TaskInstance: bq_process.success manual__2023-01-05T22:08:17.503577+00:00 [queued]>
[2023-01-05T22:08:31.678+0000] {taskinstance.py:1165} INFO - Dependencies all met for <TaskInstance: bq_process.success manual__2023-01-05T22:08:17.503577+00:00 [queued]>
[2023-01-05T22:08:31.680+0000] {taskinstance.py:1362} INFO - 
--------------------------------------------------------------------------------
[2023-01-05T22:08:31.681+0000] {taskinstance.py:1363} INFO - Starting attempt 1 of 1
[2023-01-05T22:08:31.683+0000] {taskinstance.py:1364} INFO - 
--------------------------------------------------------------------------------
[2023-01-05T22:08:31.753+0000] {taskinstance.py:1383} INFO - Executing <Task(BashOperator): success> on 2023-01-05 22:08:17.503577+00:00
[2023-01-05T22:08:31.775+0000] {standard_task_runner.py:55} INFO - Started process 108 to run task
[2023-01-05T22:08:31.789+0000] {standard_task_runner.py:82} INFO - Running: ['***', 'tasks', 'run', 'bq_process', 'success', 'manual__2023-01-05T22:08:17.503577+00:00', '--job-id', '316', '--raw', '--subdir', 'DAGS_FOLDER/bigquery_dag.py', '--cfg-path', '/tmp/tmp3rnghagd']
[2023-01-05T22:08:31.799+0000] {standard_task_runner.py:83} INFO - Job 316: Subtask success
[2023-01-05T22:08:32.083+0000] {task_command.py:376} INFO - Running <TaskInstance: bq_process.success manual__2023-01-05T22:08:17.503577+00:00 [running]> on host fdf4acf1d8ed
[2023-01-05T22:08:32.411+0000] {taskinstance.py:1592} INFO - Exporting the following env vars:
AIRFLOW_CTX_DAG_OWNER=***
AIRFLOW_CTX_DAG_ID=bq_process
AIRFLOW_CTX_TASK_ID=success
AIRFLOW_CTX_EXECUTION_DATE=2023-01-05T22:08:17.503577+00:00
AIRFLOW_CTX_TRY_NUMBER=1
AIRFLOW_CTX_DAG_RUN_ID=manual__2023-01-05T22:08:17.503577+00:00
[2023-01-05T22:08:32.421+0000] {subprocess.py:63} INFO - Tmp dir root location: 
 /tmp
[2023-01-05T22:08:32.424+0000] {subprocess.py:75} INFO - Running command: ['/bin/bash', '-c', 'echo success']
[2023-01-05T22:08:32.469+0000] {subprocess.py:86} INFO - Output:
[2023-01-05T22:08:32.477+0000] {subprocess.py:93} INFO - success
[2023-01-05T22:08:32.480+0000] {subprocess.py:97} INFO - Command exited with return code 0
[2023-01-05T22:08:32.592+0000] {taskinstance.py:1406} INFO - Marking task as SUCCESS. dag_id=bq_process, task_id=success, execution_date=20230105T220817, start_date=20230105T220831, end_date=20230105T220832
[2023-01-05T22:08:32.686+0000] {local_task_job.py:164} INFO - Task exited with return code 0
[2023-01-05T22:08:32.771+0000] {local_task_job.py:273} INFO - 0 downstream tasks scheduled from follow-on schedule check
