[2023-01-07T01:57:35.557+0000] {taskinstance.py:1165} INFO - Dependencies all met for <TaskInstance: dpt_cosmetic.product.check_file_exists scheduled__2023-01-06T00:00:00+00:00 [queued]>
[2023-01-07T01:57:35.736+0000] {taskinstance.py:1165} INFO - Dependencies all met for <TaskInstance: dpt_cosmetic.product.check_file_exists scheduled__2023-01-06T00:00:00+00:00 [queued]>
[2023-01-07T01:57:35.741+0000] {taskinstance.py:1362} INFO - 
--------------------------------------------------------------------------------
[2023-01-07T01:57:35.743+0000] {taskinstance.py:1363} INFO - Starting attempt 1 of 1
[2023-01-07T01:57:35.746+0000] {taskinstance.py:1364} INFO - 
--------------------------------------------------------------------------------
[2023-01-07T01:57:35.998+0000] {taskinstance.py:1383} INFO - Executing <Task(BashOperator): product.check_file_exists> on 2023-01-06 00:00:00+00:00
[2023-01-07T01:57:36.041+0000] {standard_task_runner.py:55} INFO - Started process 169 to run task
[2023-01-07T01:57:36.147+0000] {standard_task_runner.py:82} INFO - Running: ['***', 'tasks', 'run', 'dpt_cosmetic', 'product.check_file_exists', 'scheduled__2023-01-06T00:00:00+00:00', '--job-id', '487', '--raw', '--subdir', 'DAGS_FOLDER/main.py', '--cfg-path', '/tmp/tmp36jji2t2']
[2023-01-07T01:57:36.200+0000] {standard_task_runner.py:83} INFO - Job 487: Subtask product.check_file_exists
[2023-01-07T01:57:36.306+0000] {warnings.py:110} WARNING - /home/***/.local/lib/python3.7/site-packages/***/configuration.py:545: DeprecationWarning: The sql_alchemy_conn option in [core] has been moved to the sql_alchemy_conn option in [database] - the old setting has been used, but please update your config.
  option = self._get_environment_variables(deprecated_key, deprecated_section, key, section)

[2023-01-07T01:57:37.133+0000] {task_command.py:376} INFO - Running <TaskInstance: dpt_cosmetic.product.check_file_exists scheduled__2023-01-06T00:00:00+00:00 [running]> on host fdf4acf1d8ed
[2023-01-07T01:57:38.074+0000] {taskinstance.py:1592} INFO - Exporting the following env vars:
AIRFLOW_CTX_DAG_OWNER=***
AIRFLOW_CTX_DAG_ID=dpt_cosmetic
AIRFLOW_CTX_TASK_ID=product.check_file_exists
AIRFLOW_CTX_EXECUTION_DATE=2023-01-06T00:00:00+00:00
AIRFLOW_CTX_TRY_NUMBER=1
AIRFLOW_CTX_DAG_RUN_ID=scheduled__2023-01-06T00:00:00+00:00
[2023-01-07T01:57:38.087+0000] {subprocess.py:63} INFO - Tmp dir root location: 
 /tmp
[2023-01-07T01:57:38.101+0000] {subprocess.py:75} INFO - Running command: ['/bin/bash', '-c', 'sleep 1']
[2023-01-07T01:57:38.203+0000] {subprocess.py:86} INFO - Output:
[2023-01-07T01:57:39.241+0000] {subprocess.py:97} INFO - Command exited with return code 0
[2023-01-07T01:57:39.727+0000] {taskinstance.py:1406} INFO - Marking task as SUCCESS. dag_id=dpt_cosmetic, task_id=product.check_file_exists, execution_date=20230106T000000, start_date=20230107T015735, end_date=20230107T015739
[2023-01-07T01:57:40.443+0000] {local_task_job.py:164} INFO - Task exited with return code 0
[2023-01-07T01:57:41.862+0000] {local_task_job.py:273} INFO - 1 downstream tasks scheduled from follow-on schedule check
[2023-01-07T05:18:45.309+0000] {taskinstance.py:1165} INFO - Dependencies all met for <TaskInstance: dpt_cosmetic.product.check_file_exists scheduled__2023-01-06T00:00:00+00:00 [queued]>
[2023-01-07T05:18:46.046+0000] {taskinstance.py:1165} INFO - Dependencies all met for <TaskInstance: dpt_cosmetic.product.check_file_exists scheduled__2023-01-06T00:00:00+00:00 [queued]>
[2023-01-07T05:18:46.114+0000] {taskinstance.py:1362} INFO - 
--------------------------------------------------------------------------------
[2023-01-07T05:18:46.158+0000] {taskinstance.py:1363} INFO - Starting attempt 1 of 1
[2023-01-07T05:18:46.241+0000] {taskinstance.py:1364} INFO - 
--------------------------------------------------------------------------------
[2023-01-07T05:18:48.361+0000] {taskinstance.py:1383} INFO - Executing <Task(BashOperator): product.check_file_exists> on 2023-01-06 00:00:00+00:00
[2023-01-07T05:18:48.439+0000] {standard_task_runner.py:55} INFO - Started process 481 to run task
[2023-01-07T05:18:48.538+0000] {standard_task_runner.py:82} INFO - Running: ['***', 'tasks', 'run', 'dpt_cosmetic', 'product.check_file_exists', 'scheduled__2023-01-06T00:00:00+00:00', '--job-id', '573', '--raw', '--subdir', 'DAGS_FOLDER/main.py', '--cfg-path', '/tmp/tmpdafa8inn']
[2023-01-07T05:18:48.606+0000] {standard_task_runner.py:83} INFO - Job 573: Subtask product.check_file_exists
[2023-01-07T05:18:49.150+0000] {warnings.py:110} WARNING - /home/***/.local/lib/python3.7/site-packages/***/configuration.py:545: DeprecationWarning: The sql_alchemy_conn option in [core] has been moved to the sql_alchemy_conn option in [database] - the old setting has been used, but please update your config.
  option = self._get_environment_variables(deprecated_key, deprecated_section, key, section)

[2023-01-07T05:18:51.258+0000] {task_command.py:376} INFO - Running <TaskInstance: dpt_cosmetic.product.check_file_exists scheduled__2023-01-06T00:00:00+00:00 [running]> on host fdf4acf1d8ed
[2023-01-07T05:18:54.384+0000] {taskinstance.py:1592} INFO - Exporting the following env vars:
AIRFLOW_CTX_DAG_OWNER=***
AIRFLOW_CTX_DAG_ID=dpt_cosmetic
AIRFLOW_CTX_TASK_ID=product.check_file_exists
AIRFLOW_CTX_EXECUTION_DATE=2023-01-06T00:00:00+00:00
AIRFLOW_CTX_TRY_NUMBER=1
AIRFLOW_CTX_DAG_RUN_ID=scheduled__2023-01-06T00:00:00+00:00
[2023-01-07T05:18:54.394+0000] {subprocess.py:63} INFO - Tmp dir root location: 
 /tmp
[2023-01-07T05:18:54.409+0000] {subprocess.py:75} INFO - Running command: ['/bin/bash', '-c', 'sleep 1']
[2023-01-07T05:18:54.586+0000] {subprocess.py:86} INFO - Output:
[2023-01-07T05:18:55.612+0000] {subprocess.py:97} INFO - Command exited with return code 0
[2023-01-07T05:18:56.110+0000] {taskinstance.py:1406} INFO - Marking task as SUCCESS. dag_id=dpt_cosmetic, task_id=product.check_file_exists, execution_date=20230106T000000, start_date=20230107T051845, end_date=20230107T051856
[2023-01-07T05:18:56.503+0000] {local_task_job.py:164} INFO - Task exited with return code 0
[2023-01-07T05:18:57.527+0000] {local_task_job.py:273} INFO - 1 downstream tasks scheduled from follow-on schedule check
[2023-01-07T05:32:37.062+0000] {taskinstance.py:1165} INFO - Dependencies all met for <TaskInstance: dpt_cosmetic.product.check_file_exists scheduled__2023-01-06T00:00:00+00:00 [queued]>
[2023-01-07T05:32:37.125+0000] {taskinstance.py:1165} INFO - Dependencies all met for <TaskInstance: dpt_cosmetic.product.check_file_exists scheduled__2023-01-06T00:00:00+00:00 [queued]>
[2023-01-07T05:32:37.127+0000] {taskinstance.py:1362} INFO - 
--------------------------------------------------------------------------------
[2023-01-07T05:32:37.129+0000] {taskinstance.py:1363} INFO - Starting attempt 1 of 1
[2023-01-07T05:32:37.130+0000] {taskinstance.py:1364} INFO - 
--------------------------------------------------------------------------------
[2023-01-07T05:32:37.454+0000] {taskinstance.py:1383} INFO - Executing <Task(BashOperator): product.check_file_exists> on 2023-01-06 00:00:00+00:00
[2023-01-07T05:32:37.502+0000] {standard_task_runner.py:55} INFO - Started process 140 to run task
[2023-01-07T05:32:37.544+0000] {standard_task_runner.py:82} INFO - Running: ['***', 'tasks', 'run', 'dpt_cosmetic', 'product.check_file_exists', 'scheduled__2023-01-06T00:00:00+00:00', '--job-id', '625', '--raw', '--subdir', 'DAGS_FOLDER/main.py', '--cfg-path', '/tmp/tmpjqg2nojz']
[2023-01-07T05:32:37.557+0000] {standard_task_runner.py:83} INFO - Job 625: Subtask product.check_file_exists
[2023-01-07T05:32:37.796+0000] {warnings.py:110} WARNING - /home/***/.local/lib/python3.7/site-packages/***/configuration.py:545: DeprecationWarning: The sql_alchemy_conn option in [core] has been moved to the sql_alchemy_conn option in [database] - the old setting has been used, but please update your config.
  option = self._get_environment_variables(deprecated_key, deprecated_section, key, section)

[2023-01-07T05:32:38.873+0000] {task_command.py:376} INFO - Running <TaskInstance: dpt_cosmetic.product.check_file_exists scheduled__2023-01-06T00:00:00+00:00 [running]> on host fdf4acf1d8ed
[2023-01-07T05:32:40.908+0000] {taskinstance.py:1592} INFO - Exporting the following env vars:
AIRFLOW_CTX_DAG_OWNER=***
AIRFLOW_CTX_DAG_ID=dpt_cosmetic
AIRFLOW_CTX_TASK_ID=product.check_file_exists
AIRFLOW_CTX_EXECUTION_DATE=2023-01-06T00:00:00+00:00
AIRFLOW_CTX_TRY_NUMBER=1
AIRFLOW_CTX_DAG_RUN_ID=scheduled__2023-01-06T00:00:00+00:00
[2023-01-07T05:32:40.917+0000] {subprocess.py:63} INFO - Tmp dir root location: 
 /tmp
[2023-01-07T05:32:40.922+0000] {subprocess.py:75} INFO - Running command: ['/bin/bash', '-c', 'sleep 1']
[2023-01-07T05:32:41.141+0000] {subprocess.py:86} INFO - Output:
[2023-01-07T05:32:42.167+0000] {subprocess.py:97} INFO - Command exited with return code 0
[2023-01-07T05:32:42.659+0000] {taskinstance.py:1406} INFO - Marking task as SUCCESS. dag_id=dpt_cosmetic, task_id=product.check_file_exists, execution_date=20230106T000000, start_date=20230107T053237, end_date=20230107T053242
[2023-01-07T05:32:43.310+0000] {local_task_job.py:164} INFO - Task exited with return code 0
[2023-01-07T05:32:44.389+0000] {local_task_job.py:273} INFO - 1 downstream tasks scheduled from follow-on schedule check
