[2022-12-31T23:14:32.300+0000] {taskinstance.py:1165} INFO - Dependencies all met for <TaskInstance: dpt_cosmetic.transaction.extract manual__2022-12-31T23:14:19.517953+00:00 [queued]>
[2022-12-31T23:14:32.354+0000] {taskinstance.py:1165} INFO - Dependencies all met for <TaskInstance: dpt_cosmetic.transaction.extract manual__2022-12-31T23:14:19.517953+00:00 [queued]>
[2022-12-31T23:14:32.355+0000] {taskinstance.py:1362} INFO - 
--------------------------------------------------------------------------------
[2022-12-31T23:14:32.357+0000] {taskinstance.py:1363} INFO - Starting attempt 1 of 1
[2022-12-31T23:14:32.358+0000] {taskinstance.py:1364} INFO - 
--------------------------------------------------------------------------------
[2022-12-31T23:14:32.468+0000] {taskinstance.py:1383} INFO - Executing <Task(ExtractOperator): transaction.extract> on 2022-12-31 23:14:19.517953+00:00
[2022-12-31T23:14:32.491+0000] {standard_task_runner.py:55} INFO - Started process 173 to run task
[2022-12-31T23:14:32.515+0000] {standard_task_runner.py:82} INFO - Running: ['***', 'tasks', 'run', 'dpt_cosmetic', 'transaction.extract', 'manual__2022-12-31T23:14:19.517953+00:00', '--job-id', '43', '--raw', '--subdir', 'DAGS_FOLDER/main.py', '--cfg-path', '/tmp/tmp0_fok_4n']
[2022-12-31T23:14:32.520+0000] {standard_task_runner.py:83} INFO - Job 43: Subtask transaction.extract
[2022-12-31T23:14:32.998+0000] {task_command.py:376} INFO - Running <TaskInstance: dpt_cosmetic.transaction.extract manual__2022-12-31T23:14:19.517953+00:00 [running]> on host 6bd76effbc07
[2022-12-31T23:14:33.696+0000] {taskinstance.py:1592} INFO - Exporting the following env vars:
AIRFLOW_CTX_DAG_OWNER=***
AIRFLOW_CTX_DAG_ID=dpt_cosmetic
AIRFLOW_CTX_TASK_ID=transaction.extract
AIRFLOW_CTX_EXECUTION_DATE=2022-12-31T23:14:19.517953+00:00
AIRFLOW_CTX_TRY_NUMBER=1
AIRFLOW_CTX_DAG_RUN_ID=manual__2022-12-31T23:14:19.517953+00:00
[2022-12-31T23:14:34.156+0000] {taskinstance.py:1406} INFO - Marking task as SUCCESS. dag_id=dpt_cosmetic, task_id=transaction.extract, execution_date=20221231T231419, start_date=20221231T231432, end_date=20221231T231434
[2022-12-31T23:14:34.315+0000] {local_task_job.py:164} INFO - Task exited with return code 0
[2022-12-31T23:14:34.677+0000] {local_task_job.py:273} INFO - 0 downstream tasks scheduled from follow-on schedule check
