[2023-01-07T05:19:18.194+0000] {taskinstance.py:1165} INFO - Dependencies all met for <TaskInstance: dpt_cosmetic.user.check_file_exists manual__2023-01-07T05:15:53.603562+00:00 [queued]>
[2023-01-07T05:19:18.518+0000] {taskinstance.py:1165} INFO - Dependencies all met for <TaskInstance: dpt_cosmetic.user.check_file_exists manual__2023-01-07T05:15:53.603562+00:00 [queued]>
[2023-01-07T05:19:18.520+0000] {taskinstance.py:1362} INFO - 
--------------------------------------------------------------------------------
[2023-01-07T05:19:18.522+0000] {taskinstance.py:1363} INFO - Starting attempt 1 of 1
[2023-01-07T05:19:18.523+0000] {taskinstance.py:1364} INFO - 
--------------------------------------------------------------------------------
[2023-01-07T05:19:18.798+0000] {taskinstance.py:1383} INFO - Executing <Task(BashOperator): user.check_file_exists> on 2023-01-07 05:15:53.603562+00:00
[2023-01-07T05:19:18.867+0000] {standard_task_runner.py:55} INFO - Started process 532 to run task
[2023-01-07T05:19:18.977+0000] {standard_task_runner.py:82} INFO - Running: ['***', 'tasks', 'run', 'dpt_cosmetic', 'user.check_file_exists', 'manual__2023-01-07T05:15:53.603562+00:00', '--job-id', '587', '--raw', '--subdir', 'DAGS_FOLDER/main.py', '--cfg-path', '/tmp/tmp6dhu116p']
[2023-01-07T05:19:19.036+0000] {standard_task_runner.py:83} INFO - Job 587: Subtask user.check_file_exists
[2023-01-07T05:19:19.860+0000] {task_command.py:376} INFO - Running <TaskInstance: dpt_cosmetic.user.check_file_exists manual__2023-01-07T05:15:53.603562+00:00 [running]> on host fdf4acf1d8ed
[2023-01-07T05:19:21.288+0000] {taskinstance.py:1592} INFO - Exporting the following env vars:
AIRFLOW_CTX_DAG_OWNER=***
AIRFLOW_CTX_DAG_ID=dpt_cosmetic
AIRFLOW_CTX_TASK_ID=user.check_file_exists
AIRFLOW_CTX_EXECUTION_DATE=2023-01-07T05:15:53.603562+00:00
AIRFLOW_CTX_TRY_NUMBER=1
AIRFLOW_CTX_DAG_RUN_ID=manual__2023-01-07T05:15:53.603562+00:00
[2023-01-07T05:19:21.294+0000] {subprocess.py:63} INFO - Tmp dir root location: 
 /tmp
[2023-01-07T05:19:21.317+0000] {subprocess.py:75} INFO - Running command: ['/bin/bash', '-c', 'sleep 1']
[2023-01-07T05:19:21.594+0000] {subprocess.py:86} INFO - Output:
[2023-01-07T05:19:22.660+0000] {subprocess.py:97} INFO - Command exited with return code 0
[2023-01-07T05:19:23.293+0000] {taskinstance.py:1406} INFO - Marking task as SUCCESS. dag_id=dpt_cosmetic, task_id=user.check_file_exists, execution_date=20230107T051553, start_date=20230107T051918, end_date=20230107T051923
[2023-01-07T05:19:24.397+0000] {local_task_job.py:164} INFO - Task exited with return code 0
[2023-01-07T05:19:25.189+0000] {local_task_job.py:273} INFO - 1 downstream tasks scheduled from follow-on schedule check
