[2023-01-01T01:08:54.866+0000] {taskinstance.py:1165} INFO - Dependencies all met for <TaskInstance: dpt_cosmetic.transaction.extract manual__2023-01-01T01:08:41.937317+00:00 [queued]>
[2023-01-01T01:08:54.914+0000] {taskinstance.py:1165} INFO - Dependencies all met for <TaskInstance: dpt_cosmetic.transaction.extract manual__2023-01-01T01:08:41.937317+00:00 [queued]>
[2023-01-01T01:08:54.915+0000] {taskinstance.py:1362} INFO - 
--------------------------------------------------------------------------------
[2023-01-01T01:08:54.917+0000] {taskinstance.py:1363} INFO - Starting attempt 1 of 1
[2023-01-01T01:08:54.918+0000] {taskinstance.py:1364} INFO - 
--------------------------------------------------------------------------------
[2023-01-01T01:08:54.995+0000] {taskinstance.py:1383} INFO - Executing <Task(ExtractOperator): transaction.extract> on 2023-01-01 01:08:41.937317+00:00
[2023-01-01T01:08:55.013+0000] {standard_task_runner.py:55} INFO - Started process 834 to run task
[2023-01-01T01:08:55.030+0000] {standard_task_runner.py:82} INFO - Running: ['***', 'tasks', 'run', 'dpt_cosmetic', 'transaction.extract', 'manual__2023-01-01T01:08:41.937317+00:00', '--job-id', '126', '--raw', '--subdir', 'DAGS_FOLDER/main.py', '--cfg-path', '/tmp/tmphvb9ocdv']
[2023-01-01T01:08:55.033+0000] {standard_task_runner.py:83} INFO - Job 126: Subtask transaction.extract
[2023-01-01T01:08:55.515+0000] {task_command.py:376} INFO - Running <TaskInstance: dpt_cosmetic.transaction.extract manual__2023-01-01T01:08:41.937317+00:00 [running]> on host 6bd76effbc07
[2023-01-01T01:08:56.021+0000] {taskinstance.py:1592} INFO - Exporting the following env vars:
AIRFLOW_CTX_DAG_OWNER=***
AIRFLOW_CTX_DAG_ID=dpt_cosmetic
AIRFLOW_CTX_TASK_ID=transaction.extract
AIRFLOW_CTX_EXECUTION_DATE=2023-01-01T01:08:41.937317+00:00
AIRFLOW_CTX_TRY_NUMBER=1
AIRFLOW_CTX_DAG_RUN_ID=manual__2023-01-01T01:08:41.937317+00:00
[2023-01-01T01:08:56.070+0000] {logging_mixin.py:120} INFO - <pymongo.cursor.Cursor object at 0x7f7cb7418d90>
[2023-01-01T01:08:56.255+0000] {logging_mixin.py:120} INFO - [{'_id': ObjectId('63b0dcfad2e1d2a9253e5f97'), 'user_id': 'u0002', 'short_term': '2c70c748-852a-11ed-8306-93899d43ec08', 'long_term': '2c70ce1e-852a-11ed-8306-93899d43ec08', 'first_created': datetime.datetime(2022, 12, 26, 8, 14, 4, 941000), 'action': 'add_cart', 'details': {'product_id': '7482636632220', 'product_name': 'Dr.Jart+ Dermask Ultra Jet Peeling Solution 1box (5ea)', 'main': 'skincare', 'category': 'moisturizers', 'product_type': 'pack-mask', 'original_price': '$15.46', 'speical_price': '$9.23', 'quantity': 1}, 'device': 'pc', 'user_angent': 'Mozilla/5.0 (X11; Linux x86_64) AppleWebKit/537.36 (KHTML, like Gecko) Chrome/51.0.2704.106 Safari/537.36 OPR/38.0.2220.41', 'source': 'seo', 'ip': '180.206.39.165'}]
[2023-01-01T01:08:56.324+0000] {taskinstance.py:1406} INFO - Marking task as SUCCESS. dag_id=dpt_cosmetic, task_id=transaction.extract, execution_date=20230101T010841, start_date=20230101T010854, end_date=20230101T010856
[2023-01-01T01:08:56.457+0000] {local_task_job.py:164} INFO - Task exited with return code 0
[2023-01-01T01:08:56.592+0000] {local_task_job.py:273} INFO - 0 downstream tasks scheduled from follow-on schedule check
