[2023-01-02T16:55:27.514+0000] {taskinstance.py:1165} INFO - Dependencies all met for <TaskInstance: dpt_cosmetic.user.transform manual__2023-01-02T16:55:11.923317+00:00 [queued]>
[2023-01-02T16:55:27.582+0000] {taskinstance.py:1165} INFO - Dependencies all met for <TaskInstance: dpt_cosmetic.user.transform manual__2023-01-02T16:55:11.923317+00:00 [queued]>
[2023-01-02T16:55:27.585+0000] {taskinstance.py:1362} INFO - 
--------------------------------------------------------------------------------
[2023-01-02T16:55:27.587+0000] {taskinstance.py:1363} INFO - Starting attempt 1 of 1
[2023-01-02T16:55:27.589+0000] {taskinstance.py:1364} INFO - 
--------------------------------------------------------------------------------
[2023-01-02T16:55:27.699+0000] {taskinstance.py:1383} INFO - Executing <Task(TransformOperator): user.transform> on 2023-01-02 16:55:11.923317+00:00
[2023-01-02T16:55:27.718+0000] {standard_task_runner.py:55} INFO - Started process 445 to run task
[2023-01-02T16:55:27.736+0000] {standard_task_runner.py:82} INFO - Running: ['***', 'tasks', 'run', 'dpt_cosmetic', 'user.transform', 'manual__2023-01-02T16:55:11.923317+00:00', '--job-id', '256', '--raw', '--subdir', 'DAGS_FOLDER/main.py', '--cfg-path', '/tmp/tmpty4dpqls']
[2023-01-02T16:55:27.739+0000] {standard_task_runner.py:83} INFO - Job 256: Subtask user.transform
[2023-01-02T16:55:28.736+0000] {task_command.py:376} INFO - Running <TaskInstance: dpt_cosmetic.user.transform manual__2023-01-02T16:55:11.923317+00:00 [running]> on host 703acec1b71e
[2023-01-02T16:55:29.083+0000] {taskinstance.py:1592} INFO - Exporting the following env vars:
AIRFLOW_CTX_DAG_OWNER=***
AIRFLOW_CTX_DAG_ID=dpt_cosmetic
AIRFLOW_CTX_TASK_ID=user.transform
AIRFLOW_CTX_EXECUTION_DATE=2023-01-02T16:55:11.923317+00:00
AIRFLOW_CTX_TRY_NUMBER=1
AIRFLOW_CTX_DAG_RUN_ID=manual__2023-01-02T16:55:11.923317+00:00
[2023-01-02T16:55:29.518+0000] {operator.py:104} INFO - successfully save the file,user
[2023-01-02T16:55:29.596+0000] {taskinstance.py:1406} INFO - Marking task as SUCCESS. dag_id=dpt_cosmetic, task_id=user.transform, execution_date=20230102T165511, start_date=20230102T165527, end_date=20230102T165529
[2023-01-02T16:55:29.800+0000] {local_task_job.py:164} INFO - Task exited with return code 0
[2023-01-02T16:55:31.165+0000] {local_task_job.py:273} INFO - 1 downstream tasks scheduled from follow-on schedule check
