[2023-01-01T01:30:03.340+0000] {taskinstance.py:1165} INFO - Dependencies all met for <TaskInstance: dpt_cosmetic.transaction.extract manual__2023-01-01T01:29:48.348827+00:00 [queued]>
[2023-01-01T01:30:03.414+0000] {taskinstance.py:1165} INFO - Dependencies all met for <TaskInstance: dpt_cosmetic.transaction.extract manual__2023-01-01T01:29:48.348827+00:00 [queued]>
[2023-01-01T01:30:03.417+0000] {taskinstance.py:1362} INFO - 
--------------------------------------------------------------------------------
[2023-01-01T01:30:03.418+0000] {taskinstance.py:1363} INFO - Starting attempt 1 of 1
[2023-01-01T01:30:03.420+0000] {taskinstance.py:1364} INFO - 
--------------------------------------------------------------------------------
[2023-01-01T01:30:03.514+0000] {taskinstance.py:1383} INFO - Executing <Task(ExtractOperator): transaction.extract> on 2023-01-01 01:29:48.348827+00:00
[2023-01-01T01:30:03.532+0000] {standard_task_runner.py:55} INFO - Started process 1059 to run task
[2023-01-01T01:30:03.553+0000] {standard_task_runner.py:82} INFO - Running: ['***', 'tasks', 'run', 'dpt_cosmetic', 'transaction.extract', 'manual__2023-01-01T01:29:48.348827+00:00', '--job-id', '153', '--raw', '--subdir', 'DAGS_FOLDER/main.py', '--cfg-path', '/tmp/tmp9_c56d6h']
[2023-01-01T01:30:03.556+0000] {standard_task_runner.py:83} INFO - Job 153: Subtask transaction.extract
[2023-01-01T01:30:03.904+0000] {task_command.py:376} INFO - Running <TaskInstance: dpt_cosmetic.transaction.extract manual__2023-01-01T01:29:48.348827+00:00 [running]> on host 6bd76effbc07
[2023-01-01T01:30:04.353+0000] {taskinstance.py:1592} INFO - Exporting the following env vars:
AIRFLOW_CTX_DAG_OWNER=***
AIRFLOW_CTX_DAG_ID=dpt_cosmetic
AIRFLOW_CTX_TASK_ID=transaction.extract
AIRFLOW_CTX_EXECUTION_DATE=2023-01-01T01:29:48.348827+00:00
AIRFLOW_CTX_TRY_NUMBER=1
AIRFLOW_CTX_DAG_RUN_ID=manual__2023-01-01T01:29:48.348827+00:00
[2023-01-01T01:30:04.579+0000] {taskinstance.py:1406} INFO - Marking task as SUCCESS. dag_id=dpt_cosmetic, task_id=transaction.extract, execution_date=20230101T012948, start_date=20230101T013003, end_date=20230101T013004
[2023-01-01T01:30:04.688+0000] {local_task_job.py:164} INFO - Task exited with return code 0
[2023-01-01T01:30:04.781+0000] {local_task_job.py:273} INFO - 0 downstream tasks scheduled from follow-on schedule check
