[2023-01-06T01:40:06.254+0000] {taskinstance.py:1165} INFO - Dependencies all met for <TaskInstance: dpt_cosmetic.user_01.check_table manual__2023-01-06T01:40:02.584150+00:00 [queued]>
[2023-01-06T01:40:06.266+0000] {taskinstance.py:1165} INFO - Dependencies all met for <TaskInstance: dpt_cosmetic.user_01.check_table manual__2023-01-06T01:40:02.584150+00:00 [queued]>
[2023-01-06T01:40:06.267+0000] {taskinstance.py:1362} INFO - 
--------------------------------------------------------------------------------
[2023-01-06T01:40:06.267+0000] {taskinstance.py:1363} INFO - Starting attempt 1 of 1
[2023-01-06T01:40:06.268+0000] {taskinstance.py:1364} INFO - 
--------------------------------------------------------------------------------
[2023-01-06T01:40:06.288+0000] {taskinstance.py:1383} INFO - Executing <Task(BranchPythonOperator): user_01.check_table> on 2023-01-06 01:40:02.584150+00:00
[2023-01-06T01:40:06.296+0000] {standard_task_runner.py:55} INFO - Started process 87 to run task
[2023-01-06T01:40:06.301+0000] {standard_task_runner.py:82} INFO - Running: ['***', 'tasks', 'run', 'dpt_cosmetic', 'user_01.check_table', 'manual__2023-01-06T01:40:02.584150+00:00', '--job-id', '342', '--raw', '--subdir', 'DAGS_FOLDER/main.py', '--cfg-path', '/tmp/tmphtcxy2d4']
[2023-01-06T01:40:06.304+0000] {standard_task_runner.py:83} INFO - Job 342: Subtask user_01.check_table
[2023-01-06T01:40:06.401+0000] {task_command.py:376} INFO - Running <TaskInstance: dpt_cosmetic.user_01.check_table manual__2023-01-06T01:40:02.584150+00:00 [running]> on host fdf4acf1d8ed
[2023-01-06T01:40:06.522+0000] {taskinstance.py:1592} INFO - Exporting the following env vars:
AIRFLOW_CTX_DAG_OWNER=***
AIRFLOW_CTX_DAG_ID=dpt_cosmetic
AIRFLOW_CTX_TASK_ID=user_01.check_table
AIRFLOW_CTX_EXECUTION_DATE=2023-01-06T01:40:02.584150+00:00
AIRFLOW_CTX_TRY_NUMBER=1
AIRFLOW_CTX_DAG_RUN_ID=manual__2023-01-06T01:40:02.584150+00:00
[2023-01-06T01:40:07.130+0000] {python.py:177} INFO - Done. Returned value was: user_01_insert_data
[2023-01-06T01:40:07.149+0000] {taskinstance.py:1851} ERROR - Task failed with exception
Traceback (most recent call last):
  File "/home/airflow/.local/lib/python3.7/site-packages/airflow/operators/python.py", line 225, in execute
    f"Branch callable must return valid task_ids. Invalid tasks found: {invalid_task_ids}"
airflow.exceptions.AirflowException: Branch callable must return valid task_ids. Invalid tasks found: {'user_01_insert_data'}
[2023-01-06T01:40:07.155+0000] {taskinstance.py:1406} INFO - Marking task as FAILED. dag_id=dpt_cosmetic, task_id=user_01.check_table, execution_date=20230106T014002, start_date=20230106T014006, end_date=20230106T014007
[2023-01-06T01:40:07.179+0000] {standard_task_runner.py:105} ERROR - Failed to execute job 342 for task user_01.check_table (Branch callable must return valid task_ids. Invalid tasks found: {'user_01_insert_data'}; 87)
[2023-01-06T01:40:07.196+0000] {local_task_job.py:164} INFO - Task exited with return code 1
[2023-01-06T01:40:07.263+0000] {local_task_job.py:273} INFO - 0 downstream tasks scheduled from follow-on schedule check
