[2023-01-06T01:21:37.914+0000] {taskinstance.py:1165} INFO - Dependencies all met for <TaskInstance: dpt_cosmetic.user_01.check_table manual__2023-01-06T01:21:34.810654+00:00 [queued]>
[2023-01-06T01:21:37.927+0000] {taskinstance.py:1165} INFO - Dependencies all met for <TaskInstance: dpt_cosmetic.user_01.check_table manual__2023-01-06T01:21:34.810654+00:00 [queued]>
[2023-01-06T01:21:37.927+0000] {taskinstance.py:1362} INFO - 
--------------------------------------------------------------------------------
[2023-01-06T01:21:37.928+0000] {taskinstance.py:1363} INFO - Starting attempt 1 of 1
[2023-01-06T01:21:37.928+0000] {taskinstance.py:1364} INFO - 
--------------------------------------------------------------------------------
[2023-01-06T01:21:37.951+0000] {taskinstance.py:1383} INFO - Executing <Task(BranchPythonOperator): user_01.check_table> on 2023-01-06 01:21:34.810654+00:00
[2023-01-06T01:21:37.957+0000] {standard_task_runner.py:55} INFO - Started process 69 to run task
[2023-01-06T01:21:37.962+0000] {standard_task_runner.py:82} INFO - Running: ['***', 'tasks', 'run', 'dpt_cosmetic', 'user_01.check_table', 'manual__2023-01-06T01:21:34.810654+00:00', '--job-id', '335', '--raw', '--subdir', 'DAGS_FOLDER/main.py', '--cfg-path', '/tmp/tmpnxbiik2y']
[2023-01-06T01:21:37.964+0000] {standard_task_runner.py:83} INFO - Job 335: Subtask user_01.check_table
[2023-01-06T01:21:38.077+0000] {task_command.py:376} INFO - Running <TaskInstance: dpt_cosmetic.user_01.check_table manual__2023-01-06T01:21:34.810654+00:00 [running]> on host fdf4acf1d8ed
[2023-01-06T01:21:38.208+0000] {taskinstance.py:1592} INFO - Exporting the following env vars:
AIRFLOW_CTX_DAG_OWNER=***
AIRFLOW_CTX_DAG_ID=dpt_cosmetic
AIRFLOW_CTX_TASK_ID=user_01.check_table
AIRFLOW_CTX_EXECUTION_DATE=2023-01-06T01:21:34.810654+00:00
AIRFLOW_CTX_TRY_NUMBER=1
AIRFLOW_CTX_DAG_RUN_ID=manual__2023-01-06T01:21:34.810654+00:00
[2023-01-06T01:21:38.878+0000] {python.py:177} INFO - Done. Returned value was: task_groups.insert_data
[2023-01-06T01:21:38.920+0000] {taskinstance.py:1851} ERROR - Task failed with exception
Traceback (most recent call last):
  File "/home/airflow/.local/lib/python3.7/site-packages/airflow/operators/python.py", line 225, in execute
    f"Branch callable must return valid task_ids. Invalid tasks found: {invalid_task_ids}"
airflow.exceptions.AirflowException: Branch callable must return valid task_ids. Invalid tasks found: {'task_groups.insert_data'}
[2023-01-06T01:21:38.936+0000] {taskinstance.py:1406} INFO - Marking task as FAILED. dag_id=dpt_cosmetic, task_id=user_01.check_table, execution_date=20230106T012134, start_date=20230106T012137, end_date=20230106T012138
[2023-01-06T01:21:39.014+0000] {standard_task_runner.py:105} ERROR - Failed to execute job 335 for task user_01.check_table (Branch callable must return valid task_ids. Invalid tasks found: {'task_groups.insert_data'}; 69)
[2023-01-06T01:21:39.060+0000] {local_task_job.py:164} INFO - Task exited with return code 1
[2023-01-06T01:21:39.211+0000] {local_task_job.py:273} INFO - 0 downstream tasks scheduled from follow-on schedule check
