[2023-01-02T16:55:18.515+0000] {taskinstance.py:1165} INFO - Dependencies all met for <TaskInstance: dpt_cosmetic.split_files_by_source manual__2023-01-02T16:55:11.923317+00:00 [queued]>
[2023-01-02T16:55:18.567+0000] {taskinstance.py:1165} INFO - Dependencies all met for <TaskInstance: dpt_cosmetic.split_files_by_source manual__2023-01-02T16:55:11.923317+00:00 [queued]>
[2023-01-02T16:55:18.569+0000] {taskinstance.py:1362} INFO - 
--------------------------------------------------------------------------------
[2023-01-02T16:55:18.570+0000] {taskinstance.py:1363} INFO - Starting attempt 1 of 1
[2023-01-02T16:55:18.572+0000] {taskinstance.py:1364} INFO - 
--------------------------------------------------------------------------------
[2023-01-02T16:55:18.652+0000] {taskinstance.py:1383} INFO - Executing <Task(BashOperator): split_files_by_source> on 2023-01-02 16:55:11.923317+00:00
[2023-01-02T16:55:18.667+0000] {standard_task_runner.py:55} INFO - Started process 433 to run task
[2023-01-02T16:55:18.683+0000] {standard_task_runner.py:82} INFO - Running: ['***', 'tasks', 'run', 'dpt_cosmetic', 'split_files_by_source', 'manual__2023-01-02T16:55:11.923317+00:00', '--job-id', '255', '--raw', '--subdir', 'DAGS_FOLDER/main.py', '--cfg-path', '/tmp/tmp2gdpitm7']
[2023-01-02T16:55:18.685+0000] {standard_task_runner.py:83} INFO - Job 255: Subtask split_files_by_source
[2023-01-02T16:55:19.532+0000] {task_command.py:376} INFO - Running <TaskInstance: dpt_cosmetic.split_files_by_source manual__2023-01-02T16:55:11.923317+00:00 [running]> on host 703acec1b71e
[2023-01-02T16:55:20.036+0000] {taskinstance.py:1592} INFO - Exporting the following env vars:
AIRFLOW_CTX_DAG_OWNER=***
AIRFLOW_CTX_DAG_ID=dpt_cosmetic
AIRFLOW_CTX_TASK_ID=split_files_by_source
AIRFLOW_CTX_EXECUTION_DATE=2023-01-02T16:55:11.923317+00:00
AIRFLOW_CTX_TRY_NUMBER=1
AIRFLOW_CTX_DAG_RUN_ID=manual__2023-01-02T16:55:11.923317+00:00
[2023-01-02T16:55:20.042+0000] {subprocess.py:63} INFO - Tmp dir root location: 
 /tmp
[2023-01-02T16:55:20.049+0000] {subprocess.py:75} INFO - Running command: ['/bin/bash', '-c', 'sleep 1']
[2023-01-02T16:55:20.109+0000] {subprocess.py:86} INFO - Output:
[2023-01-02T16:55:21.132+0000] {subprocess.py:97} INFO - Command exited with return code 0
[2023-01-02T16:55:21.260+0000] {taskinstance.py:1406} INFO - Marking task as SUCCESS. dag_id=dpt_cosmetic, task_id=split_files_by_source, execution_date=20230102T165511, start_date=20230102T165518, end_date=20230102T165521
[2023-01-02T16:55:21.395+0000] {local_task_job.py:164} INFO - Task exited with return code 0
[2023-01-02T16:55:22.070+0000] {local_task_job.py:273} INFO - 2 downstream tasks scheduled from follow-on schedule check
