[2023-01-06T20:28:58.952+0000] {taskinstance.py:1165} INFO - Dependencies all met for <TaskInstance: dpt_cosmetic.product.load_to_google_storage manual__2023-01-06T20:28:18.043985+00:00 [queued]>
[2023-01-06T20:28:59.024+0000] {taskinstance.py:1165} INFO - Dependencies all met for <TaskInstance: dpt_cosmetic.product.load_to_google_storage manual__2023-01-06T20:28:18.043985+00:00 [queued]>
[2023-01-06T20:28:59.026+0000] {taskinstance.py:1362} INFO - 
--------------------------------------------------------------------------------
[2023-01-06T20:28:59.028+0000] {taskinstance.py:1363} INFO - Starting attempt 1 of 1
[2023-01-06T20:28:59.029+0000] {taskinstance.py:1364} INFO - 
--------------------------------------------------------------------------------
[2023-01-06T20:28:59.133+0000] {taskinstance.py:1383} INFO - Executing <Task(BashOperator): product.load_to_google_storage> on 2023-01-06 20:28:18.043985+00:00
[2023-01-06T20:28:59.152+0000] {standard_task_runner.py:55} INFO - Started process 176 to run task
[2023-01-06T20:28:59.181+0000] {standard_task_runner.py:82} INFO - Running: ['***', 'tasks', 'run', 'dpt_cosmetic', 'product.load_to_google_storage', 'manual__2023-01-06T20:28:18.043985+00:00', '--job-id', '408', '--raw', '--subdir', 'DAGS_FOLDER/main.py', '--cfg-path', '/tmp/tmpkbqiub1a']
[2023-01-06T20:28:59.193+0000] {standard_task_runner.py:83} INFO - Job 408: Subtask product.load_to_google_storage
[2023-01-06T20:28:59.574+0000] {task_command.py:376} INFO - Running <TaskInstance: dpt_cosmetic.product.load_to_google_storage manual__2023-01-06T20:28:18.043985+00:00 [running]> on host fdf4acf1d8ed
[2023-01-06T20:29:00.007+0000] {taskinstance.py:1592} INFO - Exporting the following env vars:
AIRFLOW_CTX_DAG_OWNER=***
AIRFLOW_CTX_DAG_ID=dpt_cosmetic
AIRFLOW_CTX_TASK_ID=product.load_to_google_storage
AIRFLOW_CTX_EXECUTION_DATE=2023-01-06T20:28:18.043985+00:00
AIRFLOW_CTX_TRY_NUMBER=1
AIRFLOW_CTX_DAG_RUN_ID=manual__2023-01-06T20:28:18.043985+00:00
[2023-01-06T20:29:00.016+0000] {subprocess.py:63} INFO - Tmp dir root location: 
 /tmp
[2023-01-06T20:29:00.019+0000] {subprocess.py:75} INFO - Running command: ['/bin/bash', '-c', 'sleep 1']
[2023-01-06T20:29:00.069+0000] {subprocess.py:86} INFO - Output:
[2023-01-06T20:29:01.086+0000] {subprocess.py:97} INFO - Command exited with return code 0
[2023-01-06T20:29:01.262+0000] {taskinstance.py:1406} INFO - Marking task as SUCCESS. dag_id=dpt_cosmetic, task_id=product.load_to_google_storage, execution_date=20230106T202818, start_date=20230106T202858, end_date=20230106T202901
[2023-01-06T20:29:01.367+0000] {local_task_job.py:164} INFO - Task exited with return code 0
[2023-01-06T20:29:01.657+0000] {local_task_job.py:273} INFO - 0 downstream tasks scheduled from follow-on schedule check
