[2022-12-31T23:39:34.570+0000] {taskinstance.py:1165} INFO - Dependencies all met for <TaskInstance: dpt_cosmetic.user.extract manual__2022-12-31T23:39:19.870072+00:00 [queued]>
[2022-12-31T23:39:34.617+0000] {taskinstance.py:1165} INFO - Dependencies all met for <TaskInstance: dpt_cosmetic.user.extract manual__2022-12-31T23:39:19.870072+00:00 [queued]>
[2022-12-31T23:39:34.618+0000] {taskinstance.py:1362} INFO - 
--------------------------------------------------------------------------------
[2022-12-31T23:39:34.620+0000] {taskinstance.py:1363} INFO - Starting attempt 1 of 1
[2022-12-31T23:39:34.621+0000] {taskinstance.py:1364} INFO - 
--------------------------------------------------------------------------------
[2022-12-31T23:39:34.696+0000] {taskinstance.py:1383} INFO - Executing <Task(ExtractOperator): user.extract> on 2022-12-31 23:39:19.870072+00:00
[2022-12-31T23:39:34.711+0000] {standard_task_runner.py:55} INFO - Started process 422 to run task
[2022-12-31T23:39:34.725+0000] {standard_task_runner.py:82} INFO - Running: ['***', 'tasks', 'run', 'dpt_cosmetic', 'user.extract', 'manual__2022-12-31T23:39:19.870072+00:00', '--job-id', '72', '--raw', '--subdir', 'DAGS_FOLDER/main.py', '--cfg-path', '/tmp/tmp8b9uelbn']
[2022-12-31T23:39:34.728+0000] {standard_task_runner.py:83} INFO - Job 72: Subtask user.extract
[2022-12-31T23:39:35.008+0000] {task_command.py:376} INFO - Running <TaskInstance: dpt_cosmetic.user.extract manual__2022-12-31T23:39:19.870072+00:00 [running]> on host 6bd76effbc07
[2022-12-31T23:39:35.452+0000] {taskinstance.py:1592} INFO - Exporting the following env vars:
AIRFLOW_CTX_DAG_OWNER=***
AIRFLOW_CTX_DAG_ID=dpt_cosmetic
AIRFLOW_CTX_TASK_ID=user.extract
AIRFLOW_CTX_EXECUTION_DATE=2022-12-31T23:39:19.870072+00:00
AIRFLOW_CTX_TRY_NUMBER=1
AIRFLOW_CTX_DAG_RUN_ID=manual__2022-12-31T23:39:19.870072+00:00
[2022-12-31T23:39:35.708+0000] {logging_mixin.py:120} INFO - Empty DataFrame
Columns: []
Index: []
[2022-12-31T23:39:35.758+0000] {taskinstance.py:1406} INFO - Marking task as SUCCESS. dag_id=dpt_cosmetic, task_id=user.extract, execution_date=20221231T233919, start_date=20221231T233934, end_date=20221231T233935
[2022-12-31T23:39:35.864+0000] {local_task_job.py:164} INFO - Task exited with return code 0
[2022-12-31T23:39:35.973+0000] {local_task_job.py:273} INFO - 0 downstream tasks scheduled from follow-on schedule check
