[2023-01-05T22:07:28.235+0000] {taskinstance.py:1165} INFO - Dependencies all met for <TaskInstance: bq_process.check_table scheduled__2023-01-04T00:00:00+00:00 [queued]>
[2023-01-05T22:07:28.293+0000] {taskinstance.py:1165} INFO - Dependencies all met for <TaskInstance: bq_process.check_table scheduled__2023-01-04T00:00:00+00:00 [queued]>
[2023-01-05T22:07:28.294+0000] {taskinstance.py:1362} INFO - 
--------------------------------------------------------------------------------
[2023-01-05T22:07:28.296+0000] {taskinstance.py:1363} INFO - Starting attempt 1 of 1
[2023-01-05T22:07:28.297+0000] {taskinstance.py:1364} INFO - 
--------------------------------------------------------------------------------
[2023-01-05T22:07:28.374+0000] {taskinstance.py:1383} INFO - Executing <Task(BranchPythonOperator): check_table> on 2023-01-04 00:00:00+00:00
[2023-01-05T22:07:28.396+0000] {standard_task_runner.py:55} INFO - Started process 101 to run task
[2023-01-05T22:07:28.412+0000] {standard_task_runner.py:82} INFO - Running: ['***', 'tasks', 'run', 'bq_process', 'check_table', 'scheduled__2023-01-04T00:00:00+00:00', '--job-id', '313', '--raw', '--subdir', 'DAGS_FOLDER/bigquery_dag.py', '--cfg-path', '/tmp/tmp2rmvugtk']
[2023-01-05T22:07:28.423+0000] {standard_task_runner.py:83} INFO - Job 313: Subtask check_table
[2023-01-05T22:07:28.477+0000] {warnings.py:110} WARNING - /home/***/.local/lib/python3.7/site-packages/***/configuration.py:545: DeprecationWarning: The sql_alchemy_conn option in [core] has been moved to the sql_alchemy_conn option in [database] - the old setting has been used, but please update your config.
  option = self._get_environment_variables(deprecated_key, deprecated_section, key, section)

[2023-01-05T22:07:28.767+0000] {task_command.py:376} INFO - Running <TaskInstance: bq_process.check_table scheduled__2023-01-04T00:00:00+00:00 [running]> on host fdf4acf1d8ed
[2023-01-05T22:07:29.143+0000] {taskinstance.py:1592} INFO - Exporting the following env vars:
AIRFLOW_CTX_DAG_OWNER=***
AIRFLOW_CTX_DAG_ID=bq_process
AIRFLOW_CTX_TASK_ID=check_table
AIRFLOW_CTX_EXECUTION_DATE=2023-01-04T00:00:00+00:00
AIRFLOW_CTX_TRY_NUMBER=1
AIRFLOW_CTX_DAG_RUN_ID=scheduled__2023-01-04T00:00:00+00:00
[2023-01-05T22:07:30.018+0000] {python.py:177} INFO - Done. Returned value was: sucess
[2023-01-05T22:07:30.062+0000] {taskinstance.py:1851} ERROR - Task failed with exception
Traceback (most recent call last):
  File "/home/airflow/.local/lib/python3.7/site-packages/airflow/operators/python.py", line 225, in execute
    f"Branch callable must return valid task_ids. Invalid tasks found: {invalid_task_ids}"
airflow.exceptions.AirflowException: Branch callable must return valid task_ids. Invalid tasks found: {'sucess'}
[2023-01-05T22:07:30.079+0000] {taskinstance.py:1406} INFO - Marking task as FAILED. dag_id=bq_process, task_id=check_table, execution_date=20230104T000000, start_date=20230105T220728, end_date=20230105T220730
[2023-01-05T22:07:30.141+0000] {standard_task_runner.py:105} ERROR - Failed to execute job 313 for task check_table (Branch callable must return valid task_ids. Invalid tasks found: {'sucess'}; 101)
[2023-01-05T22:07:30.194+0000] {local_task_job.py:164} INFO - Task exited with return code 1
[2023-01-05T22:07:30.311+0000] {local_task_job.py:273} INFO - 0 downstream tasks scheduled from follow-on schedule check
