[2023-01-06T20:31:07.767+0000] {taskinstance.py:1165} INFO - Dependencies all met for <TaskInstance: dpt_cosmetic.product.check_file_exists manual__2023-01-06T20:30:39.090323+00:00 [queued]>
[2023-01-06T20:31:07.850+0000] {taskinstance.py:1165} INFO - Dependencies all met for <TaskInstance: dpt_cosmetic.product.check_file_exists manual__2023-01-06T20:30:39.090323+00:00 [queued]>
[2023-01-06T20:31:07.856+0000] {taskinstance.py:1362} INFO - 
--------------------------------------------------------------------------------
[2023-01-06T20:31:07.860+0000] {taskinstance.py:1363} INFO - Starting attempt 1 of 1
[2023-01-06T20:31:07.862+0000] {taskinstance.py:1364} INFO - 
--------------------------------------------------------------------------------
[2023-01-06T20:31:08.080+0000] {taskinstance.py:1383} INFO - Executing <Task(BashOperator): product.check_file_exists> on 2023-01-06 20:30:39.090323+00:00
[2023-01-06T20:31:08.286+0000] {standard_task_runner.py:55} INFO - Started process 289 to run task
[2023-01-06T20:31:08.344+0000] {standard_task_runner.py:82} INFO - Running: ['***', 'tasks', 'run', 'dpt_cosmetic', 'product.check_file_exists', 'manual__2023-01-06T20:30:39.090323+00:00', '--job-id', '423', '--raw', '--subdir', 'DAGS_FOLDER/main.py', '--cfg-path', '/tmp/tmpm83r43ke']
[2023-01-06T20:31:08.348+0000] {standard_task_runner.py:83} INFO - Job 423: Subtask product.check_file_exists
[2023-01-06T20:31:08.948+0000] {task_command.py:376} INFO - Running <TaskInstance: dpt_cosmetic.product.check_file_exists manual__2023-01-06T20:30:39.090323+00:00 [running]> on host fdf4acf1d8ed
[2023-01-06T20:31:09.433+0000] {taskinstance.py:1592} INFO - Exporting the following env vars:
AIRFLOW_CTX_DAG_OWNER=***
AIRFLOW_CTX_DAG_ID=dpt_cosmetic
AIRFLOW_CTX_TASK_ID=product.check_file_exists
AIRFLOW_CTX_EXECUTION_DATE=2023-01-06T20:30:39.090323+00:00
AIRFLOW_CTX_TRY_NUMBER=1
AIRFLOW_CTX_DAG_RUN_ID=manual__2023-01-06T20:30:39.090323+00:00
[2023-01-06T20:31:09.454+0000] {subprocess.py:63} INFO - Tmp dir root location: 
 /tmp
[2023-01-06T20:31:09.463+0000] {subprocess.py:75} INFO - Running command: ['/bin/bash', '-c', 'sleep 1']
[2023-01-06T20:31:09.526+0000] {subprocess.py:86} INFO - Output:
[2023-01-06T20:31:10.539+0000] {subprocess.py:97} INFO - Command exited with return code 0
[2023-01-06T20:31:10.657+0000] {taskinstance.py:1406} INFO - Marking task as SUCCESS. dag_id=dpt_cosmetic, task_id=product.check_file_exists, execution_date=20230106T203039, start_date=20230106T203107, end_date=20230106T203110
[2023-01-06T20:31:10.751+0000] {local_task_job.py:164} INFO - Task exited with return code 0
[2023-01-06T20:31:10.930+0000] {local_task_job.py:273} INFO - 1 downstream tasks scheduled from follow-on schedule check
