[2023-01-07T04:42:44.201+0000] {taskinstance.py:1165} INFO - Dependencies all met for <TaskInstance: bq_process.conversion_stats.check_table manual__2023-01-07T04:42:33.145090+00:00 [queued]>
[2023-01-07T04:42:44.270+0000] {taskinstance.py:1165} INFO - Dependencies all met for <TaskInstance: bq_process.conversion_stats.check_table manual__2023-01-07T04:42:33.145090+00:00 [queued]>
[2023-01-07T04:42:44.272+0000] {taskinstance.py:1362} INFO - 
--------------------------------------------------------------------------------
[2023-01-07T04:42:44.274+0000] {taskinstance.py:1363} INFO - Starting attempt 1 of 1
[2023-01-07T04:42:44.275+0000] {taskinstance.py:1364} INFO - 
--------------------------------------------------------------------------------
[2023-01-07T04:42:44.345+0000] {taskinstance.py:1383} INFO - Executing <Task(BranchPythonOperator): conversion_stats.check_table> on 2023-01-07 04:42:33.145090+00:00
[2023-01-07T04:42:44.363+0000] {standard_task_runner.py:55} INFO - Started process 255 to run task
[2023-01-07T04:42:44.385+0000] {standard_task_runner.py:82} INFO - Running: ['***', 'tasks', 'run', 'bq_process', 'conversion_stats.check_table', 'manual__2023-01-07T04:42:33.145090+00:00', '--job-id', '514', '--raw', '--subdir', 'DAGS_FOLDER/bigquery_dag.py', '--cfg-path', '/tmp/tmp_ca_mh1b']
[2023-01-07T04:42:44.395+0000] {standard_task_runner.py:83} INFO - Job 514: Subtask conversion_stats.check_table
[2023-01-07T04:42:44.778+0000] {task_command.py:376} INFO - Running <TaskInstance: bq_process.conversion_stats.check_table manual__2023-01-07T04:42:33.145090+00:00 [running]> on host fdf4acf1d8ed
[2023-01-07T04:42:45.270+0000] {taskinstance.py:1592} INFO - Exporting the following env vars:
AIRFLOW_CTX_DAG_OWNER=***
AIRFLOW_CTX_DAG_ID=bq_process
AIRFLOW_CTX_TASK_ID=conversion_stats.check_table
AIRFLOW_CTX_EXECUTION_DATE=2023-01-07T04:42:33.145090+00:00
AIRFLOW_CTX_TRY_NUMBER=1
AIRFLOW_CTX_DAG_RUN_ID=manual__2023-01-07T04:42:33.145090+00:00
[2023-01-07T04:42:45.958+0000] {python.py:177} INFO - Done. Returned value was: create_table
[2023-01-07T04:42:46.037+0000] {taskinstance.py:1851} ERROR - Task failed with exception
Traceback (most recent call last):
  File "/home/airflow/.local/lib/python3.7/site-packages/airflow/operators/python.py", line 225, in execute
    f"Branch callable must return valid task_ids. Invalid tasks found: {invalid_task_ids}"
airflow.exceptions.AirflowException: Branch callable must return valid task_ids. Invalid tasks found: {'create_table'}
[2023-01-07T04:42:46.056+0000] {taskinstance.py:1406} INFO - Marking task as FAILED. dag_id=bq_process, task_id=conversion_stats.check_table, execution_date=20230107T044233, start_date=20230107T044244, end_date=20230107T044246
[2023-01-07T04:42:46.128+0000] {standard_task_runner.py:105} ERROR - Failed to execute job 514 for task conversion_stats.check_table (Branch callable must return valid task_ids. Invalid tasks found: {'create_table'}; 255)
[2023-01-07T04:42:46.185+0000] {local_task_job.py:164} INFO - Task exited with return code 1
[2023-01-07T04:42:46.545+0000] {local_task_job.py:273} INFO - 0 downstream tasks scheduled from follow-on schedule check
