[2023-01-01T00:36:55.453+0000] {taskinstance.py:1165} INFO - Dependencies all met for <TaskInstance: dpt_cosmetic.split_files_by_source manual__2023-01-01T00:36:49.587648+00:00 [queued]>
[2023-01-01T00:36:55.519+0000] {taskinstance.py:1165} INFO - Dependencies all met for <TaskInstance: dpt_cosmetic.split_files_by_source manual__2023-01-01T00:36:49.587648+00:00 [queued]>
[2023-01-01T00:36:55.521+0000] {taskinstance.py:1362} INFO - 
--------------------------------------------------------------------------------
[2023-01-01T00:36:55.522+0000] {taskinstance.py:1363} INFO - Starting attempt 1 of 1
[2023-01-01T00:36:55.524+0000] {taskinstance.py:1364} INFO - 
--------------------------------------------------------------------------------
[2023-01-01T00:36:55.619+0000] {taskinstance.py:1383} INFO - Executing <Task(BashOperator): split_files_by_source> on 2023-01-01 00:36:49.587648+00:00
[2023-01-01T00:36:55.641+0000] {standard_task_runner.py:55} INFO - Started process 716 to run task
[2023-01-01T00:36:55.668+0000] {standard_task_runner.py:82} INFO - Running: ['***', 'tasks', 'run', 'dpt_cosmetic', 'split_files_by_source', 'manual__2023-01-01T00:36:49.587648+00:00', '--job-id', '111', '--raw', '--subdir', 'DAGS_FOLDER/main.py', '--cfg-path', '/tmp/tmpd4aeo1yi']
[2023-01-01T00:36:55.671+0000] {standard_task_runner.py:83} INFO - Job 111: Subtask split_files_by_source
[2023-01-01T00:36:55.997+0000] {task_command.py:376} INFO - Running <TaskInstance: dpt_cosmetic.split_files_by_source manual__2023-01-01T00:36:49.587648+00:00 [running]> on host 6bd76effbc07
[2023-01-01T00:36:56.476+0000] {taskinstance.py:1592} INFO - Exporting the following env vars:
AIRFLOW_CTX_DAG_OWNER=***
AIRFLOW_CTX_DAG_ID=dpt_cosmetic
AIRFLOW_CTX_TASK_ID=split_files_by_source
AIRFLOW_CTX_EXECUTION_DATE=2023-01-01T00:36:49.587648+00:00
AIRFLOW_CTX_TRY_NUMBER=1
AIRFLOW_CTX_DAG_RUN_ID=manual__2023-01-01T00:36:49.587648+00:00
[2023-01-01T00:36:56.482+0000] {subprocess.py:63} INFO - Tmp dir root location: 
 /tmp
[2023-01-01T00:36:56.492+0000] {subprocess.py:75} INFO - Running command: ['/bin/bash', '-c', 'sleep 1']
[2023-01-01T00:36:56.566+0000] {subprocess.py:86} INFO - Output:
[2023-01-01T00:36:57.587+0000] {subprocess.py:97} INFO - Command exited with return code 0
[2023-01-01T00:36:57.712+0000] {taskinstance.py:1406} INFO - Marking task as SUCCESS. dag_id=dpt_cosmetic, task_id=split_files_by_source, execution_date=20230101T003649, start_date=20230101T003655, end_date=20230101T003657
[2023-01-01T00:36:57.815+0000] {local_task_job.py:164} INFO - Task exited with return code 0
[2023-01-01T00:36:57.946+0000] {local_task_job.py:273} INFO - 1 downstream tasks scheduled from follow-on schedule check
