[2023-01-06T01:54:20.032+0000] {taskinstance.py:1165} INFO - Dependencies all met for <TaskInstance: dpt_cosmetic.user_01.check_table manual__2023-01-06T01:54:16.931236+00:00 [queued]>
[2023-01-06T01:54:20.043+0000] {taskinstance.py:1165} INFO - Dependencies all met for <TaskInstance: dpt_cosmetic.user_01.check_table manual__2023-01-06T01:54:16.931236+00:00 [queued]>
[2023-01-06T01:54:20.043+0000] {taskinstance.py:1362} INFO - 
--------------------------------------------------------------------------------
[2023-01-06T01:54:20.044+0000] {taskinstance.py:1363} INFO - Starting attempt 1 of 1
[2023-01-06T01:54:20.044+0000] {taskinstance.py:1364} INFO - 
--------------------------------------------------------------------------------
[2023-01-06T01:54:20.064+0000] {taskinstance.py:1383} INFO - Executing <Task(BranchPythonOperator): user_01.check_table> on 2023-01-06 01:54:16.931236+00:00
[2023-01-06T01:54:20.070+0000] {standard_task_runner.py:55} INFO - Started process 111 to run task
[2023-01-06T01:54:20.074+0000] {standard_task_runner.py:82} INFO - Running: ['***', 'tasks', 'run', 'dpt_cosmetic', 'user_01.check_table', 'manual__2023-01-06T01:54:16.931236+00:00', '--job-id', '350', '--raw', '--subdir', 'DAGS_FOLDER/main.py', '--cfg-path', '/tmp/tmpal1ews3p']
[2023-01-06T01:54:20.076+0000] {standard_task_runner.py:83} INFO - Job 350: Subtask user_01.check_table
[2023-01-06T01:54:20.161+0000] {task_command.py:376} INFO - Running <TaskInstance: dpt_cosmetic.user_01.check_table manual__2023-01-06T01:54:16.931236+00:00 [running]> on host fdf4acf1d8ed
[2023-01-06T01:54:20.264+0000] {taskinstance.py:1592} INFO - Exporting the following env vars:
AIRFLOW_CTX_DAG_OWNER=***
AIRFLOW_CTX_DAG_ID=dpt_cosmetic
AIRFLOW_CTX_TASK_ID=user_01.check_table
AIRFLOW_CTX_EXECUTION_DATE=2023-01-06T01:54:16.931236+00:00
AIRFLOW_CTX_TRY_NUMBER=1
AIRFLOW_CTX_DAG_RUN_ID=manual__2023-01-06T01:54:16.931236+00:00
[2023-01-06T01:54:20.855+0000] {python.py:177} INFO - Done. Returned value was: user_01.insert_data
[2023-01-06T01:54:20.856+0000] {skipmixin.py:155} INFO - Following branch user_01.insert_data
[2023-01-06T01:54:20.856+0000] {skipmixin.py:190} INFO - Skipping tasks ['user_01.create_table']
[2023-01-06T01:54:20.917+0000] {taskinstance.py:1406} INFO - Marking task as SUCCESS. dag_id=dpt_cosmetic, task_id=user_01.check_table, execution_date=20230106T015416, start_date=20230106T015420, end_date=20230106T015420
[2023-01-06T01:54:20.972+0000] {local_task_job.py:164} INFO - Task exited with return code 0
[2023-01-06T01:54:21.049+0000] {local_task_job.py:273} INFO - 0 downstream tasks scheduled from follow-on schedule check
