[2023-01-02T17:16:13.948+0000] {taskinstance.py:1165} INFO - Dependencies all met for <TaskInstance: dpt_cosmetic.website.load_to_google_storage manual__2023-01-02T17:15:28.621166+00:00 [queued]>
[2023-01-02T17:16:14.049+0000] {taskinstance.py:1165} INFO - Dependencies all met for <TaskInstance: dpt_cosmetic.website.load_to_google_storage manual__2023-01-02T17:15:28.621166+00:00 [queued]>
[2023-01-02T17:16:14.051+0000] {taskinstance.py:1362} INFO - 
--------------------------------------------------------------------------------
[2023-01-02T17:16:14.052+0000] {taskinstance.py:1363} INFO - Starting attempt 1 of 1
[2023-01-02T17:16:14.054+0000] {taskinstance.py:1364} INFO - 
--------------------------------------------------------------------------------
[2023-01-02T17:16:14.703+0000] {taskinstance.py:1383} INFO - Executing <Task(BashOperator): website.load_to_google_storage> on 2023-01-02 17:15:28.621166+00:00
[2023-01-02T17:16:14.719+0000] {standard_task_runner.py:55} INFO - Started process 596 to run task
[2023-01-02T17:16:14.738+0000] {standard_task_runner.py:82} INFO - Running: ['***', 'tasks', 'run', 'dpt_cosmetic', 'website.load_to_google_storage', 'manual__2023-01-02T17:15:28.621166+00:00', '--job-id', '277', '--raw', '--subdir', 'DAGS_FOLDER/main.py', '--cfg-path', '/tmp/tmp5l178idb']
[2023-01-02T17:16:14.742+0000] {standard_task_runner.py:83} INFO - Job 277: Subtask website.load_to_google_storage
[2023-01-02T17:16:15.934+0000] {task_command.py:376} INFO - Running <TaskInstance: dpt_cosmetic.website.load_to_google_storage manual__2023-01-02T17:15:28.621166+00:00 [running]> on host 703acec1b71e
[2023-01-02T17:16:16.288+0000] {taskinstance.py:1592} INFO - Exporting the following env vars:
AIRFLOW_CTX_DAG_OWNER=***
AIRFLOW_CTX_DAG_ID=dpt_cosmetic
AIRFLOW_CTX_TASK_ID=website.load_to_google_storage
AIRFLOW_CTX_EXECUTION_DATE=2023-01-02T17:15:28.621166+00:00
AIRFLOW_CTX_TRY_NUMBER=1
AIRFLOW_CTX_DAG_RUN_ID=manual__2023-01-02T17:15:28.621166+00:00
[2023-01-02T17:16:16.294+0000] {subprocess.py:63} INFO - Tmp dir root location: 
 /tmp
[2023-01-02T17:16:16.297+0000] {subprocess.py:75} INFO - Running command: ['/bin/bash', '-c', 'sleep 1']
[2023-01-02T17:16:16.335+0000] {subprocess.py:86} INFO - Output:
[2023-01-02T17:16:17.349+0000] {subprocess.py:97} INFO - Command exited with return code 0
[2023-01-02T17:16:17.477+0000] {taskinstance.py:1406} INFO - Marking task as SUCCESS. dag_id=dpt_cosmetic, task_id=website.load_to_google_storage, execution_date=20230102T171528, start_date=20230102T171613, end_date=20230102T171617
[2023-01-02T17:16:17.581+0000] {local_task_job.py:164} INFO - Task exited with return code 0
[2023-01-02T17:16:18.195+0000] {local_task_job.py:273} INFO - 0 downstream tasks scheduled from follow-on schedule check
