[2023-01-07T04:46:48.415+0000] {taskinstance.py:1165} INFO - Dependencies all met for <TaskInstance: bq_process.product_stats.execute_query manual__2023-01-07T04:46:16.333150+00:00 [queued]>
[2023-01-07T04:46:48.499+0000] {taskinstance.py:1165} INFO - Dependencies all met for <TaskInstance: bq_process.product_stats.execute_query manual__2023-01-07T04:46:16.333150+00:00 [queued]>
[2023-01-07T04:46:48.501+0000] {taskinstance.py:1362} INFO - 
--------------------------------------------------------------------------------
[2023-01-07T04:46:48.503+0000] {taskinstance.py:1363} INFO - Starting attempt 1 of 1
[2023-01-07T04:46:48.504+0000] {taskinstance.py:1364} INFO - 
--------------------------------------------------------------------------------
[2023-01-07T04:46:48.591+0000] {taskinstance.py:1383} INFO - Executing <Task(BigQueryInsertJobOperator): product_stats.execute_query> on 2023-01-07 04:46:16.333150+00:00
[2023-01-07T04:46:48.608+0000] {standard_task_runner.py:55} INFO - Started process 287 to run task
[2023-01-07T04:46:48.626+0000] {standard_task_runner.py:82} INFO - Running: ['***', 'tasks', 'run', 'bq_process', 'product_stats.execute_query', 'manual__2023-01-07T04:46:16.333150+00:00', '--job-id', '524', '--raw', '--subdir', 'DAGS_FOLDER/bigquery_dag.py', '--cfg-path', '/tmp/tmpzl9uqx6o']
[2023-01-07T04:46:48.637+0000] {standard_task_runner.py:83} INFO - Job 524: Subtask product_stats.execute_query
[2023-01-07T04:46:48.930+0000] {task_command.py:376} INFO - Running <TaskInstance: bq_process.product_stats.execute_query manual__2023-01-07T04:46:16.333150+00:00 [running]> on host fdf4acf1d8ed
[2023-01-07T04:46:49.306+0000] {taskinstance.py:1592} INFO - Exporting the following env vars:
AIRFLOW_CTX_DAG_OWNER=***
AIRFLOW_CTX_DAG_ID=bq_process
AIRFLOW_CTX_TASK_ID=product_stats.execute_query
AIRFLOW_CTX_EXECUTION_DATE=2023-01-07T04:46:16.333150+00:00
AIRFLOW_CTX_TRY_NUMBER=1
AIRFLOW_CTX_DAG_RUN_ID=manual__2023-01-07T04:46:16.333150+00:00
[2023-01-07T04:46:49.311+0000] {connection.py:429} ERROR - Unable to retrieve connection from secrets backend (EnvironmentVariablesBackend). Checking subsequent secrets backend.
Traceback (most recent call last):
  File "/home/airflow/.local/lib/python3.7/site-packages/airflow/models/connection.py", line 422, in get_connection_from_secrets
    conn = secrets_backend.get_connection(conn_id=conn_id)
  File "/home/airflow/.local/lib/python3.7/site-packages/airflow/secrets/base_secrets.py", line 115, in get_connection
    return self.deserialize_connection(conn_id=conn_id, value=value)
  File "/home/airflow/.local/lib/python3.7/site-packages/airflow/secrets/base_secrets.py", line 67, in deserialize_connection
    return Connection.from_json(conn_id=conn_id, value=value)
  File "/home/airflow/.local/lib/python3.7/site-packages/airflow/models/connection.py", line 449, in from_json
    return Connection(conn_id=conn_id, **kwargs)
TypeError: __init__() got an unexpected keyword argument 'key_path'
[2023-01-07T04:46:49.344+0000] {base.py:71} INFO - Using connection ID 'google_cloud_default' for task execution.
[2023-01-07T04:46:49.352+0000] {warnings.py:110} WARNING - /home/***/.local/lib/python3.7/site-packages/***/utils/context.py:204: AirflowContextDeprecationWarning: Accessing 'execution_date' from the template is deprecated and will be removed in a future version. Please use 'data_interval_start' or 'logical_date' instead.
  warnings.warn(_create_deprecation_warning(key, self._deprecation_replacements[key]))

[2023-01-07T04:46:49.389+0000] {bigquery.py:1554} INFO - Inserting job ***_bq_process_product_stats_execute_query_2023_01_07T04_46_16_333150_00_00_c703914e4ab380b57006b81ced3839e8
[2023-01-07T04:46:50.215+0000] {taskinstance.py:1851} ERROR - Task failed with exception
Traceback (most recent call last):
  File "/home/airflow/.local/lib/python3.7/site-packages/airflow/providers/google/cloud/operators/bigquery.py", line 2153, in execute
    job = self._submit_job(hook, job_id)
  File "/home/airflow/.local/lib/python3.7/site-packages/airflow/providers/google/cloud/operators/bigquery.py", line 2119, in _submit_job
    retry=self.result_retry,
  File "/home/airflow/.local/lib/python3.7/site-packages/airflow/providers/google/common/hooks/base_google.py", line 439, in inner_wrapper
    return func(self, *args, **kwargs)
  File "/home/airflow/.local/lib/python3.7/site-packages/airflow/providers/google/cloud/hooks/bigquery.py", line 1560, in insert_job
    job.result(timeout=timeout, retry=retry)
  File "/home/airflow/.local/lib/python3.7/site-packages/google/cloud/bigquery/job/query.py", line 1499, in result
    do_get_result()
  File "/home/airflow/.local/lib/python3.7/site-packages/google/cloud/bigquery/job/query.py", line 1489, in do_get_result
    super(QueryJob, self).result(retry=retry, timeout=timeout)
  File "/home/airflow/.local/lib/python3.7/site-packages/google/cloud/bigquery/job/base.py", line 728, in result
    return super(_AsyncJob, self).result(timeout=timeout, **kwargs)
  File "/home/airflow/.local/lib/python3.7/site-packages/google/api_core/future/polling.py", line 137, in result
    raise self._exception
google.api_core.exceptions.BadRequest: 400 Cannot set destination table in jobs with DML statements

Location: asia-northeast3
Job ID: airflow_bq_process_product_stats_execute_query_2023_01_07T04_46_16_333150_00_00_c703914e4ab380b57006b81ced3839e8

[2023-01-07T04:46:50.262+0000] {taskinstance.py:1406} INFO - Marking task as FAILED. dag_id=bq_process, task_id=product_stats.execute_query, execution_date=20230107T044616, start_date=20230107T044648, end_date=20230107T044650
[2023-01-07T04:46:50.327+0000] {standard_task_runner.py:105} ERROR - Failed to execute job 524 for task product_stats.execute_query (400 Cannot set destination table in jobs with DML statements

Location: asia-northeast3
Job ID: airflow_bq_process_product_stats_execute_query_2023_01_07T04_46_16_333150_00_00_c703914e4ab380b57006b81ced3839e8
; 287)
[2023-01-07T04:46:50.404+0000] {local_task_job.py:164} INFO - Task exited with return code 1
[2023-01-07T04:46:50.537+0000] {local_task_job.py:273} INFO - 0 downstream tasks scheduled from follow-on schedule check
