[2023-01-01T13:40:42.497+0000] {taskinstance.py:1165} INFO - Dependencies all met for <TaskInstance: dpt_cosmetic.transaction.transform manual__2023-01-01T13:40:30.502994+00:00 [queued]>
[2023-01-01T13:40:42.560+0000] {taskinstance.py:1165} INFO - Dependencies all met for <TaskInstance: dpt_cosmetic.transaction.transform manual__2023-01-01T13:40:30.502994+00:00 [queued]>
[2023-01-01T13:40:42.562+0000] {taskinstance.py:1362} INFO - 
--------------------------------------------------------------------------------
[2023-01-01T13:40:42.564+0000] {taskinstance.py:1363} INFO - Starting attempt 1 of 1
[2023-01-01T13:40:42.566+0000] {taskinstance.py:1364} INFO - 
--------------------------------------------------------------------------------
[2023-01-01T13:40:42.704+0000] {taskinstance.py:1383} INFO - Executing <Task(Operator): transaction.transform> on 2023-01-01 13:40:30.502994+00:00
[2023-01-01T13:40:42.753+0000] {standard_task_runner.py:55} INFO - Started process 223 to run task
[2023-01-01T13:40:42.773+0000] {standard_task_runner.py:82} INFO - Running: ['***', 'tasks', 'run', 'dpt_cosmetic', 'transaction.transform', 'manual__2023-01-01T13:40:30.502994+00:00', '--job-id', '180', '--raw', '--subdir', 'DAGS_FOLDER/main.py', '--cfg-path', '/tmp/tmprbk2u8td']
[2023-01-01T13:40:42.776+0000] {standard_task_runner.py:83} INFO - Job 180: Subtask transaction.transform
[2023-01-01T13:40:43.086+0000] {task_command.py:376} INFO - Running <TaskInstance: dpt_cosmetic.transaction.transform manual__2023-01-01T13:40:30.502994+00:00 [running]> on host 6bd76effbc07
[2023-01-01T13:40:43.472+0000] {taskinstance.py:1592} INFO - Exporting the following env vars:
AIRFLOW_CTX_DAG_OWNER=***
AIRFLOW_CTX_DAG_ID=dpt_cosmetic
AIRFLOW_CTX_TASK_ID=transaction.transform
AIRFLOW_CTX_EXECUTION_DATE=2023-01-01T13:40:30.502994+00:00
AIRFLOW_CTX_TRY_NUMBER=1
AIRFLOW_CTX_DAG_RUN_ID=manual__2023-01-01T13:40:30.502994+00:00
[2023-01-01T13:40:51.451+0000] {taskinstance.py:1851} ERROR - Task failed with exception
Traceback (most recent call last):
  File "/opt/airflow/dags/utilties/operator.py", line 90, in execute
    df=self.transform_trans(df)
  File "/opt/airflow/dags/utilties/operator.py", line 32, in transform_trans
    if abnormal_index:
  File "/home/airflow/.local/lib/python3.7/site-packages/pandas/core/generic.py", line 1538, in __nonzero__
    f"The truth value of a {type(self).__name__} is ambiguous. "
ValueError: The truth value of a DataFrame is ambiguous. Use a.empty, a.bool(), a.item(), a.any() or a.all().
[2023-01-01T13:40:51.494+0000] {taskinstance.py:1406} INFO - Marking task as FAILED. dag_id=dpt_cosmetic, task_id=transaction.transform, execution_date=20230101T134030, start_date=20230101T134042, end_date=20230101T134051
[2023-01-01T13:40:51.544+0000] {standard_task_runner.py:105} ERROR - Failed to execute job 180 for task transaction.transform (The truth value of a DataFrame is ambiguous. Use a.empty, a.bool(), a.item(), a.any() or a.all().; 223)
[2023-01-01T13:40:51.617+0000] {local_task_job.py:164} INFO - Task exited with return code 1
[2023-01-01T13:40:51.692+0000] {local_task_job.py:273} INFO - 0 downstream tasks scheduled from follow-on schedule check
