[2023-01-07T05:19:00.012+0000] {taskinstance.py:1165} INFO - Dependencies all met for <TaskInstance: dpt_cosmetic.website.check_file_exists manual__2023-01-07T05:15:48.107951+00:00 [queued]>
[2023-01-07T05:19:00.577+0000] {taskinstance.py:1165} INFO - Dependencies all met for <TaskInstance: dpt_cosmetic.website.check_file_exists manual__2023-01-07T05:15:48.107951+00:00 [queued]>
[2023-01-07T05:19:00.592+0000] {taskinstance.py:1362} INFO - 
--------------------------------------------------------------------------------
[2023-01-07T05:19:00.626+0000] {taskinstance.py:1363} INFO - Starting attempt 1 of 1
[2023-01-07T05:19:00.631+0000] {taskinstance.py:1364} INFO - 
--------------------------------------------------------------------------------
[2023-01-07T05:19:01.857+0000] {taskinstance.py:1383} INFO - Executing <Task(BashOperator): website.check_file_exists> on 2023-01-07 05:15:48.107951+00:00
[2023-01-07T05:19:01.983+0000] {standard_task_runner.py:55} INFO - Started process 500 to run task
[2023-01-07T05:19:02.220+0000] {standard_task_runner.py:82} INFO - Running: ['***', 'tasks', 'run', 'dpt_cosmetic', 'website.check_file_exists', 'manual__2023-01-07T05:15:48.107951+00:00', '--job-id', '581', '--raw', '--subdir', 'DAGS_FOLDER/main.py', '--cfg-path', '/tmp/tmplwof_ziz']
[2023-01-07T05:19:02.258+0000] {standard_task_runner.py:83} INFO - Job 581: Subtask website.check_file_exists
[2023-01-07T05:19:03.941+0000] {task_command.py:376} INFO - Running <TaskInstance: dpt_cosmetic.website.check_file_exists manual__2023-01-07T05:15:48.107951+00:00 [running]> on host fdf4acf1d8ed
[2023-01-07T05:19:06.935+0000] {taskinstance.py:1592} INFO - Exporting the following env vars:
AIRFLOW_CTX_DAG_OWNER=***
AIRFLOW_CTX_DAG_ID=dpt_cosmetic
AIRFLOW_CTX_TASK_ID=website.check_file_exists
AIRFLOW_CTX_EXECUTION_DATE=2023-01-07T05:15:48.107951+00:00
AIRFLOW_CTX_TRY_NUMBER=1
AIRFLOW_CTX_DAG_RUN_ID=manual__2023-01-07T05:15:48.107951+00:00
[2023-01-07T05:19:06.962+0000] {subprocess.py:63} INFO - Tmp dir root location: 
 /tmp
[2023-01-07T05:19:07.059+0000] {subprocess.py:75} INFO - Running command: ['/bin/bash', '-c', 'sleep 1']
[2023-01-07T05:19:07.469+0000] {subprocess.py:86} INFO - Output:
[2023-01-07T05:19:08.687+0000] {subprocess.py:97} INFO - Command exited with return code 0
[2023-01-07T05:19:09.690+0000] {taskinstance.py:1406} INFO - Marking task as SUCCESS. dag_id=dpt_cosmetic, task_id=website.check_file_exists, execution_date=20230107T051548, start_date=20230107T051900, end_date=20230107T051909
[2023-01-07T05:19:10.402+0000] {local_task_job.py:164} INFO - Task exited with return code 0
[2023-01-07T05:19:12.182+0000] {local_task_job.py:273} INFO - 0 downstream tasks scheduled from follow-on schedule check
