[2023-01-01T00:17:50.593+0000] {taskinstance.py:1165} INFO - Dependencies all met for <TaskInstance: dpt_cosmetic.split_files_by_source manual__2023-01-01T00:17:44.805739+00:00 [queued]>
[2023-01-01T00:17:50.664+0000] {taskinstance.py:1165} INFO - Dependencies all met for <TaskInstance: dpt_cosmetic.split_files_by_source manual__2023-01-01T00:17:44.805739+00:00 [queued]>
[2023-01-01T00:17:50.665+0000] {taskinstance.py:1362} INFO - 
--------------------------------------------------------------------------------
[2023-01-01T00:17:50.667+0000] {taskinstance.py:1363} INFO - Starting attempt 1 of 1
[2023-01-01T00:17:50.668+0000] {taskinstance.py:1364} INFO - 
--------------------------------------------------------------------------------
[2023-01-01T00:17:50.744+0000] {taskinstance.py:1383} INFO - Executing <Task(BashOperator): split_files_by_source> on 2023-01-01 00:17:44.805739+00:00
[2023-01-01T00:17:50.760+0000] {standard_task_runner.py:55} INFO - Started process 561 to run task
[2023-01-01T00:17:50.776+0000] {standard_task_runner.py:82} INFO - Running: ['***', 'tasks', 'run', 'dpt_cosmetic', 'split_files_by_source', 'manual__2023-01-01T00:17:44.805739+00:00', '--job-id', '92', '--raw', '--subdir', 'DAGS_FOLDER/main.py', '--cfg-path', '/tmp/tmp67nlms59']
[2023-01-01T00:17:50.780+0000] {standard_task_runner.py:83} INFO - Job 92: Subtask split_files_by_source
[2023-01-01T00:17:51.110+0000] {task_command.py:376} INFO - Running <TaskInstance: dpt_cosmetic.split_files_by_source manual__2023-01-01T00:17:44.805739+00:00 [running]> on host 6bd76effbc07
[2023-01-01T00:17:51.492+0000] {taskinstance.py:1592} INFO - Exporting the following env vars:
AIRFLOW_CTX_DAG_OWNER=***
AIRFLOW_CTX_DAG_ID=dpt_cosmetic
AIRFLOW_CTX_TASK_ID=split_files_by_source
AIRFLOW_CTX_EXECUTION_DATE=2023-01-01T00:17:44.805739+00:00
AIRFLOW_CTX_TRY_NUMBER=1
AIRFLOW_CTX_DAG_RUN_ID=manual__2023-01-01T00:17:44.805739+00:00
[2023-01-01T00:17:51.497+0000] {subprocess.py:63} INFO - Tmp dir root location: 
 /tmp
[2023-01-01T00:17:51.499+0000] {subprocess.py:75} INFO - Running command: ['/bin/bash', '-c', 'sleep 1']
[2023-01-01T00:17:51.534+0000] {subprocess.py:86} INFO - Output:
[2023-01-01T00:17:52.547+0000] {subprocess.py:97} INFO - Command exited with return code 0
[2023-01-01T00:17:52.659+0000] {taskinstance.py:1406} INFO - Marking task as SUCCESS. dag_id=dpt_cosmetic, task_id=split_files_by_source, execution_date=20230101T001744, start_date=20230101T001750, end_date=20230101T001752
[2023-01-01T00:17:52.731+0000] {local_task_job.py:164} INFO - Task exited with return code 0
[2023-01-01T00:17:52.838+0000] {local_task_job.py:273} INFO - 2 downstream tasks scheduled from follow-on schedule check
