[2023-01-02T15:46:06.684+0000] {taskinstance.py:1165} INFO - Dependencies all met for <TaskInstance: dpt_cosmetic.split_files_by_source manual__2023-01-02T15:46:01.343061+00:00 [queued]>
[2023-01-02T15:46:06.728+0000] {taskinstance.py:1165} INFO - Dependencies all met for <TaskInstance: dpt_cosmetic.split_files_by_source manual__2023-01-02T15:46:01.343061+00:00 [queued]>
[2023-01-02T15:46:06.729+0000] {taskinstance.py:1362} INFO - 
--------------------------------------------------------------------------------
[2023-01-02T15:46:06.731+0000] {taskinstance.py:1363} INFO - Starting attempt 1 of 1
[2023-01-02T15:46:06.732+0000] {taskinstance.py:1364} INFO - 
--------------------------------------------------------------------------------
[2023-01-02T15:46:06.809+0000] {taskinstance.py:1383} INFO - Executing <Task(BashOperator): split_files_by_source> on 2023-01-02 15:46:01.343061+00:00
[2023-01-02T15:46:06.823+0000] {standard_task_runner.py:55} INFO - Started process 79 to run task
[2023-01-02T15:46:06.843+0000] {standard_task_runner.py:82} INFO - Running: ['***', 'tasks', 'run', 'dpt_cosmetic', 'split_files_by_source', 'manual__2023-01-02T15:46:01.343061+00:00', '--job-id', '208', '--raw', '--subdir', 'DAGS_FOLDER/main.py', '--cfg-path', '/tmp/tmpxgyztduz']
[2023-01-02T15:46:06.846+0000] {standard_task_runner.py:83} INFO - Job 208: Subtask split_files_by_source
[2023-01-02T15:46:07.385+0000] {task_command.py:376} INFO - Running <TaskInstance: dpt_cosmetic.split_files_by_source manual__2023-01-02T15:46:01.343061+00:00 [running]> on host 703acec1b71e
[2023-01-02T15:46:07.953+0000] {taskinstance.py:1592} INFO - Exporting the following env vars:
AIRFLOW_CTX_DAG_OWNER=***
AIRFLOW_CTX_DAG_ID=dpt_cosmetic
AIRFLOW_CTX_TASK_ID=split_files_by_source
AIRFLOW_CTX_EXECUTION_DATE=2023-01-02T15:46:01.343061+00:00
AIRFLOW_CTX_TRY_NUMBER=1
AIRFLOW_CTX_DAG_RUN_ID=manual__2023-01-02T15:46:01.343061+00:00
[2023-01-02T15:46:07.958+0000] {subprocess.py:63} INFO - Tmp dir root location: 
 /tmp
[2023-01-02T15:46:07.961+0000] {subprocess.py:75} INFO - Running command: ['/bin/bash', '-c', 'sleep 1']
[2023-01-02T15:46:07.996+0000] {subprocess.py:86} INFO - Output:
[2023-01-02T15:46:09.007+0000] {subprocess.py:97} INFO - Command exited with return code 0
[2023-01-02T15:46:09.120+0000] {taskinstance.py:1406} INFO - Marking task as SUCCESS. dag_id=dpt_cosmetic, task_id=split_files_by_source, execution_date=20230102T154601, start_date=20230102T154606, end_date=20230102T154609
[2023-01-02T15:46:09.300+0000] {local_task_job.py:164} INFO - Task exited with return code 0
[2023-01-02T15:46:09.434+0000] {local_task_job.py:273} INFO - 2 downstream tasks scheduled from follow-on schedule check
