[2023-01-01T13:49:29.997+0000] {taskinstance.py:1165} INFO - Dependencies all met for <TaskInstance: dpt_cosmetic.transaction.transform manual__2023-01-01T13:49:18.095032+00:00 [queued]>
[2023-01-01T13:49:30.050+0000] {taskinstance.py:1165} INFO - Dependencies all met for <TaskInstance: dpt_cosmetic.transaction.transform manual__2023-01-01T13:49:18.095032+00:00 [queued]>
[2023-01-01T13:49:30.052+0000] {taskinstance.py:1362} INFO - 
--------------------------------------------------------------------------------
[2023-01-01T13:49:30.054+0000] {taskinstance.py:1363} INFO - Starting attempt 1 of 1
[2023-01-01T13:49:30.055+0000] {taskinstance.py:1364} INFO - 
--------------------------------------------------------------------------------
[2023-01-01T13:49:30.162+0000] {taskinstance.py:1383} INFO - Executing <Task(Operator): transaction.transform> on 2023-01-01 13:49:18.095032+00:00
[2023-01-01T13:49:30.177+0000] {standard_task_runner.py:55} INFO - Started process 298 to run task
[2023-01-01T13:49:30.194+0000] {standard_task_runner.py:82} INFO - Running: ['***', 'tasks', 'run', 'dpt_cosmetic', 'transaction.transform', 'manual__2023-01-01T13:49:18.095032+00:00', '--job-id', '189', '--raw', '--subdir', 'DAGS_FOLDER/main.py', '--cfg-path', '/tmp/tmp25w3d_ue']
[2023-01-01T13:49:30.198+0000] {standard_task_runner.py:83} INFO - Job 189: Subtask transaction.transform
[2023-01-01T13:49:30.510+0000] {task_command.py:376} INFO - Running <TaskInstance: dpt_cosmetic.transaction.transform manual__2023-01-01T13:49:18.095032+00:00 [running]> on host 6bd76effbc07
[2023-01-01T13:49:30.862+0000] {taskinstance.py:1592} INFO - Exporting the following env vars:
AIRFLOW_CTX_DAG_OWNER=***
AIRFLOW_CTX_DAG_ID=dpt_cosmetic
AIRFLOW_CTX_TASK_ID=transaction.transform
AIRFLOW_CTX_EXECUTION_DATE=2023-01-01T13:49:18.095032+00:00
AIRFLOW_CTX_TRY_NUMBER=1
AIRFLOW_CTX_DAG_RUN_ID=manual__2023-01-01T13:49:18.095032+00:00
[2023-01-01T13:49:38.604+0000] {warnings.py:110} WARNING - /home/***/.local/lib/python3.7/site-packages/pandas/core/frame.py:4913: SettingWithCopyWarning: 
A value is trying to be set on a copy of a slice from a DataFrame

See the caveats in the documentation: https://pandas.pydata.org/pandas-docs/stable/user_guide/indexing.html#returning-a-view-versus-a-copy
  errors=errors,

[2023-01-01T13:49:39.900+0000] {logging_mixin.py:120} INFO -                         _id user_id  ... speical_price quantity
0  63b1849f6aafcb71bc804a86   u1001  ...          7.98        9
1  63b1849f6aafcb71bc804a87   u1001  ...         28.98        2

[2 rows x 20 columns]
[2023-01-01T13:49:39.986+0000] {taskinstance.py:1406} INFO - Marking task as SUCCESS. dag_id=dpt_cosmetic, task_id=transaction.transform, execution_date=20230101T134918, start_date=20230101T134930, end_date=20230101T134939
[2023-01-01T13:49:40.096+0000] {local_task_job.py:164} INFO - Task exited with return code 0
[2023-01-01T13:49:40.172+0000] {local_task_job.py:273} INFO - 0 downstream tasks scheduled from follow-on schedule check
