[2023-01-07T05:33:48.861+0000] {taskinstance.py:1165} INFO - Dependencies all met for <TaskInstance: dpt_cosmetic.trigger_target manual__2023-01-07T05:31:50.438921+00:00 [queued]>
[2023-01-07T05:33:48.938+0000] {taskinstance.py:1165} INFO - Dependencies all met for <TaskInstance: dpt_cosmetic.trigger_target manual__2023-01-07T05:31:50.438921+00:00 [queued]>
[2023-01-07T05:33:48.940+0000] {taskinstance.py:1362} INFO - 
--------------------------------------------------------------------------------
[2023-01-07T05:33:48.942+0000] {taskinstance.py:1363} INFO - Starting attempt 1 of 1
[2023-01-07T05:33:48.943+0000] {taskinstance.py:1364} INFO - 
--------------------------------------------------------------------------------
[2023-01-07T05:33:49.038+0000] {taskinstance.py:1383} INFO - Executing <Task(TriggerDagRunOperator): trigger_target> on 2023-01-07 05:31:50.438921+00:00
[2023-01-07T05:33:49.054+0000] {standard_task_runner.py:55} INFO - Started process 240 to run task
[2023-01-07T05:33:49.071+0000] {standard_task_runner.py:82} INFO - Running: ['***', 'tasks', 'run', 'dpt_cosmetic', 'trigger_target', 'manual__2023-01-07T05:31:50.438921+00:00', '--job-id', '653', '--raw', '--subdir', 'DAGS_FOLDER/main.py', '--cfg-path', '/tmp/tmpban4l8ke']
[2023-01-07T05:33:49.081+0000] {standard_task_runner.py:83} INFO - Job 653: Subtask trigger_target
[2023-01-07T05:33:49.470+0000] {task_command.py:376} INFO - Running <TaskInstance: dpt_cosmetic.trigger_target manual__2023-01-07T05:31:50.438921+00:00 [running]> on host fdf4acf1d8ed
[2023-01-07T05:33:50.071+0000] {taskinstance.py:1592} INFO - Exporting the following env vars:
AIRFLOW_CTX_DAG_OWNER=***
AIRFLOW_CTX_DAG_ID=dpt_cosmetic
AIRFLOW_CTX_TASK_ID=trigger_target
AIRFLOW_CTX_EXECUTION_DATE=2023-01-07T05:31:50.438921+00:00
AIRFLOW_CTX_TRY_NUMBER=1
AIRFLOW_CTX_DAG_RUN_ID=manual__2023-01-07T05:31:50.438921+00:00
[2023-01-07T05:33:50.650+0000] {taskinstance.py:1406} INFO - Marking task as SUCCESS. dag_id=dpt_cosmetic, task_id=trigger_target, execution_date=20230107T053150, start_date=20230107T053348, end_date=20230107T053350
[2023-01-07T05:33:50.766+0000] {local_task_job.py:164} INFO - Task exited with return code 0
[2023-01-07T05:33:50.881+0000] {local_task_job.py:273} INFO - 0 downstream tasks scheduled from follow-on schedule check
