[2023-01-07T04:42:43.832+0000] {taskinstance.py:1165} INFO - Dependencies all met for <TaskInstance: bq_process.product_stats.check_table manual__2023-01-07T04:42:33.145090+00:00 [queued]>
[2023-01-07T04:42:43.920+0000] {taskinstance.py:1165} INFO - Dependencies all met for <TaskInstance: bq_process.product_stats.check_table manual__2023-01-07T04:42:33.145090+00:00 [queued]>
[2023-01-07T04:42:43.922+0000] {taskinstance.py:1362} INFO - 
--------------------------------------------------------------------------------
[2023-01-07T04:42:43.924+0000] {taskinstance.py:1363} INFO - Starting attempt 1 of 1
[2023-01-07T04:42:43.927+0000] {taskinstance.py:1364} INFO - 
--------------------------------------------------------------------------------
[2023-01-07T04:42:44.049+0000] {taskinstance.py:1383} INFO - Executing <Task(BranchPythonOperator): product_stats.check_table> on 2023-01-07 04:42:33.145090+00:00
[2023-01-07T04:42:44.067+0000] {standard_task_runner.py:55} INFO - Started process 253 to run task
[2023-01-07T04:42:44.086+0000] {standard_task_runner.py:82} INFO - Running: ['***', 'tasks', 'run', 'bq_process', 'product_stats.check_table', 'manual__2023-01-07T04:42:33.145090+00:00', '--job-id', '512', '--raw', '--subdir', 'DAGS_FOLDER/bigquery_dag.py', '--cfg-path', '/tmp/tmpolbcvocu']
[2023-01-07T04:42:44.097+0000] {standard_task_runner.py:83} INFO - Job 512: Subtask product_stats.check_table
[2023-01-07T04:42:44.533+0000] {task_command.py:376} INFO - Running <TaskInstance: bq_process.product_stats.check_table manual__2023-01-07T04:42:33.145090+00:00 [running]> on host fdf4acf1d8ed
[2023-01-07T04:42:44.988+0000] {taskinstance.py:1592} INFO - Exporting the following env vars:
AIRFLOW_CTX_DAG_OWNER=***
AIRFLOW_CTX_DAG_ID=bq_process
AIRFLOW_CTX_TASK_ID=product_stats.check_table
AIRFLOW_CTX_EXECUTION_DATE=2023-01-07T04:42:33.145090+00:00
AIRFLOW_CTX_TRY_NUMBER=1
AIRFLOW_CTX_DAG_RUN_ID=manual__2023-01-07T04:42:33.145090+00:00
[2023-01-07T04:42:45.658+0000] {python.py:177} INFO - Done. Returned value was: create_table
[2023-01-07T04:42:45.739+0000] {taskinstance.py:1851} ERROR - Task failed with exception
Traceback (most recent call last):
  File "/home/airflow/.local/lib/python3.7/site-packages/airflow/operators/python.py", line 225, in execute
    f"Branch callable must return valid task_ids. Invalid tasks found: {invalid_task_ids}"
airflow.exceptions.AirflowException: Branch callable must return valid task_ids. Invalid tasks found: {'create_table'}
[2023-01-07T04:42:45.768+0000] {taskinstance.py:1406} INFO - Marking task as FAILED. dag_id=bq_process, task_id=product_stats.check_table, execution_date=20230107T044233, start_date=20230107T044243, end_date=20230107T044245
[2023-01-07T04:42:45.902+0000] {standard_task_runner.py:105} ERROR - Failed to execute job 512 for task product_stats.check_table (Branch callable must return valid task_ids. Invalid tasks found: {'create_table'}; 253)
[2023-01-07T04:42:45.933+0000] {local_task_job.py:164} INFO - Task exited with return code 1
[2023-01-07T04:42:46.205+0000] {local_task_job.py:273} INFO - 0 downstream tasks scheduled from follow-on schedule check
