[2023-01-07T04:42:40.704+0000] {taskinstance.py:1165} INFO - Dependencies all met for <TaskInstance: bq_process.conversion_stats.check_table scheduled__2023-01-06T00:00:00+00:00 [queued]>
[2023-01-07T04:42:40.806+0000] {taskinstance.py:1165} INFO - Dependencies all met for <TaskInstance: bq_process.conversion_stats.check_table scheduled__2023-01-06T00:00:00+00:00 [queued]>
[2023-01-07T04:42:40.808+0000] {taskinstance.py:1362} INFO - 
--------------------------------------------------------------------------------
[2023-01-07T04:42:40.810+0000] {taskinstance.py:1363} INFO - Starting attempt 1 of 1
[2023-01-07T04:42:40.812+0000] {taskinstance.py:1364} INFO - 
--------------------------------------------------------------------------------
[2023-01-07T04:42:40.992+0000] {taskinstance.py:1383} INFO - Executing <Task(BranchPythonOperator): conversion_stats.check_table> on 2023-01-06 00:00:00+00:00
[2023-01-07T04:42:41.020+0000] {standard_task_runner.py:55} INFO - Started process 252 to run task
[2023-01-07T04:42:41.067+0000] {standard_task_runner.py:82} INFO - Running: ['***', 'tasks', 'run', 'bq_process', 'conversion_stats.check_table', 'scheduled__2023-01-06T00:00:00+00:00', '--job-id', '511', '--raw', '--subdir', 'DAGS_FOLDER/bigquery_dag.py', '--cfg-path', '/tmp/tmpmnbvhjvf']
[2023-01-07T04:42:41.090+0000] {standard_task_runner.py:83} INFO - Job 511: Subtask conversion_stats.check_table
[2023-01-07T04:42:41.177+0000] {warnings.py:110} WARNING - /home/***/.local/lib/python3.7/site-packages/***/configuration.py:545: DeprecationWarning: The sql_alchemy_conn option in [core] has been moved to the sql_alchemy_conn option in [database] - the old setting has been used, but please update your config.
  option = self._get_environment_variables(deprecated_key, deprecated_section, key, section)

[2023-01-07T04:42:41.603+0000] {task_command.py:376} INFO - Running <TaskInstance: bq_process.conversion_stats.check_table scheduled__2023-01-06T00:00:00+00:00 [running]> on host fdf4acf1d8ed
[2023-01-07T04:42:42.808+0000] {taskinstance.py:1592} INFO - Exporting the following env vars:
AIRFLOW_CTX_DAG_OWNER=***
AIRFLOW_CTX_DAG_ID=bq_process
AIRFLOW_CTX_TASK_ID=conversion_stats.check_table
AIRFLOW_CTX_EXECUTION_DATE=2023-01-06T00:00:00+00:00
AIRFLOW_CTX_TRY_NUMBER=1
AIRFLOW_CTX_DAG_RUN_ID=scheduled__2023-01-06T00:00:00+00:00
[2023-01-07T04:42:43.635+0000] {python.py:177} INFO - Done. Returned value was: create_table
[2023-01-07T04:42:43.718+0000] {taskinstance.py:1851} ERROR - Task failed with exception
Traceback (most recent call last):
  File "/home/airflow/.local/lib/python3.7/site-packages/airflow/operators/python.py", line 225, in execute
    f"Branch callable must return valid task_ids. Invalid tasks found: {invalid_task_ids}"
airflow.exceptions.AirflowException: Branch callable must return valid task_ids. Invalid tasks found: {'create_table'}
[2023-01-07T04:42:43.755+0000] {taskinstance.py:1406} INFO - Marking task as FAILED. dag_id=bq_process, task_id=conversion_stats.check_table, execution_date=20230106T000000, start_date=20230107T044240, end_date=20230107T044243
[2023-01-07T04:42:43.868+0000] {standard_task_runner.py:105} ERROR - Failed to execute job 511 for task conversion_stats.check_table (Branch callable must return valid task_ids. Invalid tasks found: {'create_table'}; 252)
[2023-01-07T04:42:43.942+0000] {local_task_job.py:164} INFO - Task exited with return code 1
[2023-01-07T04:42:44.358+0000] {local_task_job.py:273} INFO - 0 downstream tasks scheduled from follow-on schedule check
[2023-01-07T05:15:49.812+0000] {taskinstance.py:1165} INFO - Dependencies all met for <TaskInstance: bq_process.conversion_stats.check_table scheduled__2023-01-06T00:00:00+00:00 [queued]>
[2023-01-07T05:15:49.880+0000] {taskinstance.py:1165} INFO - Dependencies all met for <TaskInstance: bq_process.conversion_stats.check_table scheduled__2023-01-06T00:00:00+00:00 [queued]>
[2023-01-07T05:15:49.882+0000] {taskinstance.py:1362} INFO - 
--------------------------------------------------------------------------------
[2023-01-07T05:15:49.884+0000] {taskinstance.py:1363} INFO - Starting attempt 1 of 1
[2023-01-07T05:15:49.885+0000] {taskinstance.py:1364} INFO - 
--------------------------------------------------------------------------------
[2023-01-07T05:15:49.978+0000] {taskinstance.py:1383} INFO - Executing <Task(BranchPythonOperator): conversion_stats.check_table> on 2023-01-06 00:00:00+00:00
[2023-01-07T05:15:49.996+0000] {standard_task_runner.py:55} INFO - Started process 364 to run task
[2023-01-07T05:15:50.020+0000] {standard_task_runner.py:82} INFO - Running: ['***', 'tasks', 'run', 'bq_process', 'conversion_stats.check_table', 'scheduled__2023-01-06T00:00:00+00:00', '--job-id', '549', '--raw', '--subdir', 'DAGS_FOLDER/bigquery_dag.py', '--cfg-path', '/tmp/tmppll0gz_c']
[2023-01-07T05:15:50.032+0000] {standard_task_runner.py:83} INFO - Job 549: Subtask conversion_stats.check_table
[2023-01-07T05:15:50.107+0000] {warnings.py:110} WARNING - /home/***/.local/lib/python3.7/site-packages/***/configuration.py:545: DeprecationWarning: The sql_alchemy_conn option in [core] has been moved to the sql_alchemy_conn option in [database] - the old setting has been used, but please update your config.
  option = self._get_environment_variables(deprecated_key, deprecated_section, key, section)

[2023-01-07T05:15:50.522+0000] {task_command.py:376} INFO - Running <TaskInstance: bq_process.conversion_stats.check_table scheduled__2023-01-06T00:00:00+00:00 [running]> on host fdf4acf1d8ed
[2023-01-07T05:15:51.041+0000] {taskinstance.py:1592} INFO - Exporting the following env vars:
AIRFLOW_CTX_DAG_OWNER=***
AIRFLOW_CTX_DAG_ID=bq_process
AIRFLOW_CTX_TASK_ID=conversion_stats.check_table
AIRFLOW_CTX_EXECUTION_DATE=2023-01-06T00:00:00+00:00
AIRFLOW_CTX_TRY_NUMBER=1
AIRFLOW_CTX_DAG_RUN_ID=scheduled__2023-01-06T00:00:00+00:00
[2023-01-07T05:15:52.076+0000] {python.py:177} INFO - Done. Returned value was: conversion_stats.execute_query
[2023-01-07T05:15:52.078+0000] {skipmixin.py:155} INFO - Following branch conversion_stats.execute_query
[2023-01-07T05:15:52.080+0000] {skipmixin.py:190} INFO - Skipping tasks ['conversion_stats.create_table']
[2023-01-07T05:15:52.320+0000] {taskinstance.py:1406} INFO - Marking task as SUCCESS. dag_id=bq_process, task_id=conversion_stats.check_table, execution_date=20230106T000000, start_date=20230107T051549, end_date=20230107T051552
[2023-01-07T05:15:52.469+0000] {local_task_job.py:164} INFO - Task exited with return code 0
[2023-01-07T05:15:52.727+0000] {local_task_job.py:273} INFO - 1 downstream tasks scheduled from follow-on schedule check
