[2023-01-01T01:05:38.663+0000] {taskinstance.py:1165} INFO - Dependencies all met for <TaskInstance: dpt_cosmetic.user.extract manual__2023-01-01T01:05:25.677202+00:00 [queued]>
[2023-01-01T01:05:38.713+0000] {taskinstance.py:1165} INFO - Dependencies all met for <TaskInstance: dpt_cosmetic.user.extract manual__2023-01-01T01:05:25.677202+00:00 [queued]>
[2023-01-01T01:05:38.715+0000] {taskinstance.py:1362} INFO - 
--------------------------------------------------------------------------------
[2023-01-01T01:05:38.717+0000] {taskinstance.py:1363} INFO - Starting attempt 1 of 1
[2023-01-01T01:05:38.718+0000] {taskinstance.py:1364} INFO - 
--------------------------------------------------------------------------------
[2023-01-01T01:05:38.819+0000] {taskinstance.py:1383} INFO - Executing <Task(ExtractOperator): user.extract> on 2023-01-01 01:05:25.677202+00:00
[2023-01-01T01:05:38.837+0000] {standard_task_runner.py:55} INFO - Started process 787 to run task
[2023-01-01T01:05:38.854+0000] {standard_task_runner.py:82} INFO - Running: ['***', 'tasks', 'run', 'dpt_cosmetic', 'user.extract', 'manual__2023-01-01T01:05:25.677202+00:00', '--job-id', '120', '--raw', '--subdir', 'DAGS_FOLDER/main.py', '--cfg-path', '/tmp/tmpz5r6bokw']
[2023-01-01T01:05:38.857+0000] {standard_task_runner.py:83} INFO - Job 120: Subtask user.extract
[2023-01-01T01:05:39.227+0000] {task_command.py:376} INFO - Running <TaskInstance: dpt_cosmetic.user.extract manual__2023-01-01T01:05:25.677202+00:00 [running]> on host 6bd76effbc07
[2023-01-01T01:05:39.658+0000] {taskinstance.py:1592} INFO - Exporting the following env vars:
AIRFLOW_CTX_DAG_OWNER=***
AIRFLOW_CTX_DAG_ID=dpt_cosmetic
AIRFLOW_CTX_TASK_ID=user.extract
AIRFLOW_CTX_EXECUTION_DATE=2023-01-01T01:05:25.677202+00:00
AIRFLOW_CTX_TRY_NUMBER=1
AIRFLOW_CTX_DAG_RUN_ID=manual__2023-01-01T01:05:25.677202+00:00
[2023-01-01T01:05:39.701+0000] {logging_mixin.py:120} INFO - <pymongo.cursor.Cursor object at 0x7f7cb7418850>
[2023-01-01T01:05:39.819+0000] {logging_mixin.py:120} INFO - [{'_id': ObjectId('63a8d93c9acbe2189ed9b9b0'), 'user_id': 'u0002', 'email': 'u0002@gmail.com', 'gender': 'F', 'age': 34, 'country': 'HongKong/HK', 'credit_card': True, 'membership': False, 'register_date': datetime.datetime(2019, 2, 9, 12, 46), 'first_created': datetime.datetime(2022, 12, 26, 8, 14, 4, 941000)}]
[2023-01-01T01:05:39.865+0000] {taskinstance.py:1406} INFO - Marking task as SUCCESS. dag_id=dpt_cosmetic, task_id=user.extract, execution_date=20230101T010525, start_date=20230101T010538, end_date=20230101T010539
[2023-01-01T01:05:39.952+0000] {local_task_job.py:164} INFO - Task exited with return code 0
[2023-01-01T01:05:40.045+0000] {local_task_job.py:273} INFO - 0 downstream tasks scheduled from follow-on schedule check
