[2022-12-31T23:30:43.222+0000] {taskinstance.py:1165} INFO - Dependencies all met for <TaskInstance: dpt_cosmetic.split_files_by_source manual__2022-12-31T23:30:37.791944+00:00 [queued]>
[2022-12-31T23:30:43.336+0000] {taskinstance.py:1165} INFO - Dependencies all met for <TaskInstance: dpt_cosmetic.split_files_by_source manual__2022-12-31T23:30:37.791944+00:00 [queued]>
[2022-12-31T23:30:43.339+0000] {taskinstance.py:1362} INFO - 
--------------------------------------------------------------------------------
[2022-12-31T23:30:43.341+0000] {taskinstance.py:1363} INFO - Starting attempt 1 of 1
[2022-12-31T23:30:43.344+0000] {taskinstance.py:1364} INFO - 
--------------------------------------------------------------------------------
[2022-12-31T23:30:43.557+0000] {taskinstance.py:1383} INFO - Executing <Task(BashOperator): split_files_by_source> on 2022-12-31 23:30:37.791944+00:00
[2022-12-31T23:30:43.618+0000] {standard_task_runner.py:55} INFO - Started process 310 to run task
[2022-12-31T23:30:43.697+0000] {standard_task_runner.py:82} INFO - Running: ['***', 'tasks', 'run', 'dpt_cosmetic', 'split_files_by_source', 'manual__2022-12-31T23:30:37.791944+00:00', '--job-id', '59', '--raw', '--subdir', 'DAGS_FOLDER/main.py', '--cfg-path', '/tmp/tmpbfsbzpln']
[2022-12-31T23:30:43.714+0000] {standard_task_runner.py:83} INFO - Job 59: Subtask split_files_by_source
[2022-12-31T23:30:44.448+0000] {task_command.py:376} INFO - Running <TaskInstance: dpt_cosmetic.split_files_by_source manual__2022-12-31T23:30:37.791944+00:00 [running]> on host 6bd76effbc07
[2022-12-31T23:30:45.146+0000] {taskinstance.py:1592} INFO - Exporting the following env vars:
AIRFLOW_CTX_DAG_OWNER=***
AIRFLOW_CTX_DAG_ID=dpt_cosmetic
AIRFLOW_CTX_TASK_ID=split_files_by_source
AIRFLOW_CTX_EXECUTION_DATE=2022-12-31T23:30:37.791944+00:00
AIRFLOW_CTX_TRY_NUMBER=1
AIRFLOW_CTX_DAG_RUN_ID=manual__2022-12-31T23:30:37.791944+00:00
[2022-12-31T23:30:45.153+0000] {subprocess.py:63} INFO - Tmp dir root location: 
 /tmp
[2022-12-31T23:30:45.157+0000] {subprocess.py:75} INFO - Running command: ['/bin/bash', '-c', 'sleep 1']
[2022-12-31T23:30:45.219+0000] {subprocess.py:86} INFO - Output:
[2022-12-31T23:30:46.238+0000] {subprocess.py:97} INFO - Command exited with return code 0
[2022-12-31T23:30:46.371+0000] {taskinstance.py:1406} INFO - Marking task as SUCCESS. dag_id=dpt_cosmetic, task_id=split_files_by_source, execution_date=20221231T233037, start_date=20221231T233043, end_date=20221231T233046
[2022-12-31T23:30:46.500+0000] {local_task_job.py:164} INFO - Task exited with return code 0
[2022-12-31T23:30:46.647+0000] {local_task_job.py:273} INFO - 2 downstream tasks scheduled from follow-on schedule check
