[2023-01-07T05:08:57.680+0000] {taskinstance.py:1165} INFO - Dependencies all met for <TaskInstance: bq_process.view_stats.check_table manual__2023-01-07T05:08:48.661881+00:00 [queued]>
[2023-01-07T05:08:57.753+0000] {taskinstance.py:1165} INFO - Dependencies all met for <TaskInstance: bq_process.view_stats.check_table manual__2023-01-07T05:08:48.661881+00:00 [queued]>
[2023-01-07T05:08:57.754+0000] {taskinstance.py:1362} INFO - 
--------------------------------------------------------------------------------
[2023-01-07T05:08:57.756+0000] {taskinstance.py:1363} INFO - Starting attempt 1 of 1
[2023-01-07T05:08:57.758+0000] {taskinstance.py:1364} INFO - 
--------------------------------------------------------------------------------
[2023-01-07T05:08:57.919+0000] {taskinstance.py:1383} INFO - Executing <Task(BranchPythonOperator): view_stats.check_table> on 2023-01-07 05:08:48.661881+00:00
[2023-01-07T05:08:57.941+0000] {standard_task_runner.py:55} INFO - Started process 328 to run task
[2023-01-07T05:08:57.965+0000] {standard_task_runner.py:82} INFO - Running: ['***', 'tasks', 'run', 'bq_process', 'view_stats.check_table', 'manual__2023-01-07T05:08:48.661881+00:00', '--job-id', '537', '--raw', '--subdir', 'DAGS_FOLDER/bigquery_dag.py', '--cfg-path', '/tmp/tmpjuido8gz']
[2023-01-07T05:08:57.977+0000] {standard_task_runner.py:83} INFO - Job 537: Subtask view_stats.check_table
[2023-01-07T05:08:58.519+0000] {task_command.py:376} INFO - Running <TaskInstance: bq_process.view_stats.check_table manual__2023-01-07T05:08:48.661881+00:00 [running]> on host fdf4acf1d8ed
[2023-01-07T05:08:58.959+0000] {taskinstance.py:1592} INFO - Exporting the following env vars:
AIRFLOW_CTX_DAG_OWNER=***
AIRFLOW_CTX_DAG_ID=bq_process
AIRFLOW_CTX_TASK_ID=view_stats.check_table
AIRFLOW_CTX_EXECUTION_DATE=2023-01-07T05:08:48.661881+00:00
AIRFLOW_CTX_TRY_NUMBER=1
AIRFLOW_CTX_DAG_RUN_ID=manual__2023-01-07T05:08:48.661881+00:00
[2023-01-07T05:08:59.639+0000] {python.py:177} INFO - Done. Returned value was: view_stats.execute_query
[2023-01-07T05:08:59.640+0000] {skipmixin.py:155} INFO - Following branch view_stats.execute_query
[2023-01-07T05:08:59.643+0000] {skipmixin.py:190} INFO - Skipping tasks ['view_stats.create_table']
[2023-01-07T05:08:59.862+0000] {taskinstance.py:1406} INFO - Marking task as SUCCESS. dag_id=bq_process, task_id=view_stats.check_table, execution_date=20230107T050848, start_date=20230107T050857, end_date=20230107T050859
[2023-01-07T05:08:59.986+0000] {local_task_job.py:164} INFO - Task exited with return code 0
[2023-01-07T05:09:00.236+0000] {local_task_job.py:273} INFO - 1 downstream tasks scheduled from follow-on schedule check
