[2023-01-07T05:32:47.590+0000] {taskinstance.py:1165} INFO - Dependencies all met for <TaskInstance: dpt_cosmetic.user.check_file_exists manual__2023-01-07T05:31:50.438921+00:00 [queued]>
[2023-01-07T05:32:47.708+0000] {taskinstance.py:1165} INFO - Dependencies all met for <TaskInstance: dpt_cosmetic.user.check_file_exists manual__2023-01-07T05:31:50.438921+00:00 [queued]>
[2023-01-07T05:32:47.710+0000] {taskinstance.py:1362} INFO - 
--------------------------------------------------------------------------------
[2023-01-07T05:32:47.714+0000] {taskinstance.py:1363} INFO - Starting attempt 1 of 1
[2023-01-07T05:32:47.718+0000] {taskinstance.py:1364} INFO - 
--------------------------------------------------------------------------------
[2023-01-07T05:32:48.389+0000] {taskinstance.py:1383} INFO - Executing <Task(BashOperator): user.check_file_exists> on 2023-01-07 05:31:50.438921+00:00
[2023-01-07T05:32:48.490+0000] {standard_task_runner.py:55} INFO - Started process 157 to run task
[2023-01-07T05:32:48.574+0000] {standard_task_runner.py:82} INFO - Running: ['***', 'tasks', 'run', 'dpt_cosmetic', 'user.check_file_exists', 'manual__2023-01-07T05:31:50.438921+00:00', '--job-id', '627', '--raw', '--subdir', 'DAGS_FOLDER/main.py', '--cfg-path', '/tmp/tmp2_l7o9nn']
[2023-01-07T05:32:48.620+0000] {standard_task_runner.py:83} INFO - Job 627: Subtask user.check_file_exists
[2023-01-07T05:32:50.141+0000] {task_command.py:376} INFO - Running <TaskInstance: dpt_cosmetic.user.check_file_exists manual__2023-01-07T05:31:50.438921+00:00 [running]> on host fdf4acf1d8ed
[2023-01-07T05:32:51.270+0000] {taskinstance.py:1592} INFO - Exporting the following env vars:
AIRFLOW_CTX_DAG_OWNER=***
AIRFLOW_CTX_DAG_ID=dpt_cosmetic
AIRFLOW_CTX_TASK_ID=user.check_file_exists
AIRFLOW_CTX_EXECUTION_DATE=2023-01-07T05:31:50.438921+00:00
AIRFLOW_CTX_TRY_NUMBER=1
AIRFLOW_CTX_DAG_RUN_ID=manual__2023-01-07T05:31:50.438921+00:00
[2023-01-07T05:32:51.278+0000] {subprocess.py:63} INFO - Tmp dir root location: 
 /tmp
[2023-01-07T05:32:51.310+0000] {subprocess.py:75} INFO - Running command: ['/bin/bash', '-c', 'sleep 1']
[2023-01-07T05:32:51.641+0000] {subprocess.py:86} INFO - Output:
[2023-01-07T05:32:52.681+0000] {subprocess.py:97} INFO - Command exited with return code 0
[2023-01-07T05:32:53.021+0000] {taskinstance.py:1406} INFO - Marking task as SUCCESS. dag_id=dpt_cosmetic, task_id=user.check_file_exists, execution_date=20230107T053150, start_date=20230107T053247, end_date=20230107T053253
[2023-01-07T05:32:53.374+0000] {local_task_job.py:164} INFO - Task exited with return code 0
[2023-01-07T05:32:54.015+0000] {local_task_job.py:273} INFO - 1 downstream tasks scheduled from follow-on schedule check
