[2023-01-06T20:28:49.112+0000] {taskinstance.py:1165} INFO - Dependencies all met for <TaskInstance: dpt_cosmetic.private_info.check_file_exists manual__2023-01-06T20:28:18.043985+00:00 [queued]>
[2023-01-06T20:28:49.169+0000] {taskinstance.py:1165} INFO - Dependencies all met for <TaskInstance: dpt_cosmetic.private_info.check_file_exists manual__2023-01-06T20:28:18.043985+00:00 [queued]>
[2023-01-06T20:28:49.171+0000] {taskinstance.py:1362} INFO - 
--------------------------------------------------------------------------------
[2023-01-06T20:28:49.172+0000] {taskinstance.py:1363} INFO - Starting attempt 1 of 1
[2023-01-06T20:28:49.174+0000] {taskinstance.py:1364} INFO - 
--------------------------------------------------------------------------------
[2023-01-06T20:28:49.256+0000] {taskinstance.py:1383} INFO - Executing <Task(BashOperator): private_info.check_file_exists> on 2023-01-06 20:28:18.043985+00:00
[2023-01-06T20:28:49.271+0000] {standard_task_runner.py:55} INFO - Started process 138 to run task
[2023-01-06T20:28:49.288+0000] {standard_task_runner.py:82} INFO - Running: ['***', 'tasks', 'run', 'dpt_cosmetic', 'private_info.check_file_exists', 'manual__2023-01-06T20:28:18.043985+00:00', '--job-id', '404', '--raw', '--subdir', 'DAGS_FOLDER/main.py', '--cfg-path', '/tmp/tmppar_i3dq']
[2023-01-06T20:28:49.293+0000] {standard_task_runner.py:83} INFO - Job 404: Subtask private_info.check_file_exists
[2023-01-06T20:28:49.608+0000] {task_command.py:376} INFO - Running <TaskInstance: dpt_cosmetic.private_info.check_file_exists manual__2023-01-06T20:28:18.043985+00:00 [running]> on host fdf4acf1d8ed
[2023-01-06T20:28:50.016+0000] {taskinstance.py:1592} INFO - Exporting the following env vars:
AIRFLOW_CTX_DAG_OWNER=***
AIRFLOW_CTX_DAG_ID=dpt_cosmetic
AIRFLOW_CTX_TASK_ID=private_info.check_file_exists
AIRFLOW_CTX_EXECUTION_DATE=2023-01-06T20:28:18.043985+00:00
AIRFLOW_CTX_TRY_NUMBER=1
AIRFLOW_CTX_DAG_RUN_ID=manual__2023-01-06T20:28:18.043985+00:00
[2023-01-06T20:28:50.021+0000] {subprocess.py:63} INFO - Tmp dir root location: 
 /tmp
[2023-01-06T20:28:50.024+0000] {subprocess.py:75} INFO - Running command: ['/bin/bash', '-c', 'sleep 1']
[2023-01-06T20:28:50.067+0000] {subprocess.py:86} INFO - Output:
[2023-01-06T20:28:51.082+0000] {subprocess.py:97} INFO - Command exited with return code 0
[2023-01-06T20:28:51.276+0000] {taskinstance.py:1406} INFO - Marking task as SUCCESS. dag_id=dpt_cosmetic, task_id=private_info.check_file_exists, execution_date=20230106T202818, start_date=20230106T202849, end_date=20230106T202851
[2023-01-06T20:28:51.523+0000] {local_task_job.py:164} INFO - Task exited with return code 0
[2023-01-06T20:28:51.999+0000] {local_task_job.py:273} INFO - 1 downstream tasks scheduled from follow-on schedule check
