[2023-01-07T05:19:37.578+0000] {taskinstance.py:1165} INFO - Dependencies all met for <TaskInstance: dpt_cosmetic.transaction.load_to_google_storage manual__2023-01-07T05:15:48.107951+00:00 [queued]>
[2023-01-07T05:19:37.751+0000] {taskinstance.py:1165} INFO - Dependencies all met for <TaskInstance: dpt_cosmetic.transaction.load_to_google_storage manual__2023-01-07T05:15:48.107951+00:00 [queued]>
[2023-01-07T05:19:37.754+0000] {taskinstance.py:1362} INFO - 
--------------------------------------------------------------------------------
[2023-01-07T05:19:37.755+0000] {taskinstance.py:1363} INFO - Starting attempt 1 of 1
[2023-01-07T05:19:37.757+0000] {taskinstance.py:1364} INFO - 
--------------------------------------------------------------------------------
[2023-01-07T05:19:37.996+0000] {taskinstance.py:1383} INFO - Executing <Task(BashOperator): transaction.load_to_google_storage> on 2023-01-07 05:15:48.107951+00:00
[2023-01-07T05:19:38.049+0000] {standard_task_runner.py:55} INFO - Started process 555 to run task
[2023-01-07T05:19:38.187+0000] {standard_task_runner.py:82} INFO - Running: ['***', 'tasks', 'run', 'dpt_cosmetic', 'transaction.load_to_google_storage', 'manual__2023-01-07T05:15:48.107951+00:00', '--job-id', '595', '--raw', '--subdir', 'DAGS_FOLDER/main.py', '--cfg-path', '/tmp/tmp96wj5qox']
[2023-01-07T05:19:38.276+0000] {standard_task_runner.py:83} INFO - Job 595: Subtask transaction.load_to_google_storage
[2023-01-07T05:19:39.744+0000] {task_command.py:376} INFO - Running <TaskInstance: dpt_cosmetic.transaction.load_to_google_storage manual__2023-01-07T05:15:48.107951+00:00 [running]> on host fdf4acf1d8ed
[2023-01-07T05:19:44.264+0000] {taskinstance.py:1592} INFO - Exporting the following env vars:
AIRFLOW_CTX_DAG_OWNER=***
AIRFLOW_CTX_DAG_ID=dpt_cosmetic
AIRFLOW_CTX_TASK_ID=transaction.load_to_google_storage
AIRFLOW_CTX_EXECUTION_DATE=2023-01-07T05:15:48.107951+00:00
AIRFLOW_CTX_TRY_NUMBER=1
AIRFLOW_CTX_DAG_RUN_ID=manual__2023-01-07T05:15:48.107951+00:00
[2023-01-07T05:19:44.348+0000] {subprocess.py:63} INFO - Tmp dir root location: 
 /tmp
[2023-01-07T05:19:44.423+0000] {subprocess.py:75} INFO - Running command: ['/bin/bash', '-c', 'sleep 1']
[2023-01-07T05:19:44.595+0000] {subprocess.py:86} INFO - Output:
[2023-01-07T05:19:45.625+0000] {subprocess.py:97} INFO - Command exited with return code 0
[2023-01-07T05:19:46.078+0000] {taskinstance.py:1406} INFO - Marking task as SUCCESS. dag_id=dpt_cosmetic, task_id=transaction.load_to_google_storage, execution_date=20230107T051548, start_date=20230107T051937, end_date=20230107T051946
[2023-01-07T05:19:46.366+0000] {local_task_job.py:164} INFO - Task exited with return code 0
[2023-01-07T05:19:47.248+0000] {local_task_job.py:273} INFO - 0 downstream tasks scheduled from follow-on schedule check
