[2023-01-07T05:32:24.572+0000] {taskinstance.py:1165} INFO - Dependencies all met for <TaskInstance: dpt_cosmetic.user.transform manual__2023-01-07T05:31:50.438921+00:00 [queued]>
[2023-01-07T05:32:24.852+0000] {taskinstance.py:1165} INFO - Dependencies all met for <TaskInstance: dpt_cosmetic.user.transform manual__2023-01-07T05:31:50.438921+00:00 [queued]>
[2023-01-07T05:32:24.861+0000] {taskinstance.py:1362} INFO - 
--------------------------------------------------------------------------------
[2023-01-07T05:32:24.863+0000] {taskinstance.py:1363} INFO - Starting attempt 1 of 1
[2023-01-07T05:32:24.865+0000] {taskinstance.py:1364} INFO - 
--------------------------------------------------------------------------------
[2023-01-07T05:32:25.325+0000] {taskinstance.py:1383} INFO - Executing <Task(BashOperator): user.transform> on 2023-01-07 05:31:50.438921+00:00
[2023-01-07T05:32:25.392+0000] {standard_task_runner.py:55} INFO - Started process 111 to run task
[2023-01-07T05:32:25.479+0000] {standard_task_runner.py:82} INFO - Running: ['***', 'tasks', 'run', 'dpt_cosmetic', 'user.transform', 'manual__2023-01-07T05:31:50.438921+00:00', '--job-id', '617', '--raw', '--subdir', 'DAGS_FOLDER/main.py', '--cfg-path', '/tmp/tmp185ru8i4']
[2023-01-07T05:32:25.600+0000] {standard_task_runner.py:83} INFO - Job 617: Subtask user.transform
[2023-01-07T05:32:26.148+0000] {task_command.py:376} INFO - Running <TaskInstance: dpt_cosmetic.user.transform manual__2023-01-07T05:31:50.438921+00:00 [running]> on host fdf4acf1d8ed
[2023-01-07T05:32:26.978+0000] {taskinstance.py:1592} INFO - Exporting the following env vars:
AIRFLOW_CTX_DAG_OWNER=***
AIRFLOW_CTX_DAG_ID=dpt_cosmetic
AIRFLOW_CTX_TASK_ID=user.transform
AIRFLOW_CTX_EXECUTION_DATE=2023-01-07T05:31:50.438921+00:00
AIRFLOW_CTX_TRY_NUMBER=1
AIRFLOW_CTX_DAG_RUN_ID=manual__2023-01-07T05:31:50.438921+00:00
[2023-01-07T05:32:26.989+0000] {subprocess.py:63} INFO - Tmp dir root location: 
 /tmp
[2023-01-07T05:32:26.997+0000] {subprocess.py:75} INFO - Running command: ['/bin/bash', '-c', 'sleep 1']
[2023-01-07T05:32:27.123+0000] {subprocess.py:86} INFO - Output:
[2023-01-07T05:32:28.152+0000] {subprocess.py:97} INFO - Command exited with return code 0
[2023-01-07T05:32:28.565+0000] {taskinstance.py:1406} INFO - Marking task as SUCCESS. dag_id=dpt_cosmetic, task_id=user.transform, execution_date=20230107T053150, start_date=20230107T053224, end_date=20230107T053228
[2023-01-07T05:32:28.792+0000] {local_task_job.py:164} INFO - Task exited with return code 0
[2023-01-07T05:32:29.590+0000] {local_task_job.py:273} INFO - 1 downstream tasks scheduled from follow-on schedule check
