[2023-01-01T01:28:41.535+0000] {taskinstance.py:1165} INFO - Dependencies all met for <TaskInstance: dpt_cosmetic.user.extract manual__2023-01-01T01:28:26.287346+00:00 [queued]>
[2023-01-01T01:28:41.604+0000] {taskinstance.py:1165} INFO - Dependencies all met for <TaskInstance: dpt_cosmetic.user.extract manual__2023-01-01T01:28:26.287346+00:00 [queued]>
[2023-01-01T01:28:41.606+0000] {taskinstance.py:1362} INFO - 
--------------------------------------------------------------------------------
[2023-01-01T01:28:41.607+0000] {taskinstance.py:1363} INFO - Starting attempt 1 of 1
[2023-01-01T01:28:41.609+0000] {taskinstance.py:1364} INFO - 
--------------------------------------------------------------------------------
[2023-01-01T01:28:41.718+0000] {taskinstance.py:1383} INFO - Executing <Task(ExtractOperator): user.extract> on 2023-01-01 01:28:26.287346+00:00
[2023-01-01T01:28:41.744+0000] {standard_task_runner.py:55} INFO - Started process 1033 to run task
[2023-01-01T01:28:41.768+0000] {standard_task_runner.py:82} INFO - Running: ['***', 'tasks', 'run', 'dpt_cosmetic', 'user.extract', 'manual__2023-01-01T01:28:26.287346+00:00', '--job-id', '149', '--raw', '--subdir', 'DAGS_FOLDER/main.py', '--cfg-path', '/tmp/tmpnrhgzcp1']
[2023-01-01T01:28:41.773+0000] {standard_task_runner.py:83} INFO - Job 149: Subtask user.extract
[2023-01-01T01:28:42.180+0000] {task_command.py:376} INFO - Running <TaskInstance: dpt_cosmetic.user.extract manual__2023-01-01T01:28:26.287346+00:00 [running]> on host 6bd76effbc07
[2023-01-01T01:28:42.634+0000] {taskinstance.py:1592} INFO - Exporting the following env vars:
AIRFLOW_CTX_DAG_OWNER=***
AIRFLOW_CTX_DAG_ID=dpt_cosmetic
AIRFLOW_CTX_TASK_ID=user.extract
AIRFLOW_CTX_EXECUTION_DATE=2023-01-01T01:28:26.287346+00:00
AIRFLOW_CTX_TRY_NUMBER=1
AIRFLOW_CTX_DAG_RUN_ID=manual__2023-01-01T01:28:26.287346+00:00
[2023-01-01T01:28:42.842+0000] {taskinstance.py:1851} ERROR - Task failed with exception
Traceback (most recent call last):
  File "/opt/airflow/dags/utilties/extract_operator.py", line 29, in execute
    header=data.key()
AttributeError: 'dict' object has no attribute 'key'
[2023-01-01T01:28:42.892+0000] {taskinstance.py:1406} INFO - Marking task as FAILED. dag_id=dpt_cosmetic, task_id=user.extract, execution_date=20230101T012826, start_date=20230101T012841, end_date=20230101T012842
[2023-01-01T01:28:42.973+0000] {standard_task_runner.py:105} ERROR - Failed to execute job 149 for task user.extract ('dict' object has no attribute 'key'; 1033)
[2023-01-01T01:28:43.023+0000] {local_task_job.py:164} INFO - Task exited with return code 1
[2023-01-01T01:28:43.198+0000] {local_task_job.py:273} INFO - 0 downstream tasks scheduled from follow-on schedule check
