[2023-01-06T20:32:58.828+0000] {taskinstance.py:1165} INFO - Dependencies all met for <TaskInstance: dpt_cosmetic.user_01.check_table manual__2023-01-06T20:32:08.611424+00:00 [queued]>
[2023-01-06T20:32:58.895+0000] {taskinstance.py:1165} INFO - Dependencies all met for <TaskInstance: dpt_cosmetic.user_01.check_table manual__2023-01-06T20:32:08.611424+00:00 [queued]>
[2023-01-06T20:32:58.897+0000] {taskinstance.py:1362} INFO - 
--------------------------------------------------------------------------------
[2023-01-06T20:32:58.898+0000] {taskinstance.py:1363} INFO - Starting attempt 1 of 1
[2023-01-06T20:32:58.899+0000] {taskinstance.py:1364} INFO - 
--------------------------------------------------------------------------------
[2023-01-06T20:32:58.973+0000] {taskinstance.py:1383} INFO - Executing <Task(BranchPythonOperator): user_01.check_table> on 2023-01-06 20:32:08.611424+00:00
[2023-01-06T20:32:58.990+0000] {standard_task_runner.py:55} INFO - Started process 511 to run task
[2023-01-06T20:32:59.005+0000] {standard_task_runner.py:82} INFO - Running: ['***', 'tasks', 'run', 'dpt_cosmetic', 'user_01.check_table', 'manual__2023-01-06T20:32:08.611424+00:00', '--job-id', '459', '--raw', '--subdir', 'DAGS_FOLDER/main.py', '--cfg-path', '/tmp/tmpgtl7ebzt']
[2023-01-06T20:32:59.008+0000] {standard_task_runner.py:83} INFO - Job 459: Subtask user_01.check_table
[2023-01-06T20:32:59.354+0000] {task_command.py:376} INFO - Running <TaskInstance: dpt_cosmetic.user_01.check_table manual__2023-01-06T20:32:08.611424+00:00 [running]> on host fdf4acf1d8ed
[2023-01-06T20:32:59.806+0000] {taskinstance.py:1592} INFO - Exporting the following env vars:
AIRFLOW_CTX_DAG_OWNER=***
AIRFLOW_CTX_DAG_ID=dpt_cosmetic
AIRFLOW_CTX_TASK_ID=user_01.check_table
AIRFLOW_CTX_EXECUTION_DATE=2023-01-06T20:32:08.611424+00:00
AIRFLOW_CTX_TRY_NUMBER=1
AIRFLOW_CTX_DAG_RUN_ID=manual__2023-01-06T20:32:08.611424+00:00
[2023-01-06T20:33:00.552+0000] {python.py:177} INFO - Done. Returned value was: user_01.insert_data
[2023-01-06T20:33:00.554+0000] {skipmixin.py:155} INFO - Following branch user_01.insert_data
[2023-01-06T20:33:00.557+0000] {skipmixin.py:190} INFO - Skipping tasks ['user_01.create_table']
[2023-01-06T20:33:00.729+0000] {taskinstance.py:1406} INFO - Marking task as SUCCESS. dag_id=dpt_cosmetic, task_id=user_01.check_table, execution_date=20230106T203208, start_date=20230106T203258, end_date=20230106T203300
[2023-01-06T20:33:00.831+0000] {local_task_job.py:164} INFO - Task exited with return code 0
[2023-01-06T20:33:01.146+0000] {local_task_job.py:273} INFO - 1 downstream tasks scheduled from follow-on schedule check
