[2023-01-07T05:19:40.379+0000] {taskinstance.py:1165} INFO - Dependencies all met for <TaskInstance: dpt_cosmetic.website.load_to_google_storage manual__2023-01-07T05:15:48.107951+00:00 [queued]>
[2023-01-07T05:19:40.552+0000] {taskinstance.py:1165} INFO - Dependencies all met for <TaskInstance: dpt_cosmetic.website.load_to_google_storage manual__2023-01-07T05:15:48.107951+00:00 [queued]>
[2023-01-07T05:19:40.554+0000] {taskinstance.py:1362} INFO - 
--------------------------------------------------------------------------------
[2023-01-07T05:19:40.555+0000] {taskinstance.py:1363} INFO - Starting attempt 1 of 1
[2023-01-07T05:19:40.557+0000] {taskinstance.py:1364} INFO - 
--------------------------------------------------------------------------------
[2023-01-07T05:19:40.767+0000] {taskinstance.py:1383} INFO - Executing <Task(BashOperator): website.load_to_google_storage> on 2023-01-07 05:15:48.107951+00:00
[2023-01-07T05:19:40.824+0000] {standard_task_runner.py:55} INFO - Started process 558 to run task
[2023-01-07T05:19:40.863+0000] {standard_task_runner.py:82} INFO - Running: ['***', 'tasks', 'run', 'dpt_cosmetic', 'website.load_to_google_storage', 'manual__2023-01-07T05:15:48.107951+00:00', '--job-id', '598', '--raw', '--subdir', 'DAGS_FOLDER/main.py', '--cfg-path', '/tmp/tmpysjln885']
[2023-01-07T05:19:40.916+0000] {standard_task_runner.py:83} INFO - Job 598: Subtask website.load_to_google_storage
[2023-01-07T05:19:41.768+0000] {task_command.py:376} INFO - Running <TaskInstance: dpt_cosmetic.website.load_to_google_storage manual__2023-01-07T05:15:48.107951+00:00 [running]> on host fdf4acf1d8ed
[2023-01-07T05:19:43.575+0000] {taskinstance.py:1592} INFO - Exporting the following env vars:
AIRFLOW_CTX_DAG_OWNER=***
AIRFLOW_CTX_DAG_ID=dpt_cosmetic
AIRFLOW_CTX_TASK_ID=website.load_to_google_storage
AIRFLOW_CTX_EXECUTION_DATE=2023-01-07T05:15:48.107951+00:00
AIRFLOW_CTX_TRY_NUMBER=1
AIRFLOW_CTX_DAG_RUN_ID=manual__2023-01-07T05:15:48.107951+00:00
[2023-01-07T05:19:43.605+0000] {subprocess.py:63} INFO - Tmp dir root location: 
 /tmp
[2023-01-07T05:19:43.625+0000] {subprocess.py:75} INFO - Running command: ['/bin/bash', '-c', 'sleep 1']
[2023-01-07T05:19:44.156+0000] {subprocess.py:86} INFO - Output:
[2023-01-07T05:19:45.249+0000] {subprocess.py:97} INFO - Command exited with return code 0
[2023-01-07T05:19:45.835+0000] {taskinstance.py:1406} INFO - Marking task as SUCCESS. dag_id=dpt_cosmetic, task_id=website.load_to_google_storage, execution_date=20230107T051548, start_date=20230107T051940, end_date=20230107T051945
[2023-01-07T05:19:46.274+0000] {local_task_job.py:164} INFO - Task exited with return code 0
[2023-01-07T05:19:47.004+0000] {local_task_job.py:273} INFO - 0 downstream tasks scheduled from follow-on schedule check
