[2023-01-06T20:28:48.021+0000] {taskinstance.py:1165} INFO - Dependencies all met for <TaskInstance: dpt_cosmetic.website.check_file_exists manual__2023-01-06T20:28:18.043985+00:00 [queued]>
[2023-01-06T20:28:48.081+0000] {taskinstance.py:1165} INFO - Dependencies all met for <TaskInstance: dpt_cosmetic.website.check_file_exists manual__2023-01-06T20:28:18.043985+00:00 [queued]>
[2023-01-06T20:28:48.083+0000] {taskinstance.py:1362} INFO - 
--------------------------------------------------------------------------------
[2023-01-06T20:28:48.084+0000] {taskinstance.py:1363} INFO - Starting attempt 1 of 1
[2023-01-06T20:28:48.085+0000] {taskinstance.py:1364} INFO - 
--------------------------------------------------------------------------------
[2023-01-06T20:28:48.200+0000] {taskinstance.py:1383} INFO - Executing <Task(BashOperator): website.check_file_exists> on 2023-01-06 20:28:18.043985+00:00
[2023-01-06T20:28:48.228+0000] {standard_task_runner.py:55} INFO - Started process 133 to run task
[2023-01-06T20:28:48.253+0000] {standard_task_runner.py:82} INFO - Running: ['***', 'tasks', 'run', 'dpt_cosmetic', 'website.check_file_exists', 'manual__2023-01-06T20:28:18.043985+00:00', '--job-id', '401', '--raw', '--subdir', 'DAGS_FOLDER/main.py', '--cfg-path', '/tmp/tmpx1tm20q1']
[2023-01-06T20:28:48.255+0000] {standard_task_runner.py:83} INFO - Job 401: Subtask website.check_file_exists
[2023-01-06T20:28:48.652+0000] {task_command.py:376} INFO - Running <TaskInstance: dpt_cosmetic.website.check_file_exists manual__2023-01-06T20:28:18.043985+00:00 [running]> on host fdf4acf1d8ed
[2023-01-06T20:28:49.134+0000] {taskinstance.py:1592} INFO - Exporting the following env vars:
AIRFLOW_CTX_DAG_OWNER=***
AIRFLOW_CTX_DAG_ID=dpt_cosmetic
AIRFLOW_CTX_TASK_ID=website.check_file_exists
AIRFLOW_CTX_EXECUTION_DATE=2023-01-06T20:28:18.043985+00:00
AIRFLOW_CTX_TRY_NUMBER=1
AIRFLOW_CTX_DAG_RUN_ID=manual__2023-01-06T20:28:18.043985+00:00
[2023-01-06T20:28:49.141+0000] {subprocess.py:63} INFO - Tmp dir root location: 
 /tmp
[2023-01-06T20:28:49.144+0000] {subprocess.py:75} INFO - Running command: ['/bin/bash', '-c', 'sleep 1']
[2023-01-06T20:28:49.185+0000] {subprocess.py:86} INFO - Output:
[2023-01-06T20:28:50.200+0000] {subprocess.py:97} INFO - Command exited with return code 0
[2023-01-06T20:28:50.309+0000] {taskinstance.py:1406} INFO - Marking task as SUCCESS. dag_id=dpt_cosmetic, task_id=website.check_file_exists, execution_date=20230106T202818, start_date=20230106T202848, end_date=20230106T202850
[2023-01-06T20:28:50.407+0000] {local_task_job.py:164} INFO - Task exited with return code 0
[2023-01-06T20:28:50.624+0000] {local_task_job.py:273} INFO - 1 downstream tasks scheduled from follow-on schedule check
