[2023-01-07T04:44:19.152+0000] {taskinstance.py:1165} INFO - Dependencies all met for <TaskInstance: bq_process.view_stats.check_table manual__2023-01-07T04:44:10.212246+00:00 [queued]>
[2023-01-07T04:44:19.239+0000] {taskinstance.py:1165} INFO - Dependencies all met for <TaskInstance: bq_process.view_stats.check_table manual__2023-01-07T04:44:10.212246+00:00 [queued]>
[2023-01-07T04:44:19.242+0000] {taskinstance.py:1362} INFO - 
--------------------------------------------------------------------------------
[2023-01-07T04:44:19.246+0000] {taskinstance.py:1363} INFO - Starting attempt 1 of 1
[2023-01-07T04:44:19.248+0000] {taskinstance.py:1364} INFO - 
--------------------------------------------------------------------------------
[2023-01-07T04:44:19.453+0000] {taskinstance.py:1383} INFO - Executing <Task(BranchPythonOperator): view_stats.check_table> on 2023-01-07 04:44:10.212246+00:00
[2023-01-07T04:44:19.479+0000] {standard_task_runner.py:55} INFO - Started process 262 to run task
[2023-01-07T04:44:19.502+0000] {standard_task_runner.py:82} INFO - Running: ['***', 'tasks', 'run', 'bq_process', 'view_stats.check_table', 'manual__2023-01-07T04:44:10.212246+00:00', '--job-id', '515', '--raw', '--subdir', 'DAGS_FOLDER/bigquery_dag.py', '--cfg-path', '/tmp/tmpqzcgp0wp']
[2023-01-07T04:44:19.521+0000] {standard_task_runner.py:83} INFO - Job 515: Subtask view_stats.check_table
[2023-01-07T04:44:20.095+0000] {task_command.py:376} INFO - Running <TaskInstance: bq_process.view_stats.check_table manual__2023-01-07T04:44:10.212246+00:00 [running]> on host fdf4acf1d8ed
[2023-01-07T04:44:20.690+0000] {taskinstance.py:1592} INFO - Exporting the following env vars:
AIRFLOW_CTX_DAG_OWNER=***
AIRFLOW_CTX_DAG_ID=bq_process
AIRFLOW_CTX_TASK_ID=view_stats.check_table
AIRFLOW_CTX_EXECUTION_DATE=2023-01-07T04:44:10.212246+00:00
AIRFLOW_CTX_TRY_NUMBER=1
AIRFLOW_CTX_DAG_RUN_ID=manual__2023-01-07T04:44:10.212246+00:00
[2023-01-07T04:44:20.700+0000] {taskinstance.py:1851} ERROR - Task failed with exception
Traceback (most recent call last):
  File "/home/airflow/.local/lib/python3.7/site-packages/airflow/operators/python.py", line 211, in execute
    branch = super().execute(context)
  File "/home/airflow/.local/lib/python3.7/site-packages/airflow/operators/python.py", line 175, in execute
    return_value = self.execute_callable()
  File "/home/airflow/.local/lib/python3.7/site-packages/airflow/operators/python.py", line 193, in execute_callable
    return self.python_callable(*self.op_args, **self.op_kwargs)
  File "/opt/airflow/dags/bigquery_dag.py", line 17, in test
    SOURCE=context['params']['SOURCE']
KeyError: 'SOURCE'
[2023-01-07T04:44:20.780+0000] {taskinstance.py:1406} INFO - Marking task as FAILED. dag_id=bq_process, task_id=view_stats.check_table, execution_date=20230107T044410, start_date=20230107T044419, end_date=20230107T044420
[2023-01-07T04:44:20.851+0000] {standard_task_runner.py:105} ERROR - Failed to execute job 515 for task view_stats.check_table ('SOURCE'; 262)
[2023-01-07T04:44:20.902+0000] {local_task_job.py:164} INFO - Task exited with return code 1
[2023-01-07T04:44:21.175+0000] {local_task_job.py:273} INFO - 0 downstream tasks scheduled from follow-on schedule check
