[2023-01-01T01:33:45.843+0000] {taskinstance.py:1165} INFO - Dependencies all met for <TaskInstance: dpt_cosmetic.transaction.extract manual__2023-01-01T01:33:31.150824+00:00 [queued]>
[2023-01-01T01:33:45.920+0000] {taskinstance.py:1165} INFO - Dependencies all met for <TaskInstance: dpt_cosmetic.transaction.extract manual__2023-01-01T01:33:31.150824+00:00 [queued]>
[2023-01-01T01:33:45.922+0000] {taskinstance.py:1362} INFO - 
--------------------------------------------------------------------------------
[2023-01-01T01:33:45.924+0000] {taskinstance.py:1363} INFO - Starting attempt 1 of 1
[2023-01-01T01:33:45.926+0000] {taskinstance.py:1364} INFO - 
--------------------------------------------------------------------------------
[2023-01-01T01:33:46.065+0000] {taskinstance.py:1383} INFO - Executing <Task(ExtractOperator): transaction.extract> on 2023-01-01 01:33:31.150824+00:00
[2023-01-01T01:33:46.091+0000] {standard_task_runner.py:55} INFO - Started process 1083 to run task
[2023-01-01T01:33:46.114+0000] {standard_task_runner.py:82} INFO - Running: ['***', 'tasks', 'run', 'dpt_cosmetic', 'transaction.extract', 'manual__2023-01-01T01:33:31.150824+00:00', '--job-id', '155', '--raw', '--subdir', 'DAGS_FOLDER/main.py', '--cfg-path', '/tmp/tmpg4wq10xk']
[2023-01-01T01:33:46.117+0000] {standard_task_runner.py:83} INFO - Job 155: Subtask transaction.extract
[2023-01-01T01:33:46.463+0000] {task_command.py:376} INFO - Running <TaskInstance: dpt_cosmetic.transaction.extract manual__2023-01-01T01:33:31.150824+00:00 [running]> on host 6bd76effbc07
[2023-01-01T01:33:46.900+0000] {taskinstance.py:1592} INFO - Exporting the following env vars:
AIRFLOW_CTX_DAG_OWNER=***
AIRFLOW_CTX_DAG_ID=dpt_cosmetic
AIRFLOW_CTX_TASK_ID=transaction.extract
AIRFLOW_CTX_EXECUTION_DATE=2023-01-01T01:33:31.150824+00:00
AIRFLOW_CTX_TRY_NUMBER=1
AIRFLOW_CTX_DAG_RUN_ID=manual__2023-01-01T01:33:31.150824+00:00
[2023-01-01T01:33:47.144+0000] {taskinstance.py:1406} INFO - Marking task as SUCCESS. dag_id=dpt_cosmetic, task_id=transaction.extract, execution_date=20230101T013331, start_date=20230101T013345, end_date=20230101T013347
[2023-01-01T01:33:47.248+0000] {local_task_job.py:164} INFO - Task exited with return code 0
[2023-01-01T01:33:47.365+0000] {local_task_job.py:273} INFO - 0 downstream tasks scheduled from follow-on schedule check
