[2023-01-01T01:06:58.068+0000] {taskinstance.py:1165} INFO - Dependencies all met for <TaskInstance: dpt_cosmetic.user.extract manual__2023-01-01T01:06:45.745553+00:00 [queued]>
[2023-01-01T01:06:58.122+0000] {taskinstance.py:1165} INFO - Dependencies all met for <TaskInstance: dpt_cosmetic.user.extract manual__2023-01-01T01:06:45.745553+00:00 [queued]>
[2023-01-01T01:06:58.124+0000] {taskinstance.py:1362} INFO - 
--------------------------------------------------------------------------------
[2023-01-01T01:06:58.125+0000] {taskinstance.py:1363} INFO - Starting attempt 1 of 1
[2023-01-01T01:06:58.127+0000] {taskinstance.py:1364} INFO - 
--------------------------------------------------------------------------------
[2023-01-01T01:06:58.226+0000] {taskinstance.py:1383} INFO - Executing <Task(ExtractOperator): user.extract> on 2023-01-01 01:06:45.745553+00:00
[2023-01-01T01:06:58.247+0000] {standard_task_runner.py:55} INFO - Started process 808 to run task
[2023-01-01T01:06:58.269+0000] {standard_task_runner.py:82} INFO - Running: ['***', 'tasks', 'run', 'dpt_cosmetic', 'user.extract', 'manual__2023-01-01T01:06:45.745553+00:00', '--job-id', '122', '--raw', '--subdir', 'DAGS_FOLDER/main.py', '--cfg-path', '/tmp/tmp27nvnmen']
[2023-01-01T01:06:58.273+0000] {standard_task_runner.py:83} INFO - Job 122: Subtask user.extract
[2023-01-01T01:06:58.665+0000] {task_command.py:376} INFO - Running <TaskInstance: dpt_cosmetic.user.extract manual__2023-01-01T01:06:45.745553+00:00 [running]> on host 6bd76effbc07
[2023-01-01T01:06:59.186+0000] {taskinstance.py:1592} INFO - Exporting the following env vars:
AIRFLOW_CTX_DAG_OWNER=***
AIRFLOW_CTX_DAG_ID=dpt_cosmetic
AIRFLOW_CTX_TASK_ID=user.extract
AIRFLOW_CTX_EXECUTION_DATE=2023-01-01T01:06:45.745553+00:00
AIRFLOW_CTX_TRY_NUMBER=1
AIRFLOW_CTX_DAG_RUN_ID=manual__2023-01-01T01:06:45.745553+00:00
[2023-01-01T01:06:59.237+0000] {logging_mixin.py:120} INFO - <pymongo.cursor.Cursor object at 0x7f7cb7418950>
[2023-01-01T01:06:59.367+0000] {logging_mixin.py:120} INFO - [{'_id': ObjectId('63a8d93c9acbe2189ed9b9b0'), 'user_id': 'u0002', 'email': 'u0002@gmail.com', 'gender': 'F', 'age': 34, 'country': 'HongKong/HK', 'credit_card': True, 'membership': False, 'register_date': datetime.datetime(2019, 2, 9, 12, 46), 'first_created': datetime.datetime(2022, 12, 26, 8, 14, 4, 941000)}]
[2023-01-01T01:06:59.414+0000] {taskinstance.py:1406} INFO - Marking task as SUCCESS. dag_id=dpt_cosmetic, task_id=user.extract, execution_date=20230101T010645, start_date=20230101T010658, end_date=20230101T010659
[2023-01-01T01:06:59.528+0000] {local_task_job.py:164} INFO - Task exited with return code 0
[2023-01-01T01:06:59.621+0000] {local_task_job.py:273} INFO - 0 downstream tasks scheduled from follow-on schedule check
