[2023-01-07T04:55:29.152+0000] {taskinstance.py:1165} INFO - Dependencies all met for <TaskInstance: bq_process.view_stats.create_table manual__2023-01-07T04:55:08.833899+00:00 [queued]>
[2023-01-07T04:55:29.205+0000] {taskinstance.py:1165} INFO - Dependencies all met for <TaskInstance: bq_process.view_stats.create_table manual__2023-01-07T04:55:08.833899+00:00 [queued]>
[2023-01-07T04:55:29.206+0000] {taskinstance.py:1362} INFO - 
--------------------------------------------------------------------------------
[2023-01-07T04:55:29.208+0000] {taskinstance.py:1363} INFO - Starting attempt 1 of 1
[2023-01-07T04:55:29.209+0000] {taskinstance.py:1364} INFO - 
--------------------------------------------------------------------------------
[2023-01-07T04:55:29.283+0000] {taskinstance.py:1383} INFO - Executing <Task(BigQueryCreateEmptyTableOperator): view_stats.create_table> on 2023-01-07 04:55:08.833899+00:00
[2023-01-07T04:55:29.299+0000] {standard_task_runner.py:55} INFO - Started process 300 to run task
[2023-01-07T04:55:29.316+0000] {standard_task_runner.py:82} INFO - Running: ['***', 'tasks', 'run', 'bq_process', 'view_stats.create_table', 'manual__2023-01-07T04:55:08.833899+00:00', '--job-id', '529', '--raw', '--subdir', 'DAGS_FOLDER/bigquery_dag.py', '--cfg-path', '/tmp/tmp9hyo77b1']
[2023-01-07T04:55:29.328+0000] {standard_task_runner.py:83} INFO - Job 529: Subtask view_stats.create_table
[2023-01-07T04:55:29.640+0000] {task_command.py:376} INFO - Running <TaskInstance: bq_process.view_stats.create_table manual__2023-01-07T04:55:08.833899+00:00 [running]> on host fdf4acf1d8ed
[2023-01-07T04:55:30.040+0000] {taskinstance.py:1592} INFO - Exporting the following env vars:
AIRFLOW_CTX_DAG_OWNER=***
AIRFLOW_CTX_DAG_ID=bq_process
AIRFLOW_CTX_TASK_ID=view_stats.create_table
AIRFLOW_CTX_EXECUTION_DATE=2023-01-07T04:55:08.833899+00:00
AIRFLOW_CTX_TRY_NUMBER=1
AIRFLOW_CTX_DAG_RUN_ID=manual__2023-01-07T04:55:08.833899+00:00
[2023-01-07T04:55:30.047+0000] {connection.py:429} ERROR - Unable to retrieve connection from secrets backend (EnvironmentVariablesBackend). Checking subsequent secrets backend.
Traceback (most recent call last):
  File "/home/airflow/.local/lib/python3.7/site-packages/airflow/models/connection.py", line 422, in get_connection_from_secrets
    conn = secrets_backend.get_connection(conn_id=conn_id)
  File "/home/airflow/.local/lib/python3.7/site-packages/airflow/secrets/base_secrets.py", line 115, in get_connection
    return self.deserialize_connection(conn_id=conn_id, value=value)
  File "/home/airflow/.local/lib/python3.7/site-packages/airflow/secrets/base_secrets.py", line 67, in deserialize_connection
    return Connection.from_json(conn_id=conn_id, value=value)
  File "/home/airflow/.local/lib/python3.7/site-packages/airflow/models/connection.py", line 449, in from_json
    return Connection(conn_id=conn_id, **kwargs)
TypeError: __init__() got an unexpected keyword argument 'key_path'
[2023-01-07T04:55:30.085+0000] {base.py:71} INFO - Using connection ID 'google_cloud_default' for task execution.
[2023-01-07T04:55:30.092+0000] {connection.py:429} ERROR - Unable to retrieve connection from secrets backend (EnvironmentVariablesBackend). Checking subsequent secrets backend.
Traceback (most recent call last):
  File "/home/airflow/.local/lib/python3.7/site-packages/airflow/models/connection.py", line 422, in get_connection_from_secrets
    conn = secrets_backend.get_connection(conn_id=conn_id)
  File "/home/airflow/.local/lib/python3.7/site-packages/airflow/secrets/base_secrets.py", line 115, in get_connection
    return self.deserialize_connection(conn_id=conn_id, value=value)
  File "/home/airflow/.local/lib/python3.7/site-packages/airflow/secrets/base_secrets.py", line 67, in deserialize_connection
    return Connection.from_json(conn_id=conn_id, value=value)
  File "/home/airflow/.local/lib/python3.7/site-packages/airflow/models/connection.py", line 449, in from_json
    return Connection(conn_id=conn_id, **kwargs)
TypeError: __init__() got an unexpected keyword argument 'key_path'
[2023-01-07T04:55:30.125+0000] {base.py:71} INFO - Using connection ID 'google_cloud_default' for task execution.
[2023-01-07T04:55:30.972+0000] {bigquery.py:910} INFO - Creating table
[2023-01-07T04:55:31.923+0000] {bigquery.py:926} INFO - Table my-kubeflow-370515.cosmetic.view_stats created successfully
[2023-01-07T04:55:31.976+0000] {taskinstance.py:1406} INFO - Marking task as SUCCESS. dag_id=bq_process, task_id=view_stats.create_table, execution_date=20230107T045508, start_date=20230107T045529, end_date=20230107T045531
[2023-01-07T04:55:32.119+0000] {local_task_job.py:164} INFO - Task exited with return code 0
[2023-01-07T04:55:32.255+0000] {local_task_job.py:273} INFO - 1 downstream tasks scheduled from follow-on schedule check
