[2023-01-07T01:57:53.953+0000] {taskinstance.py:1165} INFO - Dependencies all met for <TaskInstance: dpt_cosmetic.transaction.load_to_google_storage scheduled__2023-01-06T00:00:00+00:00 [queued]>
[2023-01-07T01:57:54.101+0000] {taskinstance.py:1165} INFO - Dependencies all met for <TaskInstance: dpt_cosmetic.transaction.load_to_google_storage scheduled__2023-01-06T00:00:00+00:00 [queued]>
[2023-01-07T01:57:54.103+0000] {taskinstance.py:1362} INFO - 
--------------------------------------------------------------------------------
[2023-01-07T01:57:54.105+0000] {taskinstance.py:1363} INFO - Starting attempt 1 of 1
[2023-01-07T01:57:54.106+0000] {taskinstance.py:1364} INFO - 
--------------------------------------------------------------------------------
[2023-01-07T01:57:54.345+0000] {taskinstance.py:1383} INFO - Executing <Task(BashOperator): transaction.load_to_google_storage> on 2023-01-06 00:00:00+00:00
[2023-01-07T01:57:54.402+0000] {standard_task_runner.py:55} INFO - Started process 204 to run task
[2023-01-07T01:57:54.462+0000] {standard_task_runner.py:82} INFO - Running: ['***', 'tasks', 'run', 'dpt_cosmetic', 'transaction.load_to_google_storage', 'scheduled__2023-01-06T00:00:00+00:00', '--job-id', '495', '--raw', '--subdir', 'DAGS_FOLDER/main.py', '--cfg-path', '/tmp/tmpojyawlvj']
[2023-01-07T01:57:54.490+0000] {standard_task_runner.py:83} INFO - Job 495: Subtask transaction.load_to_google_storage
[2023-01-07T01:57:54.661+0000] {warnings.py:110} WARNING - /home/***/.local/lib/python3.7/site-packages/***/configuration.py:545: DeprecationWarning: The sql_alchemy_conn option in [core] has been moved to the sql_alchemy_conn option in [database] - the old setting has been used, but please update your config.
  option = self._get_environment_variables(deprecated_key, deprecated_section, key, section)

[2023-01-07T01:57:55.244+0000] {task_command.py:376} INFO - Running <TaskInstance: dpt_cosmetic.transaction.load_to_google_storage scheduled__2023-01-06T00:00:00+00:00 [running]> on host fdf4acf1d8ed
[2023-01-07T01:57:56.122+0000] {taskinstance.py:1592} INFO - Exporting the following env vars:
AIRFLOW_CTX_DAG_OWNER=***
AIRFLOW_CTX_DAG_ID=dpt_cosmetic
AIRFLOW_CTX_TASK_ID=transaction.load_to_google_storage
AIRFLOW_CTX_EXECUTION_DATE=2023-01-06T00:00:00+00:00
AIRFLOW_CTX_TRY_NUMBER=1
AIRFLOW_CTX_DAG_RUN_ID=scheduled__2023-01-06T00:00:00+00:00
[2023-01-07T01:57:56.136+0000] {subprocess.py:63} INFO - Tmp dir root location: 
 /tmp
[2023-01-07T01:57:56.141+0000] {subprocess.py:75} INFO - Running command: ['/bin/bash', '-c', 'sleep 1']
[2023-01-07T01:57:56.216+0000] {subprocess.py:86} INFO - Output:
[2023-01-07T01:57:57.242+0000] {subprocess.py:97} INFO - Command exited with return code 0
[2023-01-07T01:57:57.403+0000] {taskinstance.py:1406} INFO - Marking task as SUCCESS. dag_id=dpt_cosmetic, task_id=transaction.load_to_google_storage, execution_date=20230106T000000, start_date=20230107T015753, end_date=20230107T015757
[2023-01-07T01:57:57.540+0000] {local_task_job.py:164} INFO - Task exited with return code 0
[2023-01-07T01:57:57.789+0000] {local_task_job.py:273} INFO - 0 downstream tasks scheduled from follow-on schedule check
[2023-01-07T05:19:36.768+0000] {taskinstance.py:1165} INFO - Dependencies all met for <TaskInstance: dpt_cosmetic.transaction.load_to_google_storage scheduled__2023-01-06T00:00:00+00:00 [queued]>
[2023-01-07T05:19:36.995+0000] {taskinstance.py:1165} INFO - Dependencies all met for <TaskInstance: dpt_cosmetic.transaction.load_to_google_storage scheduled__2023-01-06T00:00:00+00:00 [queued]>
[2023-01-07T05:19:37.012+0000] {taskinstance.py:1362} INFO - 
--------------------------------------------------------------------------------
[2023-01-07T05:19:37.018+0000] {taskinstance.py:1363} INFO - Starting attempt 1 of 1
[2023-01-07T05:19:37.019+0000] {taskinstance.py:1364} INFO - 
--------------------------------------------------------------------------------
[2023-01-07T05:19:37.325+0000] {taskinstance.py:1383} INFO - Executing <Task(BashOperator): transaction.load_to_google_storage> on 2023-01-06 00:00:00+00:00
[2023-01-07T05:19:37.393+0000] {standard_task_runner.py:55} INFO - Started process 554 to run task
[2023-01-07T05:19:37.433+0000] {standard_task_runner.py:82} INFO - Running: ['***', 'tasks', 'run', 'dpt_cosmetic', 'transaction.load_to_google_storage', 'scheduled__2023-01-06T00:00:00+00:00', '--job-id', '594', '--raw', '--subdir', 'DAGS_FOLDER/main.py', '--cfg-path', '/tmp/tmpj_wgkpl1']
[2023-01-07T05:19:37.446+0000] {standard_task_runner.py:83} INFO - Job 594: Subtask transaction.load_to_google_storage
[2023-01-07T05:19:37.569+0000] {warnings.py:110} WARNING - /home/***/.local/lib/python3.7/site-packages/***/configuration.py:545: DeprecationWarning: The sql_alchemy_conn option in [core] has been moved to the sql_alchemy_conn option in [database] - the old setting has been used, but please update your config.
  option = self._get_environment_variables(deprecated_key, deprecated_section, key, section)

[2023-01-07T05:19:38.444+0000] {task_command.py:376} INFO - Running <TaskInstance: dpt_cosmetic.transaction.load_to_google_storage scheduled__2023-01-06T00:00:00+00:00 [running]> on host fdf4acf1d8ed
[2023-01-07T05:19:42.415+0000] {taskinstance.py:1592} INFO - Exporting the following env vars:
AIRFLOW_CTX_DAG_OWNER=***
AIRFLOW_CTX_DAG_ID=dpt_cosmetic
AIRFLOW_CTX_TASK_ID=transaction.load_to_google_storage
AIRFLOW_CTX_EXECUTION_DATE=2023-01-06T00:00:00+00:00
AIRFLOW_CTX_TRY_NUMBER=1
AIRFLOW_CTX_DAG_RUN_ID=scheduled__2023-01-06T00:00:00+00:00
[2023-01-07T05:19:42.434+0000] {subprocess.py:63} INFO - Tmp dir root location: 
 /tmp
[2023-01-07T05:19:42.474+0000] {subprocess.py:75} INFO - Running command: ['/bin/bash', '-c', 'sleep 1']
[2023-01-07T05:19:42.612+0000] {subprocess.py:86} INFO - Output:
[2023-01-07T05:19:43.645+0000] {subprocess.py:97} INFO - Command exited with return code 0
[2023-01-07T05:19:44.581+0000] {taskinstance.py:1406} INFO - Marking task as SUCCESS. dag_id=dpt_cosmetic, task_id=transaction.load_to_google_storage, execution_date=20230106T000000, start_date=20230107T051936, end_date=20230107T051944
[2023-01-07T05:19:44.775+0000] {local_task_job.py:164} INFO - Task exited with return code 0
[2023-01-07T05:19:45.111+0000] {local_task_job.py:273} INFO - 0 downstream tasks scheduled from follow-on schedule check
[2023-01-07T05:33:03.973+0000] {taskinstance.py:1165} INFO - Dependencies all met for <TaskInstance: dpt_cosmetic.transaction.load_to_google_storage scheduled__2023-01-06T00:00:00+00:00 [queued]>
[2023-01-07T05:33:04.117+0000] {taskinstance.py:1165} INFO - Dependencies all met for <TaskInstance: dpt_cosmetic.transaction.load_to_google_storage scheduled__2023-01-06T00:00:00+00:00 [queued]>
[2023-01-07T05:33:04.120+0000] {taskinstance.py:1362} INFO - 
--------------------------------------------------------------------------------
[2023-01-07T05:33:04.126+0000] {taskinstance.py:1363} INFO - Starting attempt 1 of 1
[2023-01-07T05:33:04.127+0000] {taskinstance.py:1364} INFO - 
--------------------------------------------------------------------------------
[2023-01-07T05:33:04.363+0000] {taskinstance.py:1383} INFO - Executing <Task(BashOperator): transaction.load_to_google_storage> on 2023-01-06 00:00:00+00:00
[2023-01-07T05:33:04.407+0000] {standard_task_runner.py:55} INFO - Started process 187 to run task
[2023-01-07T05:33:04.464+0000] {standard_task_runner.py:82} INFO - Running: ['***', 'tasks', 'run', 'dpt_cosmetic', 'transaction.load_to_google_storage', 'scheduled__2023-01-06T00:00:00+00:00', '--job-id', '636', '--raw', '--subdir', 'DAGS_FOLDER/main.py', '--cfg-path', '/tmp/tmppnvju1gh']
[2023-01-07T05:33:04.485+0000] {standard_task_runner.py:83} INFO - Job 636: Subtask transaction.load_to_google_storage
[2023-01-07T05:33:04.624+0000] {warnings.py:110} WARNING - /home/***/.local/lib/python3.7/site-packages/***/configuration.py:545: DeprecationWarning: The sql_alchemy_conn option in [core] has been moved to the sql_alchemy_conn option in [database] - the old setting has been used, but please update your config.
  option = self._get_environment_variables(deprecated_key, deprecated_section, key, section)

[2023-01-07T05:33:05.579+0000] {task_command.py:376} INFO - Running <TaskInstance: dpt_cosmetic.transaction.load_to_google_storage scheduled__2023-01-06T00:00:00+00:00 [running]> on host fdf4acf1d8ed
[2023-01-07T05:33:06.479+0000] {taskinstance.py:1592} INFO - Exporting the following env vars:
AIRFLOW_CTX_DAG_OWNER=***
AIRFLOW_CTX_DAG_ID=dpt_cosmetic
AIRFLOW_CTX_TASK_ID=transaction.load_to_google_storage
AIRFLOW_CTX_EXECUTION_DATE=2023-01-06T00:00:00+00:00
AIRFLOW_CTX_TRY_NUMBER=1
AIRFLOW_CTX_DAG_RUN_ID=scheduled__2023-01-06T00:00:00+00:00
[2023-01-07T05:33:06.492+0000] {subprocess.py:63} INFO - Tmp dir root location: 
 /tmp
[2023-01-07T05:33:06.501+0000] {subprocess.py:75} INFO - Running command: ['/bin/bash', '-c', 'sleep 1']
[2023-01-07T05:33:06.566+0000] {subprocess.py:86} INFO - Output:
[2023-01-07T05:33:07.593+0000] {subprocess.py:97} INFO - Command exited with return code 0
[2023-01-07T05:33:07.840+0000] {taskinstance.py:1406} INFO - Marking task as SUCCESS. dag_id=dpt_cosmetic, task_id=transaction.load_to_google_storage, execution_date=20230106T000000, start_date=20230107T053303, end_date=20230107T053307
[2023-01-07T05:33:08.029+0000] {local_task_job.py:164} INFO - Task exited with return code 0
[2023-01-07T05:33:08.685+0000] {local_task_job.py:273} INFO - 1 downstream tasks scheduled from follow-on schedule check
