[2023-01-07T01:57:00.988+0000] {taskinstance.py:1165} INFO - Dependencies all met for <TaskInstance: dpt_cosmetic.private_info.transform manual__2023-01-07T01:56:33.607260+00:00 [queued]>
[2023-01-07T01:57:01.213+0000] {taskinstance.py:1165} INFO - Dependencies all met for <TaskInstance: dpt_cosmetic.private_info.transform manual__2023-01-07T01:56:33.607260+00:00 [queued]>
[2023-01-07T01:57:01.214+0000] {taskinstance.py:1362} INFO - 
--------------------------------------------------------------------------------
[2023-01-07T01:57:01.218+0000] {taskinstance.py:1363} INFO - Starting attempt 1 of 1
[2023-01-07T01:57:01.224+0000] {taskinstance.py:1364} INFO - 
--------------------------------------------------------------------------------
[2023-01-07T01:57:01.475+0000] {taskinstance.py:1383} INFO - Executing <Task(BashOperator): private_info.transform> on 2023-01-07 01:56:33.607260+00:00
[2023-01-07T01:57:01.558+0000] {standard_task_runner.py:55} INFO - Started process 97 to run task
[2023-01-07T01:57:01.670+0000] {standard_task_runner.py:82} INFO - Running: ['***', 'tasks', 'run', 'dpt_cosmetic', 'private_info.transform', 'manual__2023-01-07T01:56:33.607260+00:00', '--job-id', '470', '--raw', '--subdir', 'DAGS_FOLDER/main.py', '--cfg-path', '/tmp/tmpyvm5sghk']
[2023-01-07T01:57:01.687+0000] {standard_task_runner.py:83} INFO - Job 470: Subtask private_info.transform
[2023-01-07T01:57:02.308+0000] {task_command.py:376} INFO - Running <TaskInstance: dpt_cosmetic.private_info.transform manual__2023-01-07T01:56:33.607260+00:00 [running]> on host fdf4acf1d8ed
[2023-01-07T01:57:02.915+0000] {taskinstance.py:1592} INFO - Exporting the following env vars:
AIRFLOW_CTX_DAG_OWNER=***
AIRFLOW_CTX_DAG_ID=dpt_cosmetic
AIRFLOW_CTX_TASK_ID=private_info.transform
AIRFLOW_CTX_EXECUTION_DATE=2023-01-07T01:56:33.607260+00:00
AIRFLOW_CTX_TRY_NUMBER=1
AIRFLOW_CTX_DAG_RUN_ID=manual__2023-01-07T01:56:33.607260+00:00
[2023-01-07T01:57:02.925+0000] {subprocess.py:63} INFO - Tmp dir root location: 
 /tmp
[2023-01-07T01:57:02.929+0000] {subprocess.py:75} INFO - Running command: ['/bin/bash', '-c', 'sleep 1']
[2023-01-07T01:57:03.028+0000] {subprocess.py:86} INFO - Output:
[2023-01-07T01:57:04.068+0000] {subprocess.py:97} INFO - Command exited with return code 0
[2023-01-07T01:57:04.403+0000] {taskinstance.py:1406} INFO - Marking task as SUCCESS. dag_id=dpt_cosmetic, task_id=private_info.transform, execution_date=20230107T015633, start_date=20230107T015701, end_date=20230107T015704
[2023-01-07T01:57:04.546+0000] {local_task_job.py:164} INFO - Task exited with return code 0
[2023-01-07T01:57:06.019+0000] {local_task_job.py:273} INFO - 1 downstream tasks scheduled from follow-on schedule check
