[2023-01-02T17:16:03.348+0000] {taskinstance.py:1165} INFO - Dependencies all met for <TaskInstance: dpt_cosmetic.product.check_file_exists manual__2023-01-02T17:15:28.621166+00:00 [queued]>
[2023-01-02T17:16:03.403+0000] {taskinstance.py:1165} INFO - Dependencies all met for <TaskInstance: dpt_cosmetic.product.check_file_exists manual__2023-01-02T17:15:28.621166+00:00 [queued]>
[2023-01-02T17:16:03.405+0000] {taskinstance.py:1362} INFO - 
--------------------------------------------------------------------------------
[2023-01-02T17:16:03.406+0000] {taskinstance.py:1363} INFO - Starting attempt 1 of 1
[2023-01-02T17:16:03.415+0000] {taskinstance.py:1364} INFO - 
--------------------------------------------------------------------------------
[2023-01-02T17:16:03.506+0000] {taskinstance.py:1383} INFO - Executing <Task(BashOperator): product.check_file_exists> on 2023-01-02 17:15:28.621166+00:00
[2023-01-02T17:16:03.525+0000] {standard_task_runner.py:55} INFO - Started process 557 to run task
[2023-01-02T17:16:03.539+0000] {standard_task_runner.py:82} INFO - Running: ['***', 'tasks', 'run', 'dpt_cosmetic', 'product.check_file_exists', 'manual__2023-01-02T17:15:28.621166+00:00', '--job-id', '272', '--raw', '--subdir', 'DAGS_FOLDER/main.py', '--cfg-path', '/tmp/tmpe9geoby8']
[2023-01-02T17:16:03.542+0000] {standard_task_runner.py:83} INFO - Job 272: Subtask product.check_file_exists
[2023-01-02T17:16:04.555+0000] {task_command.py:376} INFO - Running <TaskInstance: dpt_cosmetic.product.check_file_exists manual__2023-01-02T17:15:28.621166+00:00 [running]> on host 703acec1b71e
[2023-01-02T17:16:05.054+0000] {taskinstance.py:1592} INFO - Exporting the following env vars:
AIRFLOW_CTX_DAG_OWNER=***
AIRFLOW_CTX_DAG_ID=dpt_cosmetic
AIRFLOW_CTX_TASK_ID=product.check_file_exists
AIRFLOW_CTX_EXECUTION_DATE=2023-01-02T17:15:28.621166+00:00
AIRFLOW_CTX_TRY_NUMBER=1
AIRFLOW_CTX_DAG_RUN_ID=manual__2023-01-02T17:15:28.621166+00:00
[2023-01-02T17:16:05.059+0000] {subprocess.py:63} INFO - Tmp dir root location: 
 /tmp
[2023-01-02T17:16:05.062+0000] {subprocess.py:75} INFO - Running command: ['/bin/bash', '-c', 'sleep 1']
[2023-01-02T17:16:05.104+0000] {subprocess.py:86} INFO - Output:
[2023-01-02T17:16:06.117+0000] {subprocess.py:97} INFO - Command exited with return code 0
[2023-01-02T17:16:06.224+0000] {taskinstance.py:1406} INFO - Marking task as SUCCESS. dag_id=dpt_cosmetic, task_id=product.check_file_exists, execution_date=20230102T171528, start_date=20230102T171603, end_date=20230102T171606
[2023-01-02T17:16:06.342+0000] {local_task_job.py:164} INFO - Task exited with return code 0
[2023-01-02T17:16:07.080+0000] {local_task_job.py:273} INFO - 1 downstream tasks scheduled from follow-on schedule check
