[2023-01-01T13:37:47.547+0000] {taskinstance.py:1165} INFO - Dependencies all met for <TaskInstance: dpt_cosmetic.split_files_by_source manual__2023-01-01T13:37:42.462443+00:00 [queued]>
[2023-01-01T13:37:47.597+0000] {taskinstance.py:1165} INFO - Dependencies all met for <TaskInstance: dpt_cosmetic.split_files_by_source manual__2023-01-01T13:37:42.462443+00:00 [queued]>
[2023-01-01T13:37:47.598+0000] {taskinstance.py:1362} INFO - 
--------------------------------------------------------------------------------
[2023-01-01T13:37:47.600+0000] {taskinstance.py:1363} INFO - Starting attempt 1 of 1
[2023-01-01T13:37:47.601+0000] {taskinstance.py:1364} INFO - 
--------------------------------------------------------------------------------
[2023-01-01T13:37:47.685+0000] {taskinstance.py:1383} INFO - Executing <Task(BashOperator): split_files_by_source> on 2023-01-01 13:37:42.462443+00:00
[2023-01-01T13:37:47.699+0000] {standard_task_runner.py:55} INFO - Started process 185 to run task
[2023-01-01T13:37:47.712+0000] {standard_task_runner.py:82} INFO - Running: ['***', 'tasks', 'run', 'dpt_cosmetic', 'split_files_by_source', 'manual__2023-01-01T13:37:42.462443+00:00', '--job-id', '176', '--raw', '--subdir', 'DAGS_FOLDER/main.py', '--cfg-path', '/tmp/tmpiio5_kc1']
[2023-01-01T13:37:47.715+0000] {standard_task_runner.py:83} INFO - Job 176: Subtask split_files_by_source
[2023-01-01T13:37:47.973+0000] {task_command.py:376} INFO - Running <TaskInstance: dpt_cosmetic.split_files_by_source manual__2023-01-01T13:37:42.462443+00:00 [running]> on host 6bd76effbc07
[2023-01-01T13:37:48.335+0000] {taskinstance.py:1592} INFO - Exporting the following env vars:
AIRFLOW_CTX_DAG_OWNER=***
AIRFLOW_CTX_DAG_ID=dpt_cosmetic
AIRFLOW_CTX_TASK_ID=split_files_by_source
AIRFLOW_CTX_EXECUTION_DATE=2023-01-01T13:37:42.462443+00:00
AIRFLOW_CTX_TRY_NUMBER=1
AIRFLOW_CTX_DAG_RUN_ID=manual__2023-01-01T13:37:42.462443+00:00
[2023-01-01T13:37:48.340+0000] {subprocess.py:63} INFO - Tmp dir root location: 
 /tmp
[2023-01-01T13:37:48.344+0000] {subprocess.py:75} INFO - Running command: ['/bin/bash', '-c', 'sleep 1']
[2023-01-01T13:37:48.376+0000] {subprocess.py:86} INFO - Output:
[2023-01-01T13:37:49.393+0000] {subprocess.py:97} INFO - Command exited with return code 0
[2023-01-01T13:37:49.503+0000] {taskinstance.py:1406} INFO - Marking task as SUCCESS. dag_id=dpt_cosmetic, task_id=split_files_by_source, execution_date=20230101T133742, start_date=20230101T133747, end_date=20230101T133749
[2023-01-01T13:37:49.586+0000] {local_task_job.py:164} INFO - Task exited with return code 0
[2023-01-01T13:37:49.755+0000] {local_task_job.py:273} INFO - 2 downstream tasks scheduled from follow-on schedule check
