[2023-01-01T01:33:45.942+0000] {taskinstance.py:1165} INFO - Dependencies all met for <TaskInstance: dpt_cosmetic.user.extract manual__2023-01-01T01:33:31.150824+00:00 [queued]>
[2023-01-01T01:33:46.021+0000] {taskinstance.py:1165} INFO - Dependencies all met for <TaskInstance: dpt_cosmetic.user.extract manual__2023-01-01T01:33:31.150824+00:00 [queued]>
[2023-01-01T01:33:46.024+0000] {taskinstance.py:1362} INFO - 
--------------------------------------------------------------------------------
[2023-01-01T01:33:46.026+0000] {taskinstance.py:1363} INFO - Starting attempt 1 of 1
[2023-01-01T01:33:46.028+0000] {taskinstance.py:1364} INFO - 
--------------------------------------------------------------------------------
[2023-01-01T01:33:46.154+0000] {taskinstance.py:1383} INFO - Executing <Task(ExtractOperator): user.extract> on 2023-01-01 01:33:31.150824+00:00
[2023-01-01T01:33:46.174+0000] {standard_task_runner.py:55} INFO - Started process 1084 to run task
[2023-01-01T01:33:46.193+0000] {standard_task_runner.py:82} INFO - Running: ['***', 'tasks', 'run', 'dpt_cosmetic', 'user.extract', 'manual__2023-01-01T01:33:31.150824+00:00', '--job-id', '156', '--raw', '--subdir', 'DAGS_FOLDER/main.py', '--cfg-path', '/tmp/tmpm7g1hzv2']
[2023-01-01T01:33:46.196+0000] {standard_task_runner.py:83} INFO - Job 156: Subtask user.extract
[2023-01-01T01:33:46.527+0000] {task_command.py:376} INFO - Running <TaskInstance: dpt_cosmetic.user.extract manual__2023-01-01T01:33:31.150824+00:00 [running]> on host 6bd76effbc07
[2023-01-01T01:33:46.945+0000] {taskinstance.py:1592} INFO - Exporting the following env vars:
AIRFLOW_CTX_DAG_OWNER=***
AIRFLOW_CTX_DAG_ID=dpt_cosmetic
AIRFLOW_CTX_TASK_ID=user.extract
AIRFLOW_CTX_EXECUTION_DATE=2023-01-01T01:33:31.150824+00:00
AIRFLOW_CTX_TRY_NUMBER=1
AIRFLOW_CTX_DAG_RUN_ID=manual__2023-01-01T01:33:31.150824+00:00
[2023-01-01T01:33:47.185+0000] {taskinstance.py:1406} INFO - Marking task as SUCCESS. dag_id=dpt_cosmetic, task_id=user.extract, execution_date=20230101T013331, start_date=20230101T013345, end_date=20230101T013347
[2023-01-01T01:33:47.289+0000] {local_task_job.py:164} INFO - Task exited with return code 0
[2023-01-01T01:33:47.425+0000] {local_task_job.py:273} INFO - 0 downstream tasks scheduled from follow-on schedule check
