[2023-01-07T05:32:52.094+0000] {taskinstance.py:1165} INFO - Dependencies all met for <TaskInstance: dpt_cosmetic.website.check_file_exists manual__2023-01-07T05:31:50.438921+00:00 [queued]>
[2023-01-07T05:32:52.325+0000] {taskinstance.py:1165} INFO - Dependencies all met for <TaskInstance: dpt_cosmetic.website.check_file_exists manual__2023-01-07T05:31:50.438921+00:00 [queued]>
[2023-01-07T05:32:52.327+0000] {taskinstance.py:1362} INFO - 
--------------------------------------------------------------------------------
[2023-01-07T05:32:52.329+0000] {taskinstance.py:1363} INFO - Starting attempt 1 of 1
[2023-01-07T05:32:52.335+0000] {taskinstance.py:1364} INFO - 
--------------------------------------------------------------------------------
[2023-01-07T05:32:53.031+0000] {taskinstance.py:1383} INFO - Executing <Task(BashOperator): website.check_file_exists> on 2023-01-07 05:31:50.438921+00:00
[2023-01-07T05:32:53.129+0000] {standard_task_runner.py:55} INFO - Started process 164 to run task
[2023-01-07T05:32:53.209+0000] {standard_task_runner.py:82} INFO - Running: ['***', 'tasks', 'run', 'dpt_cosmetic', 'website.check_file_exists', 'manual__2023-01-07T05:31:50.438921+00:00', '--job-id', '631', '--raw', '--subdir', 'DAGS_FOLDER/main.py', '--cfg-path', '/tmp/tmp071saedr']
[2023-01-07T05:32:53.254+0000] {standard_task_runner.py:83} INFO - Job 631: Subtask website.check_file_exists
[2023-01-07T05:32:54.378+0000] {task_command.py:376} INFO - Running <TaskInstance: dpt_cosmetic.website.check_file_exists manual__2023-01-07T05:31:50.438921+00:00 [running]> on host fdf4acf1d8ed
[2023-01-07T05:32:55.630+0000] {taskinstance.py:1592} INFO - Exporting the following env vars:
AIRFLOW_CTX_DAG_OWNER=***
AIRFLOW_CTX_DAG_ID=dpt_cosmetic
AIRFLOW_CTX_TASK_ID=website.check_file_exists
AIRFLOW_CTX_EXECUTION_DATE=2023-01-07T05:31:50.438921+00:00
AIRFLOW_CTX_TRY_NUMBER=1
AIRFLOW_CTX_DAG_RUN_ID=manual__2023-01-07T05:31:50.438921+00:00
[2023-01-07T05:32:55.650+0000] {subprocess.py:63} INFO - Tmp dir root location: 
 /tmp
[2023-01-07T05:32:55.671+0000] {subprocess.py:75} INFO - Running command: ['/bin/bash', '-c', 'sleep 1']
[2023-01-07T05:32:55.794+0000] {subprocess.py:86} INFO - Output:
[2023-01-07T05:32:56.807+0000] {subprocess.py:97} INFO - Command exited with return code 0
[2023-01-07T05:32:57.023+0000] {taskinstance.py:1406} INFO - Marking task as SUCCESS. dag_id=dpt_cosmetic, task_id=website.check_file_exists, execution_date=20230107T053150, start_date=20230107T053252, end_date=20230107T053257
[2023-01-07T05:32:57.731+0000] {local_task_job.py:164} INFO - Task exited with return code 0
[2023-01-07T05:32:58.246+0000] {local_task_job.py:273} INFO - 1 downstream tasks scheduled from follow-on schedule check
