[2022-12-31T23:12:36.588+0000] {taskinstance.py:1165} INFO - Dependencies all met for <TaskInstance: dpt_cosmetic.transaction.extract manual__2022-12-31T23:12:20.457254+00:00 [queued]>
[2022-12-31T23:12:36.654+0000] {taskinstance.py:1165} INFO - Dependencies all met for <TaskInstance: dpt_cosmetic.transaction.extract manual__2022-12-31T23:12:20.457254+00:00 [queued]>
[2022-12-31T23:12:36.656+0000] {taskinstance.py:1362} INFO - 
--------------------------------------------------------------------------------
[2022-12-31T23:12:36.658+0000] {taskinstance.py:1363} INFO - Starting attempt 1 of 1
[2022-12-31T23:12:36.660+0000] {taskinstance.py:1364} INFO - 
--------------------------------------------------------------------------------
[2022-12-31T23:12:36.764+0000] {taskinstance.py:1383} INFO - Executing <Task(ExtractOperator): transaction.extract> on 2022-12-31 23:12:20.457254+00:00
[2022-12-31T23:12:36.783+0000] {standard_task_runner.py:55} INFO - Started process 148 to run task
[2022-12-31T23:12:36.799+0000] {standard_task_runner.py:82} INFO - Running: ['***', 'tasks', 'run', 'dpt_cosmetic', 'transaction.extract', 'manual__2022-12-31T23:12:20.457254+00:00', '--job-id', '40', '--raw', '--subdir', 'DAGS_FOLDER/main.py', '--cfg-path', '/tmp/tmppo6ftfdw']
[2022-12-31T23:12:36.802+0000] {standard_task_runner.py:83} INFO - Job 40: Subtask transaction.extract
[2022-12-31T23:12:37.082+0000] {task_command.py:376} INFO - Running <TaskInstance: dpt_cosmetic.transaction.extract manual__2022-12-31T23:12:20.457254+00:00 [running]> on host 6bd76effbc07
[2022-12-31T23:12:37.460+0000] {taskinstance.py:1592} INFO - Exporting the following env vars:
AIRFLOW_CTX_DAG_OWNER=***
AIRFLOW_CTX_DAG_ID=dpt_cosmetic
AIRFLOW_CTX_TASK_ID=transaction.extract
AIRFLOW_CTX_EXECUTION_DATE=2022-12-31T23:12:20.457254+00:00
AIRFLOW_CTX_TRY_NUMBER=1
AIRFLOW_CTX_DAG_RUN_ID=manual__2022-12-31T23:12:20.457254+00:00
[2022-12-31T23:12:37.703+0000] {taskinstance.py:1851} ERROR - Task failed with exception
Traceback (most recent call last):
  File "/opt/airflow/dags/utilties/extract_operator.py", line 25, in execute
    data.to_csv("../storage/{}_{}.csv".format(self.db_collection,self.filter['start']))
  File "/home/airflow/.local/lib/python3.7/site-packages/pandas/core/generic.py", line 3482, in to_csv
    storage_options=storage_options,
  File "/home/airflow/.local/lib/python3.7/site-packages/pandas/io/formats/format.py", line 1105, in to_csv
    csv_formatter.save()
  File "/home/airflow/.local/lib/python3.7/site-packages/pandas/io/formats/csvs.py", line 243, in save
    storage_options=self.storage_options,
  File "/home/airflow/.local/lib/python3.7/site-packages/pandas/io/common.py", line 707, in get_handle
    newline="",
FileNotFoundError: [Errno 2] No such file or directory: '../storage/transaction_2022-12-31 00:00:00.csv'
[2022-12-31T23:12:37.799+0000] {taskinstance.py:1406} INFO - Marking task as FAILED. dag_id=dpt_cosmetic, task_id=transaction.extract, execution_date=20221231T231220, start_date=20221231T231236, end_date=20221231T231237
[2022-12-31T23:12:37.859+0000] {standard_task_runner.py:105} ERROR - Failed to execute job 40 for task transaction.extract ([Errno 2] No such file or directory: '../storage/transaction_2022-12-31 00:00:00.csv'; 148)
[2022-12-31T23:12:37.896+0000] {local_task_job.py:164} INFO - Task exited with return code 1
[2022-12-31T23:12:38.012+0000] {local_task_job.py:273} INFO - 0 downstream tasks scheduled from follow-on schedule check
