[2022-12-31T23:46:44.413+0000] {taskinstance.py:1165} INFO - Dependencies all met for <TaskInstance: dpt_cosmetic.user.extract manual__2022-12-31T23:46:30.593435+00:00 [queued]>
[2022-12-31T23:46:44.461+0000] {taskinstance.py:1165} INFO - Dependencies all met for <TaskInstance: dpt_cosmetic.user.extract manual__2022-12-31T23:46:30.593435+00:00 [queued]>
[2022-12-31T23:46:44.463+0000] {taskinstance.py:1362} INFO - 
--------------------------------------------------------------------------------
[2022-12-31T23:46:44.465+0000] {taskinstance.py:1363} INFO - Starting attempt 1 of 1
[2022-12-31T23:46:44.466+0000] {taskinstance.py:1364} INFO - 
--------------------------------------------------------------------------------
[2022-12-31T23:46:44.545+0000] {taskinstance.py:1383} INFO - Executing <Task(ExtractOperator): user.extract> on 2022-12-31 23:46:30.593435+00:00
[2022-12-31T23:46:44.560+0000] {standard_task_runner.py:55} INFO - Started process 447 to run task
[2022-12-31T23:46:44.577+0000] {standard_task_runner.py:82} INFO - Running: ['***', 'tasks', 'run', 'dpt_cosmetic', 'user.extract', 'manual__2022-12-31T23:46:30.593435+00:00', '--job-id', '75', '--raw', '--subdir', 'DAGS_FOLDER/main.py', '--cfg-path', '/tmp/tmpqdcwr3qx']
[2022-12-31T23:46:44.580+0000] {standard_task_runner.py:83} INFO - Job 75: Subtask user.extract
[2022-12-31T23:46:44.903+0000] {task_command.py:376} INFO - Running <TaskInstance: dpt_cosmetic.user.extract manual__2022-12-31T23:46:30.593435+00:00 [running]> on host 6bd76effbc07
[2022-12-31T23:46:45.247+0000] {taskinstance.py:1592} INFO - Exporting the following env vars:
AIRFLOW_CTX_DAG_OWNER=***
AIRFLOW_CTX_DAG_ID=dpt_cosmetic
AIRFLOW_CTX_TASK_ID=user.extract
AIRFLOW_CTX_EXECUTION_DATE=2022-12-31T23:46:30.593435+00:00
AIRFLOW_CTX_TRY_NUMBER=1
AIRFLOW_CTX_DAG_RUN_ID=manual__2022-12-31T23:46:30.593435+00:00
[2022-12-31T23:46:45.417+0000] {logging_mixin.py:120} INFO - []
[2022-12-31T23:46:45.484+0000] {taskinstance.py:1406} INFO - Marking task as SUCCESS. dag_id=dpt_cosmetic, task_id=user.extract, execution_date=20221231T234630, start_date=20221231T234644, end_date=20221231T234645
[2022-12-31T23:46:45.592+0000] {local_task_job.py:164} INFO - Task exited with return code 0
[2022-12-31T23:46:45.778+0000] {local_task_job.py:273} INFO - 0 downstream tasks scheduled from follow-on schedule check
