[2023-01-07T01:58:09.872+0000] {taskinstance.py:1165} INFO - Dependencies all met for <TaskInstance: dpt_cosmetic.user_01.insert_data manual__2023-01-07T01:56:33.607260+00:00 [queued]>
[2023-01-07T01:58:09.966+0000] {taskinstance.py:1165} INFO - Dependencies all met for <TaskInstance: dpt_cosmetic.user_01.insert_data manual__2023-01-07T01:56:33.607260+00:00 [queued]>
[2023-01-07T01:58:09.968+0000] {taskinstance.py:1362} INFO - 
--------------------------------------------------------------------------------
[2023-01-07T01:58:09.972+0000] {taskinstance.py:1363} INFO - Starting attempt 1 of 1
[2023-01-07T01:58:09.974+0000] {taskinstance.py:1364} INFO - 
--------------------------------------------------------------------------------
[2023-01-07T01:58:10.070+0000] {taskinstance.py:1383} INFO - Executing <Task(GCSToBigQueryOperator): user_01.insert_data> on 2023-01-07 01:56:33.607260+00:00
[2023-01-07T01:58:10.090+0000] {standard_task_runner.py:55} INFO - Started process 229 to run task
[2023-01-07T01:58:10.104+0000] {standard_task_runner.py:82} INFO - Running: ['***', 'tasks', 'run', 'dpt_cosmetic', 'user_01.insert_data', 'manual__2023-01-07T01:56:33.607260+00:00', '--job-id', '506', '--raw', '--subdir', 'DAGS_FOLDER/main.py', '--cfg-path', '/tmp/tmpu7xkd73o']
[2023-01-07T01:58:10.112+0000] {standard_task_runner.py:83} INFO - Job 506: Subtask user_01.insert_data
[2023-01-07T01:58:10.403+0000] {task_command.py:376} INFO - Running <TaskInstance: dpt_cosmetic.user_01.insert_data manual__2023-01-07T01:56:33.607260+00:00 [running]> on host fdf4acf1d8ed
[2023-01-07T01:58:10.747+0000] {taskinstance.py:1592} INFO - Exporting the following env vars:
AIRFLOW_CTX_DAG_OWNER=***
AIRFLOW_CTX_DAG_ID=dpt_cosmetic
AIRFLOW_CTX_TASK_ID=user_01.insert_data
AIRFLOW_CTX_EXECUTION_DATE=2023-01-07T01:56:33.607260+00:00
AIRFLOW_CTX_TRY_NUMBER=1
AIRFLOW_CTX_DAG_RUN_ID=manual__2023-01-07T01:56:33.607260+00:00
[2023-01-07T01:58:10.751+0000] {connection.py:429} ERROR - Unable to retrieve connection from secrets backend (EnvironmentVariablesBackend). Checking subsequent secrets backend.
Traceback (most recent call last):
  File "/home/airflow/.local/lib/python3.7/site-packages/airflow/models/connection.py", line 422, in get_connection_from_secrets
    conn = secrets_backend.get_connection(conn_id=conn_id)
  File "/home/airflow/.local/lib/python3.7/site-packages/airflow/secrets/base_secrets.py", line 115, in get_connection
    return self.deserialize_connection(conn_id=conn_id, value=value)
  File "/home/airflow/.local/lib/python3.7/site-packages/airflow/secrets/base_secrets.py", line 67, in deserialize_connection
    return Connection.from_json(conn_id=conn_id, value=value)
  File "/home/airflow/.local/lib/python3.7/site-packages/airflow/models/connection.py", line 449, in from_json
    return Connection(conn_id=conn_id, **kwargs)
TypeError: __init__() got an unexpected keyword argument 'key_path'
[2023-01-07T01:58:10.801+0000] {base.py:71} INFO - Using connection ID 'google_cloud_default' for task execution.
[2023-01-07T01:58:10.805+0000] {connection.py:429} ERROR - Unable to retrieve connection from secrets backend (EnvironmentVariablesBackend). Checking subsequent secrets backend.
Traceback (most recent call last):
  File "/home/airflow/.local/lib/python3.7/site-packages/airflow/models/connection.py", line 422, in get_connection_from_secrets
    conn = secrets_backend.get_connection(conn_id=conn_id)
  File "/home/airflow/.local/lib/python3.7/site-packages/airflow/secrets/base_secrets.py", line 115, in get_connection
    return self.deserialize_connection(conn_id=conn_id, value=value)
  File "/home/airflow/.local/lib/python3.7/site-packages/airflow/secrets/base_secrets.py", line 67, in deserialize_connection
    return Connection.from_json(conn_id=conn_id, value=value)
  File "/home/airflow/.local/lib/python3.7/site-packages/airflow/models/connection.py", line 449, in from_json
    return Connection(conn_id=conn_id, **kwargs)
TypeError: __init__() got an unexpected keyword argument 'key_path'
[2023-01-07T01:58:10.834+0000] {base.py:71} INFO - Using connection ID 'google_cloud_default' for task execution.
[2023-01-07T01:58:11.573+0000] {bigquery.py:2842} INFO - Project not included in destination_project_dataset_table: cosmetic.user; using project "my-kubeflow-370515"
[2023-01-07T01:58:11.578+0000] {bigquery.py:1554} INFO - Inserting job ***_1673056691576693_fd5c66ede182764ffa4c64a2f12ee9a3
[2023-01-07T01:58:14.005+0000] {taskinstance.py:1406} INFO - Marking task as SUCCESS. dag_id=dpt_cosmetic, task_id=user_01.insert_data, execution_date=20230107T015633, start_date=20230107T015809, end_date=20230107T015814
[2023-01-07T01:58:14.146+0000] {local_task_job.py:164} INFO - Task exited with return code 0
[2023-01-07T01:58:14.285+0000] {local_task_job.py:273} INFO - 0 downstream tasks scheduled from follow-on schedule check
