[2023-01-07T05:18:49.336+0000] {taskinstance.py:1165} INFO - Dependencies all met for <TaskInstance: dpt_cosmetic.private_info.transform manual__2023-01-07T05:15:53.603562+00:00 [queued]>
[2023-01-07T05:18:49.866+0000] {taskinstance.py:1165} INFO - Dependencies all met for <TaskInstance: dpt_cosmetic.private_info.transform manual__2023-01-07T05:15:53.603562+00:00 [queued]>
[2023-01-07T05:18:49.906+0000] {taskinstance.py:1362} INFO - 
--------------------------------------------------------------------------------
[2023-01-07T05:18:49.926+0000] {taskinstance.py:1363} INFO - Starting attempt 1 of 1
[2023-01-07T05:18:49.943+0000] {taskinstance.py:1364} INFO - 
--------------------------------------------------------------------------------
[2023-01-07T05:18:51.290+0000] {taskinstance.py:1383} INFO - Executing <Task(BashOperator): private_info.transform> on 2023-01-07 05:15:53.603562+00:00
[2023-01-07T05:18:51.550+0000] {standard_task_runner.py:55} INFO - Started process 484 to run task
[2023-01-07T05:18:51.650+0000] {standard_task_runner.py:82} INFO - Running: ['***', 'tasks', 'run', 'dpt_cosmetic', 'private_info.transform', 'manual__2023-01-07T05:15:53.603562+00:00', '--job-id', '576', '--raw', '--subdir', 'DAGS_FOLDER/main.py', '--cfg-path', '/tmp/tmplu0vb5ws']
[2023-01-07T05:18:51.706+0000] {standard_task_runner.py:83} INFO - Job 576: Subtask private_info.transform
[2023-01-07T05:18:53.376+0000] {task_command.py:376} INFO - Running <TaskInstance: dpt_cosmetic.private_info.transform manual__2023-01-07T05:15:53.603562+00:00 [running]> on host fdf4acf1d8ed
[2023-01-07T05:18:54.697+0000] {taskinstance.py:1592} INFO - Exporting the following env vars:
AIRFLOW_CTX_DAG_OWNER=***
AIRFLOW_CTX_DAG_ID=dpt_cosmetic
AIRFLOW_CTX_TASK_ID=private_info.transform
AIRFLOW_CTX_EXECUTION_DATE=2023-01-07T05:15:53.603562+00:00
AIRFLOW_CTX_TRY_NUMBER=1
AIRFLOW_CTX_DAG_RUN_ID=manual__2023-01-07T05:15:53.603562+00:00
[2023-01-07T05:18:54.710+0000] {subprocess.py:63} INFO - Tmp dir root location: 
 /tmp
[2023-01-07T05:18:54.718+0000] {subprocess.py:75} INFO - Running command: ['/bin/bash', '-c', 'sleep 1']
[2023-01-07T05:18:54.968+0000] {subprocess.py:86} INFO - Output:
[2023-01-07T05:18:56.056+0000] {subprocess.py:97} INFO - Command exited with return code 0
[2023-01-07T05:18:57.204+0000] {taskinstance.py:1406} INFO - Marking task as SUCCESS. dag_id=dpt_cosmetic, task_id=private_info.transform, execution_date=20230107T051553, start_date=20230107T051849, end_date=20230107T051857
[2023-01-07T05:18:57.973+0000] {local_task_job.py:164} INFO - Task exited with return code 0
[2023-01-07T05:18:59.165+0000] {local_task_job.py:273} INFO - 0 downstream tasks scheduled from follow-on schedule check
