[2023-01-07T01:57:34.487+0000] {taskinstance.py:1165} INFO - Dependencies all met for <TaskInstance: dpt_cosmetic.website.check_file_exists scheduled__2023-01-06T00:00:00+00:00 [queued]>
[2023-01-07T01:57:34.670+0000] {taskinstance.py:1165} INFO - Dependencies all met for <TaskInstance: dpt_cosmetic.website.check_file_exists scheduled__2023-01-06T00:00:00+00:00 [queued]>
[2023-01-07T01:57:34.681+0000] {taskinstance.py:1362} INFO - 
--------------------------------------------------------------------------------
[2023-01-07T01:57:34.682+0000] {taskinstance.py:1363} INFO - Starting attempt 1 of 1
[2023-01-07T01:57:34.699+0000] {taskinstance.py:1364} INFO - 
--------------------------------------------------------------------------------
[2023-01-07T01:57:34.862+0000] {taskinstance.py:1383} INFO - Executing <Task(BashOperator): website.check_file_exists> on 2023-01-06 00:00:00+00:00
[2023-01-07T01:57:34.901+0000] {standard_task_runner.py:55} INFO - Started process 166 to run task
[2023-01-07T01:57:34.958+0000] {standard_task_runner.py:82} INFO - Running: ['***', 'tasks', 'run', 'dpt_cosmetic', 'website.check_file_exists', 'scheduled__2023-01-06T00:00:00+00:00', '--job-id', '484', '--raw', '--subdir', 'DAGS_FOLDER/main.py', '--cfg-path', '/tmp/tmptjfyva_7']
[2023-01-07T01:57:34.971+0000] {standard_task_runner.py:83} INFO - Job 484: Subtask website.check_file_exists
[2023-01-07T01:57:35.085+0000] {warnings.py:110} WARNING - /home/***/.local/lib/python3.7/site-packages/***/configuration.py:545: DeprecationWarning: The sql_alchemy_conn option in [core] has been moved to the sql_alchemy_conn option in [database] - the old setting has been used, but please update your config.
  option = self._get_environment_variables(deprecated_key, deprecated_section, key, section)

[2023-01-07T01:57:35.711+0000] {task_command.py:376} INFO - Running <TaskInstance: dpt_cosmetic.website.check_file_exists scheduled__2023-01-06T00:00:00+00:00 [running]> on host fdf4acf1d8ed
[2023-01-07T01:57:37.067+0000] {taskinstance.py:1592} INFO - Exporting the following env vars:
AIRFLOW_CTX_DAG_OWNER=***
AIRFLOW_CTX_DAG_ID=dpt_cosmetic
AIRFLOW_CTX_TASK_ID=website.check_file_exists
AIRFLOW_CTX_EXECUTION_DATE=2023-01-06T00:00:00+00:00
AIRFLOW_CTX_TRY_NUMBER=1
AIRFLOW_CTX_DAG_RUN_ID=scheduled__2023-01-06T00:00:00+00:00
[2023-01-07T01:57:37.072+0000] {subprocess.py:63} INFO - Tmp dir root location: 
 /tmp
[2023-01-07T01:57:37.075+0000] {subprocess.py:75} INFO - Running command: ['/bin/bash', '-c', 'sleep 1']
[2023-01-07T01:57:37.190+0000] {subprocess.py:86} INFO - Output:
[2023-01-07T01:57:38.228+0000] {subprocess.py:97} INFO - Command exited with return code 0
[2023-01-07T01:57:38.396+0000] {taskinstance.py:1406} INFO - Marking task as SUCCESS. dag_id=dpt_cosmetic, task_id=website.check_file_exists, execution_date=20230106T000000, start_date=20230107T015734, end_date=20230107T015738
[2023-01-07T01:57:38.654+0000] {local_task_job.py:164} INFO - Task exited with return code 0
[2023-01-07T01:57:38.982+0000] {local_task_job.py:273} INFO - 1 downstream tasks scheduled from follow-on schedule check
[2023-01-07T05:18:51.591+0000] {taskinstance.py:1165} INFO - Dependencies all met for <TaskInstance: dpt_cosmetic.website.check_file_exists scheduled__2023-01-06T00:00:00+00:00 [queued]>
[2023-01-07T05:18:51.930+0000] {taskinstance.py:1165} INFO - Dependencies all met for <TaskInstance: dpt_cosmetic.website.check_file_exists scheduled__2023-01-06T00:00:00+00:00 [queued]>
[2023-01-07T05:18:51.941+0000] {taskinstance.py:1362} INFO - 
--------------------------------------------------------------------------------
[2023-01-07T05:18:51.953+0000] {taskinstance.py:1363} INFO - Starting attempt 1 of 1
[2023-01-07T05:18:51.955+0000] {taskinstance.py:1364} INFO - 
--------------------------------------------------------------------------------
[2023-01-07T05:18:52.315+0000] {taskinstance.py:1383} INFO - Executing <Task(BashOperator): website.check_file_exists> on 2023-01-06 00:00:00+00:00
[2023-01-07T05:18:52.470+0000] {standard_task_runner.py:55} INFO - Started process 485 to run task
[2023-01-07T05:18:52.780+0000] {standard_task_runner.py:82} INFO - Running: ['***', 'tasks', 'run', 'dpt_cosmetic', 'website.check_file_exists', 'scheduled__2023-01-06T00:00:00+00:00', '--job-id', '577', '--raw', '--subdir', 'DAGS_FOLDER/main.py', '--cfg-path', '/tmp/tmpxs2op_uj']
[2023-01-07T05:18:52.955+0000] {standard_task_runner.py:83} INFO - Job 577: Subtask website.check_file_exists
[2023-01-07T05:18:53.252+0000] {warnings.py:110} WARNING - /home/***/.local/lib/python3.7/site-packages/***/configuration.py:545: DeprecationWarning: The sql_alchemy_conn option in [core] has been moved to the sql_alchemy_conn option in [database] - the old setting has been used, but please update your config.
  option = self._get_environment_variables(deprecated_key, deprecated_section, key, section)

[2023-01-07T05:18:54.538+0000] {task_command.py:376} INFO - Running <TaskInstance: dpt_cosmetic.website.check_file_exists scheduled__2023-01-06T00:00:00+00:00 [running]> on host fdf4acf1d8ed
[2023-01-07T05:18:56.870+0000] {taskinstance.py:1592} INFO - Exporting the following env vars:
AIRFLOW_CTX_DAG_OWNER=***
AIRFLOW_CTX_DAG_ID=dpt_cosmetic
AIRFLOW_CTX_TASK_ID=website.check_file_exists
AIRFLOW_CTX_EXECUTION_DATE=2023-01-06T00:00:00+00:00
AIRFLOW_CTX_TRY_NUMBER=1
AIRFLOW_CTX_DAG_RUN_ID=scheduled__2023-01-06T00:00:00+00:00
[2023-01-07T05:18:56.962+0000] {subprocess.py:63} INFO - Tmp dir root location: 
 /tmp
[2023-01-07T05:18:57.012+0000] {subprocess.py:75} INFO - Running command: ['/bin/bash', '-c', 'sleep 1']
[2023-01-07T05:18:57.406+0000] {subprocess.py:86} INFO - Output:
[2023-01-07T05:18:58.586+0000] {subprocess.py:97} INFO - Command exited with return code 0
[2023-01-07T05:18:59.931+0000] {taskinstance.py:1406} INFO - Marking task as SUCCESS. dag_id=dpt_cosmetic, task_id=website.check_file_exists, execution_date=20230106T000000, start_date=20230107T051851, end_date=20230107T051859
[2023-01-07T05:19:00.775+0000] {local_task_job.py:164} INFO - Task exited with return code 0
[2023-01-07T05:19:01.847+0000] {local_task_job.py:273} INFO - 0 downstream tasks scheduled from follow-on schedule check
[2023-01-07T05:32:35.338+0000] {taskinstance.py:1165} INFO - Dependencies all met for <TaskInstance: dpt_cosmetic.website.check_file_exists scheduled__2023-01-06T00:00:00+00:00 [queued]>
[2023-01-07T05:32:35.490+0000] {taskinstance.py:1165} INFO - Dependencies all met for <TaskInstance: dpt_cosmetic.website.check_file_exists scheduled__2023-01-06T00:00:00+00:00 [queued]>
[2023-01-07T05:32:35.491+0000] {taskinstance.py:1362} INFO - 
--------------------------------------------------------------------------------
[2023-01-07T05:32:35.509+0000] {taskinstance.py:1363} INFO - Starting attempt 1 of 1
[2023-01-07T05:32:35.511+0000] {taskinstance.py:1364} INFO - 
--------------------------------------------------------------------------------
[2023-01-07T05:32:35.807+0000] {taskinstance.py:1383} INFO - Executing <Task(BashOperator): website.check_file_exists> on 2023-01-06 00:00:00+00:00
[2023-01-07T05:32:35.838+0000] {standard_task_runner.py:55} INFO - Started process 136 to run task
[2023-01-07T05:32:35.865+0000] {standard_task_runner.py:82} INFO - Running: ['***', 'tasks', 'run', 'dpt_cosmetic', 'website.check_file_exists', 'scheduled__2023-01-06T00:00:00+00:00', '--job-id', '622', '--raw', '--subdir', 'DAGS_FOLDER/main.py', '--cfg-path', '/tmp/tmphg_10ng8']
[2023-01-07T05:32:35.899+0000] {standard_task_runner.py:83} INFO - Job 622: Subtask website.check_file_exists
[2023-01-07T05:32:36.028+0000] {warnings.py:110} WARNING - /home/***/.local/lib/python3.7/site-packages/***/configuration.py:545: DeprecationWarning: The sql_alchemy_conn option in [core] has been moved to the sql_alchemy_conn option in [database] - the old setting has been used, but please update your config.
  option = self._get_environment_variables(deprecated_key, deprecated_section, key, section)

[2023-01-07T05:32:36.676+0000] {task_command.py:376} INFO - Running <TaskInstance: dpt_cosmetic.website.check_file_exists scheduled__2023-01-06T00:00:00+00:00 [running]> on host fdf4acf1d8ed
[2023-01-07T05:32:37.475+0000] {taskinstance.py:1592} INFO - Exporting the following env vars:
AIRFLOW_CTX_DAG_OWNER=***
AIRFLOW_CTX_DAG_ID=dpt_cosmetic
AIRFLOW_CTX_TASK_ID=website.check_file_exists
AIRFLOW_CTX_EXECUTION_DATE=2023-01-06T00:00:00+00:00
AIRFLOW_CTX_TRY_NUMBER=1
AIRFLOW_CTX_DAG_RUN_ID=scheduled__2023-01-06T00:00:00+00:00
[2023-01-07T05:32:37.504+0000] {subprocess.py:63} INFO - Tmp dir root location: 
 /tmp
[2023-01-07T05:32:37.539+0000] {subprocess.py:75} INFO - Running command: ['/bin/bash', '-c', 'sleep 1']
[2023-01-07T05:32:37.665+0000] {subprocess.py:86} INFO - Output:
[2023-01-07T05:32:38.692+0000] {subprocess.py:97} INFO - Command exited with return code 0
[2023-01-07T05:32:38.987+0000] {taskinstance.py:1406} INFO - Marking task as SUCCESS. dag_id=dpt_cosmetic, task_id=website.check_file_exists, execution_date=20230106T000000, start_date=20230107T053235, end_date=20230107T053238
[2023-01-07T05:32:39.468+0000] {local_task_job.py:164} INFO - Task exited with return code 0
[2023-01-07T05:32:40.559+0000] {local_task_job.py:273} INFO - 1 downstream tasks scheduled from follow-on schedule check
