[2023-01-07T05:08:57.729+0000] {taskinstance.py:1165} INFO - Dependencies all met for <TaskInstance: bq_process.conversion_stats.check_table manual__2023-01-07T05:08:48.661881+00:00 [queued]>
[2023-01-07T05:08:57.799+0000] {taskinstance.py:1165} INFO - Dependencies all met for <TaskInstance: bq_process.conversion_stats.check_table manual__2023-01-07T05:08:48.661881+00:00 [queued]>
[2023-01-07T05:08:57.801+0000] {taskinstance.py:1362} INFO - 
--------------------------------------------------------------------------------
[2023-01-07T05:08:57.803+0000] {taskinstance.py:1363} INFO - Starting attempt 1 of 1
[2023-01-07T05:08:57.806+0000] {taskinstance.py:1364} INFO - 
--------------------------------------------------------------------------------
[2023-01-07T05:08:57.958+0000] {taskinstance.py:1383} INFO - Executing <Task(BranchPythonOperator): conversion_stats.check_table> on 2023-01-07 05:08:48.661881+00:00
[2023-01-07T05:08:57.980+0000] {standard_task_runner.py:55} INFO - Started process 329 to run task
[2023-01-07T05:08:58.009+0000] {standard_task_runner.py:82} INFO - Running: ['***', 'tasks', 'run', 'bq_process', 'conversion_stats.check_table', 'manual__2023-01-07T05:08:48.661881+00:00', '--job-id', '538', '--raw', '--subdir', 'DAGS_FOLDER/bigquery_dag.py', '--cfg-path', '/tmp/tmpqtj9zgfk']
[2023-01-07T05:08:58.037+0000] {standard_task_runner.py:83} INFO - Job 538: Subtask conversion_stats.check_table
[2023-01-07T05:08:58.558+0000] {task_command.py:376} INFO - Running <TaskInstance: bq_process.conversion_stats.check_table manual__2023-01-07T05:08:48.661881+00:00 [running]> on host fdf4acf1d8ed
[2023-01-07T05:08:58.970+0000] {taskinstance.py:1592} INFO - Exporting the following env vars:
AIRFLOW_CTX_DAG_OWNER=***
AIRFLOW_CTX_DAG_ID=bq_process
AIRFLOW_CTX_TASK_ID=conversion_stats.check_table
AIRFLOW_CTX_EXECUTION_DATE=2023-01-07T05:08:48.661881+00:00
AIRFLOW_CTX_TRY_NUMBER=1
AIRFLOW_CTX_DAG_RUN_ID=manual__2023-01-07T05:08:48.661881+00:00
[2023-01-07T05:08:59.646+0000] {python.py:177} INFO - Done. Returned value was: conversion_stats.execute_query
[2023-01-07T05:08:59.650+0000] {skipmixin.py:155} INFO - Following branch conversion_stats.execute_query
[2023-01-07T05:08:59.652+0000] {skipmixin.py:190} INFO - Skipping tasks ['conversion_stats.create_table']
[2023-01-07T05:08:59.880+0000] {taskinstance.py:1406} INFO - Marking task as SUCCESS. dag_id=bq_process, task_id=conversion_stats.check_table, execution_date=20230107T050848, start_date=20230107T050857, end_date=20230107T050859
[2023-01-07T05:09:00.049+0000] {local_task_job.py:164} INFO - Task exited with return code 0
[2023-01-07T05:09:00.430+0000] {local_task_job.py:273} INFO - 1 downstream tasks scheduled from follow-on schedule check
