[2023-01-07T04:42:40.268+0000] {taskinstance.py:1165} INFO - Dependencies all met for <TaskInstance: bq_process.view_stats.check_table scheduled__2023-01-06T00:00:00+00:00 [queued]>
[2023-01-07T04:42:40.323+0000] {taskinstance.py:1165} INFO - Dependencies all met for <TaskInstance: bq_process.view_stats.check_table scheduled__2023-01-06T00:00:00+00:00 [queued]>
[2023-01-07T04:42:40.325+0000] {taskinstance.py:1362} INFO - 
--------------------------------------------------------------------------------
[2023-01-07T04:42:40.327+0000] {taskinstance.py:1363} INFO - Starting attempt 1 of 1
[2023-01-07T04:42:40.333+0000] {taskinstance.py:1364} INFO - 
--------------------------------------------------------------------------------
[2023-01-07T04:42:40.583+0000] {taskinstance.py:1383} INFO - Executing <Task(BranchPythonOperator): view_stats.check_table> on 2023-01-06 00:00:00+00:00
[2023-01-07T04:42:40.630+0000] {standard_task_runner.py:55} INFO - Started process 250 to run task
[2023-01-07T04:42:40.681+0000] {standard_task_runner.py:82} INFO - Running: ['***', 'tasks', 'run', 'bq_process', 'view_stats.check_table', 'scheduled__2023-01-06T00:00:00+00:00', '--job-id', '509', '--raw', '--subdir', 'DAGS_FOLDER/bigquery_dag.py', '--cfg-path', '/tmp/tmpph8x0q00']
[2023-01-07T04:42:40.694+0000] {standard_task_runner.py:83} INFO - Job 509: Subtask view_stats.check_table
[2023-01-07T04:42:40.817+0000] {warnings.py:110} WARNING - /home/***/.local/lib/python3.7/site-packages/***/configuration.py:545: DeprecationWarning: The sql_alchemy_conn option in [core] has been moved to the sql_alchemy_conn option in [database] - the old setting has been used, but please update your config.
  option = self._get_environment_variables(deprecated_key, deprecated_section, key, section)

[2023-01-07T04:42:41.364+0000] {task_command.py:376} INFO - Running <TaskInstance: bq_process.view_stats.check_table scheduled__2023-01-06T00:00:00+00:00 [running]> on host fdf4acf1d8ed
[2023-01-07T04:42:42.148+0000] {taskinstance.py:1592} INFO - Exporting the following env vars:
AIRFLOW_CTX_DAG_OWNER=***
AIRFLOW_CTX_DAG_ID=bq_process
AIRFLOW_CTX_TASK_ID=view_stats.check_table
AIRFLOW_CTX_EXECUTION_DATE=2023-01-06T00:00:00+00:00
AIRFLOW_CTX_TRY_NUMBER=1
AIRFLOW_CTX_DAG_RUN_ID=scheduled__2023-01-06T00:00:00+00:00
[2023-01-07T04:42:43.513+0000] {python.py:177} INFO - Done. Returned value was: create_table
[2023-01-07T04:42:43.612+0000] {taskinstance.py:1851} ERROR - Task failed with exception
Traceback (most recent call last):
  File "/home/airflow/.local/lib/python3.7/site-packages/airflow/operators/python.py", line 225, in execute
    f"Branch callable must return valid task_ids. Invalid tasks found: {invalid_task_ids}"
airflow.exceptions.AirflowException: Branch callable must return valid task_ids. Invalid tasks found: {'create_table'}
[2023-01-07T04:42:43.640+0000] {taskinstance.py:1406} INFO - Marking task as FAILED. dag_id=bq_process, task_id=view_stats.check_table, execution_date=20230106T000000, start_date=20230107T044240, end_date=20230107T044243
[2023-01-07T04:42:43.752+0000] {standard_task_runner.py:105} ERROR - Failed to execute job 509 for task view_stats.check_table (Branch callable must return valid task_ids. Invalid tasks found: {'create_table'}; 250)
[2023-01-07T04:42:43.831+0000] {local_task_job.py:164} INFO - Task exited with return code 1
[2023-01-07T04:42:44.120+0000] {local_task_job.py:273} INFO - 0 downstream tasks scheduled from follow-on schedule check
[2023-01-07T05:15:49.913+0000] {taskinstance.py:1165} INFO - Dependencies all met for <TaskInstance: bq_process.view_stats.check_table scheduled__2023-01-06T00:00:00+00:00 [queued]>
[2023-01-07T05:15:49.972+0000] {taskinstance.py:1165} INFO - Dependencies all met for <TaskInstance: bq_process.view_stats.check_table scheduled__2023-01-06T00:00:00+00:00 [queued]>
[2023-01-07T05:15:49.974+0000] {taskinstance.py:1362} INFO - 
--------------------------------------------------------------------------------
[2023-01-07T05:15:49.976+0000] {taskinstance.py:1363} INFO - Starting attempt 1 of 1
[2023-01-07T05:15:49.977+0000] {taskinstance.py:1364} INFO - 
--------------------------------------------------------------------------------
[2023-01-07T05:15:50.078+0000] {taskinstance.py:1383} INFO - Executing <Task(BranchPythonOperator): view_stats.check_table> on 2023-01-06 00:00:00+00:00
[2023-01-07T05:15:50.098+0000] {standard_task_runner.py:55} INFO - Started process 366 to run task
[2023-01-07T05:15:50.133+0000] {standard_task_runner.py:82} INFO - Running: ['***', 'tasks', 'run', 'bq_process', 'view_stats.check_table', 'scheduled__2023-01-06T00:00:00+00:00', '--job-id', '551', '--raw', '--subdir', 'DAGS_FOLDER/bigquery_dag.py', '--cfg-path', '/tmp/tmp3j23o0q8']
[2023-01-07T05:15:50.163+0000] {standard_task_runner.py:83} INFO - Job 551: Subtask view_stats.check_table
[2023-01-07T05:15:50.258+0000] {warnings.py:110} WARNING - /home/***/.local/lib/python3.7/site-packages/***/configuration.py:545: DeprecationWarning: The sql_alchemy_conn option in [core] has been moved to the sql_alchemy_conn option in [database] - the old setting has been used, but please update your config.
  option = self._get_environment_variables(deprecated_key, deprecated_section, key, section)

[2023-01-07T05:15:50.616+0000] {task_command.py:376} INFO - Running <TaskInstance: bq_process.view_stats.check_table scheduled__2023-01-06T00:00:00+00:00 [running]> on host fdf4acf1d8ed
[2023-01-07T05:15:51.163+0000] {taskinstance.py:1592} INFO - Exporting the following env vars:
AIRFLOW_CTX_DAG_OWNER=***
AIRFLOW_CTX_DAG_ID=bq_process
AIRFLOW_CTX_TASK_ID=view_stats.check_table
AIRFLOW_CTX_EXECUTION_DATE=2023-01-06T00:00:00+00:00
AIRFLOW_CTX_TRY_NUMBER=1
AIRFLOW_CTX_DAG_RUN_ID=scheduled__2023-01-06T00:00:00+00:00
[2023-01-07T05:15:52.092+0000] {python.py:177} INFO - Done. Returned value was: view_stats.execute_query
[2023-01-07T05:15:52.094+0000] {skipmixin.py:155} INFO - Following branch view_stats.execute_query
[2023-01-07T05:15:52.097+0000] {skipmixin.py:190} INFO - Skipping tasks ['view_stats.create_table']
[2023-01-07T05:15:52.386+0000] {taskinstance.py:1406} INFO - Marking task as SUCCESS. dag_id=bq_process, task_id=view_stats.check_table, execution_date=20230106T000000, start_date=20230107T051549, end_date=20230107T051552
[2023-01-07T05:15:52.521+0000] {local_task_job.py:164} INFO - Task exited with return code 0
[2023-01-07T05:15:52.975+0000] {local_task_job.py:273} INFO - 1 downstream tasks scheduled from follow-on schedule check
