[2023-01-07T01:56:59.118+0000] {taskinstance.py:1165} INFO - Dependencies all met for <TaskInstance: dpt_cosmetic.user.transform manual__2023-01-07T01:56:33.607260+00:00 [queued]>
[2023-01-07T01:56:59.317+0000] {taskinstance.py:1165} INFO - Dependencies all met for <TaskInstance: dpt_cosmetic.user.transform manual__2023-01-07T01:56:33.607260+00:00 [queued]>
[2023-01-07T01:56:59.319+0000] {taskinstance.py:1362} INFO - 
--------------------------------------------------------------------------------
[2023-01-07T01:56:59.321+0000] {taskinstance.py:1363} INFO - Starting attempt 1 of 1
[2023-01-07T01:56:59.322+0000] {taskinstance.py:1364} INFO - 
--------------------------------------------------------------------------------
[2023-01-07T01:56:59.616+0000] {taskinstance.py:1383} INFO - Executing <Task(BashOperator): user.transform> on 2023-01-07 01:56:33.607260+00:00
[2023-01-07T01:56:59.656+0000] {standard_task_runner.py:55} INFO - Started process 93 to run task
[2023-01-07T01:56:59.726+0000] {standard_task_runner.py:82} INFO - Running: ['***', 'tasks', 'run', 'dpt_cosmetic', 'user.transform', 'manual__2023-01-07T01:56:33.607260+00:00', '--job-id', '466', '--raw', '--subdir', 'DAGS_FOLDER/main.py', '--cfg-path', '/tmp/tmpf2xv5_dz']
[2023-01-07T01:56:59.792+0000] {standard_task_runner.py:83} INFO - Job 466: Subtask user.transform
[2023-01-07T01:57:00.931+0000] {task_command.py:376} INFO - Running <TaskInstance: dpt_cosmetic.user.transform manual__2023-01-07T01:56:33.607260+00:00 [running]> on host fdf4acf1d8ed
[2023-01-07T01:57:01.975+0000] {taskinstance.py:1592} INFO - Exporting the following env vars:
AIRFLOW_CTX_DAG_OWNER=***
AIRFLOW_CTX_DAG_ID=dpt_cosmetic
AIRFLOW_CTX_TASK_ID=user.transform
AIRFLOW_CTX_EXECUTION_DATE=2023-01-07T01:56:33.607260+00:00
AIRFLOW_CTX_TRY_NUMBER=1
AIRFLOW_CTX_DAG_RUN_ID=manual__2023-01-07T01:56:33.607260+00:00
[2023-01-07T01:57:01.984+0000] {subprocess.py:63} INFO - Tmp dir root location: 
 /tmp
[2023-01-07T01:57:01.988+0000] {subprocess.py:75} INFO - Running command: ['/bin/bash', '-c', 'sleep 1']
[2023-01-07T01:57:02.110+0000] {subprocess.py:86} INFO - Output:
[2023-01-07T01:57:03.154+0000] {subprocess.py:97} INFO - Command exited with return code 0
[2023-01-07T01:57:03.426+0000] {taskinstance.py:1406} INFO - Marking task as SUCCESS. dag_id=dpt_cosmetic, task_id=user.transform, execution_date=20230107T015633, start_date=20230107T015659, end_date=20230107T015703
[2023-01-07T01:57:03.905+0000] {local_task_job.py:164} INFO - Task exited with return code 0
[2023-01-07T01:57:04.828+0000] {local_task_job.py:273} INFO - 1 downstream tasks scheduled from follow-on schedule check
