[2023-01-07T01:56:58.476+0000] {taskinstance.py:1165} INFO - Dependencies all met for <TaskInstance: dpt_cosmetic.transaction.transform manual__2023-01-07T01:56:33.607260+00:00 [queued]>
[2023-01-07T01:56:58.692+0000] {taskinstance.py:1165} INFO - Dependencies all met for <TaskInstance: dpt_cosmetic.transaction.transform manual__2023-01-07T01:56:33.607260+00:00 [queued]>
[2023-01-07T01:56:58.698+0000] {taskinstance.py:1362} INFO - 
--------------------------------------------------------------------------------
[2023-01-07T01:56:58.707+0000] {taskinstance.py:1363} INFO - Starting attempt 1 of 1
[2023-01-07T01:56:58.710+0000] {taskinstance.py:1364} INFO - 
--------------------------------------------------------------------------------
[2023-01-07T01:56:59.327+0000] {taskinstance.py:1383} INFO - Executing <Task(BashOperator): transaction.transform> on 2023-01-07 01:56:33.607260+00:00
[2023-01-07T01:56:59.397+0000] {standard_task_runner.py:55} INFO - Started process 90 to run task
[2023-01-07T01:56:59.518+0000] {standard_task_runner.py:82} INFO - Running: ['***', 'tasks', 'run', 'dpt_cosmetic', 'transaction.transform', 'manual__2023-01-07T01:56:33.607260+00:00', '--job-id', '465', '--raw', '--subdir', 'DAGS_FOLDER/main.py', '--cfg-path', '/tmp/tmpxdvt4ipp']
[2023-01-07T01:56:59.550+0000] {standard_task_runner.py:83} INFO - Job 465: Subtask transaction.transform
[2023-01-07T01:57:00.611+0000] {task_command.py:376} INFO - Running <TaskInstance: dpt_cosmetic.transaction.transform manual__2023-01-07T01:56:33.607260+00:00 [running]> on host fdf4acf1d8ed
[2023-01-07T01:57:01.639+0000] {taskinstance.py:1592} INFO - Exporting the following env vars:
AIRFLOW_CTX_DAG_OWNER=***
AIRFLOW_CTX_DAG_ID=dpt_cosmetic
AIRFLOW_CTX_TASK_ID=transaction.transform
AIRFLOW_CTX_EXECUTION_DATE=2023-01-07T01:56:33.607260+00:00
AIRFLOW_CTX_TRY_NUMBER=1
AIRFLOW_CTX_DAG_RUN_ID=manual__2023-01-07T01:56:33.607260+00:00
[2023-01-07T01:57:01.650+0000] {subprocess.py:63} INFO - Tmp dir root location: 
 /tmp
[2023-01-07T01:57:01.653+0000] {subprocess.py:75} INFO - Running command: ['/bin/bash', '-c', 'sleep 1']
[2023-01-07T01:57:01.827+0000] {subprocess.py:86} INFO - Output:
[2023-01-07T01:57:02.861+0000] {subprocess.py:97} INFO - Command exited with return code 0
[2023-01-07T01:57:03.095+0000] {taskinstance.py:1406} INFO - Marking task as SUCCESS. dag_id=dpt_cosmetic, task_id=transaction.transform, execution_date=20230107T015633, start_date=20230107T015658, end_date=20230107T015703
[2023-01-07T01:57:03.311+0000] {local_task_job.py:164} INFO - Task exited with return code 0
[2023-01-07T01:57:03.722+0000] {local_task_job.py:273} INFO - 1 downstream tasks scheduled from follow-on schedule check
