[2023-01-07T05:19:18.261+0000] {taskinstance.py:1165} INFO - Dependencies all met for <TaskInstance: dpt_cosmetic.product.check_file_exists manual__2023-01-07T05:15:53.603562+00:00 [queued]>
[2023-01-07T05:19:18.596+0000] {taskinstance.py:1165} INFO - Dependencies all met for <TaskInstance: dpt_cosmetic.product.check_file_exists manual__2023-01-07T05:15:53.603562+00:00 [queued]>
[2023-01-07T05:19:18.599+0000] {taskinstance.py:1362} INFO - 
--------------------------------------------------------------------------------
[2023-01-07T05:19:18.601+0000] {taskinstance.py:1363} INFO - Starting attempt 1 of 1
[2023-01-07T05:19:18.602+0000] {taskinstance.py:1364} INFO - 
--------------------------------------------------------------------------------
[2023-01-07T05:19:19.018+0000] {taskinstance.py:1383} INFO - Executing <Task(BashOperator): product.check_file_exists> on 2023-01-07 05:15:53.603562+00:00
[2023-01-07T05:19:19.056+0000] {standard_task_runner.py:55} INFO - Started process 533 to run task
[2023-01-07T05:19:19.157+0000] {standard_task_runner.py:82} INFO - Running: ['***', 'tasks', 'run', 'dpt_cosmetic', 'product.check_file_exists', 'manual__2023-01-07T05:15:53.603562+00:00', '--job-id', '588', '--raw', '--subdir', 'DAGS_FOLDER/main.py', '--cfg-path', '/tmp/tmp15riulhl']
[2023-01-07T05:19:19.269+0000] {standard_task_runner.py:83} INFO - Job 588: Subtask product.check_file_exists
[2023-01-07T05:19:20.025+0000] {task_command.py:376} INFO - Running <TaskInstance: dpt_cosmetic.product.check_file_exists manual__2023-01-07T05:15:53.603562+00:00 [running]> on host fdf4acf1d8ed
[2023-01-07T05:19:21.413+0000] {taskinstance.py:1592} INFO - Exporting the following env vars:
AIRFLOW_CTX_DAG_OWNER=***
AIRFLOW_CTX_DAG_ID=dpt_cosmetic
AIRFLOW_CTX_TASK_ID=product.check_file_exists
AIRFLOW_CTX_EXECUTION_DATE=2023-01-07T05:15:53.603562+00:00
AIRFLOW_CTX_TRY_NUMBER=1
AIRFLOW_CTX_DAG_RUN_ID=manual__2023-01-07T05:15:53.603562+00:00
[2023-01-07T05:19:21.448+0000] {subprocess.py:63} INFO - Tmp dir root location: 
 /tmp
[2023-01-07T05:19:21.451+0000] {subprocess.py:75} INFO - Running command: ['/bin/bash', '-c', 'sleep 1']
[2023-01-07T05:19:21.648+0000] {subprocess.py:86} INFO - Output:
[2023-01-07T05:19:22.761+0000] {subprocess.py:97} INFO - Command exited with return code 0
[2023-01-07T05:19:23.553+0000] {taskinstance.py:1406} INFO - Marking task as SUCCESS. dag_id=dpt_cosmetic, task_id=product.check_file_exists, execution_date=20230107T051553, start_date=20230107T051918, end_date=20230107T051923
[2023-01-07T05:19:24.508+0000] {local_task_job.py:164} INFO - Task exited with return code 0
[2023-01-07T05:19:25.840+0000] {local_task_job.py:273} INFO - 1 downstream tasks scheduled from follow-on schedule check
