[2023-01-07T05:34:01.432+0000] {taskinstance.py:1165} INFO - Dependencies all met for <TaskInstance: bq_process.view_stats.check_table manual__2023-01-07T05:33:50.082302+00:00 [queued]>
[2023-01-07T05:34:01.526+0000] {taskinstance.py:1165} INFO - Dependencies all met for <TaskInstance: bq_process.view_stats.check_table manual__2023-01-07T05:33:50.082302+00:00 [queued]>
[2023-01-07T05:34:01.528+0000] {taskinstance.py:1362} INFO - 
--------------------------------------------------------------------------------
[2023-01-07T05:34:01.536+0000] {taskinstance.py:1363} INFO - Starting attempt 1 of 1
[2023-01-07T05:34:01.539+0000] {taskinstance.py:1364} INFO - 
--------------------------------------------------------------------------------
[2023-01-07T05:34:01.717+0000] {taskinstance.py:1383} INFO - Executing <Task(BranchPythonOperator): view_stats.check_table> on 2023-01-07 05:33:50.082302+00:00
[2023-01-07T05:34:01.789+0000] {standard_task_runner.py:55} INFO - Started process 257 to run task
[2023-01-07T05:34:01.855+0000] {standard_task_runner.py:82} INFO - Running: ['***', 'tasks', 'run', 'bq_process', 'view_stats.check_table', 'manual__2023-01-07T05:33:50.082302+00:00', '--job-id', '658', '--raw', '--subdir', 'DAGS_FOLDER/bigquery_dag.py', '--cfg-path', '/tmp/tmpxxypin7d']
[2023-01-07T05:34:01.899+0000] {standard_task_runner.py:83} INFO - Job 658: Subtask view_stats.check_table
[2023-01-07T05:34:02.834+0000] {task_command.py:376} INFO - Running <TaskInstance: bq_process.view_stats.check_table manual__2023-01-07T05:33:50.082302+00:00 [running]> on host fdf4acf1d8ed
[2023-01-07T05:34:03.588+0000] {taskinstance.py:1592} INFO - Exporting the following env vars:
AIRFLOW_CTX_DAG_OWNER=***
AIRFLOW_CTX_DAG_ID=bq_process
AIRFLOW_CTX_TASK_ID=view_stats.check_table
AIRFLOW_CTX_EXECUTION_DATE=2023-01-07T05:33:50.082302+00:00
AIRFLOW_CTX_TRY_NUMBER=1
AIRFLOW_CTX_DAG_RUN_ID=manual__2023-01-07T05:33:50.082302+00:00
[2023-01-07T05:34:04.307+0000] {python.py:177} INFO - Done. Returned value was: view_stats.execute_query
[2023-01-07T05:34:04.310+0000] {skipmixin.py:155} INFO - Following branch view_stats.execute_query
[2023-01-07T05:34:04.317+0000] {skipmixin.py:190} INFO - Skipping tasks ['view_stats.create_table']
[2023-01-07T05:34:04.687+0000] {taskinstance.py:1406} INFO - Marking task as SUCCESS. dag_id=bq_process, task_id=view_stats.check_table, execution_date=20230107T053350, start_date=20230107T053401, end_date=20230107T053404
[2023-01-07T05:34:04.913+0000] {local_task_job.py:164} INFO - Task exited with return code 0
[2023-01-07T05:34:05.352+0000] {local_task_job.py:273} INFO - 1 downstream tasks scheduled from follow-on schedule check
