[2023-01-07T01:58:07.770+0000] {taskinstance.py:1165} INFO - Dependencies all met for <TaskInstance: dpt_cosmetic.user_01.check_table scheduled__2023-01-06T00:00:00+00:00 [queued]>
[2023-01-07T01:58:07.830+0000] {taskinstance.py:1165} INFO - Dependencies all met for <TaskInstance: dpt_cosmetic.user_01.check_table scheduled__2023-01-06T00:00:00+00:00 [queued]>
[2023-01-07T01:58:07.832+0000] {taskinstance.py:1362} INFO - 
--------------------------------------------------------------------------------
[2023-01-07T01:58:07.834+0000] {taskinstance.py:1363} INFO - Starting attempt 1 of 1
[2023-01-07T01:58:07.837+0000] {taskinstance.py:1364} INFO - 
--------------------------------------------------------------------------------
[2023-01-07T01:58:07.950+0000] {taskinstance.py:1383} INFO - Executing <Task(BranchPythonOperator): user_01.check_table> on 2023-01-06 00:00:00+00:00
[2023-01-07T01:58:07.972+0000] {standard_task_runner.py:55} INFO - Started process 227 to run task
[2023-01-07T01:58:07.990+0000] {standard_task_runner.py:82} INFO - Running: ['***', 'tasks', 'run', 'dpt_cosmetic', 'user_01.check_table', 'scheduled__2023-01-06T00:00:00+00:00', '--job-id', '504', '--raw', '--subdir', 'DAGS_FOLDER/main.py', '--cfg-path', '/tmp/tmp169m9bxk']
[2023-01-07T01:58:08.000+0000] {standard_task_runner.py:83} INFO - Job 504: Subtask user_01.check_table
[2023-01-07T01:58:08.067+0000] {warnings.py:110} WARNING - /home/***/.local/lib/python3.7/site-packages/***/configuration.py:545: DeprecationWarning: The sql_alchemy_conn option in [core] has been moved to the sql_alchemy_conn option in [database] - the old setting has been used, but please update your config.
  option = self._get_environment_variables(deprecated_key, deprecated_section, key, section)

[2023-01-07T01:58:08.455+0000] {task_command.py:376} INFO - Running <TaskInstance: dpt_cosmetic.user_01.check_table scheduled__2023-01-06T00:00:00+00:00 [running]> on host fdf4acf1d8ed
[2023-01-07T01:58:08.879+0000] {taskinstance.py:1592} INFO - Exporting the following env vars:
AIRFLOW_CTX_DAG_OWNER=***
AIRFLOW_CTX_DAG_ID=dpt_cosmetic
AIRFLOW_CTX_TASK_ID=user_01.check_table
AIRFLOW_CTX_EXECUTION_DATE=2023-01-06T00:00:00+00:00
AIRFLOW_CTX_TRY_NUMBER=1
AIRFLOW_CTX_DAG_RUN_ID=scheduled__2023-01-06T00:00:00+00:00
[2023-01-07T01:58:09.615+0000] {python.py:177} INFO - Done. Returned value was: user_01.insert_data
[2023-01-07T01:58:09.653+0000] {skipmixin.py:155} INFO - Following branch user_01.insert_data
[2023-01-07T01:58:09.666+0000] {skipmixin.py:190} INFO - Skipping tasks ['user_01.create_table']
[2023-01-07T01:58:09.953+0000] {taskinstance.py:1406} INFO - Marking task as SUCCESS. dag_id=dpt_cosmetic, task_id=user_01.check_table, execution_date=20230106T000000, start_date=20230107T015807, end_date=20230107T015809
[2023-01-07T01:58:10.072+0000] {local_task_job.py:164} INFO - Task exited with return code 0
[2023-01-07T01:58:10.276+0000] {local_task_job.py:273} INFO - 1 downstream tasks scheduled from follow-on schedule check
[2023-01-07T05:33:18.141+0000] {taskinstance.py:1165} INFO - Dependencies all met for <TaskInstance: dpt_cosmetic.user_01.check_table scheduled__2023-01-06T00:00:00+00:00 [queued]>
[2023-01-07T05:33:18.234+0000] {taskinstance.py:1165} INFO - Dependencies all met for <TaskInstance: dpt_cosmetic.user_01.check_table scheduled__2023-01-06T00:00:00+00:00 [queued]>
[2023-01-07T05:33:18.237+0000] {taskinstance.py:1362} INFO - 
--------------------------------------------------------------------------------
[2023-01-07T05:33:18.238+0000] {taskinstance.py:1363} INFO - Starting attempt 1 of 1
[2023-01-07T05:33:18.243+0000] {taskinstance.py:1364} INFO - 
--------------------------------------------------------------------------------
[2023-01-07T05:33:18.344+0000] {taskinstance.py:1383} INFO - Executing <Task(BranchPythonOperator): user_01.check_table> on 2023-01-06 00:00:00+00:00
[2023-01-07T05:33:18.367+0000] {standard_task_runner.py:55} INFO - Started process 214 to run task
[2023-01-07T05:33:18.389+0000] {standard_task_runner.py:82} INFO - Running: ['***', 'tasks', 'run', 'dpt_cosmetic', 'user_01.check_table', 'scheduled__2023-01-06T00:00:00+00:00', '--job-id', '645', '--raw', '--subdir', 'DAGS_FOLDER/main.py', '--cfg-path', '/tmp/tmprc02tlhz']
[2023-01-07T05:33:18.400+0000] {standard_task_runner.py:83} INFO - Job 645: Subtask user_01.check_table
[2023-01-07T05:33:18.480+0000] {warnings.py:110} WARNING - /home/***/.local/lib/python3.7/site-packages/***/configuration.py:545: DeprecationWarning: The sql_alchemy_conn option in [core] has been moved to the sql_alchemy_conn option in [database] - the old setting has been used, but please update your config.
  option = self._get_environment_variables(deprecated_key, deprecated_section, key, section)

[2023-01-07T05:33:18.840+0000] {task_command.py:376} INFO - Running <TaskInstance: dpt_cosmetic.user_01.check_table scheduled__2023-01-06T00:00:00+00:00 [running]> on host fdf4acf1d8ed
[2023-01-07T05:33:19.376+0000] {taskinstance.py:1592} INFO - Exporting the following env vars:
AIRFLOW_CTX_DAG_OWNER=***
AIRFLOW_CTX_DAG_ID=dpt_cosmetic
AIRFLOW_CTX_TASK_ID=user_01.check_table
AIRFLOW_CTX_EXECUTION_DATE=2023-01-06T00:00:00+00:00
AIRFLOW_CTX_TRY_NUMBER=1
AIRFLOW_CTX_DAG_RUN_ID=scheduled__2023-01-06T00:00:00+00:00
[2023-01-07T05:33:20.234+0000] {python.py:177} INFO - Done. Returned value was: user_01.insert_data
[2023-01-07T05:33:20.237+0000] {skipmixin.py:155} INFO - Following branch user_01.insert_data
[2023-01-07T05:33:20.245+0000] {skipmixin.py:190} INFO - Skipping tasks ['user_01.create_table']
[2023-01-07T05:33:20.607+0000] {taskinstance.py:1406} INFO - Marking task as SUCCESS. dag_id=dpt_cosmetic, task_id=user_01.check_table, execution_date=20230106T000000, start_date=20230107T053318, end_date=20230107T053320
[2023-01-07T05:33:20.743+0000] {local_task_job.py:164} INFO - Task exited with return code 0
[2023-01-07T05:33:21.040+0000] {local_task_job.py:273} INFO - 1 downstream tasks scheduled from follow-on schedule check
