[2023-01-07T05:32:25.563+0000] {taskinstance.py:1165} INFO - Dependencies all met for <TaskInstance: dpt_cosmetic.website.transform manual__2023-01-07T05:31:50.438921+00:00 [queued]>
[2023-01-07T05:32:25.707+0000] {taskinstance.py:1165} INFO - Dependencies all met for <TaskInstance: dpt_cosmetic.website.transform manual__2023-01-07T05:31:50.438921+00:00 [queued]>
[2023-01-07T05:32:25.724+0000] {taskinstance.py:1362} INFO - 
--------------------------------------------------------------------------------
[2023-01-07T05:32:25.726+0000] {taskinstance.py:1363} INFO - Starting attempt 1 of 1
[2023-01-07T05:32:25.727+0000] {taskinstance.py:1364} INFO - 
--------------------------------------------------------------------------------
[2023-01-07T05:32:25.955+0000] {taskinstance.py:1383} INFO - Executing <Task(BashOperator): website.transform> on 2023-01-07 05:31:50.438921+00:00
[2023-01-07T05:32:25.985+0000] {standard_task_runner.py:55} INFO - Started process 115 to run task
[2023-01-07T05:32:26.011+0000] {standard_task_runner.py:82} INFO - Running: ['***', 'tasks', 'run', 'dpt_cosmetic', 'website.transform', 'manual__2023-01-07T05:31:50.438921+00:00', '--job-id', '619', '--raw', '--subdir', 'DAGS_FOLDER/main.py', '--cfg-path', '/tmp/tmpo37hsioq']
[2023-01-07T05:32:26.044+0000] {standard_task_runner.py:83} INFO - Job 619: Subtask website.transform
[2023-01-07T05:32:26.560+0000] {task_command.py:376} INFO - Running <TaskInstance: dpt_cosmetic.website.transform manual__2023-01-07T05:31:50.438921+00:00 [running]> on host fdf4acf1d8ed
[2023-01-07T05:32:27.461+0000] {taskinstance.py:1592} INFO - Exporting the following env vars:
AIRFLOW_CTX_DAG_OWNER=***
AIRFLOW_CTX_DAG_ID=dpt_cosmetic
AIRFLOW_CTX_TASK_ID=website.transform
AIRFLOW_CTX_EXECUTION_DATE=2023-01-07T05:31:50.438921+00:00
AIRFLOW_CTX_TRY_NUMBER=1
AIRFLOW_CTX_DAG_RUN_ID=manual__2023-01-07T05:31:50.438921+00:00
[2023-01-07T05:32:27.469+0000] {subprocess.py:63} INFO - Tmp dir root location: 
 /tmp
[2023-01-07T05:32:27.479+0000] {subprocess.py:75} INFO - Running command: ['/bin/bash', '-c', 'sleep 1']
[2023-01-07T05:32:27.626+0000] {subprocess.py:86} INFO - Output:
[2023-01-07T05:32:28.661+0000] {subprocess.py:97} INFO - Command exited with return code 0
[2023-01-07T05:32:28.951+0000] {taskinstance.py:1406} INFO - Marking task as SUCCESS. dag_id=dpt_cosmetic, task_id=website.transform, execution_date=20230107T053150, start_date=20230107T053225, end_date=20230107T053228
[2023-01-07T05:32:29.130+0000] {local_task_job.py:164} INFO - Task exited with return code 0
[2023-01-07T05:32:30.339+0000] {local_task_job.py:273} INFO - 1 downstream tasks scheduled from follow-on schedule check
