[2023-01-06T00:07:09.605+0000] {taskinstance.py:1165} INFO - Dependencies all met for <TaskInstance: dpt_cosmetic.insert_data manual__2023-01-06T00:06:54.122186+00:00 [queued]>
[2023-01-06T00:07:09.664+0000] {taskinstance.py:1165} INFO - Dependencies all met for <TaskInstance: dpt_cosmetic.insert_data manual__2023-01-06T00:06:54.122186+00:00 [queued]>
[2023-01-06T00:07:09.666+0000] {taskinstance.py:1362} INFO - 
--------------------------------------------------------------------------------
[2023-01-06T00:07:09.667+0000] {taskinstance.py:1363} INFO - Starting attempt 1 of 1
[2023-01-06T00:07:09.668+0000] {taskinstance.py:1364} INFO - 
--------------------------------------------------------------------------------
[2023-01-06T00:07:09.758+0000] {taskinstance.py:1383} INFO - Executing <Task(GCSToBigQueryOperator): insert_data> on 2023-01-06 00:06:54.122186+00:00
[2023-01-06T00:07:09.776+0000] {standard_task_runner.py:55} INFO - Started process 146 to run task
[2023-01-06T00:07:09.793+0000] {standard_task_runner.py:82} INFO - Running: ['***', 'tasks', 'run', 'dpt_cosmetic', 'insert_data', 'manual__2023-01-06T00:06:54.122186+00:00', '--job-id', '327', '--raw', '--subdir', 'DAGS_FOLDER/main.py', '--cfg-path', '/tmp/tmpwvsh9vrg']
[2023-01-06T00:07:09.802+0000] {standard_task_runner.py:83} INFO - Job 327: Subtask insert_data
[2023-01-06T00:07:10.161+0000] {task_command.py:376} INFO - Running <TaskInstance: dpt_cosmetic.insert_data manual__2023-01-06T00:06:54.122186+00:00 [running]> on host fdf4acf1d8ed
[2023-01-06T00:07:10.560+0000] {taskinstance.py:1592} INFO - Exporting the following env vars:
AIRFLOW_CTX_DAG_OWNER=***
AIRFLOW_CTX_DAG_ID=dpt_cosmetic
AIRFLOW_CTX_TASK_ID=insert_data
AIRFLOW_CTX_EXECUTION_DATE=2023-01-06T00:06:54.122186+00:00
AIRFLOW_CTX_TRY_NUMBER=1
AIRFLOW_CTX_DAG_RUN_ID=manual__2023-01-06T00:06:54.122186+00:00
[2023-01-06T00:07:10.567+0000] {connection.py:429} ERROR - Unable to retrieve connection from secrets backend (EnvironmentVariablesBackend). Checking subsequent secrets backend.
Traceback (most recent call last):
  File "/home/airflow/.local/lib/python3.7/site-packages/airflow/models/connection.py", line 422, in get_connection_from_secrets
    conn = secrets_backend.get_connection(conn_id=conn_id)
  File "/home/airflow/.local/lib/python3.7/site-packages/airflow/secrets/base_secrets.py", line 115, in get_connection
    return self.deserialize_connection(conn_id=conn_id, value=value)
  File "/home/airflow/.local/lib/python3.7/site-packages/airflow/secrets/base_secrets.py", line 67, in deserialize_connection
    return Connection.from_json(conn_id=conn_id, value=value)
  File "/home/airflow/.local/lib/python3.7/site-packages/airflow/models/connection.py", line 449, in from_json
    return Connection(conn_id=conn_id, **kwargs)
TypeError: __init__() got an unexpected keyword argument 'key_path'
[2023-01-06T00:07:10.611+0000] {base.py:71} INFO - Using connection ID 'google_cloud_default' for task execution.
[2023-01-06T00:07:10.616+0000] {connection.py:429} ERROR - Unable to retrieve connection from secrets backend (EnvironmentVariablesBackend). Checking subsequent secrets backend.
Traceback (most recent call last):
  File "/home/airflow/.local/lib/python3.7/site-packages/airflow/models/connection.py", line 422, in get_connection_from_secrets
    conn = secrets_backend.get_connection(conn_id=conn_id)
  File "/home/airflow/.local/lib/python3.7/site-packages/airflow/secrets/base_secrets.py", line 115, in get_connection
    return self.deserialize_connection(conn_id=conn_id, value=value)
  File "/home/airflow/.local/lib/python3.7/site-packages/airflow/secrets/base_secrets.py", line 67, in deserialize_connection
    return Connection.from_json(conn_id=conn_id, value=value)
  File "/home/airflow/.local/lib/python3.7/site-packages/airflow/models/connection.py", line 449, in from_json
    return Connection(conn_id=conn_id, **kwargs)
TypeError: __init__() got an unexpected keyword argument 'key_path'
[2023-01-06T00:07:10.642+0000] {base.py:71} INFO - Using connection ID 'google_cloud_default' for task execution.
[2023-01-06T00:07:11.357+0000] {bigquery.py:2842} INFO - Project not included in destination_project_dataset_table: cosmetic.transaction; using project "my-kubeflow-370515"
[2023-01-06T00:07:11.362+0000] {bigquery.py:1554} INFO - Inserting job ***_1672963631360350_647f5439a545c01af290f107921986eb
[2023-01-06T00:07:18.042+0000] {taskinstance.py:1851} ERROR - Task failed with exception
Traceback (most recent call last):
  File "/home/airflow/.local/lib/python3.7/site-packages/airflow/providers/google/cloud/transfers/gcs_to_bigquery.py", line 316, in execute
    description=self.description,
  File "/home/airflow/.local/lib/python3.7/site-packages/airflow/providers/google/cloud/hooks/bigquery.py", line 1816, in run_load
    job = self.insert_job(configuration=configuration, project_id=self.project_id)
  File "/home/airflow/.local/lib/python3.7/site-packages/airflow/providers/google/common/hooks/base_google.py", line 439, in inner_wrapper
    return func(self, *args, **kwargs)
  File "/home/airflow/.local/lib/python3.7/site-packages/airflow/providers/google/cloud/hooks/bigquery.py", line 1560, in insert_job
    job.result(timeout=timeout, retry=retry)
  File "/home/airflow/.local/lib/python3.7/site-packages/google/cloud/bigquery/job/base.py", line 728, in result
    return super(_AsyncJob, self).result(timeout=timeout, **kwargs)
  File "/home/airflow/.local/lib/python3.7/site-packages/google/api_core/future/polling.py", line 137, in result
    raise self._exception
google.api_core.exceptions.BadRequest: 400 Error while reading data, error message: Could not parse 'make-up' as DOUBLE for field original_price (position 15) starting at location 186  with message 'Unable to parse' File: gs://airflow_test_sd2beatles/storage/transaction/2023-01-03.csv
[2023-01-06T00:07:18.083+0000] {taskinstance.py:1406} INFO - Marking task as FAILED. dag_id=dpt_cosmetic, task_id=insert_data, execution_date=20230106T000654, start_date=20230106T000709, end_date=20230106T000718
[2023-01-06T00:07:18.137+0000] {standard_task_runner.py:105} ERROR - Failed to execute job 327 for task insert_data (400 Error while reading data, error message: Could not parse 'make-up' as DOUBLE for field original_price (position 15) starting at location 186  with message 'Unable to parse' File: gs://airflow_test_sd2beatles/storage/transaction/2023-01-03.csv; 146)
[2023-01-06T00:07:18.200+0000] {local_task_job.py:164} INFO - Task exited with return code 1
[2023-01-06T00:07:18.283+0000] {local_task_job.py:273} INFO - 0 downstream tasks scheduled from follow-on schedule check
