[2023-01-06T20:31:19.224+0000] {taskinstance.py:1165} INFO - Dependencies all met for <TaskInstance: dpt_cosmetic.user.load_to_google_storage manual__2023-01-06T20:30:39.090323+00:00 [queued]>
[2023-01-06T20:31:19.341+0000] {taskinstance.py:1165} INFO - Dependencies all met for <TaskInstance: dpt_cosmetic.user.load_to_google_storage manual__2023-01-06T20:30:39.090323+00:00 [queued]>
[2023-01-06T20:31:19.343+0000] {taskinstance.py:1362} INFO - 
--------------------------------------------------------------------------------
[2023-01-06T20:31:19.344+0000] {taskinstance.py:1363} INFO - Starting attempt 1 of 1
[2023-01-06T20:31:19.345+0000] {taskinstance.py:1364} INFO - 
--------------------------------------------------------------------------------
[2023-01-06T20:31:19.515+0000] {taskinstance.py:1383} INFO - Executing <Task(BashOperator): user.load_to_google_storage> on 2023-01-06 20:30:39.090323+00:00
[2023-01-06T20:31:19.557+0000] {standard_task_runner.py:55} INFO - Started process 332 to run task
[2023-01-06T20:31:19.590+0000] {standard_task_runner.py:82} INFO - Running: ['***', 'tasks', 'run', 'dpt_cosmetic', 'user.load_to_google_storage', 'manual__2023-01-06T20:30:39.090323+00:00', '--job-id', '430', '--raw', '--subdir', 'DAGS_FOLDER/main.py', '--cfg-path', '/tmp/tmpt27j_2x2']
[2023-01-06T20:31:19.593+0000] {standard_task_runner.py:83} INFO - Job 430: Subtask user.load_to_google_storage
[2023-01-06T20:31:20.180+0000] {task_command.py:376} INFO - Running <TaskInstance: dpt_cosmetic.user.load_to_google_storage manual__2023-01-06T20:30:39.090323+00:00 [running]> on host fdf4acf1d8ed
[2023-01-06T20:31:20.849+0000] {taskinstance.py:1592} INFO - Exporting the following env vars:
AIRFLOW_CTX_DAG_OWNER=***
AIRFLOW_CTX_DAG_ID=dpt_cosmetic
AIRFLOW_CTX_TASK_ID=user.load_to_google_storage
AIRFLOW_CTX_EXECUTION_DATE=2023-01-06T20:30:39.090323+00:00
AIRFLOW_CTX_TRY_NUMBER=1
AIRFLOW_CTX_DAG_RUN_ID=manual__2023-01-06T20:30:39.090323+00:00
[2023-01-06T20:31:20.856+0000] {subprocess.py:63} INFO - Tmp dir root location: 
 /tmp
[2023-01-06T20:31:20.858+0000] {subprocess.py:75} INFO - Running command: ['/bin/bash', '-c', 'sleep 1']
[2023-01-06T20:31:20.895+0000] {subprocess.py:86} INFO - Output:
[2023-01-06T20:31:21.910+0000] {subprocess.py:97} INFO - Command exited with return code 0
[2023-01-06T20:31:22.038+0000] {taskinstance.py:1406} INFO - Marking task as SUCCESS. dag_id=dpt_cosmetic, task_id=user.load_to_google_storage, execution_date=20230106T203039, start_date=20230106T203119, end_date=20230106T203122
[2023-01-06T20:31:22.139+0000] {local_task_job.py:164} INFO - Task exited with return code 0
[2023-01-06T20:31:22.317+0000] {local_task_job.py:273} INFO - 0 downstream tasks scheduled from follow-on schedule check
