[2023-01-06T01:40:06.253+0000] {taskinstance.py:1165} INFO - Dependencies all met for <TaskInstance: dpt_cosmetic.transaction_01.check_table manual__2023-01-06T01:40:02.584150+00:00 [queued]>
[2023-01-06T01:40:06.265+0000] {taskinstance.py:1165} INFO - Dependencies all met for <TaskInstance: dpt_cosmetic.transaction_01.check_table manual__2023-01-06T01:40:02.584150+00:00 [queued]>
[2023-01-06T01:40:06.266+0000] {taskinstance.py:1362} INFO - 
--------------------------------------------------------------------------------
[2023-01-06T01:40:06.266+0000] {taskinstance.py:1363} INFO - Starting attempt 1 of 1
[2023-01-06T01:40:06.267+0000] {taskinstance.py:1364} INFO - 
--------------------------------------------------------------------------------
[2023-01-06T01:40:06.298+0000] {taskinstance.py:1383} INFO - Executing <Task(BranchPythonOperator): transaction_01.check_table> on 2023-01-06 01:40:02.584150+00:00
[2023-01-06T01:40:06.305+0000] {standard_task_runner.py:55} INFO - Started process 88 to run task
[2023-01-06T01:40:06.311+0000] {standard_task_runner.py:82} INFO - Running: ['***', 'tasks', 'run', 'dpt_cosmetic', 'transaction_01.check_table', 'manual__2023-01-06T01:40:02.584150+00:00', '--job-id', '341', '--raw', '--subdir', 'DAGS_FOLDER/main.py', '--cfg-path', '/tmp/tmpdbap1svz']
[2023-01-06T01:40:06.315+0000] {standard_task_runner.py:83} INFO - Job 341: Subtask transaction_01.check_table
[2023-01-06T01:40:06.416+0000] {task_command.py:376} INFO - Running <TaskInstance: dpt_cosmetic.transaction_01.check_table manual__2023-01-06T01:40:02.584150+00:00 [running]> on host fdf4acf1d8ed
[2023-01-06T01:40:06.530+0000] {taskinstance.py:1592} INFO - Exporting the following env vars:
AIRFLOW_CTX_DAG_OWNER=***
AIRFLOW_CTX_DAG_ID=dpt_cosmetic
AIRFLOW_CTX_TASK_ID=transaction_01.check_table
AIRFLOW_CTX_EXECUTION_DATE=2023-01-06T01:40:02.584150+00:00
AIRFLOW_CTX_TRY_NUMBER=1
AIRFLOW_CTX_DAG_RUN_ID=manual__2023-01-06T01:40:02.584150+00:00
[2023-01-06T01:40:07.116+0000] {python.py:177} INFO - Done. Returned value was: transaction_01_create_table
[2023-01-06T01:40:07.138+0000] {taskinstance.py:1851} ERROR - Task failed with exception
Traceback (most recent call last):
  File "/home/airflow/.local/lib/python3.7/site-packages/airflow/operators/python.py", line 225, in execute
    f"Branch callable must return valid task_ids. Invalid tasks found: {invalid_task_ids}"
airflow.exceptions.AirflowException: Branch callable must return valid task_ids. Invalid tasks found: {'transaction_01_create_table'}
[2023-01-06T01:40:07.144+0000] {taskinstance.py:1406} INFO - Marking task as FAILED. dag_id=dpt_cosmetic, task_id=transaction_01.check_table, execution_date=20230106T014002, start_date=20230106T014006, end_date=20230106T014007
[2023-01-06T01:40:07.166+0000] {standard_task_runner.py:105} ERROR - Failed to execute job 341 for task transaction_01.check_table (Branch callable must return valid task_ids. Invalid tasks found: {'transaction_01_create_table'}; 88)
[2023-01-06T01:40:07.207+0000] {local_task_job.py:164} INFO - Task exited with return code 1
[2023-01-06T01:40:07.325+0000] {local_task_job.py:273} INFO - 0 downstream tasks scheduled from follow-on schedule check
