[2023-01-07T01:56:48.920+0000] {taskinstance.py:1165} INFO - Dependencies all met for <TaskInstance: dpt_cosmetic.split_files_by_source scheduled__2023-01-06T00:00:00+00:00 [queued]>
[2023-01-07T01:56:49.041+0000] {taskinstance.py:1165} INFO - Dependencies all met for <TaskInstance: dpt_cosmetic.split_files_by_source scheduled__2023-01-06T00:00:00+00:00 [queued]>
[2023-01-07T01:56:49.043+0000] {taskinstance.py:1362} INFO - 
--------------------------------------------------------------------------------
[2023-01-07T01:56:49.044+0000] {taskinstance.py:1363} INFO - Starting attempt 1 of 1
[2023-01-07T01:56:49.046+0000] {taskinstance.py:1364} INFO - 
--------------------------------------------------------------------------------
[2023-01-07T01:56:49.268+0000] {taskinstance.py:1383} INFO - Executing <Task(BashOperator): split_files_by_source> on 2023-01-06 00:00:00+00:00
[2023-01-07T01:56:49.297+0000] {standard_task_runner.py:55} INFO - Started process 78 to run task
[2023-01-07T01:56:49.348+0000] {standard_task_runner.py:82} INFO - Running: ['***', 'tasks', 'run', 'dpt_cosmetic', 'split_files_by_source', 'scheduled__2023-01-06T00:00:00+00:00', '--job-id', '464', '--raw', '--subdir', 'DAGS_FOLDER/main.py', '--cfg-path', '/tmp/tmpl3mn3cde']
[2023-01-07T01:56:49.366+0000] {standard_task_runner.py:83} INFO - Job 464: Subtask split_files_by_source
[2023-01-07T01:56:49.468+0000] {warnings.py:110} WARNING - /home/***/.local/lib/python3.7/site-packages/***/configuration.py:545: DeprecationWarning: The sql_alchemy_conn option in [core] has been moved to the sql_alchemy_conn option in [database] - the old setting has been used, but please update your config.
  option = self._get_environment_variables(deprecated_key, deprecated_section, key, section)

[2023-01-07T01:56:50.170+0000] {task_command.py:376} INFO - Running <TaskInstance: dpt_cosmetic.split_files_by_source scheduled__2023-01-06T00:00:00+00:00 [running]> on host fdf4acf1d8ed
[2023-01-07T01:56:51.030+0000] {taskinstance.py:1592} INFO - Exporting the following env vars:
AIRFLOW_CTX_DAG_OWNER=***
AIRFLOW_CTX_DAG_ID=dpt_cosmetic
AIRFLOW_CTX_TASK_ID=split_files_by_source
AIRFLOW_CTX_EXECUTION_DATE=2023-01-06T00:00:00+00:00
AIRFLOW_CTX_TRY_NUMBER=1
AIRFLOW_CTX_DAG_RUN_ID=scheduled__2023-01-06T00:00:00+00:00
[2023-01-07T01:56:51.039+0000] {subprocess.py:63} INFO - Tmp dir root location: 
 /tmp
[2023-01-07T01:56:51.043+0000] {subprocess.py:75} INFO - Running command: ['/bin/bash', '-c', 'sleep 1']
[2023-01-07T01:56:51.164+0000] {subprocess.py:86} INFO - Output:
[2023-01-07T01:56:52.269+0000] {subprocess.py:97} INFO - Command exited with return code 0
[2023-01-07T01:56:52.623+0000] {taskinstance.py:1406} INFO - Marking task as SUCCESS. dag_id=dpt_cosmetic, task_id=split_files_by_source, execution_date=20230106T000000, start_date=20230107T015648, end_date=20230107T015652
[2023-01-07T01:56:52.842+0000] {local_task_job.py:164} INFO - Task exited with return code 0
[2023-01-07T01:56:53.354+0000] {local_task_job.py:273} INFO - 6 downstream tasks scheduled from follow-on schedule check
[2023-01-07T05:16:02.279+0000] {taskinstance.py:1165} INFO - Dependencies all met for <TaskInstance: dpt_cosmetic.split_files_by_source scheduled__2023-01-06T00:00:00+00:00 [queued]>
[2023-01-07T05:16:02.440+0000] {taskinstance.py:1165} INFO - Dependencies all met for <TaskInstance: dpt_cosmetic.split_files_by_source scheduled__2023-01-06T00:00:00+00:00 [queued]>
[2023-01-07T05:16:02.442+0000] {taskinstance.py:1362} INFO - 
--------------------------------------------------------------------------------
[2023-01-07T05:16:02.444+0000] {taskinstance.py:1363} INFO - Starting attempt 1 of 1
[2023-01-07T05:16:02.447+0000] {taskinstance.py:1364} INFO - 
--------------------------------------------------------------------------------
[2023-01-07T05:16:03.019+0000] {taskinstance.py:1383} INFO - Executing <Task(BashOperator): split_files_by_source> on 2023-01-06 00:00:00+00:00
[2023-01-07T05:16:03.051+0000] {standard_task_runner.py:55} INFO - Started process 379 to run task
[2023-01-07T05:16:03.148+0000] {standard_task_runner.py:82} INFO - Running: ['***', 'tasks', 'run', 'dpt_cosmetic', 'split_files_by_source', 'scheduled__2023-01-06T00:00:00+00:00', '--job-id', '552', '--raw', '--subdir', 'DAGS_FOLDER/main.py', '--cfg-path', '/tmp/tmpflt6hdzr']
[2023-01-07T05:16:03.183+0000] {standard_task_runner.py:83} INFO - Job 552: Subtask split_files_by_source
[2023-01-07T05:16:03.404+0000] {warnings.py:110} WARNING - /home/***/.local/lib/python3.7/site-packages/***/configuration.py:545: DeprecationWarning: The sql_alchemy_conn option in [core] has been moved to the sql_alchemy_conn option in [database] - the old setting has been used, but please update your config.
  option = self._get_environment_variables(deprecated_key, deprecated_section, key, section)

[2023-01-07T05:16:04.114+0000] {task_command.py:376} INFO - Running <TaskInstance: dpt_cosmetic.split_files_by_source scheduled__2023-01-06T00:00:00+00:00 [running]> on host fdf4acf1d8ed
[2023-01-07T05:16:05.215+0000] {taskinstance.py:1592} INFO - Exporting the following env vars:
AIRFLOW_CTX_DAG_OWNER=***
AIRFLOW_CTX_DAG_ID=dpt_cosmetic
AIRFLOW_CTX_TASK_ID=split_files_by_source
AIRFLOW_CTX_EXECUTION_DATE=2023-01-06T00:00:00+00:00
AIRFLOW_CTX_TRY_NUMBER=1
AIRFLOW_CTX_DAG_RUN_ID=scheduled__2023-01-06T00:00:00+00:00
[2023-01-07T05:16:05.225+0000] {subprocess.py:63} INFO - Tmp dir root location: 
 /tmp
[2023-01-07T05:16:05.240+0000] {subprocess.py:75} INFO - Running command: ['/bin/bash', '-c', 'sleep 1']
[2023-01-07T05:16:05.320+0000] {subprocess.py:86} INFO - Output:
[2023-01-07T05:16:06.359+0000] {subprocess.py:97} INFO - Command exited with return code 0
[2023-01-07T05:16:06.588+0000] {taskinstance.py:1406} INFO - Marking task as SUCCESS. dag_id=dpt_cosmetic, task_id=split_files_by_source, execution_date=20230106T000000, start_date=20230107T051602, end_date=20230107T051606
[2023-01-07T05:16:06.741+0000] {local_task_job.py:164} INFO - Task exited with return code 0
[2023-01-07T05:16:07.115+0000] {local_task_job.py:273} INFO - 6 downstream tasks scheduled from follow-on schedule check
[2023-01-07T05:31:54.685+0000] {taskinstance.py:1165} INFO - Dependencies all met for <TaskInstance: dpt_cosmetic.split_files_by_source scheduled__2023-01-06T00:00:00+00:00 [queued]>
[2023-01-07T05:31:54.753+0000] {taskinstance.py:1165} INFO - Dependencies all met for <TaskInstance: dpt_cosmetic.split_files_by_source scheduled__2023-01-06T00:00:00+00:00 [queued]>
[2023-01-07T05:31:54.755+0000] {taskinstance.py:1362} INFO - 
--------------------------------------------------------------------------------
[2023-01-07T05:31:54.757+0000] {taskinstance.py:1363} INFO - Starting attempt 1 of 1
[2023-01-07T05:31:54.759+0000] {taskinstance.py:1364} INFO - 
--------------------------------------------------------------------------------
[2023-01-07T05:31:55.029+0000] {taskinstance.py:1383} INFO - Executing <Task(BashOperator): split_files_by_source> on 2023-01-06 00:00:00+00:00
[2023-01-07T05:31:55.051+0000] {standard_task_runner.py:55} INFO - Started process 57 to run task
[2023-01-07T05:31:55.078+0000] {standard_task_runner.py:82} INFO - Running: ['***', 'tasks', 'run', 'dpt_cosmetic', 'split_files_by_source', 'scheduled__2023-01-06T00:00:00+00:00', '--job-id', '606', '--raw', '--subdir', 'DAGS_FOLDER/main.py', '--cfg-path', '/tmp/tmpk4m2sqnw']
[2023-01-07T05:31:55.091+0000] {standard_task_runner.py:83} INFO - Job 606: Subtask split_files_by_source
[2023-01-07T05:31:55.169+0000] {warnings.py:110} WARNING - /home/***/.local/lib/python3.7/site-packages/***/configuration.py:545: DeprecationWarning: The sql_alchemy_conn option in [core] has been moved to the sql_alchemy_conn option in [database] - the old setting has been used, but please update your config.
  option = self._get_environment_variables(deprecated_key, deprecated_section, key, section)

[2023-01-07T05:31:55.447+0000] {task_command.py:376} INFO - Running <TaskInstance: dpt_cosmetic.split_files_by_source scheduled__2023-01-06T00:00:00+00:00 [running]> on host fdf4acf1d8ed
[2023-01-07T05:31:55.863+0000] {taskinstance.py:1592} INFO - Exporting the following env vars:
AIRFLOW_CTX_DAG_OWNER=***
AIRFLOW_CTX_DAG_ID=dpt_cosmetic
AIRFLOW_CTX_TASK_ID=split_files_by_source
AIRFLOW_CTX_EXECUTION_DATE=2023-01-06T00:00:00+00:00
AIRFLOW_CTX_TRY_NUMBER=1
AIRFLOW_CTX_DAG_RUN_ID=scheduled__2023-01-06T00:00:00+00:00
[2023-01-07T05:31:55.869+0000] {subprocess.py:63} INFO - Tmp dir root location: 
 /tmp
[2023-01-07T05:31:55.873+0000] {subprocess.py:75} INFO - Running command: ['/bin/bash', '-c', 'sleep 1']
[2023-01-07T05:31:55.913+0000] {subprocess.py:86} INFO - Output:
[2023-01-07T05:31:56.929+0000] {subprocess.py:97} INFO - Command exited with return code 0
[2023-01-07T05:31:57.047+0000] {taskinstance.py:1406} INFO - Marking task as SUCCESS. dag_id=dpt_cosmetic, task_id=split_files_by_source, execution_date=20230106T000000, start_date=20230107T053154, end_date=20230107T053157
[2023-01-07T05:31:57.145+0000] {local_task_job.py:164} INFO - Task exited with return code 0
[2023-01-07T05:31:57.392+0000] {local_task_job.py:273} INFO - 6 downstream tasks scheduled from follow-on schedule check
