[2023-01-07T01:56:59.428+0000] {taskinstance.py:1165} INFO - Dependencies all met for <TaskInstance: dpt_cosmetic.product.transform manual__2023-01-07T01:56:33.607260+00:00 [queued]>
[2023-01-07T01:56:59.632+0000] {taskinstance.py:1165} INFO - Dependencies all met for <TaskInstance: dpt_cosmetic.product.transform manual__2023-01-07T01:56:33.607260+00:00 [queued]>
[2023-01-07T01:56:59.634+0000] {taskinstance.py:1362} INFO - 
--------------------------------------------------------------------------------
[2023-01-07T01:56:59.635+0000] {taskinstance.py:1363} INFO - Starting attempt 1 of 1
[2023-01-07T01:56:59.637+0000] {taskinstance.py:1364} INFO - 
--------------------------------------------------------------------------------
[2023-01-07T01:57:00.031+0000] {taskinstance.py:1383} INFO - Executing <Task(BashOperator): product.transform> on 2023-01-07 01:56:33.607260+00:00
[2023-01-07T01:57:00.142+0000] {standard_task_runner.py:55} INFO - Started process 94 to run task
[2023-01-07T01:57:00.192+0000] {standard_task_runner.py:82} INFO - Running: ['***', 'tasks', 'run', 'dpt_cosmetic', 'product.transform', 'manual__2023-01-07T01:56:33.607260+00:00', '--job-id', '467', '--raw', '--subdir', 'DAGS_FOLDER/main.py', '--cfg-path', '/tmp/tmpd8s82l7w']
[2023-01-07T01:57:00.242+0000] {standard_task_runner.py:83} INFO - Job 467: Subtask product.transform
[2023-01-07T01:57:01.326+0000] {task_command.py:376} INFO - Running <TaskInstance: dpt_cosmetic.product.transform manual__2023-01-07T01:56:33.607260+00:00 [running]> on host fdf4acf1d8ed
[2023-01-07T01:57:02.205+0000] {taskinstance.py:1592} INFO - Exporting the following env vars:
AIRFLOW_CTX_DAG_OWNER=***
AIRFLOW_CTX_DAG_ID=dpt_cosmetic
AIRFLOW_CTX_TASK_ID=product.transform
AIRFLOW_CTX_EXECUTION_DATE=2023-01-07T01:56:33.607260+00:00
AIRFLOW_CTX_TRY_NUMBER=1
AIRFLOW_CTX_DAG_RUN_ID=manual__2023-01-07T01:56:33.607260+00:00
[2023-01-07T01:57:02.211+0000] {subprocess.py:63} INFO - Tmp dir root location: 
 /tmp
[2023-01-07T01:57:02.217+0000] {subprocess.py:75} INFO - Running command: ['/bin/bash', '-c', 'sleep 1']
[2023-01-07T01:57:02.313+0000] {subprocess.py:86} INFO - Output:
[2023-01-07T01:57:03.357+0000] {subprocess.py:97} INFO - Command exited with return code 0
[2023-01-07T01:57:03.720+0000] {taskinstance.py:1406} INFO - Marking task as SUCCESS. dag_id=dpt_cosmetic, task_id=product.transform, execution_date=20230107T015633, start_date=20230107T015659, end_date=20230107T015703
[2023-01-07T01:57:03.854+0000] {local_task_job.py:164} INFO - Task exited with return code 0
[2023-01-07T01:57:04.372+0000] {local_task_job.py:273} INFO - 1 downstream tasks scheduled from follow-on schedule check
