[2023-01-06T20:32:49.820+0000] {taskinstance.py:1165} INFO - Dependencies all met for <TaskInstance: dpt_cosmetic.product.load_to_google_storage manual__2023-01-06T20:32:08.611424+00:00 [queued]>
[2023-01-06T20:32:49.877+0000] {taskinstance.py:1165} INFO - Dependencies all met for <TaskInstance: dpt_cosmetic.product.load_to_google_storage manual__2023-01-06T20:32:08.611424+00:00 [queued]>
[2023-01-06T20:32:49.878+0000] {taskinstance.py:1362} INFO - 
--------------------------------------------------------------------------------
[2023-01-06T20:32:49.880+0000] {taskinstance.py:1363} INFO - Starting attempt 1 of 1
[2023-01-06T20:32:49.882+0000] {taskinstance.py:1364} INFO - 
--------------------------------------------------------------------------------
[2023-01-06T20:32:49.955+0000] {taskinstance.py:1383} INFO - Executing <Task(BashOperator): product.load_to_google_storage> on 2023-01-06 20:32:08.611424+00:00
[2023-01-06T20:32:49.971+0000] {standard_task_runner.py:55} INFO - Started process 493 to run task
[2023-01-06T20:32:49.989+0000] {standard_task_runner.py:82} INFO - Running: ['***', 'tasks', 'run', 'dpt_cosmetic', 'product.load_to_google_storage', 'manual__2023-01-06T20:32:08.611424+00:00', '--job-id', '456', '--raw', '--subdir', 'DAGS_FOLDER/main.py', '--cfg-path', '/tmp/tmplahnql6l']
[2023-01-06T20:32:49.992+0000] {standard_task_runner.py:83} INFO - Job 456: Subtask product.load_to_google_storage
[2023-01-06T20:32:50.443+0000] {task_command.py:376} INFO - Running <TaskInstance: dpt_cosmetic.product.load_to_google_storage manual__2023-01-06T20:32:08.611424+00:00 [running]> on host fdf4acf1d8ed
[2023-01-06T20:32:50.925+0000] {taskinstance.py:1592} INFO - Exporting the following env vars:
AIRFLOW_CTX_DAG_OWNER=***
AIRFLOW_CTX_DAG_ID=dpt_cosmetic
AIRFLOW_CTX_TASK_ID=product.load_to_google_storage
AIRFLOW_CTX_EXECUTION_DATE=2023-01-06T20:32:08.611424+00:00
AIRFLOW_CTX_TRY_NUMBER=1
AIRFLOW_CTX_DAG_RUN_ID=manual__2023-01-06T20:32:08.611424+00:00
[2023-01-06T20:32:50.931+0000] {subprocess.py:63} INFO - Tmp dir root location: 
 /tmp
[2023-01-06T20:32:50.933+0000] {subprocess.py:75} INFO - Running command: ['/bin/bash', '-c', 'sleep 1']
[2023-01-06T20:32:50.968+0000] {subprocess.py:86} INFO - Output:
[2023-01-06T20:32:51.980+0000] {subprocess.py:97} INFO - Command exited with return code 0
[2023-01-06T20:32:52.134+0000] {taskinstance.py:1406} INFO - Marking task as SUCCESS. dag_id=dpt_cosmetic, task_id=product.load_to_google_storage, execution_date=20230106T203208, start_date=20230106T203249, end_date=20230106T203252
[2023-01-06T20:32:52.236+0000] {local_task_job.py:164} INFO - Task exited with return code 0
[2023-01-06T20:32:52.526+0000] {local_task_job.py:273} INFO - 0 downstream tasks scheduled from follow-on schedule check
