[2023-01-06T20:30:55.882+0000] {taskinstance.py:1165} INFO - Dependencies all met for <TaskInstance: dpt_cosmetic.product.transform manual__2023-01-06T20:30:39.090323+00:00 [queued]>
[2023-01-06T20:30:55.933+0000] {taskinstance.py:1165} INFO - Dependencies all met for <TaskInstance: dpt_cosmetic.product.transform manual__2023-01-06T20:30:39.090323+00:00 [queued]>
[2023-01-06T20:30:55.935+0000] {taskinstance.py:1362} INFO - 
--------------------------------------------------------------------------------
[2023-01-06T20:30:55.936+0000] {taskinstance.py:1363} INFO - Starting attempt 1 of 1
[2023-01-06T20:30:55.937+0000] {taskinstance.py:1364} INFO - 
--------------------------------------------------------------------------------
[2023-01-06T20:30:56.076+0000] {taskinstance.py:1383} INFO - Executing <Task(BashOperator): product.transform> on 2023-01-06 20:30:39.090323+00:00
[2023-01-06T20:30:56.095+0000] {standard_task_runner.py:55} INFO - Started process 247 to run task
[2023-01-06T20:30:56.129+0000] {standard_task_runner.py:82} INFO - Running: ['***', 'tasks', 'run', 'dpt_cosmetic', 'product.transform', 'manual__2023-01-06T20:30:39.090323+00:00', '--job-id', '417', '--raw', '--subdir', 'DAGS_FOLDER/main.py', '--cfg-path', '/tmp/tmpq5831lut']
[2023-01-06T20:30:56.133+0000] {standard_task_runner.py:83} INFO - Job 417: Subtask product.transform
[2023-01-06T20:30:56.607+0000] {task_command.py:376} INFO - Running <TaskInstance: dpt_cosmetic.product.transform manual__2023-01-06T20:30:39.090323+00:00 [running]> on host fdf4acf1d8ed
[2023-01-06T20:30:57.296+0000] {taskinstance.py:1592} INFO - Exporting the following env vars:
AIRFLOW_CTX_DAG_OWNER=***
AIRFLOW_CTX_DAG_ID=dpt_cosmetic
AIRFLOW_CTX_TASK_ID=product.transform
AIRFLOW_CTX_EXECUTION_DATE=2023-01-06T20:30:39.090323+00:00
AIRFLOW_CTX_TRY_NUMBER=1
AIRFLOW_CTX_DAG_RUN_ID=manual__2023-01-06T20:30:39.090323+00:00
[2023-01-06T20:30:57.307+0000] {subprocess.py:63} INFO - Tmp dir root location: 
 /tmp
[2023-01-06T20:30:57.311+0000] {subprocess.py:75} INFO - Running command: ['/bin/bash', '-c', 'sleep 1']
[2023-01-06T20:30:57.376+0000] {subprocess.py:86} INFO - Output:
[2023-01-06T20:30:58.393+0000] {subprocess.py:97} INFO - Command exited with return code 0
[2023-01-06T20:30:58.505+0000] {taskinstance.py:1406} INFO - Marking task as SUCCESS. dag_id=dpt_cosmetic, task_id=product.transform, execution_date=20230106T203039, start_date=20230106T203055, end_date=20230106T203058
[2023-01-06T20:30:58.606+0000] {local_task_job.py:164} INFO - Task exited with return code 0
[2023-01-06T20:30:58.802+0000] {local_task_job.py:273} INFO - 1 downstream tasks scheduled from follow-on schedule check
