[2023-01-07T01:57:32.086+0000] {taskinstance.py:1165} INFO - Dependencies all met for <TaskInstance: dpt_cosmetic.transaction.check_file_exists scheduled__2023-01-06T00:00:00+00:00 [queued]>
[2023-01-07T01:57:32.211+0000] {taskinstance.py:1165} INFO - Dependencies all met for <TaskInstance: dpt_cosmetic.transaction.check_file_exists scheduled__2023-01-06T00:00:00+00:00 [queued]>
[2023-01-07T01:57:32.212+0000] {taskinstance.py:1362} INFO - 
--------------------------------------------------------------------------------
[2023-01-07T01:57:32.214+0000] {taskinstance.py:1363} INFO - Starting attempt 1 of 1
[2023-01-07T01:57:32.215+0000] {taskinstance.py:1364} INFO - 
--------------------------------------------------------------------------------
[2023-01-07T01:57:32.441+0000] {taskinstance.py:1383} INFO - Executing <Task(BashOperator): transaction.check_file_exists> on 2023-01-06 00:00:00+00:00
[2023-01-07T01:57:32.496+0000] {standard_task_runner.py:55} INFO - Started process 164 to run task
[2023-01-07T01:57:32.560+0000] {standard_task_runner.py:82} INFO - Running: ['***', 'tasks', 'run', 'dpt_cosmetic', 'transaction.check_file_exists', 'scheduled__2023-01-06T00:00:00+00:00', '--job-id', '483', '--raw', '--subdir', 'DAGS_FOLDER/main.py', '--cfg-path', '/tmp/tmpve4hyij0']
[2023-01-07T01:57:32.591+0000] {standard_task_runner.py:83} INFO - Job 483: Subtask transaction.check_file_exists
[2023-01-07T01:57:32.688+0000] {warnings.py:110} WARNING - /home/***/.local/lib/python3.7/site-packages/***/configuration.py:545: DeprecationWarning: The sql_alchemy_conn option in [core] has been moved to the sql_alchemy_conn option in [database] - the old setting has been used, but please update your config.
  option = self._get_environment_variables(deprecated_key, deprecated_section, key, section)

[2023-01-07T01:57:33.220+0000] {task_command.py:376} INFO - Running <TaskInstance: dpt_cosmetic.transaction.check_file_exists scheduled__2023-01-06T00:00:00+00:00 [running]> on host fdf4acf1d8ed
[2023-01-07T01:57:34.249+0000] {taskinstance.py:1592} INFO - Exporting the following env vars:
AIRFLOW_CTX_DAG_OWNER=***
AIRFLOW_CTX_DAG_ID=dpt_cosmetic
AIRFLOW_CTX_TASK_ID=transaction.check_file_exists
AIRFLOW_CTX_EXECUTION_DATE=2023-01-06T00:00:00+00:00
AIRFLOW_CTX_TRY_NUMBER=1
AIRFLOW_CTX_DAG_RUN_ID=scheduled__2023-01-06T00:00:00+00:00
[2023-01-07T01:57:34.275+0000] {subprocess.py:63} INFO - Tmp dir root location: 
 /tmp
[2023-01-07T01:57:34.291+0000] {subprocess.py:75} INFO - Running command: ['/bin/bash', '-c', 'sleep 1']
[2023-01-07T01:57:34.395+0000] {subprocess.py:86} INFO - Output:
[2023-01-07T01:57:35.414+0000] {subprocess.py:97} INFO - Command exited with return code 0
[2023-01-07T01:57:35.628+0000] {taskinstance.py:1406} INFO - Marking task as SUCCESS. dag_id=dpt_cosmetic, task_id=transaction.check_file_exists, execution_date=20230106T000000, start_date=20230107T015732, end_date=20230107T015735
[2023-01-07T01:57:35.887+0000] {local_task_job.py:164} INFO - Task exited with return code 0
[2023-01-07T01:57:36.362+0000] {local_task_job.py:273} INFO - 1 downstream tasks scheduled from follow-on schedule check
[2023-01-07T05:18:55.183+0000] {taskinstance.py:1165} INFO - Dependencies all met for <TaskInstance: dpt_cosmetic.transaction.check_file_exists scheduled__2023-01-06T00:00:00+00:00 [queued]>
[2023-01-07T05:18:55.430+0000] {taskinstance.py:1165} INFO - Dependencies all met for <TaskInstance: dpt_cosmetic.transaction.check_file_exists scheduled__2023-01-06T00:00:00+00:00 [queued]>
[2023-01-07T05:18:55.434+0000] {taskinstance.py:1362} INFO - 
--------------------------------------------------------------------------------
[2023-01-07T05:18:55.447+0000] {taskinstance.py:1363} INFO - Starting attempt 1 of 1
[2023-01-07T05:18:55.448+0000] {taskinstance.py:1364} INFO - 
--------------------------------------------------------------------------------
[2023-01-07T05:18:55.807+0000] {taskinstance.py:1383} INFO - Executing <Task(BashOperator): transaction.check_file_exists> on 2023-01-06 00:00:00+00:00
[2023-01-07T05:18:55.887+0000] {standard_task_runner.py:55} INFO - Started process 490 to run task
[2023-01-07T05:18:55.953+0000] {standard_task_runner.py:82} INFO - Running: ['***', 'tasks', 'run', 'dpt_cosmetic', 'transaction.check_file_exists', 'scheduled__2023-01-06T00:00:00+00:00', '--job-id', '579', '--raw', '--subdir', 'DAGS_FOLDER/main.py', '--cfg-path', '/tmp/tmp7mdhtk50']
[2023-01-07T05:18:56.055+0000] {standard_task_runner.py:83} INFO - Job 579: Subtask transaction.check_file_exists
[2023-01-07T05:18:56.325+0000] {warnings.py:110} WARNING - /home/***/.local/lib/python3.7/site-packages/***/configuration.py:545: DeprecationWarning: The sql_alchemy_conn option in [core] has been moved to the sql_alchemy_conn option in [database] - the old setting has been used, but please update your config.
  option = self._get_environment_variables(deprecated_key, deprecated_section, key, section)

[2023-01-07T05:18:58.024+0000] {task_command.py:376} INFO - Running <TaskInstance: dpt_cosmetic.transaction.check_file_exists scheduled__2023-01-06T00:00:00+00:00 [running]> on host fdf4acf1d8ed
[2023-01-07T05:19:00.970+0000] {taskinstance.py:1592} INFO - Exporting the following env vars:
AIRFLOW_CTX_DAG_OWNER=***
AIRFLOW_CTX_DAG_ID=dpt_cosmetic
AIRFLOW_CTX_TASK_ID=transaction.check_file_exists
AIRFLOW_CTX_EXECUTION_DATE=2023-01-06T00:00:00+00:00
AIRFLOW_CTX_TRY_NUMBER=1
AIRFLOW_CTX_DAG_RUN_ID=scheduled__2023-01-06T00:00:00+00:00
[2023-01-07T05:19:01.062+0000] {subprocess.py:63} INFO - Tmp dir root location: 
 /tmp
[2023-01-07T05:19:01.096+0000] {subprocess.py:75} INFO - Running command: ['/bin/bash', '-c', 'sleep 1']
[2023-01-07T05:19:01.618+0000] {subprocess.py:86} INFO - Output:
[2023-01-07T05:19:02.820+0000] {subprocess.py:97} INFO - Command exited with return code 0
[2023-01-07T05:19:03.751+0000] {taskinstance.py:1406} INFO - Marking task as SUCCESS. dag_id=dpt_cosmetic, task_id=transaction.check_file_exists, execution_date=20230106T000000, start_date=20230107T051855, end_date=20230107T051903
[2023-01-07T05:19:04.194+0000] {local_task_job.py:164} INFO - Task exited with return code 0
[2023-01-07T05:19:04.675+0000] {local_task_job.py:273} INFO - 1 downstream tasks scheduled from follow-on schedule check
[2023-01-07T05:32:34.480+0000] {taskinstance.py:1165} INFO - Dependencies all met for <TaskInstance: dpt_cosmetic.transaction.check_file_exists scheduled__2023-01-06T00:00:00+00:00 [queued]>
[2023-01-07T05:32:34.587+0000] {taskinstance.py:1165} INFO - Dependencies all met for <TaskInstance: dpt_cosmetic.transaction.check_file_exists scheduled__2023-01-06T00:00:00+00:00 [queued]>
[2023-01-07T05:32:34.599+0000] {taskinstance.py:1362} INFO - 
--------------------------------------------------------------------------------
[2023-01-07T05:32:34.601+0000] {taskinstance.py:1363} INFO - Starting attempt 1 of 1
[2023-01-07T05:32:34.602+0000] {taskinstance.py:1364} INFO - 
--------------------------------------------------------------------------------
[2023-01-07T05:32:34.738+0000] {taskinstance.py:1383} INFO - Executing <Task(BashOperator): transaction.check_file_exists> on 2023-01-06 00:00:00+00:00
[2023-01-07T05:32:34.790+0000] {standard_task_runner.py:55} INFO - Started process 135 to run task
[2023-01-07T05:32:34.808+0000] {standard_task_runner.py:82} INFO - Running: ['***', 'tasks', 'run', 'dpt_cosmetic', 'transaction.check_file_exists', 'scheduled__2023-01-06T00:00:00+00:00', '--job-id', '621', '--raw', '--subdir', 'DAGS_FOLDER/main.py', '--cfg-path', '/tmp/tmpjse2tbyu']
[2023-01-07T05:32:34.817+0000] {standard_task_runner.py:83} INFO - Job 621: Subtask transaction.check_file_exists
[2023-01-07T05:32:34.921+0000] {warnings.py:110} WARNING - /home/***/.local/lib/python3.7/site-packages/***/configuration.py:545: DeprecationWarning: The sql_alchemy_conn option in [core] has been moved to the sql_alchemy_conn option in [database] - the old setting has been used, but please update your config.
  option = self._get_environment_variables(deprecated_key, deprecated_section, key, section)

[2023-01-07T05:32:35.427+0000] {task_command.py:376} INFO - Running <TaskInstance: dpt_cosmetic.transaction.check_file_exists scheduled__2023-01-06T00:00:00+00:00 [running]> on host fdf4acf1d8ed
[2023-01-07T05:32:36.323+0000] {taskinstance.py:1592} INFO - Exporting the following env vars:
AIRFLOW_CTX_DAG_OWNER=***
AIRFLOW_CTX_DAG_ID=dpt_cosmetic
AIRFLOW_CTX_TASK_ID=transaction.check_file_exists
AIRFLOW_CTX_EXECUTION_DATE=2023-01-06T00:00:00+00:00
AIRFLOW_CTX_TRY_NUMBER=1
AIRFLOW_CTX_DAG_RUN_ID=scheduled__2023-01-06T00:00:00+00:00
[2023-01-07T05:32:36.332+0000] {subprocess.py:63} INFO - Tmp dir root location: 
 /tmp
[2023-01-07T05:32:36.368+0000] {subprocess.py:75} INFO - Running command: ['/bin/bash', '-c', 'sleep 1']
[2023-01-07T05:32:36.659+0000] {subprocess.py:86} INFO - Output:
[2023-01-07T05:32:37.717+0000] {subprocess.py:97} INFO - Command exited with return code 0
[2023-01-07T05:32:38.199+0000] {taskinstance.py:1406} INFO - Marking task as SUCCESS. dag_id=dpt_cosmetic, task_id=transaction.check_file_exists, execution_date=20230106T000000, start_date=20230107T053234, end_date=20230107T053238
[2023-01-07T05:32:38.565+0000] {local_task_job.py:164} INFO - Task exited with return code 0
[2023-01-07T05:32:39.135+0000] {local_task_job.py:273} INFO - 1 downstream tasks scheduled from follow-on schedule check
