[2023-01-07T05:19:16.631+0000] {taskinstance.py:1165} INFO - Dependencies all met for <TaskInstance: dpt_cosmetic.website.check_file_exists manual__2023-01-07T05:15:53.603562+00:00 [queued]>
[2023-01-07T05:19:16.938+0000] {taskinstance.py:1165} INFO - Dependencies all met for <TaskInstance: dpt_cosmetic.website.check_file_exists manual__2023-01-07T05:15:53.603562+00:00 [queued]>
[2023-01-07T05:19:16.940+0000] {taskinstance.py:1362} INFO - 
--------------------------------------------------------------------------------
[2023-01-07T05:19:16.946+0000] {taskinstance.py:1363} INFO - Starting attempt 1 of 1
[2023-01-07T05:19:16.948+0000] {taskinstance.py:1364} INFO - 
--------------------------------------------------------------------------------
[2023-01-07T05:19:17.483+0000] {taskinstance.py:1383} INFO - Executing <Task(BashOperator): website.check_file_exists> on 2023-01-07 05:15:53.603562+00:00
[2023-01-07T05:19:17.545+0000] {standard_task_runner.py:55} INFO - Started process 529 to run task
[2023-01-07T05:19:17.601+0000] {standard_task_runner.py:82} INFO - Running: ['***', 'tasks', 'run', 'dpt_cosmetic', 'website.check_file_exists', 'manual__2023-01-07T05:15:53.603562+00:00', '--job-id', '586', '--raw', '--subdir', 'DAGS_FOLDER/main.py', '--cfg-path', '/tmp/tmppgj4ranv']
[2023-01-07T05:19:17.628+0000] {standard_task_runner.py:83} INFO - Job 586: Subtask website.check_file_exists
[2023-01-07T05:19:18.653+0000] {task_command.py:376} INFO - Running <TaskInstance: dpt_cosmetic.website.check_file_exists manual__2023-01-07T05:15:53.603562+00:00 [running]> on host fdf4acf1d8ed
[2023-01-07T05:19:20.356+0000] {taskinstance.py:1592} INFO - Exporting the following env vars:
AIRFLOW_CTX_DAG_OWNER=***
AIRFLOW_CTX_DAG_ID=dpt_cosmetic
AIRFLOW_CTX_TASK_ID=website.check_file_exists
AIRFLOW_CTX_EXECUTION_DATE=2023-01-07T05:15:53.603562+00:00
AIRFLOW_CTX_TRY_NUMBER=1
AIRFLOW_CTX_DAG_RUN_ID=manual__2023-01-07T05:15:53.603562+00:00
[2023-01-07T05:19:20.368+0000] {subprocess.py:63} INFO - Tmp dir root location: 
 /tmp
[2023-01-07T05:19:20.372+0000] {subprocess.py:75} INFO - Running command: ['/bin/bash', '-c', 'sleep 1']
[2023-01-07T05:19:20.555+0000] {subprocess.py:86} INFO - Output:
[2023-01-07T05:19:21.633+0000] {subprocess.py:97} INFO - Command exited with return code 0
[2023-01-07T05:19:22.110+0000] {taskinstance.py:1406} INFO - Marking task as SUCCESS. dag_id=dpt_cosmetic, task_id=website.check_file_exists, execution_date=20230107T051553, start_date=20230107T051916, end_date=20230107T051922
[2023-01-07T05:19:22.332+0000] {local_task_job.py:164} INFO - Task exited with return code 0
[2023-01-07T05:19:23.386+0000] {local_task_job.py:273} INFO - 0 downstream tasks scheduled from follow-on schedule check
