[2023-01-06T20:32:25.749+0000] {taskinstance.py:1165} INFO - Dependencies all met for <TaskInstance: dpt_cosmetic.user.transform manual__2023-01-06T20:32:08.611424+00:00 [queued]>
[2023-01-06T20:32:25.799+0000] {taskinstance.py:1165} INFO - Dependencies all met for <TaskInstance: dpt_cosmetic.user.transform manual__2023-01-06T20:32:08.611424+00:00 [queued]>
[2023-01-06T20:32:25.801+0000] {taskinstance.py:1362} INFO - 
--------------------------------------------------------------------------------
[2023-01-06T20:32:25.802+0000] {taskinstance.py:1363} INFO - Starting attempt 1 of 1
[2023-01-06T20:32:25.804+0000] {taskinstance.py:1364} INFO - 
--------------------------------------------------------------------------------
[2023-01-06T20:32:25.892+0000] {taskinstance.py:1383} INFO - Executing <Task(BashOperator): user.transform> on 2023-01-06 20:32:08.611424+00:00
[2023-01-06T20:32:25.907+0000] {standard_task_runner.py:55} INFO - Started process 405 to run task
[2023-01-06T20:32:25.935+0000] {standard_task_runner.py:82} INFO - Running: ['***', 'tasks', 'run', 'dpt_cosmetic', 'user.transform', 'manual__2023-01-06T20:32:08.611424+00:00', '--job-id', '441', '--raw', '--subdir', 'DAGS_FOLDER/main.py', '--cfg-path', '/tmp/tmp93nx4isp']
[2023-01-06T20:32:25.937+0000] {standard_task_runner.py:83} INFO - Job 441: Subtask user.transform
[2023-01-06T20:32:26.274+0000] {task_command.py:376} INFO - Running <TaskInstance: dpt_cosmetic.user.transform manual__2023-01-06T20:32:08.611424+00:00 [running]> on host fdf4acf1d8ed
[2023-01-06T20:32:26.882+0000] {taskinstance.py:1592} INFO - Exporting the following env vars:
AIRFLOW_CTX_DAG_OWNER=***
AIRFLOW_CTX_DAG_ID=dpt_cosmetic
AIRFLOW_CTX_TASK_ID=user.transform
AIRFLOW_CTX_EXECUTION_DATE=2023-01-06T20:32:08.611424+00:00
AIRFLOW_CTX_TRY_NUMBER=1
AIRFLOW_CTX_DAG_RUN_ID=manual__2023-01-06T20:32:08.611424+00:00
[2023-01-06T20:32:26.890+0000] {subprocess.py:63} INFO - Tmp dir root location: 
 /tmp
[2023-01-06T20:32:26.906+0000] {subprocess.py:75} INFO - Running command: ['/bin/bash', '-c', 'sleep 1']
[2023-01-06T20:32:26.962+0000] {subprocess.py:86} INFO - Output:
[2023-01-06T20:32:27.980+0000] {subprocess.py:97} INFO - Command exited with return code 0
[2023-01-06T20:32:28.090+0000] {taskinstance.py:1406} INFO - Marking task as SUCCESS. dag_id=dpt_cosmetic, task_id=user.transform, execution_date=20230106T203208, start_date=20230106T203225, end_date=20230106T203228
[2023-01-06T20:32:28.181+0000] {local_task_job.py:164} INFO - Task exited with return code 0
[2023-01-06T20:32:28.482+0000] {local_task_job.py:273} INFO - 1 downstream tasks scheduled from follow-on schedule check
