[2023-01-02T17:15:44.890+0000] {taskinstance.py:1165} INFO - Dependencies all met for <TaskInstance: dpt_cosmetic.product.transform manual__2023-01-02T17:15:28.621166+00:00 [queued]>
[2023-01-02T17:15:44.940+0000] {taskinstance.py:1165} INFO - Dependencies all met for <TaskInstance: dpt_cosmetic.product.transform manual__2023-01-02T17:15:28.621166+00:00 [queued]>
[2023-01-02T17:15:44.943+0000] {taskinstance.py:1362} INFO - 
--------------------------------------------------------------------------------
[2023-01-02T17:15:44.944+0000] {taskinstance.py:1363} INFO - Starting attempt 1 of 1
[2023-01-02T17:15:44.946+0000] {taskinstance.py:1364} INFO - 
--------------------------------------------------------------------------------
[2023-01-02T17:15:45.057+0000] {taskinstance.py:1383} INFO - Executing <Task(BashOperator): product.transform> on 2023-01-02 17:15:28.621166+00:00
[2023-01-02T17:15:45.094+0000] {standard_task_runner.py:55} INFO - Started process 515 to run task
[2023-01-02T17:15:45.113+0000] {standard_task_runner.py:82} INFO - Running: ['***', 'tasks', 'run', 'dpt_cosmetic', 'product.transform', 'manual__2023-01-02T17:15:28.621166+00:00', '--job-id', '264', '--raw', '--subdir', 'DAGS_FOLDER/main.py', '--cfg-path', '/tmp/tmp70igixyo']
[2023-01-02T17:15:45.115+0000] {standard_task_runner.py:83} INFO - Job 264: Subtask product.transform
[2023-01-02T17:15:46.669+0000] {task_command.py:376} INFO - Running <TaskInstance: dpt_cosmetic.product.transform manual__2023-01-02T17:15:28.621166+00:00 [running]> on host 703acec1b71e
[2023-01-02T17:15:47.739+0000] {taskinstance.py:1592} INFO - Exporting the following env vars:
AIRFLOW_CTX_DAG_OWNER=***
AIRFLOW_CTX_DAG_ID=dpt_cosmetic
AIRFLOW_CTX_TASK_ID=product.transform
AIRFLOW_CTX_EXECUTION_DATE=2023-01-02T17:15:28.621166+00:00
AIRFLOW_CTX_TRY_NUMBER=1
AIRFLOW_CTX_DAG_RUN_ID=manual__2023-01-02T17:15:28.621166+00:00
[2023-01-02T17:15:47.789+0000] {subprocess.py:63} INFO - Tmp dir root location: 
 /tmp
[2023-01-02T17:15:47.792+0000] {subprocess.py:75} INFO - Running command: ['/bin/bash', '-c', 'sleep 1']
[2023-01-02T17:15:47.909+0000] {subprocess.py:86} INFO - Output:
[2023-01-02T17:15:49.049+0000] {subprocess.py:97} INFO - Command exited with return code 0
[2023-01-02T17:15:49.455+0000] {taskinstance.py:1406} INFO - Marking task as SUCCESS. dag_id=dpt_cosmetic, task_id=product.transform, execution_date=20230102T171528, start_date=20230102T171544, end_date=20230102T171549
[2023-01-02T17:15:49.748+0000] {local_task_job.py:164} INFO - Task exited with return code 0
[2023-01-02T17:15:55.065+0000] {local_task_job.py:273} INFO - 1 downstream tasks scheduled from follow-on schedule check
