[2023-01-06T02:14:24.936+0000] {taskinstance.py:1165} INFO - Dependencies all met for <TaskInstance: dpt_cosmetic.transaction_01.check_table manual__2023-01-06T02:14:22.037743+00:00 [queued]>
[2023-01-06T02:14:24.947+0000] {taskinstance.py:1165} INFO - Dependencies all met for <TaskInstance: dpt_cosmetic.transaction_01.check_table manual__2023-01-06T02:14:22.037743+00:00 [queued]>
[2023-01-06T02:14:24.948+0000] {taskinstance.py:1362} INFO - 
--------------------------------------------------------------------------------
[2023-01-06T02:14:24.948+0000] {taskinstance.py:1363} INFO - Starting attempt 1 of 1
[2023-01-06T02:14:24.949+0000] {taskinstance.py:1364} INFO - 
--------------------------------------------------------------------------------
[2023-01-06T02:14:24.969+0000] {taskinstance.py:1383} INFO - Executing <Task(BranchPythonOperator): transaction_01.check_table> on 2023-01-06 02:14:22.037743+00:00
[2023-01-06T02:14:24.975+0000] {standard_task_runner.py:55} INFO - Started process 210 to run task
[2023-01-06T02:14:24.979+0000] {standard_task_runner.py:82} INFO - Running: ['***', 'tasks', 'run', 'dpt_cosmetic', 'transaction_01.check_table', 'manual__2023-01-06T02:14:22.037743+00:00', '--job-id', '382', '--raw', '--subdir', 'DAGS_FOLDER/main.py', '--cfg-path', '/tmp/tmpk7z963h2']
[2023-01-06T02:14:24.982+0000] {standard_task_runner.py:83} INFO - Job 382: Subtask transaction_01.check_table
[2023-01-06T02:14:25.072+0000] {task_command.py:376} INFO - Running <TaskInstance: dpt_cosmetic.transaction_01.check_table manual__2023-01-06T02:14:22.037743+00:00 [running]> on host fdf4acf1d8ed
[2023-01-06T02:14:25.163+0000] {taskinstance.py:1592} INFO - Exporting the following env vars:
AIRFLOW_CTX_DAG_OWNER=***
AIRFLOW_CTX_DAG_ID=dpt_cosmetic
AIRFLOW_CTX_TASK_ID=transaction_01.check_table
AIRFLOW_CTX_EXECUTION_DATE=2023-01-06T02:14:22.037743+00:00
AIRFLOW_CTX_TRY_NUMBER=1
AIRFLOW_CTX_DAG_RUN_ID=manual__2023-01-06T02:14:22.037743+00:00
[2023-01-06T02:14:25.791+0000] {python.py:177} INFO - Done. Returned value was: transaction_01.insert_data
[2023-01-06T02:14:25.792+0000] {skipmixin.py:155} INFO - Following branch transaction_01.insert_data
[2023-01-06T02:14:25.794+0000] {skipmixin.py:190} INFO - Skipping tasks ['transaction_01.create_table']
[2023-01-06T02:14:25.921+0000] {taskinstance.py:1406} INFO - Marking task as SUCCESS. dag_id=dpt_cosmetic, task_id=transaction_01.check_table, execution_date=20230106T021422, start_date=20230106T021424, end_date=20230106T021425
[2023-01-06T02:14:25.998+0000] {local_task_job.py:164} INFO - Task exited with return code 0
[2023-01-06T02:14:26.121+0000] {local_task_job.py:273} INFO - 0 downstream tasks scheduled from follow-on schedule check
