[2023-01-06T20:31:30.049+0000] {taskinstance.py:1165} INFO - Dependencies all met for <TaskInstance: dpt_cosmetic.user_01.check_table manual__2023-01-06T20:30:39.090323+00:00 [queued]>
[2023-01-06T20:31:30.100+0000] {taskinstance.py:1165} INFO - Dependencies all met for <TaskInstance: dpt_cosmetic.user_01.check_table manual__2023-01-06T20:30:39.090323+00:00 [queued]>
[2023-01-06T20:31:30.102+0000] {taskinstance.py:1362} INFO - 
--------------------------------------------------------------------------------
[2023-01-06T20:31:30.103+0000] {taskinstance.py:1363} INFO - Starting attempt 1 of 1
[2023-01-06T20:31:30.105+0000] {taskinstance.py:1364} INFO - 
--------------------------------------------------------------------------------
[2023-01-06T20:31:30.176+0000] {taskinstance.py:1383} INFO - Executing <Task(BranchPythonOperator): user_01.check_table> on 2023-01-06 20:30:39.090323+00:00
[2023-01-06T20:31:30.192+0000] {standard_task_runner.py:55} INFO - Started process 354 to run task
[2023-01-06T20:31:30.205+0000] {standard_task_runner.py:82} INFO - Running: ['***', 'tasks', 'run', 'dpt_cosmetic', 'user_01.check_table', 'manual__2023-01-06T20:30:39.090323+00:00', '--job-id', '436', '--raw', '--subdir', 'DAGS_FOLDER/main.py', '--cfg-path', '/tmp/tmpphxi5qul']
[2023-01-06T20:31:30.208+0000] {standard_task_runner.py:83} INFO - Job 436: Subtask user_01.check_table
[2023-01-06T20:31:30.539+0000] {task_command.py:376} INFO - Running <TaskInstance: dpt_cosmetic.user_01.check_table manual__2023-01-06T20:30:39.090323+00:00 [running]> on host fdf4acf1d8ed
[2023-01-06T20:31:30.985+0000] {taskinstance.py:1592} INFO - Exporting the following env vars:
AIRFLOW_CTX_DAG_OWNER=***
AIRFLOW_CTX_DAG_ID=dpt_cosmetic
AIRFLOW_CTX_TASK_ID=user_01.check_table
AIRFLOW_CTX_EXECUTION_DATE=2023-01-06T20:30:39.090323+00:00
AIRFLOW_CTX_TRY_NUMBER=1
AIRFLOW_CTX_DAG_RUN_ID=manual__2023-01-06T20:30:39.090323+00:00
[2023-01-06T20:31:31.717+0000] {python.py:177} INFO - Done. Returned value was: user_01.insert_data
[2023-01-06T20:31:31.719+0000] {skipmixin.py:155} INFO - Following branch user_01.insert_data
[2023-01-06T20:31:31.722+0000] {skipmixin.py:190} INFO - Skipping tasks ['user_01.create_table']
[2023-01-06T20:31:31.916+0000] {taskinstance.py:1406} INFO - Marking task as SUCCESS. dag_id=dpt_cosmetic, task_id=user_01.check_table, execution_date=20230106T203039, start_date=20230106T203130, end_date=20230106T203131
[2023-01-06T20:31:32.028+0000] {local_task_job.py:164} INFO - Task exited with return code 0
[2023-01-06T20:31:32.443+0000] {local_task_job.py:273} INFO - 1 downstream tasks scheduled from follow-on schedule check
