[2023-01-07T05:18:23.850+0000] {taskinstance.py:1165} INFO - Dependencies all met for <TaskInstance: dpt_cosmetic.user.transform manual__2023-01-07T05:15:53.603562+00:00 [queued]>
[2023-01-07T05:18:23.936+0000] {taskinstance.py:1165} INFO - Dependencies all met for <TaskInstance: dpt_cosmetic.user.transform manual__2023-01-07T05:15:53.603562+00:00 [queued]>
[2023-01-07T05:18:23.950+0000] {taskinstance.py:1362} INFO - 
--------------------------------------------------------------------------------
[2023-01-07T05:18:23.954+0000] {taskinstance.py:1363} INFO - Starting attempt 1 of 1
[2023-01-07T05:18:23.959+0000] {taskinstance.py:1364} INFO - 
--------------------------------------------------------------------------------
[2023-01-07T05:18:24.431+0000] {taskinstance.py:1383} INFO - Executing <Task(BashOperator): user.transform> on 2023-01-07 05:15:53.603562+00:00
[2023-01-07T05:18:24.484+0000] {standard_task_runner.py:55} INFO - Started process 467 to run task
[2023-01-07T05:18:24.595+0000] {standard_task_runner.py:82} INFO - Running: ['***', 'tasks', 'run', 'dpt_cosmetic', 'user.transform', 'manual__2023-01-07T05:15:53.603562+00:00', '--job-id', '570', '--raw', '--subdir', 'DAGS_FOLDER/main.py', '--cfg-path', '/tmp/tmp75l3huy8']
[2023-01-07T05:18:24.700+0000] {standard_task_runner.py:83} INFO - Job 570: Subtask user.transform
[2023-01-07T05:18:26.022+0000] {task_command.py:376} INFO - Running <TaskInstance: dpt_cosmetic.user.transform manual__2023-01-07T05:15:53.603562+00:00 [running]> on host fdf4acf1d8ed
[2023-01-07T05:18:28.242+0000] {taskinstance.py:1592} INFO - Exporting the following env vars:
AIRFLOW_CTX_DAG_OWNER=***
AIRFLOW_CTX_DAG_ID=dpt_cosmetic
AIRFLOW_CTX_TASK_ID=user.transform
AIRFLOW_CTX_EXECUTION_DATE=2023-01-07T05:15:53.603562+00:00
AIRFLOW_CTX_TRY_NUMBER=1
AIRFLOW_CTX_DAG_RUN_ID=manual__2023-01-07T05:15:53.603562+00:00
[2023-01-07T05:18:28.258+0000] {subprocess.py:63} INFO - Tmp dir root location: 
 /tmp
[2023-01-07T05:18:28.272+0000] {subprocess.py:75} INFO - Running command: ['/bin/bash', '-c', 'sleep 1']
[2023-01-07T05:18:28.500+0000] {subprocess.py:86} INFO - Output:
[2023-01-07T05:18:29.637+0000] {subprocess.py:97} INFO - Command exited with return code 0
[2023-01-07T05:18:30.337+0000] {taskinstance.py:1406} INFO - Marking task as SUCCESS. dag_id=dpt_cosmetic, task_id=user.transform, execution_date=20230107T051553, start_date=20230107T051823, end_date=20230107T051830
[2023-01-07T05:18:30.756+0000] {local_task_job.py:164} INFO - Task exited with return code 0
[2023-01-07T05:18:32.127+0000] {local_task_job.py:273} INFO - 1 downstream tasks scheduled from follow-on schedule check
