[2023-01-02T16:55:27.606+0000] {taskinstance.py:1165} INFO - Dependencies all met for <TaskInstance: dpt_cosmetic.transaction.transform manual__2023-01-02T16:55:11.923317+00:00 [queued]>
[2023-01-02T16:55:27.664+0000] {taskinstance.py:1165} INFO - Dependencies all met for <TaskInstance: dpt_cosmetic.transaction.transform manual__2023-01-02T16:55:11.923317+00:00 [queued]>
[2023-01-02T16:55:27.666+0000] {taskinstance.py:1362} INFO - 
--------------------------------------------------------------------------------
[2023-01-02T16:55:27.668+0000] {taskinstance.py:1363} INFO - Starting attempt 1 of 1
[2023-01-02T16:55:27.669+0000] {taskinstance.py:1364} INFO - 
--------------------------------------------------------------------------------
[2023-01-02T16:55:27.766+0000] {taskinstance.py:1383} INFO - Executing <Task(TransformOperator): transaction.transform> on 2023-01-02 16:55:11.923317+00:00
[2023-01-02T16:55:27.786+0000] {standard_task_runner.py:55} INFO - Started process 446 to run task
[2023-01-02T16:55:27.808+0000] {standard_task_runner.py:82} INFO - Running: ['***', 'tasks', 'run', 'dpt_cosmetic', 'transaction.transform', 'manual__2023-01-02T16:55:11.923317+00:00', '--job-id', '257', '--raw', '--subdir', 'DAGS_FOLDER/main.py', '--cfg-path', '/tmp/tmpc_4w9_kc']
[2023-01-02T16:55:27.812+0000] {standard_task_runner.py:83} INFO - Job 257: Subtask transaction.transform
[2023-01-02T16:55:28.803+0000] {task_command.py:376} INFO - Running <TaskInstance: dpt_cosmetic.transaction.transform manual__2023-01-02T16:55:11.923317+00:00 [running]> on host 703acec1b71e
[2023-01-02T16:55:29.175+0000] {taskinstance.py:1592} INFO - Exporting the following env vars:
AIRFLOW_CTX_DAG_OWNER=***
AIRFLOW_CTX_DAG_ID=dpt_cosmetic
AIRFLOW_CTX_TASK_ID=transaction.transform
AIRFLOW_CTX_EXECUTION_DATE=2023-01-02T16:55:11.923317+00:00
AIRFLOW_CTX_TRY_NUMBER=1
AIRFLOW_CTX_DAG_RUN_ID=manual__2023-01-02T16:55:11.923317+00:00
[2023-01-02T16:55:39.073+0000] {warnings.py:110} WARNING - /home/***/.local/lib/python3.7/site-packages/pandas/core/frame.py:4913: SettingWithCopyWarning: 
A value is trying to be set on a copy of a slice from a DataFrame

See the caveats in the documentation: https://pandas.pydata.org/pandas-docs/stable/user_guide/indexing.html#returning-a-view-versus-a-copy
  errors=errors,

[2023-01-02T16:55:43.153+0000] {operator.py:104} INFO - successfully save the file,transaction
[2023-01-02T16:55:43.323+0000] {taskinstance.py:1406} INFO - Marking task as SUCCESS. dag_id=dpt_cosmetic, task_id=transaction.transform, execution_date=20230102T165511, start_date=20230102T165527, end_date=20230102T165543
[2023-01-02T16:55:43.931+0000] {local_task_job.py:164} INFO - Task exited with return code 0
[2023-01-02T16:55:44.418+0000] {local_task_job.py:273} INFO - 0 downstream tasks scheduled from follow-on schedule check
