[2022-12-31T23:39:34.576+0000] {taskinstance.py:1165} INFO - Dependencies all met for <TaskInstance: dpt_cosmetic.transaction.extract manual__2022-12-31T23:39:19.870072+00:00 [queued]>
[2022-12-31T23:39:34.622+0000] {taskinstance.py:1165} INFO - Dependencies all met for <TaskInstance: dpt_cosmetic.transaction.extract manual__2022-12-31T23:39:19.870072+00:00 [queued]>
[2022-12-31T23:39:34.624+0000] {taskinstance.py:1362} INFO - 
--------------------------------------------------------------------------------
[2022-12-31T23:39:34.626+0000] {taskinstance.py:1363} INFO - Starting attempt 1 of 1
[2022-12-31T23:39:34.627+0000] {taskinstance.py:1364} INFO - 
--------------------------------------------------------------------------------
[2022-12-31T23:39:34.720+0000] {taskinstance.py:1383} INFO - Executing <Task(ExtractOperator): transaction.extract> on 2022-12-31 23:39:19.870072+00:00
[2022-12-31T23:39:34.735+0000] {standard_task_runner.py:55} INFO - Started process 423 to run task
[2022-12-31T23:39:34.749+0000] {standard_task_runner.py:82} INFO - Running: ['***', 'tasks', 'run', 'dpt_cosmetic', 'transaction.extract', 'manual__2022-12-31T23:39:19.870072+00:00', '--job-id', '73', '--raw', '--subdir', 'DAGS_FOLDER/main.py', '--cfg-path', '/tmp/tmpyscqkgyi']
[2022-12-31T23:39:34.752+0000] {standard_task_runner.py:83} INFO - Job 73: Subtask transaction.extract
[2022-12-31T23:39:35.029+0000] {task_command.py:376} INFO - Running <TaskInstance: dpt_cosmetic.transaction.extract manual__2022-12-31T23:39:19.870072+00:00 [running]> on host 6bd76effbc07
[2022-12-31T23:39:35.472+0000] {taskinstance.py:1592} INFO - Exporting the following env vars:
AIRFLOW_CTX_DAG_OWNER=***
AIRFLOW_CTX_DAG_ID=dpt_cosmetic
AIRFLOW_CTX_TASK_ID=transaction.extract
AIRFLOW_CTX_EXECUTION_DATE=2022-12-31T23:39:19.870072+00:00
AIRFLOW_CTX_TRY_NUMBER=1
AIRFLOW_CTX_DAG_RUN_ID=manual__2022-12-31T23:39:19.870072+00:00
[2022-12-31T23:39:35.724+0000] {logging_mixin.py:120} INFO - Empty DataFrame
Columns: []
Index: []
[2022-12-31T23:39:35.775+0000] {taskinstance.py:1406} INFO - Marking task as SUCCESS. dag_id=dpt_cosmetic, task_id=transaction.extract, execution_date=20221231T233919, start_date=20221231T233934, end_date=20221231T233935
[2022-12-31T23:39:35.892+0000] {local_task_job.py:164} INFO - Task exited with return code 0
[2022-12-31T23:39:36.036+0000] {local_task_job.py:273} INFO - 0 downstream tasks scheduled from follow-on schedule check
