[2023-01-06T01:41:41.262+0000] {taskinstance.py:1165} INFO - Dependencies all met for <TaskInstance: dpt_cosmetic.transaction_01.check_table manual__2023-01-06T01:41:38.042637+00:00 [queued]>
[2023-01-06T01:41:41.278+0000] {taskinstance.py:1165} INFO - Dependencies all met for <TaskInstance: dpt_cosmetic.transaction_01.check_table manual__2023-01-06T01:41:38.042637+00:00 [queued]>
[2023-01-06T01:41:41.279+0000] {taskinstance.py:1362} INFO - 
--------------------------------------------------------------------------------
[2023-01-06T01:41:41.279+0000] {taskinstance.py:1363} INFO - Starting attempt 1 of 1
[2023-01-06T01:41:41.280+0000] {taskinstance.py:1364} INFO - 
--------------------------------------------------------------------------------
[2023-01-06T01:41:41.317+0000] {taskinstance.py:1383} INFO - Executing <Task(BranchPythonOperator): transaction_01.check_table> on 2023-01-06 01:41:38.042637+00:00
[2023-01-06T01:41:41.325+0000] {standard_task_runner.py:55} INFO - Started process 94 to run task
[2023-01-06T01:41:41.332+0000] {standard_task_runner.py:82} INFO - Running: ['***', 'tasks', 'run', 'dpt_cosmetic', 'transaction_01.check_table', 'manual__2023-01-06T01:41:38.042637+00:00', '--job-id', '344', '--raw', '--subdir', 'DAGS_FOLDER/main.py', '--cfg-path', '/tmp/tmpzowoqpfb']
[2023-01-06T01:41:41.336+0000] {standard_task_runner.py:83} INFO - Job 344: Subtask transaction_01.check_table
[2023-01-06T01:41:41.458+0000] {task_command.py:376} INFO - Running <TaskInstance: dpt_cosmetic.transaction_01.check_table manual__2023-01-06T01:41:38.042637+00:00 [running]> on host fdf4acf1d8ed
[2023-01-06T01:41:41.613+0000] {taskinstance.py:1592} INFO - Exporting the following env vars:
AIRFLOW_CTX_DAG_OWNER=***
AIRFLOW_CTX_DAG_ID=dpt_cosmetic
AIRFLOW_CTX_TASK_ID=transaction_01.check_table
AIRFLOW_CTX_EXECUTION_DATE=2023-01-06T01:41:38.042637+00:00
AIRFLOW_CTX_TRY_NUMBER=1
AIRFLOW_CTX_DAG_RUN_ID=manual__2023-01-06T01:41:38.042637+00:00
[2023-01-06T01:41:42.297+0000] {python.py:177} INFO - Done. Returned value was: transaction_01.create_table
[2023-01-06T01:41:42.312+0000] {taskinstance.py:1851} ERROR - Task failed with exception
Traceback (most recent call last):
  File "/home/airflow/.local/lib/python3.7/site-packages/airflow/operators/python.py", line 225, in execute
    f"Branch callable must return valid task_ids. Invalid tasks found: {invalid_task_ids}"
airflow.exceptions.AirflowException: Branch callable must return valid task_ids. Invalid tasks found: {'transaction_01.create_table'}
[2023-01-06T01:41:42.317+0000] {taskinstance.py:1406} INFO - Marking task as FAILED. dag_id=dpt_cosmetic, task_id=transaction_01.check_table, execution_date=20230106T014138, start_date=20230106T014141, end_date=20230106T014142
[2023-01-06T01:41:42.339+0000] {standard_task_runner.py:105} ERROR - Failed to execute job 344 for task transaction_01.check_table (Branch callable must return valid task_ids. Invalid tasks found: {'transaction_01.create_table'}; 94)
[2023-01-06T01:41:42.388+0000] {local_task_job.py:164} INFO - Task exited with return code 1
[2023-01-06T01:41:42.451+0000] {local_task_job.py:273} INFO - 0 downstream tasks scheduled from follow-on schedule check
