[2023-01-01T00:12:22.616+0000] {taskinstance.py:1165} INFO - Dependencies all met for <TaskInstance: dpt_cosmetic.split_files_by_source manual__2023-01-01T00:12:16.699813+00:00 [queued]>
[2023-01-01T00:12:22.662+0000] {taskinstance.py:1165} INFO - Dependencies all met for <TaskInstance: dpt_cosmetic.split_files_by_source manual__2023-01-01T00:12:16.699813+00:00 [queued]>
[2023-01-01T00:12:22.663+0000] {taskinstance.py:1362} INFO - 
--------------------------------------------------------------------------------
[2023-01-01T00:12:22.665+0000] {taskinstance.py:1363} INFO - Starting attempt 1 of 1
[2023-01-01T00:12:22.666+0000] {taskinstance.py:1364} INFO - 
--------------------------------------------------------------------------------
[2023-01-01T00:12:22.746+0000] {taskinstance.py:1383} INFO - Executing <Task(BashOperator): split_files_by_source> on 2023-01-01 00:12:16.699813+00:00
[2023-01-01T00:12:22.762+0000] {standard_task_runner.py:55} INFO - Started process 523 to run task
[2023-01-01T00:12:22.777+0000] {standard_task_runner.py:82} INFO - Running: ['***', 'tasks', 'run', 'dpt_cosmetic', 'split_files_by_source', 'manual__2023-01-01T00:12:16.699813+00:00', '--job-id', '86', '--raw', '--subdir', 'DAGS_FOLDER/main.py', '--cfg-path', '/tmp/tmpz4igb7jk']
[2023-01-01T00:12:22.780+0000] {standard_task_runner.py:83} INFO - Job 86: Subtask split_files_by_source
[2023-01-01T00:12:23.072+0000] {task_command.py:376} INFO - Running <TaskInstance: dpt_cosmetic.split_files_by_source manual__2023-01-01T00:12:16.699813+00:00 [running]> on host 6bd76effbc07
[2023-01-01T00:12:23.447+0000] {taskinstance.py:1592} INFO - Exporting the following env vars:
AIRFLOW_CTX_DAG_OWNER=***
AIRFLOW_CTX_DAG_ID=dpt_cosmetic
AIRFLOW_CTX_TASK_ID=split_files_by_source
AIRFLOW_CTX_EXECUTION_DATE=2023-01-01T00:12:16.699813+00:00
AIRFLOW_CTX_TRY_NUMBER=1
AIRFLOW_CTX_DAG_RUN_ID=manual__2023-01-01T00:12:16.699813+00:00
[2023-01-01T00:12:23.453+0000] {subprocess.py:63} INFO - Tmp dir root location: 
 /tmp
[2023-01-01T00:12:23.457+0000] {subprocess.py:75} INFO - Running command: ['/bin/bash', '-c', 'sleep 1']
[2023-01-01T00:12:23.496+0000] {subprocess.py:86} INFO - Output:
[2023-01-01T00:12:24.510+0000] {subprocess.py:97} INFO - Command exited with return code 0
[2023-01-01T00:12:24.687+0000] {taskinstance.py:1406} INFO - Marking task as SUCCESS. dag_id=dpt_cosmetic, task_id=split_files_by_source, execution_date=20230101T001216, start_date=20230101T001222, end_date=20230101T001224
[2023-01-01T00:12:24.846+0000] {local_task_job.py:164} INFO - Task exited with return code 0
[2023-01-01T00:12:25.012+0000] {local_task_job.py:273} INFO - 0 downstream tasks scheduled from follow-on schedule check
