[2023-01-02T15:46:06.757+0000] {taskinstance.py:1165} INFO - Dependencies all met for <TaskInstance: dpt_cosmetic.split_files_by_source scheduled__2023-01-01T00:00:00+00:00 [queued]>
[2023-01-02T15:46:06.798+0000] {taskinstance.py:1165} INFO - Dependencies all met for <TaskInstance: dpt_cosmetic.split_files_by_source scheduled__2023-01-01T00:00:00+00:00 [queued]>
[2023-01-02T15:46:06.800+0000] {taskinstance.py:1362} INFO - 
--------------------------------------------------------------------------------
[2023-01-02T15:46:06.801+0000] {taskinstance.py:1363} INFO - Starting attempt 1 of 1
[2023-01-02T15:46:06.803+0000] {taskinstance.py:1364} INFO - 
--------------------------------------------------------------------------------
[2023-01-02T15:46:06.929+0000] {taskinstance.py:1383} INFO - Executing <Task(BashOperator): split_files_by_source> on 2023-01-01 00:00:00+00:00
[2023-01-02T15:46:06.945+0000] {standard_task_runner.py:55} INFO - Started process 80 to run task
[2023-01-02T15:46:06.966+0000] {standard_task_runner.py:82} INFO - Running: ['***', 'tasks', 'run', 'dpt_cosmetic', 'split_files_by_source', 'scheduled__2023-01-01T00:00:00+00:00', '--job-id', '209', '--raw', '--subdir', 'DAGS_FOLDER/main.py', '--cfg-path', '/tmp/tmp35bmcj_e']
[2023-01-02T15:46:06.968+0000] {standard_task_runner.py:83} INFO - Job 209: Subtask split_files_by_source
[2023-01-02T15:46:07.042+0000] {warnings.py:110} WARNING - /home/***/.local/lib/python3.7/site-packages/***/configuration.py:545: DeprecationWarning: The sql_alchemy_conn option in [core] has been moved to the sql_alchemy_conn option in [database] - the old setting has been used, but please update your config.
  option = self._get_environment_variables(deprecated_key, deprecated_section, key, section)

[2023-01-02T15:46:07.438+0000] {task_command.py:376} INFO - Running <TaskInstance: dpt_cosmetic.split_files_by_source scheduled__2023-01-01T00:00:00+00:00 [running]> on host 703acec1b71e
[2023-01-02T15:46:07.952+0000] {taskinstance.py:1592} INFO - Exporting the following env vars:
AIRFLOW_CTX_DAG_OWNER=***
AIRFLOW_CTX_DAG_ID=dpt_cosmetic
AIRFLOW_CTX_TASK_ID=split_files_by_source
AIRFLOW_CTX_EXECUTION_DATE=2023-01-01T00:00:00+00:00
AIRFLOW_CTX_TRY_NUMBER=1
AIRFLOW_CTX_DAG_RUN_ID=scheduled__2023-01-01T00:00:00+00:00
[2023-01-02T15:46:07.956+0000] {subprocess.py:63} INFO - Tmp dir root location: 
 /tmp
[2023-01-02T15:46:07.959+0000] {subprocess.py:75} INFO - Running command: ['/bin/bash', '-c', 'sleep 1']
[2023-01-02T15:46:07.994+0000] {subprocess.py:86} INFO - Output:
[2023-01-02T15:46:09.010+0000] {subprocess.py:97} INFO - Command exited with return code 0
[2023-01-02T15:46:09.141+0000] {taskinstance.py:1406} INFO - Marking task as SUCCESS. dag_id=dpt_cosmetic, task_id=split_files_by_source, execution_date=20230101T000000, start_date=20230102T154606, end_date=20230102T154609
[2023-01-02T15:46:09.293+0000] {local_task_job.py:164} INFO - Task exited with return code 0
[2023-01-02T15:46:09.445+0000] {local_task_job.py:273} INFO - 2 downstream tasks scheduled from follow-on schedule check
[2023-01-02T16:32:14.657+0000] {taskinstance.py:1165} INFO - Dependencies all met for <TaskInstance: dpt_cosmetic.split_files_by_source scheduled__2023-01-01T00:00:00+00:00 [queued]>
[2023-01-02T16:32:14.717+0000] {taskinstance.py:1165} INFO - Dependencies all met for <TaskInstance: dpt_cosmetic.split_files_by_source scheduled__2023-01-01T00:00:00+00:00 [queued]>
[2023-01-02T16:32:14.719+0000] {taskinstance.py:1362} INFO - 
--------------------------------------------------------------------------------
[2023-01-02T16:32:14.721+0000] {taskinstance.py:1363} INFO - Starting attempt 1 of 1
[2023-01-02T16:32:14.722+0000] {taskinstance.py:1364} INFO - 
--------------------------------------------------------------------------------
[2023-01-02T16:32:14.803+0000] {taskinstance.py:1383} INFO - Executing <Task(BashOperator): split_files_by_source> on 2023-01-01 00:00:00+00:00
[2023-01-02T16:32:14.822+0000] {standard_task_runner.py:55} INFO - Started process 176 to run task
[2023-01-02T16:32:14.840+0000] {standard_task_runner.py:82} INFO - Running: ['***', 'tasks', 'run', 'dpt_cosmetic', 'split_files_by_source', 'scheduled__2023-01-01T00:00:00+00:00', '--job-id', '220', '--raw', '--subdir', 'DAGS_FOLDER/main.py', '--cfg-path', '/tmp/tmpx99by9s1']
[2023-01-02T16:32:14.843+0000] {standard_task_runner.py:83} INFO - Job 220: Subtask split_files_by_source
[2023-01-02T16:32:14.899+0000] {warnings.py:110} WARNING - /home/***/.local/lib/python3.7/site-packages/***/configuration.py:545: DeprecationWarning: The sql_alchemy_conn option in [core] has been moved to the sql_alchemy_conn option in [database] - the old setting has been used, but please update your config.
  option = self._get_environment_variables(deprecated_key, deprecated_section, key, section)

[2023-01-02T16:32:15.922+0000] {task_command.py:376} INFO - Running <TaskInstance: dpt_cosmetic.split_files_by_source scheduled__2023-01-01T00:00:00+00:00 [running]> on host 703acec1b71e
[2023-01-02T16:32:16.317+0000] {taskinstance.py:1592} INFO - Exporting the following env vars:
AIRFLOW_CTX_DAG_OWNER=***
AIRFLOW_CTX_DAG_ID=dpt_cosmetic
AIRFLOW_CTX_TASK_ID=split_files_by_source
AIRFLOW_CTX_EXECUTION_DATE=2023-01-01T00:00:00+00:00
AIRFLOW_CTX_TRY_NUMBER=1
AIRFLOW_CTX_DAG_RUN_ID=scheduled__2023-01-01T00:00:00+00:00
[2023-01-02T16:32:16.322+0000] {subprocess.py:63} INFO - Tmp dir root location: 
 /tmp
[2023-01-02T16:32:16.325+0000] {subprocess.py:75} INFO - Running command: ['/bin/bash', '-c', 'sleep 1']
[2023-01-02T16:32:16.372+0000] {subprocess.py:86} INFO - Output:
[2023-01-02T16:32:17.388+0000] {subprocess.py:97} INFO - Command exited with return code 0
[2023-01-02T16:32:17.556+0000] {taskinstance.py:1406} INFO - Marking task as SUCCESS. dag_id=dpt_cosmetic, task_id=split_files_by_source, execution_date=20230101T000000, start_date=20230102T163214, end_date=20230102T163217
[2023-01-02T16:32:17.673+0000] {local_task_job.py:164} INFO - Task exited with return code 0
[2023-01-02T16:32:18.382+0000] {local_task_job.py:273} INFO - 4 downstream tasks scheduled from follow-on schedule check
[2023-01-02T16:37:35.966+0000] {taskinstance.py:1165} INFO - Dependencies all met for <TaskInstance: dpt_cosmetic.split_files_by_source scheduled__2023-01-01T00:00:00+00:00 [queued]>
[2023-01-02T16:37:36.340+0000] {taskinstance.py:1165} INFO - Dependencies all met for <TaskInstance: dpt_cosmetic.split_files_by_source scheduled__2023-01-01T00:00:00+00:00 [queued]>
[2023-01-02T16:37:36.349+0000] {taskinstance.py:1362} INFO - 
--------------------------------------------------------------------------------
[2023-01-02T16:37:36.374+0000] {taskinstance.py:1363} INFO - Starting attempt 1 of 1
[2023-01-02T16:37:36.390+0000] {taskinstance.py:1364} INFO - 
--------------------------------------------------------------------------------
[2023-01-02T16:37:36.725+0000] {taskinstance.py:1383} INFO - Executing <Task(BashOperator): split_files_by_source> on 2023-01-01 00:00:00+00:00
[2023-01-02T16:37:36.820+0000] {standard_task_runner.py:55} INFO - Started process 275 to run task
[2023-01-02T16:37:36.869+0000] {standard_task_runner.py:82} INFO - Running: ['***', 'tasks', 'run', 'dpt_cosmetic', 'split_files_by_source', 'scheduled__2023-01-01T00:00:00+00:00', '--job-id', '233', '--raw', '--subdir', 'DAGS_FOLDER/main.py', '--cfg-path', '/tmp/tmp1dnbb0_u']
[2023-01-02T16:37:36.884+0000] {standard_task_runner.py:83} INFO - Job 233: Subtask split_files_by_source
[2023-01-02T16:37:37.025+0000] {warnings.py:110} WARNING - /home/***/.local/lib/python3.7/site-packages/***/configuration.py:545: DeprecationWarning: The sql_alchemy_conn option in [core] has been moved to the sql_alchemy_conn option in [database] - the old setting has been used, but please update your config.
  option = self._get_environment_variables(deprecated_key, deprecated_section, key, section)

[2023-01-02T16:37:38.102+0000] {task_command.py:376} INFO - Running <TaskInstance: dpt_cosmetic.split_files_by_source scheduled__2023-01-01T00:00:00+00:00 [running]> on host 703acec1b71e
[2023-01-02T16:37:38.487+0000] {taskinstance.py:1592} INFO - Exporting the following env vars:
AIRFLOW_CTX_DAG_OWNER=***
AIRFLOW_CTX_DAG_ID=dpt_cosmetic
AIRFLOW_CTX_TASK_ID=split_files_by_source
AIRFLOW_CTX_EXECUTION_DATE=2023-01-01T00:00:00+00:00
AIRFLOW_CTX_TRY_NUMBER=1
AIRFLOW_CTX_DAG_RUN_ID=scheduled__2023-01-01T00:00:00+00:00
[2023-01-02T16:37:38.492+0000] {subprocess.py:63} INFO - Tmp dir root location: 
 /tmp
[2023-01-02T16:37:38.495+0000] {subprocess.py:75} INFO - Running command: ['/bin/bash', '-c', 'sleep 1']
[2023-01-02T16:37:38.542+0000] {subprocess.py:86} INFO - Output:
[2023-01-02T16:37:39.558+0000] {subprocess.py:97} INFO - Command exited with return code 0
[2023-01-02T16:37:39.680+0000] {taskinstance.py:1406} INFO - Marking task as SUCCESS. dag_id=dpt_cosmetic, task_id=split_files_by_source, execution_date=20230101T000000, start_date=20230102T163736, end_date=20230102T163739
[2023-01-02T16:37:39.787+0000] {local_task_job.py:164} INFO - Task exited with return code 0
[2023-01-02T16:37:40.574+0000] {local_task_job.py:273} INFO - 2 downstream tasks scheduled from follow-on schedule check
[2023-01-02T16:44:49.608+0000] {taskinstance.py:1165} INFO - Dependencies all met for <TaskInstance: dpt_cosmetic.split_files_by_source scheduled__2023-01-01T00:00:00+00:00 [queued]>
[2023-01-02T16:44:49.668+0000] {taskinstance.py:1165} INFO - Dependencies all met for <TaskInstance: dpt_cosmetic.split_files_by_source scheduled__2023-01-01T00:00:00+00:00 [queued]>
[2023-01-02T16:44:49.670+0000] {taskinstance.py:1362} INFO - 
--------------------------------------------------------------------------------
[2023-01-02T16:44:49.671+0000] {taskinstance.py:1363} INFO - Starting attempt 1 of 1
[2023-01-02T16:44:49.673+0000] {taskinstance.py:1364} INFO - 
--------------------------------------------------------------------------------
[2023-01-02T16:44:49.774+0000] {taskinstance.py:1383} INFO - Executing <Task(BashOperator): split_files_by_source> on 2023-01-01 00:00:00+00:00
[2023-01-02T16:44:49.793+0000] {standard_task_runner.py:55} INFO - Started process 378 to run task
[2023-01-02T16:44:49.826+0000] {standard_task_runner.py:82} INFO - Running: ['***', 'tasks', 'run', 'dpt_cosmetic', 'split_files_by_source', 'scheduled__2023-01-01T00:00:00+00:00', '--job-id', '248', '--raw', '--subdir', 'DAGS_FOLDER/main.py', '--cfg-path', '/tmp/tmpxmo4xy5c']
[2023-01-02T16:44:49.830+0000] {standard_task_runner.py:83} INFO - Job 248: Subtask split_files_by_source
[2023-01-02T16:44:49.905+0000] {warnings.py:110} WARNING - /home/***/.local/lib/python3.7/site-packages/***/configuration.py:545: DeprecationWarning: The sql_alchemy_conn option in [core] has been moved to the sql_alchemy_conn option in [database] - the old setting has been used, but please update your config.
  option = self._get_environment_variables(deprecated_key, deprecated_section, key, section)

[2023-01-02T16:44:51.251+0000] {task_command.py:376} INFO - Running <TaskInstance: dpt_cosmetic.split_files_by_source scheduled__2023-01-01T00:00:00+00:00 [running]> on host 703acec1b71e
[2023-01-02T16:44:52.410+0000] {taskinstance.py:1592} INFO - Exporting the following env vars:
AIRFLOW_CTX_DAG_OWNER=***
AIRFLOW_CTX_DAG_ID=dpt_cosmetic
AIRFLOW_CTX_TASK_ID=split_files_by_source
AIRFLOW_CTX_EXECUTION_DATE=2023-01-01T00:00:00+00:00
AIRFLOW_CTX_TRY_NUMBER=1
AIRFLOW_CTX_DAG_RUN_ID=scheduled__2023-01-01T00:00:00+00:00
[2023-01-02T16:44:52.436+0000] {subprocess.py:63} INFO - Tmp dir root location: 
 /tmp
[2023-01-02T16:44:52.443+0000] {subprocess.py:75} INFO - Running command: ['/bin/bash', '-c', 'sleep 1']
[2023-01-02T16:44:52.655+0000] {subprocess.py:86} INFO - Output:
[2023-01-02T16:44:53.673+0000] {subprocess.py:97} INFO - Command exited with return code 0
[2023-01-02T16:44:53.941+0000] {taskinstance.py:1406} INFO - Marking task as SUCCESS. dag_id=dpt_cosmetic, task_id=split_files_by_source, execution_date=20230101T000000, start_date=20230102T164449, end_date=20230102T164453
[2023-01-02T16:44:54.162+0000] {local_task_job.py:164} INFO - Task exited with return code 0
[2023-01-02T16:44:55.655+0000] {local_task_job.py:273} INFO - 2 downstream tasks scheduled from follow-on schedule check
