[2023-01-01T13:14:50.618+0000] {taskinstance.py:1165} INFO - Dependencies all met for <TaskInstance: dpt_cosmetic.transaction.transform scheduled__2022-12-31T00:00:00+00:00 [queued]>
[2023-01-01T13:14:50.685+0000] {taskinstance.py:1165} INFO - Dependencies all met for <TaskInstance: dpt_cosmetic.transaction.transform scheduled__2022-12-31T00:00:00+00:00 [queued]>
[2023-01-01T13:14:50.687+0000] {taskinstance.py:1362} INFO - 
--------------------------------------------------------------------------------
[2023-01-01T13:14:50.689+0000] {taskinstance.py:1363} INFO - Starting attempt 1 of 1
[2023-01-01T13:14:50.691+0000] {taskinstance.py:1364} INFO - 
--------------------------------------------------------------------------------
[2023-01-01T13:14:50.800+0000] {taskinstance.py:1383} INFO - Executing <Task(Operator): transaction.transform> on 2022-12-31 00:00:00+00:00
[2023-01-01T13:14:50.820+0000] {standard_task_runner.py:55} INFO - Started process 84 to run task
[2023-01-01T13:14:50.839+0000] {standard_task_runner.py:82} INFO - Running: ['***', 'tasks', 'run', 'dpt_cosmetic', 'transaction.transform', 'scheduled__2022-12-31T00:00:00+00:00', '--job-id', '164', '--raw', '--subdir', 'DAGS_FOLDER/main.py', '--cfg-path', '/tmp/tmpt__8w2c9']
[2023-01-01T13:14:50.844+0000] {standard_task_runner.py:83} INFO - Job 164: Subtask transaction.transform
[2023-01-01T13:14:50.928+0000] {warnings.py:110} WARNING - /home/***/.local/lib/python3.7/site-packages/***/configuration.py:545: DeprecationWarning: The sql_alchemy_conn option in [core] has been moved to the sql_alchemy_conn option in [database] - the old setting has been used, but please update your config.
  option = self._get_environment_variables(deprecated_key, deprecated_section, key, section)

[2023-01-01T13:14:51.215+0000] {task_command.py:376} INFO - Running <TaskInstance: dpt_cosmetic.transaction.transform scheduled__2022-12-31T00:00:00+00:00 [running]> on host 6bd76effbc07
[2023-01-01T13:14:51.579+0000] {taskinstance.py:1592} INFO - Exporting the following env vars:
AIRFLOW_CTX_DAG_OWNER=***
AIRFLOW_CTX_DAG_ID=dpt_cosmetic
AIRFLOW_CTX_TASK_ID=transaction.transform
AIRFLOW_CTX_EXECUTION_DATE=2022-12-31T00:00:00+00:00
AIRFLOW_CTX_TRY_NUMBER=1
AIRFLOW_CTX_DAG_RUN_ID=scheduled__2022-12-31T00:00:00+00:00
[2023-01-01T13:14:51.818+0000] {taskinstance.py:1851} ERROR - Task failed with exception
Traceback (most recent call last):
  File "/opt/airflow/dags/utilties/operator.py", line 87, in execute
    df=self.transform_trans(df)
  File "/opt/airflow/dags/utilties/operator.py", line 31, in transform_trans
    abnormal_index=trans[(trans.action=='view')&(trans.details=={})]
  File "/home/airflow/.local/lib/python3.7/site-packages/pandas/core/generic.py", line 5487, in __getattr__
    return object.__getattribute__(self, name)
AttributeError: 'DataFrame' object has no attribute 'action'
[2023-01-01T13:14:51.860+0000] {taskinstance.py:1406} INFO - Marking task as FAILED. dag_id=dpt_cosmetic, task_id=transaction.transform, execution_date=20221231T000000, start_date=20230101T131450, end_date=20230101T131451
[2023-01-01T13:14:51.926+0000] {standard_task_runner.py:105} ERROR - Failed to execute job 164 for task transaction.transform ('DataFrame' object has no attribute 'action'; 84)
[2023-01-01T13:14:51.986+0000] {local_task_job.py:164} INFO - Task exited with return code 1
[2023-01-01T13:14:52.117+0000] {local_task_job.py:273} INFO - 0 downstream tasks scheduled from follow-on schedule check
