[2023-01-07T05:16:05.829+0000] {taskinstance.py:1165} INFO - Dependencies all met for <TaskInstance: dpt_cosmetic.split_files_by_source manual__2023-01-07T05:15:48.107951+00:00 [queued]>
[2023-01-07T05:16:05.892+0000] {taskinstance.py:1165} INFO - Dependencies all met for <TaskInstance: dpt_cosmetic.split_files_by_source manual__2023-01-07T05:15:48.107951+00:00 [queued]>
[2023-01-07T05:16:05.894+0000] {taskinstance.py:1362} INFO - 
--------------------------------------------------------------------------------
[2023-01-07T05:16:05.895+0000] {taskinstance.py:1363} INFO - Starting attempt 1 of 1
[2023-01-07T05:16:05.897+0000] {taskinstance.py:1364} INFO - 
--------------------------------------------------------------------------------
[2023-01-07T05:16:06.030+0000] {taskinstance.py:1383} INFO - Executing <Task(BashOperator): split_files_by_source> on 2023-01-07 05:15:48.107951+00:00
[2023-01-07T05:16:06.052+0000] {standard_task_runner.py:55} INFO - Started process 384 to run task
[2023-01-07T05:16:06.080+0000] {standard_task_runner.py:82} INFO - Running: ['***', 'tasks', 'run', 'dpt_cosmetic', 'split_files_by_source', 'manual__2023-01-07T05:15:48.107951+00:00', '--job-id', '556', '--raw', '--subdir', 'DAGS_FOLDER/main.py', '--cfg-path', '/tmp/tmputdd_a3y']
[2023-01-07T05:16:06.092+0000] {standard_task_runner.py:83} INFO - Job 556: Subtask split_files_by_source
[2023-01-07T05:16:06.742+0000] {task_command.py:376} INFO - Running <TaskInstance: dpt_cosmetic.split_files_by_source manual__2023-01-07T05:15:48.107951+00:00 [running]> on host fdf4acf1d8ed
[2023-01-07T05:16:07.375+0000] {taskinstance.py:1592} INFO - Exporting the following env vars:
AIRFLOW_CTX_DAG_OWNER=***
AIRFLOW_CTX_DAG_ID=dpt_cosmetic
AIRFLOW_CTX_TASK_ID=split_files_by_source
AIRFLOW_CTX_EXECUTION_DATE=2023-01-07T05:15:48.107951+00:00
AIRFLOW_CTX_TRY_NUMBER=1
AIRFLOW_CTX_DAG_RUN_ID=manual__2023-01-07T05:15:48.107951+00:00
[2023-01-07T05:16:07.385+0000] {subprocess.py:63} INFO - Tmp dir root location: 
 /tmp
[2023-01-07T05:16:07.402+0000] {subprocess.py:75} INFO - Running command: ['/bin/bash', '-c', 'sleep 1']
[2023-01-07T05:16:07.477+0000] {subprocess.py:86} INFO - Output:
[2023-01-07T05:16:08.509+0000] {subprocess.py:97} INFO - Command exited with return code 0
[2023-01-07T05:16:08.692+0000] {taskinstance.py:1406} INFO - Marking task as SUCCESS. dag_id=dpt_cosmetic, task_id=split_files_by_source, execution_date=20230107T051548, start_date=20230107T051605, end_date=20230107T051608
[2023-01-07T05:16:08.819+0000] {local_task_job.py:164} INFO - Task exited with return code 0
[2023-01-07T05:16:09.584+0000] {local_task_job.py:273} INFO - 6 downstream tasks scheduled from follow-on schedule check
