[2023-01-01T01:06:58.219+0000] {taskinstance.py:1165} INFO - Dependencies all met for <TaskInstance: dpt_cosmetic.transaction.extract manual__2023-01-01T01:06:45.745553+00:00 [queued]>
[2023-01-01T01:06:58.293+0000] {taskinstance.py:1165} INFO - Dependencies all met for <TaskInstance: dpt_cosmetic.transaction.extract manual__2023-01-01T01:06:45.745553+00:00 [queued]>
[2023-01-01T01:06:58.295+0000] {taskinstance.py:1362} INFO - 
--------------------------------------------------------------------------------
[2023-01-01T01:06:58.297+0000] {taskinstance.py:1363} INFO - Starting attempt 1 of 1
[2023-01-01T01:06:58.299+0000] {taskinstance.py:1364} INFO - 
--------------------------------------------------------------------------------
[2023-01-01T01:06:58.404+0000] {taskinstance.py:1383} INFO - Executing <Task(ExtractOperator): transaction.extract> on 2023-01-01 01:06:45.745553+00:00
[2023-01-01T01:06:58.425+0000] {standard_task_runner.py:55} INFO - Started process 809 to run task
[2023-01-01T01:06:58.444+0000] {standard_task_runner.py:82} INFO - Running: ['***', 'tasks', 'run', 'dpt_cosmetic', 'transaction.extract', 'manual__2023-01-01T01:06:45.745553+00:00', '--job-id', '123', '--raw', '--subdir', 'DAGS_FOLDER/main.py', '--cfg-path', '/tmp/tmprj6yzyp2']
[2023-01-01T01:06:58.449+0000] {standard_task_runner.py:83} INFO - Job 123: Subtask transaction.extract
[2023-01-01T01:06:58.850+0000] {task_command.py:376} INFO - Running <TaskInstance: dpt_cosmetic.transaction.extract manual__2023-01-01T01:06:45.745553+00:00 [running]> on host 6bd76effbc07
[2023-01-01T01:06:59.389+0000] {taskinstance.py:1592} INFO - Exporting the following env vars:
AIRFLOW_CTX_DAG_OWNER=***
AIRFLOW_CTX_DAG_ID=dpt_cosmetic
AIRFLOW_CTX_TASK_ID=transaction.extract
AIRFLOW_CTX_EXECUTION_DATE=2023-01-01T01:06:45.745553+00:00
AIRFLOW_CTX_TRY_NUMBER=1
AIRFLOW_CTX_DAG_RUN_ID=manual__2023-01-01T01:06:45.745553+00:00
[2023-01-01T01:06:59.427+0000] {logging_mixin.py:120} INFO - <pymongo.cursor.Cursor object at 0x7f7cb741c050>
[2023-01-01T01:06:59.561+0000] {logging_mixin.py:120} INFO - []
[2023-01-01T01:06:59.607+0000] {taskinstance.py:1406} INFO - Marking task as SUCCESS. dag_id=dpt_cosmetic, task_id=transaction.extract, execution_date=20230101T010645, start_date=20230101T010658, end_date=20230101T010659
[2023-01-01T01:06:59.676+0000] {local_task_job.py:164} INFO - Task exited with return code 0
[2023-01-01T01:06:59.770+0000] {local_task_job.py:273} INFO - 0 downstream tasks scheduled from follow-on schedule check
