[2022-12-31T23:18:55.960+0000] {taskinstance.py:1165} INFO - Dependencies all met for <TaskInstance: dpt_cosmetic.transaction.extract manual__2022-12-31T23:18:40.599404+00:00 [queued]>
[2022-12-31T23:18:56.026+0000] {taskinstance.py:1165} INFO - Dependencies all met for <TaskInstance: dpt_cosmetic.transaction.extract manual__2022-12-31T23:18:40.599404+00:00 [queued]>
[2022-12-31T23:18:56.028+0000] {taskinstance.py:1362} INFO - 
--------------------------------------------------------------------------------
[2022-12-31T23:18:56.030+0000] {taskinstance.py:1363} INFO - Starting attempt 1 of 1
[2022-12-31T23:18:56.032+0000] {taskinstance.py:1364} INFO - 
--------------------------------------------------------------------------------
[2022-12-31T23:18:56.148+0000] {taskinstance.py:1383} INFO - Executing <Task(ExtractOperator): transaction.extract> on 2022-12-31 23:18:40.599404+00:00
[2022-12-31T23:18:56.178+0000] {standard_task_runner.py:55} INFO - Started process 255 to run task
[2022-12-31T23:18:56.207+0000] {standard_task_runner.py:82} INFO - Running: ['***', 'tasks', 'run', 'dpt_cosmetic', 'transaction.extract', 'manual__2022-12-31T23:18:40.599404+00:00', '--job-id', '53', '--raw', '--subdir', 'DAGS_FOLDER/main.py', '--cfg-path', '/tmp/tmpl_6mryk1']
[2022-12-31T23:18:56.211+0000] {standard_task_runner.py:83} INFO - Job 53: Subtask transaction.extract
[2022-12-31T23:18:57.011+0000] {task_command.py:376} INFO - Running <TaskInstance: dpt_cosmetic.transaction.extract manual__2022-12-31T23:18:40.599404+00:00 [running]> on host 6bd76effbc07
[2022-12-31T23:18:58.111+0000] {taskinstance.py:1592} INFO - Exporting the following env vars:
AIRFLOW_CTX_DAG_OWNER=***
AIRFLOW_CTX_DAG_ID=dpt_cosmetic
AIRFLOW_CTX_TASK_ID=transaction.extract
AIRFLOW_CTX_EXECUTION_DATE=2022-12-31T23:18:40.599404+00:00
AIRFLOW_CTX_TRY_NUMBER=1
AIRFLOW_CTX_DAG_RUN_ID=manual__2022-12-31T23:18:40.599404+00:00
[2022-12-31T23:18:58.627+0000] {logging_mixin.py:120} INFO - Empty DataFrame
Columns: []
Index: []
[2022-12-31T23:18:58.872+0000] {taskinstance.py:1406} INFO - Marking task as SUCCESS. dag_id=dpt_cosmetic, task_id=transaction.extract, execution_date=20221231T231840, start_date=20221231T231855, end_date=20221231T231858
[2022-12-31T23:18:59.096+0000] {local_task_job.py:164} INFO - Task exited with return code 0
[2022-12-31T23:18:59.536+0000] {local_task_job.py:273} INFO - 0 downstream tasks scheduled from follow-on schedule check
