[2023-01-06T20:31:20.031+0000] {taskinstance.py:1165} INFO - Dependencies all met for <TaskInstance: dpt_cosmetic.transaction.load_to_google_storage manual__2023-01-06T20:30:39.090323+00:00 [queued]>
[2023-01-06T20:31:20.169+0000] {taskinstance.py:1165} INFO - Dependencies all met for <TaskInstance: dpt_cosmetic.transaction.load_to_google_storage manual__2023-01-06T20:30:39.090323+00:00 [queued]>
[2023-01-06T20:31:20.177+0000] {taskinstance.py:1362} INFO - 
--------------------------------------------------------------------------------
[2023-01-06T20:31:20.193+0000] {taskinstance.py:1363} INFO - Starting attempt 1 of 1
[2023-01-06T20:31:20.203+0000] {taskinstance.py:1364} INFO - 
--------------------------------------------------------------------------------
[2023-01-06T20:31:20.340+0000] {taskinstance.py:1383} INFO - Executing <Task(BashOperator): transaction.load_to_google_storage> on 2023-01-06 20:30:39.090323+00:00
[2023-01-06T20:31:20.362+0000] {standard_task_runner.py:55} INFO - Started process 334 to run task
[2023-01-06T20:31:20.439+0000] {standard_task_runner.py:82} INFO - Running: ['***', 'tasks', 'run', 'dpt_cosmetic', 'transaction.load_to_google_storage', 'manual__2023-01-06T20:30:39.090323+00:00', '--job-id', '432', '--raw', '--subdir', 'DAGS_FOLDER/main.py', '--cfg-path', '/tmp/tmp01om5pxl']
[2023-01-06T20:31:20.443+0000] {standard_task_runner.py:83} INFO - Job 432: Subtask transaction.load_to_google_storage
[2023-01-06T20:31:20.818+0000] {task_command.py:376} INFO - Running <TaskInstance: dpt_cosmetic.transaction.load_to_google_storage manual__2023-01-06T20:30:39.090323+00:00 [running]> on host fdf4acf1d8ed
[2023-01-06T20:31:21.199+0000] {taskinstance.py:1592} INFO - Exporting the following env vars:
AIRFLOW_CTX_DAG_OWNER=***
AIRFLOW_CTX_DAG_ID=dpt_cosmetic
AIRFLOW_CTX_TASK_ID=transaction.load_to_google_storage
AIRFLOW_CTX_EXECUTION_DATE=2023-01-06T20:30:39.090323+00:00
AIRFLOW_CTX_TRY_NUMBER=1
AIRFLOW_CTX_DAG_RUN_ID=manual__2023-01-06T20:30:39.090323+00:00
[2023-01-06T20:31:21.205+0000] {subprocess.py:63} INFO - Tmp dir root location: 
 /tmp
[2023-01-06T20:31:21.208+0000] {subprocess.py:75} INFO - Running command: ['/bin/bash', '-c', 'sleep 1']
[2023-01-06T20:31:21.242+0000] {subprocess.py:86} INFO - Output:
[2023-01-06T20:31:22.255+0000] {subprocess.py:97} INFO - Command exited with return code 0
[2023-01-06T20:31:22.385+0000] {taskinstance.py:1406} INFO - Marking task as SUCCESS. dag_id=dpt_cosmetic, task_id=transaction.load_to_google_storage, execution_date=20230106T203039, start_date=20230106T203120, end_date=20230106T203122
[2023-01-06T20:31:22.483+0000] {local_task_job.py:164} INFO - Task exited with return code 0
[2023-01-06T20:31:22.634+0000] {local_task_job.py:273} INFO - 0 downstream tasks scheduled from follow-on schedule check
