[2023-01-02T15:50:52.400+0000] {taskinstance.py:1165} INFO - Dependencies all met for <TaskInstance: dpt_cosmetic.transaction.transform manual__2023-01-02T15:50:39.305100+00:00 [queued]>
[2023-01-02T15:50:52.450+0000] {taskinstance.py:1165} INFO - Dependencies all met for <TaskInstance: dpt_cosmetic.transaction.transform manual__2023-01-02T15:50:39.305100+00:00 [queued]>
[2023-01-02T15:50:52.452+0000] {taskinstance.py:1362} INFO - 
--------------------------------------------------------------------------------
[2023-01-02T15:50:52.454+0000] {taskinstance.py:1363} INFO - Starting attempt 1 of 1
[2023-01-02T15:50:52.456+0000] {taskinstance.py:1364} INFO - 
--------------------------------------------------------------------------------
[2023-01-02T15:50:52.541+0000] {taskinstance.py:1383} INFO - Executing <Task(TransformOperator): transaction.transform> on 2023-01-02 15:50:39.305100+00:00
[2023-01-02T15:50:52.558+0000] {standard_task_runner.py:55} INFO - Started process 162 to run task
[2023-01-02T15:50:52.577+0000] {standard_task_runner.py:82} INFO - Running: ['***', 'tasks', 'run', 'dpt_cosmetic', 'transaction.transform', 'manual__2023-01-02T15:50:39.305100+00:00', '--job-id', '219', '--raw', '--subdir', 'DAGS_FOLDER/main.py', '--cfg-path', '/tmp/tmpzr5dtozm']
[2023-01-02T15:50:52.581+0000] {standard_task_runner.py:83} INFO - Job 219: Subtask transaction.transform
[2023-01-02T15:50:52.909+0000] {task_command.py:376} INFO - Running <TaskInstance: dpt_cosmetic.transaction.transform manual__2023-01-02T15:50:39.305100+00:00 [running]> on host 703acec1b71e
[2023-01-02T15:50:53.271+0000] {taskinstance.py:1592} INFO - Exporting the following env vars:
AIRFLOW_CTX_DAG_OWNER=***
AIRFLOW_CTX_DAG_ID=dpt_cosmetic
AIRFLOW_CTX_TASK_ID=transaction.transform
AIRFLOW_CTX_EXECUTION_DATE=2023-01-02T15:50:39.305100+00:00
AIRFLOW_CTX_TRY_NUMBER=1
AIRFLOW_CTX_DAG_RUN_ID=manual__2023-01-02T15:50:39.305100+00:00
[2023-01-02T15:51:02.192+0000] {warnings.py:110} WARNING - /home/***/.local/lib/python3.7/site-packages/pandas/core/frame.py:4913: SettingWithCopyWarning: 
A value is trying to be set on a copy of a slice from a DataFrame

See the caveats in the documentation: https://pandas.pydata.org/pandas-docs/stable/user_guide/indexing.html#returning-a-view-versus-a-copy
  errors=errors,

[2023-01-02T15:51:06.377+0000] {operator.py:86} INFO - successfully save the file,transaction
[2023-01-02T15:51:06.479+0000] {taskinstance.py:1406} INFO - Marking task as SUCCESS. dag_id=dpt_cosmetic, task_id=transaction.transform, execution_date=20230102T155039, start_date=20230102T155052, end_date=20230102T155106
[2023-01-02T15:51:06.585+0000] {local_task_job.py:164} INFO - Task exited with return code 0
[2023-01-02T15:51:06.682+0000] {local_task_job.py:273} INFO - 0 downstream tasks scheduled from follow-on schedule check
